Random testing using config=Config(swarmSwitch=None, verbose=False, reducePool=False, failedLogging=None, exploitBestHint=1, greedyStutter=False, internal=False, exploit=None, seed=None, generalize=False, useHints=False, localize=False, total=False, speed='FAST', probs='locsample.probs', normalize=False, verboseExploit=False, highLowSwarm=None, replayable=False, essentials=False, noCoverageExploit=False, quickTests=False, relax=False, enumerateEnabled=False, uniqueValuesAnalysis=False, swarm=True, noReassign=False, html=None, fastQuickAnalysis=False, progress=False, swarmLength=None, noSwarmDependencies=False, profile=False, LOCBaseline=0.2, noEnumerateEnabled=False, full=True, multiple=True, timedProgress=30, silentFail=True, stopWhenStatements=None, swarmP=0.5, stopWhenBranches=None, noAlphaConvert=False, coverFile='coverage.out', readQuick=False, verboseActions=False, running=False, computeFeatureStats=False, compareFails=False, swarmProbs=None, output='failure.4646.test', genDepth=None, Pcrossover=0.2, quickAnalysis=False, keepLast=False, exploitCeiling=0.1, logging=None, LOCProbs=False, noCheck=False, maxTests=-1, noExceptionMatch=False, Pmutate=0.0, depth=100, showActions=False, throughput=False, noCover=False, timeout=60, stutter=None, uncaught=False, markov=None, startExploit=0)
TEST #183 STEP #22 (0:00:30.000176) Sat Jul 22 01:36:31 2017 [ 898 stmts 1169 branches ] 18222 TOTAL ACTIONS (607.396437561/s)
STOPPING TEST DUE TO TIMEOUT, TERMINATED AT LENGTH 31
STOPPING TESTING DUE TO TIMEOUT
42.6978818283 PERCENT COVERED
60.324379921 TOTAL RUNTIME
365 EXECUTED
36431 TOTAL TEST OPERATIONS
42.6622238159 TIME SPENT EXECUTING TEST OPERATIONS
15.6092031002 TIME SPENT EVALUATING GUARDS AND CHOOSING ACTIONS
0.0243098735809 TIME SPENT CHECKING PROPERTIES
42.6865336895 TOTAL TIME SPENT RUNNING SUT
1.08042240143 TIME SPENT RESTARTING
0.0 TIME SPENT REDUCING TEST CASES
0 FAILED
0 REPEATS OF FAILURES
0 ACTUAL DISTINCT FAILURES

1180 BRANCHES COVERED
906 STATEMENTS COVERED
