Random testing using config=Config(swarmSwitch=None, verbose=False, reducePool=False, failedLogging=None, exploitBestHint=1, greedyStutter=False, internal=False, exploit=None, seed=None, generalize=False, useHints=False, localize=False, total=False, speed='FAST', probs=None, normalize=False, verboseExploit=False, highLowSwarm=None, replayable=False, essentials=False, noCoverageExploit=False, quickTests=False, relax=False, enumerateEnabled=False, uniqueValuesAnalysis=False, swarm=False, noReassign=False, html=None, fastQuickAnalysis=False, progress=False, swarmLength=None, noSwarmDependencies=False, profile=False, LOCBaseline=0.2, noEnumerateEnabled=False, full=True, multiple=True, timedProgress=30, silentFail=True, stopWhenStatements=None, swarmP=0.5, stopWhenBranches=None, noAlphaConvert=False, coverFile='coverage.out', readQuick=False, verboseActions=False, running=False, computeFeatureStats=False, compareFails=False, swarmProbs=None, output='failure.5281.test', genDepth=None, Pcrossover=0.2, quickAnalysis=False, keepLast=False, exploitCeiling=0.1, logging=None, LOCProbs=False, noCheck=False, maxTests=-1, noExceptionMatch=False, Pmutate=0.0, depth=100, showActions=False, throughput=False, noCover=False, timeout=60, stutter=None, uncaught=False, markov=None, startExploit=0)
TEST #430 STEP #25 (0:00:30.000114) Sat Jul 22 04:56:01 2017 [ 888 stmts 1157 branches ] 42925 TOTAL ACTIONS (1430.82788653/s)
STOPPING TEST DUE TO TIMEOUT, TERMINATED AT LENGTH 27
STOPPING TESTING DUE TO TIMEOUT
42.1776291342 PERCENT COVERED
60.3212561607 TOTAL RUNTIME
876 EXECUTED
87527 TOTAL TEST OPERATIONS
52.7383663654 TIME SPENT EXECUTING TEST OPERATIONS
4.05452895164 TIME SPENT EVALUATING GUARDS AND CHOOSING ACTIONS
0.0523812770844 TIME SPENT CHECKING PROPERTIES
52.7907476425 TOTAL TIME SPENT RUNNING SUT
2.5472869873 TIME SPENT RESTARTING
0.0 TIME SPENT REDUCING TEST CASES
0 FAILED
0 REPEATS OF FAILURES
0 ACTUAL DISTINCT FAILURES

1172 BRANCHES COVERED
900 STATEMENTS COVERED
