Random testing using config=Config(swarmSwitch=None, verbose=False, reducePool=False, failedLogging=None, exploitBestHint=1, greedyStutter=False, internal=False, exploit=None, seed=None, generalize=False, useHints=False, localize=False, total=False, speed='FAST', probs=None, normalize=False, verboseExploit=False, highLowSwarm=None, replayable=False, essentials=False, noCoverageExploit=False, quickTests=False, relax=False, enumerateEnabled=False, uniqueValuesAnalysis=False, swarm=False, noReassign=False, html=None, fastQuickAnalysis=False, progress=False, swarmLength=None, noSwarmDependencies=False, profile=False, LOCBaseline=0.2, noEnumerateEnabled=False, full=True, multiple=True, timedProgress=30, silentFail=True, stopWhenStatements=None, swarmP=0.5, stopWhenBranches=None, noAlphaConvert=False, coverFile='coverage.out', readQuick=False, verboseActions=False, running=False, computeFeatureStats=False, compareFails=False, swarmProbs=None, output='failure.5975.test', genDepth=None, Pcrossover=0.2, quickAnalysis=False, keepLast=False, exploitCeiling=0.1, logging=None, LOCProbs=False, noCheck=False, maxTests=-1, noExceptionMatch=False, Pmutate=0.0, depth=100, showActions=False, throughput=False, noCover=False, timeout=60, stutter=None, uncaught=False, markov=None, startExploit=0)
TEST #441 STEP #40 (0:00:30.000113) Sat Jul 22 08:51:35 2017 [ 904 stmts 1178 branches ] 44040 TOTAL ACTIONS (1467.99447004/s)
STOPPING TEST DUE TO TIMEOUT, TERMINATED AT LENGTH 85
STOPPING TESTING DUE TO TIMEOUT
42.8465254552 PERCENT COVERED
60.3298120499 TOTAL RUNTIME
856 EXECUTED
85585 TOTAL TEST OPERATIONS
52.8805391788 TIME SPENT EXECUTING TEST OPERATIONS
3.96922087669 TIME SPENT EVALUATING GUARDS AND CHOOSING ACTIONS
0.051974773407 TIME SPENT CHECKING PROPERTIES
52.9325139523 TOTAL TIME SPENT RUNNING SUT
2.49539160728 TIME SPENT RESTARTING
0.0 TIME SPENT REDUCING TEST CASES
0 FAILED
0 REPEATS OF FAILURES
0 ACTUAL DISTINCT FAILURES

1184 BRANCHES COVERED
908 STATEMENTS COVERED
