Random testing using config=Config(swarmSwitch=None, verbose=False, reducePool=False, failedLogging=None, exploitBestHint=1, greedyStutter=False, internal=False, exploit=None, seed=None, generalize=False, useHints=False, localize=False, total=False, speed='FAST', probs=None, normalize=False, verboseExploit=False, highLowSwarm=None, replayable=False, essentials=False, noCoverageExploit=False, quickTests=False, relax=False, enumerateEnabled=False, uniqueValuesAnalysis=False, swarm=False, noReassign=False, html=None, fastQuickAnalysis=False, progress=False, swarmLength=None, noSwarmDependencies=False, profile=False, LOCBaseline=0.2, noEnumerateEnabled=False, full=True, multiple=True, timedProgress=30, silentFail=True, stopWhenStatements=None, swarmP=0.5, stopWhenBranches=None, noAlphaConvert=False, coverFile='coverage.out', readQuick=False, verboseActions=False, running=False, computeFeatureStats=False, compareFails=False, swarmProbs=None, output='failure.5813.test', genDepth=None, Pcrossover=0.2, quickAnalysis=False, keepLast=False, exploitCeiling=0.1, logging=None, LOCProbs=False, noCheck=False, maxTests=-1, noExceptionMatch=False, Pmutate=0.0, depth=100, showActions=False, throughput=False, noCover=False, timeout=60, stutter=None, uncaught=False, markov=None, startExploit=0)
TEST #439 STEP #16 (0:00:30.000174) Sat Jul 22 07:52:41 2017 [ 892 stmts 1161 branches ] 43816 TOTAL ACTIONS (1460.52486007/s)
STOPPING TEST DUE TO TIMEOUT, TERMINATED AT LENGTH 58
STOPPING TESTING DUE TO TIMEOUT
42.735042735 PERCENT COVERED
60.3415250778 TOTAL RUNTIME
884 EXECUTED
88358 TOTAL TEST OPERATIONS
52.5911815166 TIME SPENT EXECUTING TEST OPERATIONS
4.17858743668 TIME SPENT EVALUATING GUARDS AND CHOOSING ACTIONS
0.0533528327942 TIME SPENT CHECKING PROPERTIES
52.6445343494 TOTAL TIME SPENT RUNNING SUT
2.56462335587 TIME SPENT RESTARTING
0.0 TIME SPENT REDUCING TEST CASES
0 FAILED
0 REPEATS OF FAILURES
0 ACTUAL DISTINCT FAILURES

1182 BRANCHES COVERED
908 STATEMENTS COVERED
