Random testing using config=Config(swarmSwitch=None, verbose=False, reducePool=False, failedLogging=None, exploitBestHint=1, greedyStutter=False, internal=False, exploit=None, seed=None, generalize=False, useHints=False, localize=False, total=False, speed='FAST', probs=None, normalize=False, verboseExploit=False, highLowSwarm=None, replayable=False, essentials=False, noCoverageExploit=False, quickTests=False, relax=False, enumerateEnabled=False, uniqueValuesAnalysis=False, swarm=False, noReassign=False, html=None, fastQuickAnalysis=False, progress=False, swarmLength=None, noSwarmDependencies=False, profile=False, LOCBaseline=0.2, noEnumerateEnabled=False, full=True, multiple=True, timedProgress=30, silentFail=True, stopWhenStatements=None, swarmP=0.5, stopWhenBranches=None, noAlphaConvert=False, coverFile='coverage.out', readQuick=False, verboseActions=False, running=False, computeFeatureStats=False, compareFails=False, swarmProbs=None, output='failure.4265.test', genDepth=None, Pcrossover=0.2, quickAnalysis=False, keepLast=False, exploitCeiling=0.1, logging=None, LOCProbs=False, noCheck=False, maxTests=-1, noExceptionMatch=False, Pmutate=0.0, depth=100, showActions=False, throughput=False, noCover=False, timeout=60, stutter=None, uncaught=False, markov=None, startExploit=0)
TEST #446 STEP #96 (0:00:30.000672) Fri Jul 21 23:55:18 2017 [ 897 stmts 1166 branches ] 44596 TOTAL ACTIONS (1486.50003068/s)
STOPPING TEST DUE TO TIMEOUT, TERMINATED AT LENGTH 53
STOPPING TESTING DUE TO TIMEOUT
42.7722036418 PERCENT COVERED
60.3099880219 TOTAL RUNTIME
897 EXECUTED
89653 TOTAL TEST OPERATIONS
52.5536978245 TIME SPENT EXECUTING TEST OPERATIONS
4.19216513634 TIME SPENT EVALUATING GUARDS AND CHOOSING ACTIONS
0.0536391735077 TIME SPENT CHECKING PROPERTIES
52.607336998 TOTAL TIME SPENT RUNNING SUT
2.58980846405 TIME SPENT RESTARTING
0.0 TIME SPENT REDUCING TEST CASES
0 FAILED
0 REPEATS OF FAILURES
0 ACTUAL DISTINCT FAILURES

1181 BRANCHES COVERED
906 STATEMENTS COVERED
