Random testing using config=Config(swarmSwitch=None, verbose=False, reducePool=False, failedLogging=None, exploitBestHint=1, greedyStutter=False, internal=False, exploit=None, seed=None, generalize=False, useHints=False, localize=False, total=False, speed='FAST', probs=None, normalize=False, verboseExploit=False, highLowSwarm=None, replayable=False, essentials=False, noCoverageExploit=False, quickTests=False, relax=False, enumerateEnabled=False, uniqueValuesAnalysis=False, swarm=True, noReassign=False, html=None, fastQuickAnalysis=False, progress=False, swarmLength=None, noSwarmDependencies=False, profile=False, LOCBaseline=0.2, noEnumerateEnabled=False, full=True, multiple=True, timedProgress=30, silentFail=True, stopWhenStatements=None, swarmP=0.5, stopWhenBranches=None, noAlphaConvert=False, coverFile='coverage.out', readQuick=False, verboseActions=False, running=False, computeFeatureStats=False, compareFails=False, swarmProbs=None, output='failure.5881.test', genDepth=None, Pcrossover=0.2, quickAnalysis=False, keepLast=False, exploitCeiling=0.1, logging=None, LOCProbs=False, noCheck=False, maxTests=-1, noExceptionMatch=False, Pmutate=0.0, depth=100, showActions=False, throughput=False, noCover=False, timeout=60, stutter=None, uncaught=False, markov=None, startExploit=0)
TEST #340 STEP #12 (0:00:30.000955) Sat Jul 22 08:19:57 2017 [ 882 stmts 1146 branches ] 33912 TOTAL ACTIONS (1130.3640128/s)
STOPPING TEST DUE TO TIMEOUT, TERMINATED AT LENGTH 79
STOPPING TESTING DUE TO TIMEOUT
41.9546636938 PERCENT COVERED
60.3333461285 TOTAL RUNTIME
710 EXECUTED
70979 TOTAL TEST OPERATIONS
54.1964247227 TIME SPENT EXECUTING TEST OPERATIONS
2.37788844109 TIME SPENT EVALUATING GUARDS AND CHOOSING ACTIONS
0.0472223758698 TIME SPENT CHECKING PROPERTIES
54.2436470985 TOTAL TIME SPENT RUNNING SUT
2.16798567772 TIME SPENT RESTARTING
0.0 TIME SPENT REDUCING TEST CASES
0 FAILED
0 REPEATS OF FAILURES
0 ACTUAL DISTINCT FAILURES

1167 BRANCHES COVERED
897 STATEMENTS COVERED
