Random testing using config=Config(swarmSwitch=None, verbose=False, reducePool=False, failedLogging=None, exploitBestHint=1, greedyStutter=False, internal=False, exploit=None, seed=None, generalize=False, useHints=False, localize=False, total=False, speed='FAST', probs=None, normalize=False, verboseExploit=False, highLowSwarm=None, replayable=False, essentials=False, noCoverageExploit=False, quickTests=False, relax=False, enumerateEnabled=False, uniqueValuesAnalysis=False, swarm=True, noReassign=False, html=None, fastQuickAnalysis=False, progress=False, swarmLength=None, noSwarmDependencies=False, profile=False, LOCBaseline=0.2, noEnumerateEnabled=False, full=True, multiple=True, timedProgress=30, silentFail=True, stopWhenStatements=None, swarmP=0.5, stopWhenBranches=None, noAlphaConvert=False, coverFile='coverage.out', readQuick=False, verboseActions=False, running=False, computeFeatureStats=False, compareFails=False, swarmProbs=None, output='failure.5283.test', genDepth=None, Pcrossover=0.2, quickAnalysis=False, keepLast=False, exploitCeiling=0.1, logging=None, LOCProbs=False, noCheck=False, maxTests=-1, noExceptionMatch=False, Pmutate=0.0, depth=100, showActions=False, throughput=False, noCover=False, timeout=60, stutter=None, uncaught=False, markov=None, startExploit=0)
TEST #363 STEP #34 (0:00:30.000052) Sat Jul 22 04:57:06 2017 [ 881 stmts 1145 branches ] 36234 TOTAL ACTIONS (1207.79790748/s)
STOPPING TEST DUE TO TIMEOUT, TERMINATED AT LENGTH 80
STOPPING TESTING DUE TO TIMEOUT
42.1404682274 PERCENT COVERED
60.3327231407 TOTAL RUNTIME
745 EXECUTED
74480 TOTAL TEST OPERATIONS
54.1465866566 TIME SPENT EXECUTING TEST OPERATIONS
2.34737110138 TIME SPENT EVALUATING GUARDS AND CHOOSING ACTIONS
0.045435667038 TIME SPENT CHECKING PROPERTIES
54.1920223236 TOTAL TIME SPENT RUNNING SUT
2.24306821823 TIME SPENT RESTARTING
0.0 TIME SPENT REDUCING TEST CASES
0 FAILED
0 REPEATS OF FAILURES
0 ACTUAL DISTINCT FAILURES

1170 BRANCHES COVERED
900 STATEMENTS COVERED
