Random testing using config=Config(swarmSwitch=None, verbose=False, reducePool=False, failedLogging=None, exploitBestHint=1, greedyStutter=False, exploit=0.8, seed=None, generalize=False, useHints=False, localize=False, total=False, speed='FAST', probs=None, normalize=False, verboseExploit=False, highLowSwarm=None, replayable=False, essentials=False, noCoverageExploit=False, quickTests=False, relax=False, internal=False, uniqueValuesAnalysis=False, swarm=False, html=None, fastQuickAnalysis=False, progress=False, swarmLength=None, profile=False, LOCBaseline=0.2, full=True, multiple=True, timedProgress=30, silentFail=False, stopWhenStatements=None, swarmP=0.5, stopWhenBranches=None, noAlphaConvert=False, coverFile='coverage.out', readQuick=False, verboseActions=False, running=False, computeFeatureStats=False, compareFails=False, swarmProbs=None, output='failure.67817.test', genDepth=None, Pcrossover=0.2, quickAnalysis=False, noReassign=False, exploitCeiling=0.1, logging=None, LOCProbs=False, noCheck=False, maxTests=-1, keep=False, noExceptionMatch=False, Pmutate=0.8, depth=100, showActions=False, throughput=False, noCover=False, timeout=60, stutter=None, uncaught=False, markov=None, startExploit=0)
TEST #2 STEP #1 (0:00:35.248314) Sat Apr 29 20:46:39 2017 [ 281 stmts 352 branches ]
STOPPING TEST DUE TO TIMEOUT, TERMINATED AT LENGTH 5
STOPPING TESTING DUE TO TIMEOUT
19.7830578512 PERCENT COVERED
60.1856880188 TOTAL RUNTIME
4 EXECUTED
305 TOTAL TEST OPERATIONS
59.9408740997 TIME SPENT EXECUTING TEST OPERATIONS
0.0714592933655 TIME SPENT EVALUATING GUARDS AND CHOOSING ACTIONS
0.000356912612915 TIME SPENT CHECKING PROPERTIES
59.9412310123 TOTAL TIME SPENT RUNNING SUT
0.00380373001099 TIME SPENT RESTARTING
0.0 TIME SPENT REDUCING TEST CASES
0 FAILED
0 REPEATS OF FAILURES
0 ACTUAL DISTINCT FAILURES

362 BRANCHES COVERED
287 STATEMENTS COVERED
