Random testing using config=Config(swarmSwitch=None, verbose=False, reducePool=False, failedLogging=None, exploitBestHint=1, greedyStutter=False, exploit=0.8, seed=None, generalize=False, useHints=False, localize=False, total=False, speed='FAST', probs=None, normalize=False, verboseExploit=False, highLowSwarm=None, replayable=False, essentials=False, noCoverageExploit=False, quickTests=False, relax=False, internal=False, uniqueValuesAnalysis=False, swarm=False, html=None, fastQuickAnalysis=False, progress=False, swarmLength=None, profile=False, LOCBaseline=0.2, full=True, multiple=True, timedProgress=30, silentFail=False, stopWhenStatements=None, swarmP=0.5, stopWhenBranches=None, noAlphaConvert=False, coverFile='coverage.out', readQuick=False, verboseActions=False, running=False, computeFeatureStats=False, compareFails=False, swarmProbs=None, output='failure.99560.test', genDepth=None, Pcrossover=0.2, quickAnalysis=False, noReassign=False, exploitCeiling=0.1, logging=None, LOCProbs=False, noCheck=False, maxTests=-1, keep=False, noExceptionMatch=False, Pmutate=0.8, depth=100, showActions=False, throughput=False, noCover=False, timeout=60, stutter=None, uncaught=False, markov=None, startExploit=0)
TEST #3 STEP #82 (0:00:31.029742) Sat Apr 29 22:46:27 2017 [ 273 stmts 342 branches ]
STOPPING TEST DUE TO TIMEOUT, TERMINATED AT LENGTH 47
STOPPING TESTING DUE TO TIMEOUT
19.8863636364 PERCENT COVERED
64.6591620445 TOTAL RUNTIME
7 EXECUTED
647 TOTAL TEST OPERATIONS
64.2728574276 TIME SPENT EXECUTING TEST OPERATIONS
0.143499851227 TIME SPENT EVALUATING GUARDS AND CHOOSING ACTIONS
0.000866413116455 TIME SPENT CHECKING PROPERTIES
64.2737238407 TOTAL TIME SPENT RUNNING SUT
0.00614666938782 TIME SPENT RESTARTING
0.0 TIME SPENT REDUCING TEST CASES
0 FAILED
0 REPEATS OF FAILURES
0 ACTUAL DISTINCT FAILURES

364 BRANCHES COVERED
288 STATEMENTS COVERED
