Random testing using config=Config(swarmSwitch=None, verbose=False, reducePool=False, failedLogging=None, exploitBestHint=1, greedyStutter=False, exploit=None, seed=None, generalize=False, useHints=False, localize=False, total=False, speed='FAST', probs='locoldsample.probs', normalize=False, verboseExploit=False, highLowSwarm=None, replayable=False, essentials=False, noCoverageExploit=False, quickTests=False, relax=False, internal=False, uniqueValuesAnalysis=False, swarm=False, html=None, fastQuickAnalysis=False, progress=False, swarmLength=None, profile=False, LOCBaseline=0.2, full=True, multiple=True, timedProgress=30, silentFail=False, stopWhenStatements=None, swarmP=0.5, stopWhenBranches=None, noAlphaConvert=False, coverFile='coverage.out', readQuick=False, verboseActions=False, running=False, computeFeatureStats=False, compareFails=False, swarmProbs=None, output='failure.86852.test', genDepth=None, Pcrossover=0.2, quickAnalysis=False, noReassign=False, exploitCeiling=0.1, logging=None, LOCProbs=False, noCheck=False, maxTests=-1, keep=False, noExceptionMatch=False, Pmutate=0.0, depth=100, showActions=False, throughput=False, noCover=False, timeout=60, stutter=None, uncaught=False, markov=None, startExploit=0)
TEST #3 STEP #51 (0:00:31.939679) Sat Apr 29 21:53:16 2017 [ 273 stmts 344 branches ]
STOPPING TEST DUE TO TIMEOUT, TERMINATED AT LENGTH 95
STOPPING TESTING DUE TO TIMEOUT
19.8863636364 PERCENT COVERED
60.8346419334 TOTAL RUNTIME
6 EXECUTED
595 TOTAL TEST OPERATIONS
59.1646428108 TIME SPENT EXECUTING TEST OPERATIONS
1.45117282867 TIME SPENT EVALUATING GUARDS AND CHOOSING ACTIONS
0.000707149505615 TIME SPENT CHECKING PROPERTIES
59.1653499603 TOTAL TIME SPENT RUNNING SUT
0.00513339042664 TIME SPENT RESTARTING
0.0 TIME SPENT REDUCING TEST CASES
0 FAILED
0 REPEATS OF FAILURES
0 ACTUAL DISTINCT FAILURES

363 BRANCHES COVERED
287 STATEMENTS COVERED
