Random testing using config=Config(swarmSwitch=None, verbose=False, reducePool=False, failedLogging=None, exploitBestHint=1, greedyStutter=False, exploit=None, seed=None, generalize=False, useHints=False, localize=False, total=False, speed='FAST', probs='locoldsample.probs', normalize=False, verboseExploit=False, highLowSwarm=None, replayable=False, essentials=False, noCoverageExploit=False, quickTests=False, relax=False, internal=False, uniqueValuesAnalysis=False, swarm=False, html=None, fastQuickAnalysis=False, progress=False, swarmLength=None, profile=False, LOCBaseline=0.2, full=True, multiple=True, timedProgress=30, silentFail=False, stopWhenStatements=None, swarmP=0.5, stopWhenBranches=None, noAlphaConvert=False, coverFile='coverage.out', readQuick=False, verboseActions=False, running=False, computeFeatureStats=False, compareFails=False, swarmProbs=None, output='failure.71160.test', genDepth=None, Pcrossover=0.2, quickAnalysis=False, noReassign=False, exploitCeiling=0.1, logging=None, LOCProbs=False, noCheck=False, maxTests=-1, keep=False, noExceptionMatch=False, Pmutate=0.0, depth=100, showActions=False, throughput=False, noCover=False, timeout=60, stutter=None, uncaught=False, markov=None, startExploit=0)
TEST #3 STEP #1 (0:00:39.265047) Sat Apr 29 20:59:07 2017 [ 256 stmts 324 branches ]
STOPPING TEST DUE TO TIMEOUT, TERMINATED AT LENGTH 4
STOPPING TESTING DUE TO TIMEOUT
19.1115702479 PERCENT COVERED
64.2622950077 TOTAL RUNTIME
5 EXECUTED
404 TOTAL TEST OPERATIONS
62.7901747227 TIME SPENT EXECUTING TEST OPERATIONS
1.29026389122 TIME SPENT EVALUATING GUARDS AND CHOOSING ACTIONS
0.00056266784668 TIME SPENT CHECKING PROPERTIES
62.7907373905 TOTAL TIME SPENT RUNNING SUT
0.00571584701538 TIME SPENT RESTARTING
0.0 TIME SPENT REDUCING TEST CASES
0 FAILED
0 REPEATS OF FAILURES
0 ACTUAL DISTINCT FAILURES

348 BRANCHES COVERED
275 STATEMENTS COVERED
