Random testing using config=Config(swarmSwitch=None, verbose=False, reducePool=False, failedLogging=None, exploitBestHint=1, greedyStutter=False, exploit=None, seed=None, generalize=False, useHints=False, localize=False, total=False, speed='FAST', probs='locsample.probs', normalize=False, verboseExploit=False, highLowSwarm=None, replayable=False, essentials=False, noCoverageExploit=False, quickTests=False, relax=False, internal=False, uniqueValuesAnalysis=False, swarm=True, html=None, fastQuickAnalysis=False, progress=False, swarmLength=None, profile=False, LOCBaseline=0.2, full=True, multiple=True, timedProgress=30, silentFail=False, stopWhenStatements=None, swarmP=0.5, stopWhenBranches=None, noAlphaConvert=False, coverFile='coverage.out', readQuick=False, verboseActions=False, running=False, computeFeatureStats=False, compareFails=False, swarmProbs=None, output='failure.34353.test', genDepth=None, Pcrossover=0.2, quickAnalysis=False, noReassign=False, exploitCeiling=0.1, logging=None, LOCProbs=False, noCheck=False, maxTests=-1, keep=False, noExceptionMatch=False, Pmutate=0.0, depth=100, showActions=False, throughput=False, noCover=False, timeout=60, stutter=None, uncaught=False, markov=None, startExploit=0)
TEST #3 STEP #3 (0:00:39.128846) Sun Apr 30 17:15:26 2017 [ 284 stmts 359 branches ]
STOPPING TEST DUE TO TIMEOUT, TERMINATED AT LENGTH 52
STOPPING TESTING DUE TO TIMEOUT
19.8863636364 PERCENT COVERED
60.2008748055 TOTAL RUNTIME
4 EXECUTED
352 TOTAL TEST OPERATIONS
59.3347570896 TIME SPENT EXECUTING TEST OPERATIONS
0.643173933029 TIME SPENT EVALUATING GUARDS AND CHOOSING ACTIONS
0.000617265701294 TIME SPENT CHECKING PROPERTIES
59.3353743553 TOTAL TIME SPENT RUNNING SUT
0.00415730476379 TIME SPENT RESTARTING
0.0 TIME SPENT REDUCING TEST CASES
0 FAILED
0 REPEATS OF FAILURES
0 ACTUAL DISTINCT FAILURES

363 BRANCHES COVERED
287 STATEMENTS COVERED
