Random testing using config=Config(swarmSwitch=None, verbose=False, reducePool=False, failedLogging=None, exploitBestHint=1, greedyStutter=False, exploit=None, seed=None, generalize=False, useHints=False, localize=False, total=False, speed='FAST', probs='locsample.probs', normalize=False, verboseExploit=False, highLowSwarm=None, replayable=False, essentials=False, noCoverageExploit=False, quickTests=False, relax=False, internal=False, uniqueValuesAnalysis=False, swarm=True, html=None, fastQuickAnalysis=False, progress=False, swarmLength=None, profile=False, LOCBaseline=0.2, full=True, multiple=True, timedProgress=30, silentFail=False, stopWhenStatements=None, swarmP=0.5, stopWhenBranches=None, noAlphaConvert=False, coverFile='coverage.out', readQuick=False, verboseActions=False, running=False, computeFeatureStats=False, compareFails=False, swarmProbs=None, output='failure.28215.test', genDepth=None, Pcrossover=0.2, quickAnalysis=False, noReassign=False, exploitCeiling=0.1, logging=None, LOCProbs=False, noCheck=False, maxTests=-1, keep=False, noExceptionMatch=False, Pmutate=0.0, depth=100, showActions=False, throughput=False, noCover=False, timeout=60, stutter=None, uncaught=False, markov=None, startExploit=0)
TEST #4 STEP #22 (0:00:37.758675) Sun Apr 30 16:32:59 2017 [ 287 stmts 362 branches ]
STOPPING TEST DUE TO TIMEOUT, TERMINATED AT LENGTH 40
STOPPING TESTING DUE TO TIMEOUT
19.9896694215 PERCENT COVERED
60.972935915 TOTAL RUNTIME
6 EXECUTED
540 TOTAL TEST OPERATIONS
59.7123894691 TIME SPENT EXECUTING TEST OPERATIONS
1.08248591423 TIME SPENT EVALUATING GUARDS AND CHOOSING ACTIONS
0.000876188278198 TIME SPENT CHECKING PROPERTIES
59.7132656574 TOTAL TIME SPENT RUNNING SUT
0.00577402114868 TIME SPENT RESTARTING
0.0 TIME SPENT REDUCING TEST CASES
0 FAILED
0 REPEATS OF FAILURES
0 ACTUAL DISTINCT FAILURES

366 BRANCHES COVERED
289 STATEMENTS COVERED
