Random testing using config=Config(swarmSwitch=None, verbose=False, reducePool=False, failedLogging=None, exploitBestHint=1, greedyStutter=False, exploit=None, seed=None, generalize=False, useHints=False, localize=False, total=False, speed='FAST', probs=None, normalize=False, verboseExploit=False, highLowSwarm=None, replayable=False, essentials=False, noCoverageExploit=False, quickTests=False, relax=False, internal=False, uniqueValuesAnalysis=False, swarm=True, html=None, fastQuickAnalysis=False, progress=False, swarmLength=None, profile=False, LOCBaseline=0.2, full=True, multiple=True, timedProgress=30, silentFail=False, stopWhenStatements=None, swarmP=0.5, stopWhenBranches=None, noAlphaConvert=False, coverFile='coverage.out', readQuick=False, verboseActions=False, running=False, computeFeatureStats=False, compareFails=False, swarmProbs=None, output='failure.99650.test', genDepth=None, Pcrossover=0.2, quickAnalysis=False, noReassign=False, exploitCeiling=0.1, logging=None, LOCProbs=False, noCheck=False, maxTests=-1, keep=False, noExceptionMatch=False, Pmutate=0.0, depth=100, showActions=False, throughput=False, noCover=False, timeout=60, stutter=None, uncaught=False, markov=None, startExploit=0)
TEST #14 STEP #95 (0:00:30.000829) Fri Apr 28 04:31:55 2017 [ 41 stmts 58 branches ]
WARNING: DEADLOCK (NO ENABLED ACTIONS)
TERMINATING TEST DUE TO NO ENABLED ACTIONS
WARNING: DEADLOCK (NO ENABLED ACTIONS)
TERMINATING TEST DUE TO NO ENABLED ACTIONS
STOPPING TEST DUE TO TIMEOUT, TERMINATED AT LENGTH 96
STOPPING TESTING DUE TO TIMEOUT
16.3120567376 PERCENT COVERED
60.0822579861 TOTAL RUNTIME
29 EXECUTED
2714 TOTAL TEST OPERATIONS
31.5609061718 TIME SPENT EXECUTING TEST OPERATIONS
0.0796749591827 TIME SPENT EVALUATING GUARDS AND CHOOSING ACTIONS
28.3409824371 TIME SPENT CHECKING PROPERTIES
59.9018886089 TOTAL TIME SPENT RUNNING SUT
0.012818813324 TIME SPENT RESTARTING
0.0 TIME SPENT REDUCING TEST CASES
0 FAILED
0 REPEATS OF FAILURES
0 ACTUAL DISTINCT FAILURES

58 BRANCHES COVERED
41 STATEMENTS COVERED
