Random testing using config=Config(noExceptionMatch=False, generalize=False, localize=False, speed='FAST', probs=None, LOCBaseline=0.2, noAlphaConvert=False, replayable=False, essentials=False, noCoverageExploit=False, quickTests=False, html=None, keepLast=False, stopWhenNoCoverage=None, generateLOC=None, computeFeatureStats=False, Pmutate=0.8, timeout=60, output='failure.10264.test', markov=None, noSwarmDependencies=False, startExploit=0.0, maxMustHitBranch=None, useHints=False, silentFail=False, highLowSwarm=None, maxMustHitStatement=None, progress=False, postCover=False, swarmLength=None, noCover=False, noEnumerateEnabled=False, full=True, swarmP=0.5, coverFile='coverage.out', markovP=1.0, swarmProbs=None, genDepth=None, exploitCeiling=0.1, logging=None, noCheck=False, throughput=False, uncaught=False, swarmSwitch=None, verbose=False, reducePool=False, exploit=0.8, fastQuickAnalysis=False, total=False, verboseExploit=False, swarm=False, sequenceP=1.0, biasLOC=None, timedProgress=30, relax=False, ddmin=False, stutter=None, readQuick=False, verboseActions=False, quickAnalysis=False, noReassign=False, sequenceSize=3, LOCProbs=False, sequencesFromTests=None, maxTests=-1, trackMaxCoverage=None, useQuickSequences=False, exploitBestHint=1, failedLogging=None, stopWhenStatements=None, greedyStutter=False, seed=None, stopWhenHitStatement=None, uniqueValuesAnalysis=False, normalize=False, startExploitStall=0, enumerateEnabled=False, internal=False, profile=False, multiple=True, stopWhenBranches=None, running=False, compareFails=False, Pcrossover=0.2, stopWhenHitBranch=None, depth=100, showActions=False)
** STARTING EXPLOITATION OF TESTS AT TIME 0.641885995865 AFTER 0 TESTS WITH NO NEW COVERAGE **
TEST #28 STEP #27 (0:00:30.002125) Mon Nov 20 15:48:47 2017 [ 280 stmts 365 branches ] (no cov+ for 1 tests) 2727 TOTAL ACTIONS (90.8935616309/s)
STOPPING TEST DUE TO TIMEOUT, TERMINATED AT LENGTH 25
STOPPING TESTING DUE TO TIMEOUT
18.611865064 PERCENT COVERED
60.2012557983 TOTAL RUNTIME
54 EXECUTED
5325 TOTAL TEST OPERATIONS
2.24189543724 TIME SPENT EXECUTING TEST OPERATIONS
55.3403646946 TIME SPENT EVALUATING GUARDS AND CHOOSING ACTIONS
1.56652164459 TIME SPENT CHECKING PROPERTIES
3.80841708183 TOTAL TIME SPENT RUNNING SUT
0.513051748276 TIME SPENT RESTARTING
0.0 TIME SPENT REDUCING TEST CASES
0 FAILED
0 REPEATS OF FAILURES
0 ACTUAL DISTINCT FAILURES

464 BRANCHES COVERED
349 STATEMENTS COVERED
