Random testing using config=Config(noExceptionMatch=False, generalize=False, localize=False, speed='FAST', probs=None, LOCBaseline=0.2, noAlphaConvert=False, replayable=False, essentials=False, noCoverageExploit=False, quickTests=False, html=None, keepLast=False, stopWhenNoCoverage=None, generateLOC=None, computeFeatureStats=False, Pmutate=0.8, timeout=60, output='failure.10550.test', markov=None, noSwarmDependencies=False, startExploit=0.0, maxMustHitBranch=None, useHints=False, silentFail=False, highLowSwarm=None, maxMustHitStatement=None, progress=False, postCover=False, swarmLength=None, noCover=False, noEnumerateEnabled=False, full=True, swarmP=0.5, coverFile='coverage.out', markovP=1.0, swarmProbs=None, genDepth=None, exploitCeiling=0.1, logging=None, noCheck=False, throughput=False, uncaught=False, swarmSwitch=None, verbose=False, reducePool=False, exploit=0.8, fastQuickAnalysis=False, total=False, verboseExploit=False, swarm=False, sequenceP=1.0, biasLOC=None, timedProgress=30, relax=False, ddmin=False, stutter=None, readQuick=False, verboseActions=False, quickAnalysis=False, noReassign=False, sequenceSize=3, LOCProbs=False, sequencesFromTests=None, maxTests=-1, trackMaxCoverage=None, useQuickSequences=False, exploitBestHint=1, failedLogging=None, stopWhenStatements=None, greedyStutter=False, seed=None, stopWhenHitStatement=None, uniqueValuesAnalysis=False, normalize=False, startExploitStall=0, enumerateEnabled=False, internal=False, profile=False, multiple=True, stopWhenBranches=None, running=False, compareFails=False, Pcrossover=0.2, stopWhenHitBranch=None, depth=100, showActions=False)
** STARTING EXPLOITATION OF TESTS AT TIME 0.656671047211 AFTER 0 TESTS WITH NO NEW COVERAGE **
TEST #26 STEP #9 (0:00:30.005948) Mon Nov 20 17:20:53 2017 [ 317 stmts 406 branches ] (no cov+ for 2 tests) 2509 TOTAL ACTIONS (83.6167547322/s)
STOPPING TEST DUE TO TIMEOUT, TERMINATED AT LENGTH 82
STOPPING TESTING DUE TO TIMEOUT
20.2404032571 PERCENT COVERED
60.2019290924 TOTAL RUNTIME
52 EXECUTED
5182 TOTAL TEST OPERATIONS
2.26838421822 TIME SPENT EXECUTING TEST OPERATIONS
55.447177887 TIME SPENT EVALUATING GUARDS AND CHOOSING ACTIONS
1.41760230064 TIME SPENT CHECKING PROPERTIES
3.68598651886 TOTAL TIME SPENT RUNNING SUT
0.496385335922 TIME SPENT RESTARTING
0.0 TIME SPENT REDUCING TEST CASES
0 FAILED
0 REPEATS OF FAILURES
0 ACTUAL DISTINCT FAILURES

486 BRANCHES COVERED
373 STATEMENTS COVERED
