Random testing using config=Config(noExceptionMatch=False, generalize=False, localize=False, speed='FAST', probs=None, LOCBaseline=0.2, noAlphaConvert=False, replayable=False, essentials=False, noCoverageExploit=False, quickTests=False, html=None, keepLast=False, stopWhenNoCoverage=None, generateLOC=None, computeFeatureStats=False, Pmutate=0.8, timeout=60, output='failure.10974.test', markov=None, noSwarmDependencies=False, startExploit=0.0, maxMustHitBranch=None, useHints=False, silentFail=False, highLowSwarm=None, maxMustHitStatement=None, progress=False, postCover=False, swarmLength=None, noCover=False, noEnumerateEnabled=False, full=True, swarmP=0.5, coverFile='coverage.out', markovP=1.0, swarmProbs=None, genDepth=None, exploitCeiling=0.1, logging=None, noCheck=False, throughput=False, uncaught=False, swarmSwitch=None, verbose=False, reducePool=False, exploit=0.8, fastQuickAnalysis=False, total=False, verboseExploit=False, swarm=False, sequenceP=1.0, biasLOC=None, timedProgress=30, relax=False, ddmin=False, stutter=None, readQuick=False, verboseActions=False, quickAnalysis=False, noReassign=False, sequenceSize=3, LOCProbs=False, sequencesFromTests=None, maxTests=-1, trackMaxCoverage=None, useQuickSequences=False, exploitBestHint=1, failedLogging=None, stopWhenStatements=None, greedyStutter=False, seed=None, stopWhenHitStatement=None, uniqueValuesAnalysis=False, normalize=False, startExploitStall=0, enumerateEnabled=False, internal=False, profile=False, multiple=True, stopWhenBranches=None, running=False, compareFails=False, Pcrossover=0.2, stopWhenHitBranch=None, depth=100, showActions=False)
** STARTING EXPLOITATION OF TESTS AT TIME 0.646317958832 AFTER 0 TESTS WITH NO NEW COVERAGE **
TEST #26 STEP #76 (0:00:30.009764) Mon Nov 20 19:42:06 2017 [ 237 stmts 309 branches ] 2576 TOTAL ACTIONS (85.8387291473/s)
STOPPING TEST DUE TO TIMEOUT, TERMINATED AT LENGTH 18
STOPPING TESTING DUE TO TIMEOUT
17.6424970919 PERCENT COVERED
60.2105491161 TOTAL RUNTIME
55 EXECUTED
5418 TOTAL TEST OPERATIONS
2.36713886261 TIME SPENT EXECUTING TEST OPERATIONS
55.1616408825 TIME SPENT EVALUATING GUARDS AND CHOOSING ACTIONS
1.61898255348 TIME SPENT CHECKING PROPERTIES
3.98612141609 TOTAL TIME SPENT RUNNING SUT
0.486337900162 TIME SPENT RESTARTING
0.0 TIME SPENT REDUCING TEST CASES
0 FAILED
0 REPEATS OF FAILURES
0 ACTUAL DISTINCT FAILURES

442 BRANCHES COVERED
334 STATEMENTS COVERED
