Random testing using config=Config(noExceptionMatch=False, generalize=False, localize=False, speed='FAST', probs='locsample.probs', LOCBaseline=0.2, noAlphaConvert=False, replayable=False, essentials=False, noCoverageExploit=False, quickTests=False, html=None, keepLast=False, stopWhenNoCoverage=None, generateLOC=None, computeFeatureStats=False, Pmutate=0.0, timeout=60, output='failure.11278.test', markov=None, noSwarmDependencies=False, startExploit=0.0, maxMustHitBranch=None, useHints=False, silentFail=False, highLowSwarm=None, maxMustHitStatement=None, progress=False, postCover=False, swarmLength=None, noCover=False, noEnumerateEnabled=False, full=True, swarmP=0.5, coverFile='coverage.out', markovP=1.0, swarmProbs=None, genDepth=None, exploitCeiling=0.1, logging=None, noCheck=False, throughput=False, uncaught=False, swarmSwitch=None, verbose=False, reducePool=False, exploit=None, fastQuickAnalysis=False, total=False, verboseExploit=False, swarm=False, sequenceP=1.0, biasLOC=None, timedProgress=30, relax=False, ddmin=False, stutter=None, readQuick=False, verboseActions=False, quickAnalysis=False, noReassign=False, sequenceSize=3, LOCProbs=False, sequencesFromTests=None, maxTests=-1, trackMaxCoverage=None, useQuickSequences=False, exploitBestHint=1, failedLogging=None, stopWhenStatements=None, greedyStutter=False, seed=None, stopWhenHitStatement=None, uniqueValuesAnalysis=False, normalize=False, startExploitStall=0, enumerateEnabled=False, internal=False, profile=False, multiple=True, stopWhenBranches=None, running=False, compareFails=False, Pcrossover=0.2, stopWhenHitBranch=None, depth=100, showActions=False)
TEST #12 STEP #71 (0:00:30.002423) Mon Nov 20 21:17:17 2017 [ 441 stmts 572 branches ] 1171 TOTAL ACTIONS (39.0301809332/s)
STOPPING TEST DUE TO TIMEOUT, TERMINATED AT LENGTH 2
STOPPING TESTING DUE TO TIMEOUT
27.4137262505 PERCENT COVERED
60.2463519573 TOTAL RUNTIME
24 EXECUTED
2302 TOTAL TEST OPERATIONS
1.42472243309 TIME SPENT EXECUTING TEST OPERATIONS
56.5824115276 TIME SPENT EVALUATING GUARDS AND CHOOSING ACTIONS
1.33937525749 TIME SPENT CHECKING PROPERTIES
2.76409769058 TOTAL TIME SPENT RUNNING SUT
0.474125146866 TIME SPENT RESTARTING
0.0 TIME SPENT REDUCING TEST CASES
0 FAILED
0 REPEATS OF FAILURES
0 ACTUAL DISTINCT FAILURES

673 BRANCHES COVERED
513 STATEMENTS COVERED
