Random testing using config=Config(noExceptionMatch=False, generalize=False, localize=False, speed='FAST', probs='locsample.probs', LOCBaseline=0.2, noAlphaConvert=False, replayable=False, essentials=False, noCoverageExploit=False, quickTests=False, html=None, keepLast=False, stopWhenNoCoverage=None, generateLOC=None, computeFeatureStats=False, Pmutate=0.8, timeout=60, output='failure.10842.test', markov=None, noSwarmDependencies=False, startExploit=0.0, maxMustHitBranch=None, useHints=False, silentFail=False, highLowSwarm=None, maxMustHitStatement=None, progress=False, postCover=False, swarmLength=None, noCover=False, noEnumerateEnabled=False, full=True, swarmP=0.5, coverFile='coverage.out', markovP=1.0, swarmProbs=None, genDepth=None, exploitCeiling=0.1, logging=None, noCheck=False, throughput=False, uncaught=False, swarmSwitch=None, verbose=False, reducePool=False, exploit=0.8, fastQuickAnalysis=False, total=False, verboseExploit=False, swarm=False, sequenceP=1.0, biasLOC=None, timedProgress=30, relax=False, ddmin=False, stutter=None, readQuick=False, verboseActions=False, quickAnalysis=False, noReassign=False, sequenceSize=3, LOCProbs=False, sequencesFromTests=None, maxTests=-1, trackMaxCoverage=None, useQuickSequences=False, exploitBestHint=1, failedLogging=None, stopWhenStatements=None, greedyStutter=False, seed=None, stopWhenHitStatement=None, uniqueValuesAnalysis=False, normalize=False, startExploitStall=0, enumerateEnabled=False, internal=False, profile=False, multiple=True, stopWhenBranches=None, running=False, compareFails=False, Pcrossover=0.2, stopWhenHitBranch=None, depth=100, showActions=False)
** STARTING EXPLOITATION OF TESTS AT TIME 0.673189163208 AFTER 0 TESTS WITH NO NEW COVERAGE **
TEST #12 STEP #47 (0:00:30.091645) Mon Nov 20 19:00:08 2017 [ 414 stmts 539 branches ] 1147 TOTAL ACTIONS (38.1168925763/s)
STOPPING TEST DUE TO TIMEOUT, TERMINATED AT LENGTH 12
STOPPING TESTING DUE TO TIMEOUT
25.7464133385 PERCENT COVERED
60.3449001312 TOTAL RUNTIME
26 EXECUTED
2512 TOTAL TEST OPERATIONS
1.64579963684 TIME SPENT EXECUTING TEST OPERATIONS
55.7513155937 TIME SPENT EVALUATING GUARDS AND CHOOSING ACTIONS
1.61893439293 TIME SPENT CHECKING PROPERTIES
3.26473402977 TOTAL TIME SPENT RUNNING SUT
0.496217489243 TIME SPENT RESTARTING
0.0 TIME SPENT REDUCING TEST CASES
0 FAILED
0 REPEATS OF FAILURES
0 ACTUAL DISTINCT FAILURES

633 BRANCHES COVERED
485 STATEMENTS COVERED
