Random testing using config=Config(noExceptionMatch=False, generalize=False, localize=False, speed='FAST', probs='locsample.probs', LOCBaseline=0.2, noAlphaConvert=False, replayable=False, essentials=False, noCoverageExploit=False, quickTests=False, html=None, keepLast=False, stopWhenNoCoverage=None, generateLOC=None, computeFeatureStats=False, Pmutate=0.8, timeout=60, output='failure.10673.test', markov=None, noSwarmDependencies=False, startExploit=0.0, maxMustHitBranch=None, useHints=False, silentFail=False, highLowSwarm=None, maxMustHitStatement=None, progress=False, postCover=False, swarmLength=None, noCover=False, noEnumerateEnabled=False, full=True, swarmP=0.5, coverFile='coverage.out', markovP=1.0, swarmProbs=None, genDepth=None, exploitCeiling=0.1, logging=None, noCheck=False, throughput=False, uncaught=False, swarmSwitch=None, verbose=False, reducePool=False, exploit=0.8, fastQuickAnalysis=False, total=False, verboseExploit=False, swarm=False, sequenceP=1.0, biasLOC=None, timedProgress=30, relax=False, ddmin=False, stutter=None, readQuick=False, verboseActions=False, quickAnalysis=False, noReassign=False, sequenceSize=3, LOCProbs=False, sequencesFromTests=None, maxTests=-1, trackMaxCoverage=None, useQuickSequences=False, exploitBestHint=1, failedLogging=None, stopWhenStatements=None, greedyStutter=False, seed=None, stopWhenHitStatement=None, uniqueValuesAnalysis=False, normalize=False, startExploitStall=0, enumerateEnabled=False, internal=False, profile=False, multiple=True, stopWhenBranches=None, running=False, compareFails=False, Pcrossover=0.2, stopWhenHitBranch=None, depth=100, showActions=False)
** STARTING EXPLOITATION OF TESTS AT TIME 0.671422958374 AFTER 0 TESTS WITH NO NEW COVERAGE **
TEST #11 STEP #82 (0:00:30.002897) Mon Nov 20 18:04:53 2017 [ 315 stmts 421 branches ] 1082 TOTAL ACTIONS (36.0631841361/s)
STOPPING TEST DUE TO TIMEOUT, TERMINATED AT LENGTH 101
STOPPING TESTING DUE TO TIMEOUT
22.1403644824 PERCENT COVERED
60.2167589664 TOTAL RUNTIME
24 EXECUTED
2315 TOTAL TEST OPERATIONS
1.45101857185 TIME SPENT EXECUTING TEST OPERATIONS
56.270031929 TIME SPENT EVALUATING GUARDS AND CHOOSING ACTIONS
1.33317255974 TIME SPENT CHECKING PROPERTIES
2.78419113159 TOTAL TIME SPENT RUNNING SUT
0.49792265892 TIME SPENT RESTARTING
0.0 TIME SPENT REDUCING TEST CASES
0 FAILED
0 REPEATS OF FAILURES
0 ACTUAL DISTINCT FAILURES

557 BRANCHES COVERED
427 STATEMENTS COVERED
