Random testing using config=Config(noExceptionMatch=False, generalize=False, localize=False, speed='FAST', probs='locsample.probs', LOCBaseline=0.2, noAlphaConvert=False, replayable=False, essentials=False, noCoverageExploit=False, quickTests=False, html=None, keepLast=False, stopWhenNoCoverage=None, generateLOC=None, computeFeatureStats=False, Pmutate=0.0, timeout=60, output='failure.10929.test', markov=None, noSwarmDependencies=False, startExploit=0.0, maxMustHitBranch=None, useHints=False, silentFail=False, highLowSwarm=None, maxMustHitStatement=None, progress=False, postCover=False, swarmLength=None, noCover=False, noEnumerateEnabled=False, full=True, swarmP=0.5, coverFile='coverage.out', markovP=1.0, swarmProbs=None, genDepth=None, exploitCeiling=0.1, logging=None, noCheck=False, throughput=False, uncaught=False, swarmSwitch=None, verbose=False, reducePool=False, exploit=None, fastQuickAnalysis=False, total=False, verboseExploit=False, swarm=True, sequenceP=1.0, biasLOC=None, timedProgress=30, relax=False, ddmin=False, stutter=None, readQuick=False, verboseActions=False, quickAnalysis=False, noReassign=False, sequenceSize=3, LOCProbs=False, sequencesFromTests=None, maxTests=-1, trackMaxCoverage=None, useQuickSequences=False, exploitBestHint=1, failedLogging=None, stopWhenStatements=None, greedyStutter=False, seed=None, stopWhenHitStatement=None, uniqueValuesAnalysis=False, normalize=False, startExploitStall=0, enumerateEnabled=False, internal=False, profile=False, multiple=True, stopWhenBranches=None, running=False, compareFails=False, Pcrossover=0.2, stopWhenHitBranch=None, depth=100, showActions=False)
TEST #18 STEP #20 (0:00:30.005966) Mon Nov 20 19:25:43 2017 [ 362 stmts 474 branches ] (no cov+ for 3 tests) 1720 TOTAL ACTIONS (57.3219340105/s)
STOPPING TEST DUE TO TIMEOUT, TERMINATED AT LENGTH 77
STOPPING TESTING DUE TO TIMEOUT
22.4505622334 PERCENT COVERED
60.2346830368 TOTAL RUNTIME
36 EXECUTED
3577 TOTAL TEST OPERATIONS
1.93101382256 TIME SPENT EXECUTING TEST OPERATIONS
54.6165504456 TIME SPENT EVALUATING GUARDS AND CHOOSING ACTIONS
1.74864864349 TIME SPENT CHECKING PROPERTIES
3.67966246605 TOTAL TIME SPENT RUNNING SUT
0.493266582489 TIME SPENT RESTARTING
0.0 TIME SPENT REDUCING TEST CASES
0 FAILED
0 REPEATS OF FAILURES
0 ACTUAL DISTINCT FAILURES

564 BRANCHES COVERED
433 STATEMENTS COVERED
