Random testing using config=Config(noExceptionMatch=False, generalize=False, localize=False, speed='FAST', probs='locsample.probs', LOCBaseline=0.2, noAlphaConvert=False, replayable=False, essentials=False, noCoverageExploit=False, quickTests=False, html=None, keepLast=False, stopWhenNoCoverage=None, generateLOC=None, computeFeatureStats=False, Pmutate=0.0, timeout=60, output='failure.60530.test', markov=None, noSwarmDependencies=False, startExploit=0.0, maxMustHitBranch=None, useHints=False, silentFail=False, highLowSwarm=None, maxMustHitStatement=None, progress=False, postCover=False, swarmLength=None, noCover=False, noEnumerateEnabled=False, full=True, swarmP=0.5, coverFile='coverage.out', markovP=1.0, swarmProbs=None, genDepth=None, exploitCeiling=0.1, logging=None, noCheck=False, throughput=False, uncaught=False, swarmSwitch=None, verbose=False, reducePool=False, exploit=None, fastQuickAnalysis=False, total=False, verboseExploit=False, swarm=True, sequenceP=1.0, biasLOC=None, timedProgress=30, relax=False, ddmin=False, stutter=None, readQuick=False, verboseActions=False, quickAnalysis=False, noReassign=False, sequenceSize=3, LOCProbs=False, sequencesFromTests=None, maxTests=-1, trackMaxCoverage=None, useQuickSequences=False, exploitBestHint=1, failedLogging=None, stopWhenStatements=None, greedyStutter=False, seed=None, stopWhenHitStatement=None, uniqueValuesAnalysis=False, normalize=False, startExploitStall=0, enumerateEnabled=False, internal=False, profile=False, multiple=True, stopWhenBranches=None, running=False, compareFails=False, Pcrossover=0.2, stopWhenHitBranch=None, depth=100, showActions=False)
TEST #11 STEP #23 (0:00:30.019366) Mon Nov 20 12:33:23 2017 [ 346 stmts 456 branches ] 1023 TOTAL ACTIONS (34.0780014847/s)
STOPPING TEST DUE TO TIMEOUT, TERMINATED AT LENGTH 9
STOPPING TESTING DUE TO TIMEOUT
18.3404420318 PERCENT COVERED
60.3212292194 TOTAL RUNTIME
18 EXECUTED
1709 TOTAL TEST OPERATIONS
1.55143475533 TIME SPENT EXECUTING TEST OPERATIONS
55.543633461 TIME SPENT EVALUATING GUARDS AND CHOOSING ACTIONS
1.35308885574 TIME SPENT CHECKING PROPERTIES
2.90452361107 TOTAL TIME SPENT RUNNING SUT
0.546034574509 TIME SPENT RESTARTING
0.0 TIME SPENT REDUCING TEST CASES
0 FAILED
0 REPEATS OF FAILURES
0 ACTUAL DISTINCT FAILURES

468 BRANCHES COVERED
356 STATEMENTS COVERED
