Random testing using config=Config(noExceptionMatch=False, generalize=False, localize=False, speed='FAST', probs=None, LOCBaseline=0.2, noAlphaConvert=False, replayable=False, essentials=False, noCoverageExploit=False, quickTests=False, html=None, keepLast=False, stopWhenNoCoverage=None, generateLOC=None, computeFeatureStats=False, Pmutate=0.0, timeout=60, output='failure.10079.test', markov=None, noSwarmDependencies=False, startExploit=0.0, maxMustHitBranch=None, useHints=False, silentFail=False, highLowSwarm=None, maxMustHitStatement=None, progress=False, postCover=False, swarmLength=None, noCover=False, noEnumerateEnabled=False, full=True, swarmP=0.5, coverFile='coverage.out', markovP=1.0, swarmProbs=None, genDepth=None, exploitCeiling=0.1, logging=None, noCheck=False, throughput=False, uncaught=False, swarmSwitch=None, verbose=False, reducePool=False, exploit=None, fastQuickAnalysis=False, total=False, verboseExploit=False, swarm=False, sequenceP=1.0, biasLOC=None, timedProgress=30, relax=False, ddmin=False, stutter=None, readQuick=False, verboseActions=False, quickAnalysis=False, noReassign=False, sequenceSize=3, LOCProbs=False, sequencesFromTests=None, maxTests=-1, trackMaxCoverage=None, useQuickSequences=False, exploitBestHint=1, failedLogging=None, stopWhenStatements=None, greedyStutter=False, seed=None, stopWhenHitStatement=None, uniqueValuesAnalysis=False, normalize=False, startExploitStall=0, enumerateEnabled=False, internal=False, profile=False, multiple=True, stopWhenBranches=None, running=False, compareFails=False, Pcrossover=0.2, stopWhenHitBranch=None, depth=100, showActions=False)
TEST #25 STEP #36 (0:00:30.003520) Mon Nov 20 15:16:02 2017 [ 231 stmts 303 branches ] (no cov+ for 2 tests) 2436 TOTAL ACTIONS (81.1904736189/s)
STOPPING TEST DUE TO TIMEOUT, TERMINATED AT LENGTH 7
STOPPING TESTING DUE TO TIMEOUT
17.8751454052 PERCENT COVERED
60.2374780178 TOTAL RUNTIME
51 EXECUTED
5007 TOTAL TEST OPERATIONS
2.25883078575 TIME SPENT EXECUTING TEST OPERATIONS
55.3265914917 TIME SPENT EVALUATING GUARDS AND CHOOSING ACTIONS
1.58933639526 TIME SPENT CHECKING PROPERTIES
3.84816718102 TOTAL TIME SPENT RUNNING SUT
0.538135766983 TIME SPENT RESTARTING
0.0 TIME SPENT REDUCING TEST CASES
0 FAILED
0 REPEATS OF FAILURES
0 ACTUAL DISTINCT FAILURES

441 BRANCHES COVERED
335 STATEMENTS COVERED
