Random testing using config=Config(noExceptionMatch=False, generalize=False, localize=False, speed='FAST', probs=None, LOCBaseline=0.2, noAlphaConvert=False, replayable=False, essentials=False, noCoverageExploit=False, quickTests=False, html=None, keepLast=False, stopWhenNoCoverage=None, generateLOC=None, computeFeatureStats=False, Pmutate=0.0, timeout=60, output='failure.10475.test', markov=None, noSwarmDependencies=False, startExploit=0.0, maxMustHitBranch=None, useHints=False, silentFail=False, highLowSwarm=None, maxMustHitStatement=None, progress=False, postCover=False, swarmLength=None, noCover=False, noEnumerateEnabled=False, full=True, swarmP=0.5, coverFile='coverage.out', markovP=1.0, swarmProbs=None, genDepth=None, exploitCeiling=0.1, logging=None, noCheck=False, throughput=False, uncaught=False, swarmSwitch=None, verbose=False, reducePool=False, exploit=None, fastQuickAnalysis=False, total=False, verboseExploit=False, swarm=False, sequenceP=1.0, biasLOC=None, timedProgress=30, relax=False, ddmin=False, stutter=None, readQuick=False, verboseActions=False, quickAnalysis=False, noReassign=False, sequenceSize=3, LOCProbs=False, sequencesFromTests=None, maxTests=-1, trackMaxCoverage=None, useQuickSequences=False, exploitBestHint=1, failedLogging=None, stopWhenStatements=None, greedyStutter=False, seed=None, stopWhenHitStatement=None, uniqueValuesAnalysis=False, normalize=False, startExploitStall=0, enumerateEnabled=False, internal=False, profile=False, multiple=True, stopWhenBranches=None, running=False, compareFails=False, Pcrossover=0.2, stopWhenHitBranch=None, depth=100, showActions=False)
TEST #27 STEP #5 (0:00:30.010154) Mon Nov 20 17:00:25 2017 [ 281 stmts 365 branches ] (no cov+ for 1 tests) 2605 TOTAL ACTIONS (86.803953063/s)
STOPPING TEST DUE TO TIMEOUT, TERMINATED AT LENGTH 89
STOPPING TESTING DUE TO TIMEOUT
18.3404420318 PERCENT COVERED
60.2142908573 TOTAL RUNTIME
54 EXECUTED
5389 TOTAL TEST OPERATIONS
2.36060476303 TIME SPENT EXECUTING TEST OPERATIONS
55.3123037815 TIME SPENT EVALUATING GUARDS AND CHOOSING ACTIONS
1.55513834953 TIME SPENT CHECKING PROPERTIES
3.91574311256 TOTAL TIME SPENT RUNNING SUT
0.510262012482 TIME SPENT RESTARTING
0.0 TIME SPENT REDUCING TEST CASES
0 FAILED
0 REPEATS OF FAILURES
0 ACTUAL DISTINCT FAILURES

453 BRANCHES COVERED
345 STATEMENTS COVERED
