Random testing using config=Config(noExceptionMatch=False, generalize=False, localize=False, speed='FAST', probs=None, LOCBaseline=0.2, noAlphaConvert=False, replayable=False, essentials=False, noCoverageExploit=False, quickTests=False, html=None, keepLast=False, stopWhenNoCoverage=None, generateLOC=None, computeFeatureStats=False, Pmutate=0.0, timeout=60, output='failure.11184.test', markov=None, noSwarmDependencies=False, startExploit=0.0, maxMustHitBranch=None, useHints=False, silentFail=False, highLowSwarm=None, maxMustHitStatement=None, progress=False, postCover=False, swarmLength=None, noCover=False, noEnumerateEnabled=False, full=True, swarmP=0.5, coverFile='coverage.out', markovP=1.0, swarmProbs=None, genDepth=None, exploitCeiling=0.1, logging=None, noCheck=False, throughput=False, uncaught=False, swarmSwitch=None, verbose=False, reducePool=False, exploit=None, fastQuickAnalysis=False, total=False, verboseExploit=False, swarm=True, sequenceP=1.0, biasLOC=None, timedProgress=30, relax=False, ddmin=False, stutter=None, readQuick=False, verboseActions=False, quickAnalysis=False, noReassign=False, sequenceSize=3, LOCProbs=False, sequencesFromTests=None, maxTests=-1, trackMaxCoverage=None, useQuickSequences=False, exploitBestHint=1, failedLogging=None, stopWhenStatements=None, greedyStutter=False, seed=None, stopWhenHitStatement=None, uniqueValuesAnalysis=False, normalize=False, startExploitStall=0, enumerateEnabled=False, internal=False, profile=False, multiple=True, stopWhenBranches=None, running=False, compareFails=False, Pcrossover=0.2, stopWhenHitBranch=None, depth=100, showActions=False)
TEST #63 STEP #47 (0:00:30.000228) Mon Nov 20 20:48:37 2017 [ 379 stmts 501 branches ] 6247 TOTAL ACTIONS (208.231749616/s)
STOPPING TEST DUE TO TIMEOUT, TERMINATED AT LENGTH 92
STOPPING TESTING DUE TO TIMEOUT
22.4117875145 PERCENT COVERED
60.2135360241 TOTAL RUNTIME
135 EXECUTED
13492 TOTAL TEST OPERATIONS
4.8707151413 TIME SPENT EXECUTING TEST OPERATIONS
46.5022132397 TIME SPENT EVALUATING GUARDS AND CHOOSING ACTIONS
3.72837948799 TIME SPENT CHECKING PROPERTIES
8.59909462929 TOTAL TIME SPENT RUNNING SUT
0.537321090698 TIME SPENT RESTARTING
0.0 TIME SPENT REDUCING TEST CASES
0 FAILED
0 REPEATS OF FAILURES
0 ACTUAL DISTINCT FAILURES

563 BRANCHES COVERED
426 STATEMENTS COVERED
