Random testing using config=Config(noExceptionMatch=False, generalize=False, localize=False, speed='FAST', probs=None, LOCBaseline=0.2, noAlphaConvert=False, replayable=False, essentials=False, noCoverageExploit=False, quickTests=False, html=None, keepLast=False, stopWhenNoCoverage=None, generateLOC=None, computeFeatureStats=False, Pmutate=0.0, timeout=60, output='failure.10720.test', markov=None, noSwarmDependencies=False, startExploit=0.0, maxMustHitBranch=None, useHints=False, silentFail=False, highLowSwarm=None, maxMustHitStatement=None, progress=False, postCover=False, swarmLength=None, noCover=False, noEnumerateEnabled=False, full=True, swarmP=0.5, coverFile='coverage.out', markovP=1.0, swarmProbs=None, genDepth=None, exploitCeiling=0.1, logging=None, noCheck=False, throughput=False, uncaught=False, swarmSwitch=None, verbose=False, reducePool=False, exploit=None, fastQuickAnalysis=False, total=False, verboseExploit=False, swarm=True, sequenceP=1.0, biasLOC=None, timedProgress=30, relax=False, ddmin=False, stutter=None, readQuick=False, verboseActions=False, quickAnalysis=False, noReassign=False, sequenceSize=3, LOCProbs=False, sequencesFromTests=None, maxTests=-1, trackMaxCoverage=None, useQuickSequences=False, exploitBestHint=1, failedLogging=None, stopWhenStatements=None, greedyStutter=False, seed=None, stopWhenHitStatement=None, uniqueValuesAnalysis=False, normalize=False, startExploitStall=0, enumerateEnabled=False, internal=False, profile=False, multiple=True, stopWhenBranches=None, running=False, compareFails=False, Pcrossover=0.2, stopWhenHitBranch=None, depth=100, showActions=False)
TEST #67 STEP #5 (0:00:30.021276) Mon Nov 20 18:15:07 2017 [ 386 stmts 512 branches ] (no cov+ for 3 tests) 6605 TOTAL ACTIONS (220.010635145/s)
STOPPING TEST DUE TO TIMEOUT, TERMINATED AT LENGTH 11
STOPPING TESTING DUE TO TIMEOUT
23.6525785188 PERCENT COVERED
60.2170231342 TOTAL RUNTIME
132 EXECUTED
13111 TOTAL TEST OPERATIONS
4.66421771049 TIME SPENT EXECUTING TEST OPERATIONS
46.9749355316 TIME SPENT EVALUATING GUARDS AND CHOOSING ACTIONS
3.56586456299 TIME SPENT CHECKING PROPERTIES
8.23008227348 TOTAL TIME SPENT RUNNING SUT
0.542120456696 TIME SPENT RESTARTING
0.0 TIME SPENT REDUCING TEST CASES
0 FAILED
0 REPEATS OF FAILURES
0 ACTUAL DISTINCT FAILURES

592 BRANCHES COVERED
447 STATEMENTS COVERED
