Random testing using config=Config(swarmSwitch=None, verbose=False, reducePool=False, failedLogging=None, exploitBestHint=1, greedyStutter=False, exploit=0.8, seed=None, generalize=False, useHints=False, localize=False, total=False, speed='FAST', probs=None, normalize=False, verboseExploit=False, highLowSwarm=None, replayable=False, essentials=False, noCoverageExploit=False, quickTests=False, relax=False, internal=False, uniqueValuesAnalysis=False, swarm=False, html=None, fastQuickAnalysis=False, progress=False, swarmLength=None, profile=False, LOCBaseline=0.2, full=True, multiple=True, timedProgress=30, silentFail=False, stopWhenStatements=None, swarmP=0.5, stopWhenBranches=None, noAlphaConvert=False, coverFile='coverage.out', readQuick=False, verboseActions=False, running=False, computeFeatureStats=False, compareFails=False, swarmProbs=None, output='failure.14111.test', genDepth=None, Pcrossover=0.2, quickAnalysis=False, noReassign=False, exploitCeiling=0.1, logging=None, LOCProbs=False, noCheck=False, maxTests=-1, keep=False, noExceptionMatch=False, Pmutate=0.8, depth=100, showActions=False, throughput=False, noCover=False, timeout=60, stutter=None, uncaught=False, markov=None, startExploit=0)
TEST #4 STEP #35 (0:00:30.019025) Sun Apr 30 03:21:52 2017 [ 194 stmts 234 branches ]
STOPPING TEST DUE TO TIMEOUT, TERMINATED AT LENGTH 26
STOPPING TESTING DUE TO TIMEOUT
8.96421845574 PERCENT COVERED
60.2437050343 TOTAL RUNTIME
7 EXECUTED
626 TOTAL TEST OPERATIONS
1.42099070549 TIME SPENT EXECUTING TEST OPERATIONS
56.490067482 TIME SPENT EVALUATING GUARDS AND CHOOSING ACTIONS
1.913230896 TIME SPENT CHECKING PROPERTIES
3.33422160149 TOTAL TIME SPENT RUNNING SUT
0.00628709793091 TIME SPENT RESTARTING
0.0 TIME SPENT REDUCING TEST CASES
0 FAILED
0 REPEATS OF FAILURES
0 ACTUAL DISTINCT FAILURES

236 BRANCHES COVERED
195 STATEMENTS COVERED
