Random testing using config=Config(swarmSwitch=None, verbose=False, reducePool=False, failedLogging=None, exploitBestHint=1, greedyStutter=False, exploit=0.8, seed=None, generalize=False, useHints=False, localize=False, total=False, speed='FAST', probs=None, normalize=False, verboseExploit=False, highLowSwarm=None, replayable=False, essentials=False, noCoverageExploit=False, quickTests=False, relax=False, internal=False, uniqueValuesAnalysis=False, swarm=False, html=None, fastQuickAnalysis=False, progress=False, swarmLength=None, profile=False, LOCBaseline=0.2, full=True, multiple=True, timedProgress=30, silentFail=False, stopWhenStatements=None, swarmP=0.5, stopWhenBranches=None, noAlphaConvert=False, coverFile='coverage.out', readQuick=False, verboseActions=False, running=False, computeFeatureStats=False, compareFails=False, swarmProbs=None, output='failure.14555.test', genDepth=None, Pcrossover=0.2, quickAnalysis=False, noReassign=False, exploitCeiling=0.1, logging=None, LOCProbs=False, noCheck=False, maxTests=-1, keep=False, noExceptionMatch=False, Pmutate=0.8, depth=100, showActions=False, throughput=False, noCover=False, timeout=60, stutter=None, uncaught=False, markov=None, startExploit=0)
TEST #3 STEP #94 (0:00:30.002228) Sun Apr 30 04:25:20 2017 [ 214 stmts 251 branches ]
STOPPING TEST DUE TO TIMEOUT, TERMINATED AT LENGTH 91
STOPPING TESTING DUE TO TIMEOUT
10.6214689266 PERCENT COVERED
60.2314679623 TOTAL RUNTIME
6 EXECUTED
591 TOTAL TEST OPERATIONS
1.34785079956 TIME SPENT EXECUTING TEST OPERATIONS
57.0156345367 TIME SPENT EVALUATING GUARDS AND CHOOSING ACTIONS
1.46270680428 TIME SPENT CHECKING PROPERTIES
2.81055760384 TOTAL TIME SPENT RUNNING SUT
0.00553393363953 TIME SPENT RESTARTING
0.0 TIME SPENT REDUCING TEST CASES
0 FAILED
0 REPEATS OF FAILURES
0 ACTUAL DISTINCT FAILURES

263 BRANCHES COVERED
222 STATEMENTS COVERED
