Random testing using config=Config(swarmSwitch=None, verbose=False, reducePool=False, failedLogging=None, exploitBestHint=1, greedyStutter=False, exploit=None, seed=None, generalize=False, useHints=False, localize=False, total=False, speed='FAST', probs='locsample.probs', normalize=False, verboseExploit=False, highLowSwarm=None, replayable=False, essentials=False, noCoverageExploit=False, quickTests=False, relax=False, internal=False, uniqueValuesAnalysis=False, swarm=False, html=None, fastQuickAnalysis=False, progress=False, swarmLength=None, profile=False, LOCBaseline=0.2, full=True, multiple=True, timedProgress=30, silentFail=False, stopWhenStatements=None, swarmP=0.5, stopWhenBranches=None, noAlphaConvert=False, coverFile='coverage.out', readQuick=False, verboseActions=False, running=False, computeFeatureStats=False, compareFails=False, swarmProbs=None, output='failure.49022.test', genDepth=None, Pcrossover=0.2, quickAnalysis=False, noReassign=False, exploitCeiling=0.1, logging=None, LOCProbs=False, noCheck=False, maxTests=-1, keep=False, noExceptionMatch=False, Pmutate=0.0, depth=100, showActions=False, throughput=False, noCover=False, timeout=60, stutter=None, uncaught=False, markov=None, startExploit=0)
TEST #1 STEP #23 (0:00:30.038927) Fri Apr 28 19:05:34 2017 [ 120 stmts 134 branches ]
STOPPING TEST DUE TO TIMEOUT, TERMINATED AT LENGTH 82
STOPPING TESTING DUE TO TIMEOUT
7.38229755179 PERCENT COVERED
60.9183061123 TOTAL RUNTIME
1 EXECUTED
82 TOTAL TEST OPERATIONS
0.183372497559 TIME SPENT EXECUTING TEST OPERATIONS
60.0980005264 TIME SPENT EVALUATING GUARDS AND CHOOSING ACTIONS
0.255764245987 TIME SPENT CHECKING PROPERTIES
0.439136743546 TOTAL TIME SPENT RUNNING SUT
0.00296902656555 TIME SPENT RESTARTING
0.0 TIME SPENT REDUCING TEST CASES
0 FAILED
0 REPEATS OF FAILURES
0 ACTUAL DISTINCT FAILURES

199 BRANCHES COVERED
169 STATEMENTS COVERED
