Random testing using config=Config(swarmSwitch=None, verbose=False, reducePool=False, failedLogging=None, exploitBestHint=1, greedyStutter=False, exploit=0.8, seed=None, generalize=False, useHints=False, localize=False, total=False, speed='FAST', probs='locsample.probs', normalize=False, verboseExploit=False, highLowSwarm=None, replayable=False, essentials=False, noCoverageExploit=False, quickTests=False, relax=False, internal=False, uniqueValuesAnalysis=False, swarm=False, noReassign=False, html=None, fastQuickAnalysis=False, progress=False, swarmLength=None, profile=False, LOCBaseline=0.2, full=True, multiple=True, timedProgress=30, silentFail=False, stopWhenStatements=None, swarmP=0.5, stopWhenBranches=None, noAlphaConvert=False, coverFile='coverage.out', readQuick=False, verboseActions=False, running=False, computeFeatureStats=False, compareFails=False, swarmProbs=None, output='failure.61881.test', genDepth=None, Pcrossover=0.2, quickAnalysis=False, keepLast=False, exploitCeiling=0.1, logging=None, LOCProbs=False, noCheck=False, maxTests=-1, noExceptionMatch=False, Pmutate=0.8, depth=100, showActions=False, throughput=False, noCover=False, timeout=60, stutter=None, uncaught=False, markov=None, startExploit=0)
TEST #1 STEP #46 (0:00:30.221720) Mon May  1 17:16:41 2017 [ 105 stmts 122 branches ]
STOPPING TEST DUE TO TIMEOUT, TERMINATED AT LENGTH 75
STOPPING TESTING DUE TO TIMEOUT
8.28625235405 PERCENT COVERED
61.5175819397 TOTAL RUNTIME
1 EXECUTED
75 TOTAL TEST OPERATIONS
0.185188293457 TIME SPENT EXECUTING TEST OPERATIONS
60.7079634666 TIME SPENT EVALUATING GUARDS AND CHOOSING ACTIONS
0.200553417206 TIME SPENT CHECKING PROPERTIES
0.385741710663 TOTAL TIME SPENT RUNNING SUT
0.00303816795349 TIME SPENT RESTARTING
0.0 TIME SPENT REDUCING TEST CASES
0 FAILED
0 REPEATS OF FAILURES
0 ACTUAL DISTINCT FAILURES

220 BRANCHES COVERED
185 STATEMENTS COVERED
