Random testing using config=Config(swarmSwitch=None, verbose=False, reducePool=False, failedLogging=None, exploitBestHint=1, greedyStutter=False, exploit=None, seed=None, generalize=False, useHints=False, localize=False, total=False, speed='FAST', probs=None, normalize=False, verboseExploit=False, highLowSwarm=None, replayable=False, essentials=False, noCoverageExploit=False, quickTests=False, relax=False, internal=False, uniqueValuesAnalysis=False, swarm=False, html=None, fastQuickAnalysis=False, progress=False, swarmLength=None, profile=False, LOCBaseline=0.2, full=True, multiple=True, timedProgress=30, silentFail=False, stopWhenStatements=None, swarmP=0.5, stopWhenBranches=None, noAlphaConvert=False, coverFile='coverage.out', readQuick=False, verboseActions=False, running=False, computeFeatureStats=False, compareFails=False, swarmProbs=None, output='failure.49240.test', genDepth=None, Pcrossover=0.2, quickAnalysis=False, noReassign=False, exploitCeiling=0.1, logging=None, LOCProbs=False, noCheck=False, maxTests=-1, keep=False, noExceptionMatch=False, Pmutate=0.0, depth=100, showActions=False, throughput=False, noCover=False, timeout=60, stutter=None, uncaught=False, markov=None, startExploit=0)
TEST #3 STEP #25 (0:00:30.036140) Fri Apr 28 19:52:47 2017 [ 181 stmts 216 branches ]
STOPPING TEST DUE TO TIMEOUT, TERMINATED AT LENGTH 57
STOPPING TESTING DUE TO TIMEOUT
9.41619585687 PERCENT COVERED
60.2849800587 TOTAL RUNTIME
6 EXECUTED
557 TOTAL TEST OPERATIONS
1.29562354088 TIME SPENT EXECUTING TEST OPERATIONS
57.1846313477 TIME SPENT EVALUATING GUARDS AND CHOOSING ACTIONS
1.37265014648 TIME SPENT CHECKING PROPERTIES
2.66827368736 TOTAL TIME SPENT RUNNING SUT
0.00596308708191 TIME SPENT RESTARTING
0.0 TIME SPENT REDUCING TEST CASES
0 FAILED
0 REPEATS OF FAILURES
0 ACTUAL DISTINCT FAILURES

245 BRANCHES COVERED
201 STATEMENTS COVERED
