Random testing using config=Config(swarmSwitch=None, verbose=False, reducePool=False, failedLogging=None, exploitBestHint=1, greedyStutter=False, exploit=None, seed=None, generalize=False, useHints=False, localize=False, total=False, speed='FAST', probs=None, normalize=False, verboseExploit=False, highLowSwarm=None, replayable=False, essentials=False, noCoverageExploit=False, quickTests=False, relax=False, internal=False, uniqueValuesAnalysis=False, swarm=False, html=None, fastQuickAnalysis=False, progress=False, swarmLength=None, profile=False, LOCBaseline=0.2, full=True, multiple=True, timedProgress=30, silentFail=False, stopWhenStatements=None, swarmP=0.5, stopWhenBranches=None, noAlphaConvert=False, coverFile='coverage.out', readQuick=False, verboseActions=False, running=False, computeFeatureStats=False, compareFails=False, swarmProbs=None, output='failure.48773.test', genDepth=None, Pcrossover=0.2, quickAnalysis=False, noReassign=False, exploitCeiling=0.1, logging=None, LOCProbs=False, noCheck=False, maxTests=-1, keep=False, noExceptionMatch=False, Pmutate=0.0, depth=100, showActions=False, throughput=False, noCover=False, timeout=60, stutter=None, uncaught=False, markov=None, startExploit=0)
TEST #3 STEP #23 (0:00:30.032326) Fri Apr 28 18:29:34 2017 [ 182 stmts 217 branches ]
STOPPING TEST DUE TO TIMEOUT, TERMINATED AT LENGTH 3
STOPPING TESTING DUE TO TIMEOUT
8.3615819209 PERCENT COVERED
60.6879858971 TOTAL RUNTIME
5 EXECUTED
403 TOTAL TEST OPERATIONS
0.990408658981 TIME SPENT EXECUTING TEST OPERATIONS
58.1693162918 TIME SPENT EVALUATING GUARDS AND CHOOSING ACTIONS
1.07707381248 TIME SPENT CHECKING PROPERTIES
2.06748247147 TOTAL TIME SPENT RUNNING SUT
0.00688791275024 TIME SPENT RESTARTING
0.0 TIME SPENT REDUCING TEST CASES
0 FAILED
0 REPEATS OF FAILURES
0 ACTUAL DISTINCT FAILURES

223 BRANCHES COVERED
186 STATEMENTS COVERED
