Random testing using config=Config(swarmSwitch=None, verbose=False, reducePool=False, failedLogging=None, exploitBestHint=1, greedyStutter=False, exploit=None, seed=None, generalize=False, useHints=False, localize=False, total=False, speed='FAST', probs=None, normalize=False, verboseExploit=False, highLowSwarm=None, replayable=False, essentials=False, noCoverageExploit=False, quickTests=False, relax=False, internal=False, uniqueValuesAnalysis=False, swarm=False, html=None, fastQuickAnalysis=False, progress=False, swarmLength=None, profile=False, LOCBaseline=0.2, full=True, multiple=True, timedProgress=30, silentFail=False, stopWhenStatements=None, swarmP=0.5, stopWhenBranches=None, noAlphaConvert=False, coverFile='coverage.out', readQuick=False, verboseActions=False, running=False, computeFeatureStats=False, compareFails=False, swarmProbs=None, output='failure.25511.test', genDepth=None, Pcrossover=0.2, quickAnalysis=False, noReassign=False, exploitCeiling=0.1, logging=None, LOCProbs=False, noCheck=False, maxTests=-1, keep=False, noExceptionMatch=False, Pmutate=0.0, depth=100, showActions=False, throughput=False, noCover=False, timeout=60, stutter=None, uncaught=False, markov=None, startExploit=0)
TEST #3 STEP #16 (0:00:30.102305) Fri Apr 28 15:27:34 2017 [ 188 stmts 222 branches ]
STOPPING TEST DUE TO TIMEOUT, TERMINATED AT LENGTH 73
STOPPING TESTING DUE TO TIMEOUT
8.85122410546 PERCENT COVERED
60.2752118111 TOTAL RUNTIME
5 EXECUTED
473 TOTAL TEST OPERATIONS
1.11620140076 TIME SPENT EXECUTING TEST OPERATIONS
57.4885087013 TIME SPENT EVALUATING GUARDS AND CHOOSING ACTIONS
1.26804161072 TIME SPENT CHECKING PROPERTIES
2.38424301147 TOTAL TIME SPENT RUNNING SUT
0.00616264343262 TIME SPENT RESTARTING
0.0 TIME SPENT REDUCING TEST CASES
0 FAILED
0 REPEATS OF FAILURES
0 ACTUAL DISTINCT FAILURES

233 BRANCHES COVERED
193 STATEMENTS COVERED
