Random testing using config=Config(swarmSwitch=None, verbose=False, reducePool=False, failedLogging=None, exploitBestHint=1, greedyStutter=False, exploit=None, seed=None, generalize=False, useHints=False, localize=False, total=False, speed='FAST', probs=None, normalize=False, verboseExploit=False, highLowSwarm=None, replayable=False, essentials=False, noCoverageExploit=False, quickTests=False, relax=False, internal=False, uniqueValuesAnalysis=False, swarm=False, html=None, fastQuickAnalysis=False, progress=False, swarmLength=None, profile=False, LOCBaseline=0.2, full=True, multiple=True, timedProgress=30, silentFail=False, stopWhenStatements=None, swarmP=0.5, stopWhenBranches=None, noAlphaConvert=False, coverFile='coverage.out', readQuick=False, verboseActions=False, running=False, computeFeatureStats=False, compareFails=False, swarmProbs=None, output='failure.49213.test', genDepth=None, Pcrossover=0.2, quickAnalysis=False, noReassign=False, exploitCeiling=0.1, logging=None, LOCProbs=False, noCheck=False, maxTests=-1, keep=False, noExceptionMatch=False, Pmutate=0.0, depth=100, showActions=False, throughput=False, noCover=False, timeout=60, stutter=None, uncaught=False, markov=None, startExploit=0)
TEST #3 STEP #30 (0:00:30.248782) Fri Apr 28 19:46:39 2017 [ 177 stmts 207 branches ]
STOPPING TEST DUE TO TIMEOUT, TERMINATED AT LENGTH 95
STOPPING TESTING DUE TO TIMEOUT
10.5461393597 PERCENT COVERED
60.3756959438 TOTAL RUNTIME
5 EXECUTED
495 TOTAL TEST OPERATIONS
1.14684534073 TIME SPENT EXECUTING TEST OPERATIONS
57.5918626785 TIME SPENT EVALUATING GUARDS AND CHOOSING ACTIONS
1.22886443138 TIME SPENT CHECKING PROPERTIES
2.37570977211 TOTAL TIME SPENT RUNNING SUT
0.00513672828674 TIME SPENT RESTARTING
0.0 TIME SPENT REDUCING TEST CASES
0 FAILED
0 REPEATS OF FAILURES
0 ACTUAL DISTINCT FAILURES

264 BRANCHES COVERED
221 STATEMENTS COVERED
