Random testing using config=Config(swarmSwitch=None, verbose=False, reducePool=False, failedLogging=None, exploitBestHint=1, greedyStutter=False, exploit=None, seed=None, generalize=False, useHints=False, localize=False, total=False, speed='FAST', probs=None, normalize=False, verboseExploit=False, highLowSwarm=None, replayable=False, essentials=False, noCoverageExploit=False, quickTests=False, relax=False, internal=False, uniqueValuesAnalysis=False, swarm=False, html=None, fastQuickAnalysis=False, progress=False, swarmLength=None, profile=False, LOCBaseline=0.2, full=True, multiple=True, timedProgress=30, silentFail=False, stopWhenStatements=None, swarmP=0.5, stopWhenBranches=None, noAlphaConvert=False, coverFile='coverage.out', readQuick=False, verboseActions=False, running=False, computeFeatureStats=False, compareFails=False, swarmProbs=None, output='failure.49355.test', genDepth=None, Pcrossover=0.2, quickAnalysis=False, noReassign=False, exploitCeiling=0.1, logging=None, LOCProbs=False, noCheck=False, maxTests=-1, keep=False, noExceptionMatch=False, Pmutate=0.0, depth=100, showActions=False, throughput=False, noCover=False, timeout=60, stutter=None, uncaught=False, markov=None, startExploit=0)
TEST #4 STEP #2 (0:00:30.013182) Fri Apr 28 20:17:32 2017 [ 180 stmts 215 branches ]
STOPPING TEST DUE TO TIMEOUT, TERMINATED AT LENGTH 28
STOPPING TESTING DUE TO TIMEOUT
8.54990583804 PERCENT COVERED
60.3960800171 TOTAL RUNTIME
6 EXECUTED
528 TOTAL TEST OPERATIONS
1.21969246864 TIME SPENT EXECUTING TEST OPERATIONS
57.4471242428 TIME SPENT EVALUATING GUARDS AND CHOOSING ACTIONS
1.31506490707 TIME SPENT CHECKING PROPERTIES
2.53475737572 TOTAL TIME SPENT RUNNING SUT
0.00577473640442 TIME SPENT RESTARTING
0.0 TIME SPENT REDUCING TEST CASES
0 FAILED
0 REPEATS OF FAILURES
0 ACTUAL DISTINCT FAILURES

229 BRANCHES COVERED
189 STATEMENTS COVERED
