Random testing using config=Config(swarmSwitch=None, verbose=False, reducePool=False, failedLogging=None, exploitBestHint=1, greedyStutter=False, exploit=None, seed=None, generalize=False, useHints=False, localize=False, total=False, speed='FAST', probs=None, normalize=False, verboseExploit=False, highLowSwarm=None, replayable=False, essentials=False, noCoverageExploit=False, quickTests=False, relax=False, internal=False, uniqueValuesAnalysis=False, swarm=True, html=None, fastQuickAnalysis=False, progress=False, swarmLength=None, profile=False, LOCBaseline=0.2, full=True, multiple=True, timedProgress=30, silentFail=False, stopWhenStatements=None, swarmP=0.5, stopWhenBranches=None, noAlphaConvert=False, coverFile='coverage.out', readQuick=False, verboseActions=False, running=False, computeFeatureStats=False, compareFails=False, swarmProbs=None, output='failure.36702.test', genDepth=None, Pcrossover=0.2, quickAnalysis=False, noReassign=False, exploitCeiling=0.1, logging=None, LOCProbs=False, noCheck=False, maxTests=-1, keep=False, noExceptionMatch=False, Pmutate=0.0, depth=100, showActions=False, throughput=False, noCover=False, timeout=60, stutter=None, uncaught=False, markov=None, startExploit=0)
TEST #4 STEP #0 (0:00:30.017064) Fri Apr 28 16:48:46 2017 [ 186 stmts 219 branches ]
STOPPING TEST DUE TO TIMEOUT, TERMINATED AT LENGTH 6
STOPPING TESTING DUE TO TIMEOUT
9.26553672316 PERCENT COVERED
60.5538420677 TOTAL RUNTIME
10 EXECUTED
906 TOTAL TEST OPERATIONS
1.96026182175 TIME SPENT EXECUTING TEST OPERATIONS
55.3095047474 TIME SPENT EVALUATING GUARDS AND CHOOSING ACTIONS
2.64107871056 TIME SPENT CHECKING PROPERTIES
4.6013405323 TOTAL TIME SPENT RUNNING SUT
0.0130672454834 TIME SPENT RESTARTING
0.0 TIME SPENT REDUCING TEST CASES
0 FAILED
0 REPEATS OF FAILURES
0 ACTUAL DISTINCT FAILURES

240 BRANCHES COVERED
199 STATEMENTS COVERED
