Random testing using config=Config(swarmSwitch=None, verbose=False, reducePool=False, failedLogging=None, exploitBestHint=1, greedyStutter=False, internal=False, exploit=0.8, seed=None, generalize=False, useHints=False, localize=False, total=False, speed='FAST', probs=None, normalize=False, verboseExploit=False, highLowSwarm=None, replayable=False, essentials=False, noCoverageExploit=False, quickTests=False, relax=False, enumerateEnabled=False, uniqueValuesAnalysis=False, swarm=False, noReassign=False, html=None, fastQuickAnalysis=False, progress=False, postCover=False, swarmLength=None, noSwarmDependencies=False, profile=False, LOCBaseline=0.2, noEnumerateEnabled=False, full=True, multiple=True, timedProgress=30, silentFail=True, stopWhenStatements=None, swarmP=0.5, stopWhenBranches=None, noAlphaConvert=False, coverFile='coverage.out', readQuick=False, verboseActions=False, running=False, computeFeatureStats=False, compareFails=False, swarmProbs=None, output='failure.40072.test', genDepth=None, Pcrossover=0.2, quickAnalysis=False, keepLast=False, exploitCeiling=0.1, logging=None, LOCProbs=False, noCheck=False, maxTests=-1, noExceptionMatch=False, Pmutate=0.8, depth=100, showActions=False, throughput=False, noCover=False, timeout=60, stutter=None, uncaught=False, markov=None, startExploit=0)
self.p_model[2] =  []
self.p_model[0] =  []
self.p_model[2] =  [S = False]
self.p_model[2] =  [S = False]
self.p_model[2] =  [S = False]
self.p_model[0] =  [S = False]
self.p_model[0] =  []
self.p_model[2] =  [S = False]
self.p_model[0] =  [S = False]
self.p_model[2] =  [S = False]
TEST #72 STEP #0 (0:00:30.005912) Tue Jul 25 17:49:47 2017 [ 1907 stmts 2161 branches ] 7100 TOTAL ACTIONS (236.620036228/s)
self.p_model[0] =  []
self.p_model[0] =  []
self.p_model[1] =  []
self.p_model[0] =  []
self.p_model[2] =  [S = False]
self.p_model[0] =  [S = False]
STOPPING TEST DUE TO TIMEOUT, TERMINATED AT LENGTH 81
STOPPING TESTING DUE TO TIMEOUT
16.7402269861 PERCENT COVERED
61.4654419422 TOTAL RUNTIME
145 EXECUTED
14437 TOTAL TEST OPERATIONS
31.7948303223 TIME SPENT EXECUTING TEST OPERATIONS
22.9107894897 TIME SPENT EVALUATING GUARDS AND CHOOSING ACTIONS
0.0198073387146 TIME SPENT CHECKING PROPERTIES
31.814637661 TOTAL TIME SPENT RUNNING SUT
0.266950130463 TIME SPENT RESTARTING
0.0 TIME SPENT REDUCING TEST CASES
0 FAILED
0 REPEATS OF FAILURES
0 ACTUAL DISTINCT FAILURES

2161 BRANCHES COVERED
1907 STATEMENTS COVERED
