Random testing using config=Config(swarmSwitch=None, verbose=False, reducePool=False, failedLogging=None, exploitBestHint=1, greedyStutter=False, internal=False, exploit=0.8, seed=None, generalize=False, useHints=False, localize=False, total=False, speed='FAST', probs=None, normalize=False, verboseExploit=False, highLowSwarm=None, replayable=False, essentials=False, noCoverageExploit=False, quickTests=False, relax=False, enumerateEnabled=False, uniqueValuesAnalysis=False, swarm=False, noReassign=False, html=None, fastQuickAnalysis=False, progress=False, postCover=False, swarmLength=None, noSwarmDependencies=False, profile=False, LOCBaseline=0.2, noEnumerateEnabled=False, full=True, multiple=True, timedProgress=30, silentFail=True, stopWhenStatements=None, swarmP=0.5, stopWhenBranches=None, noAlphaConvert=False, coverFile='coverage.out', readQuick=False, verboseActions=False, running=False, computeFeatureStats=False, compareFails=False, swarmProbs=None, output='failure.38509.test', genDepth=None, Pcrossover=0.2, quickAnalysis=False, keepLast=False, exploitCeiling=0.1, logging=None, LOCProbs=False, noCheck=False, maxTests=-1, noExceptionMatch=False, Pmutate=0.8, depth=100, showActions=False, throughput=False, noCover=False, timeout=60, stutter=None, uncaught=False, markov=None, startExploit=0)
self.p_model[1] =  []
self.p_model[0] =  [P = True]
self.p_model[0] =  [P = True]
self.p_model[0] =  [P = True]
TEST #63 STEP #75 (0:00:30.058041) Tue Jul 25 15:37:30 2017 [ 1907 stmts 2160 branches ] 6275 TOTAL ACTIONS (208.76277432/s)
self.p_model[0] =  [P = True]
self.p_model[0] =  [P = True]
self.p_model[0] =  [P = True]
self.p_model[0] =  [P = True]
self.p_model[0] =  [P = True]
self.p_model[0] =  [P = False]
self.p_model[0] =  [P = False]
self.p_model[0] =  []
self.p_model[0] =  [P = True]
self.p_model[0] =  [P = True]
self.p_model[2] =  []
self.p_model[0] =  [P = True]
self.p_model[0] =  [P = True]
self.p_model[0] =  [P = True]
self.p_model[0] =  []
STOPPING TEST DUE TO TIMEOUT, TERMINATED AT LENGTH 44
STOPPING TESTING DUE TO TIMEOUT
16.7402269861 PERCENT COVERED
62.0043330193 TOTAL RUNTIME
120 EXECUTED
11900 TOTAL TEST OPERATIONS
30.4065606594 TIME SPENT EXECUTING TEST OPERATIONS
25.2710053921 TIME SPENT EVALUATING GUARDS AND CHOOSING ACTIONS
0.0186176300049 TIME SPENT CHECKING PROPERTIES
30.4251782894 TOTAL TIME SPENT RUNNING SUT
0.221020698547 TIME SPENT RESTARTING
0.0 TIME SPENT REDUCING TEST CASES
0 FAILED
0 REPEATS OF FAILURES
0 ACTUAL DISTINCT FAILURES

2161 BRANCHES COVERED
1907 STATEMENTS COVERED
