Random testing using config=Config(swarmSwitch=None, verbose=False, reducePool=False, failedLogging=None, exploitBestHint=1, greedyStutter=False, internal=False, exploit=0.8, seed=None, generalize=False, useHints=False, localize=False, total=False, speed='FAST', probs=None, normalize=False, verboseExploit=False, highLowSwarm=None, replayable=False, essentials=False, noCoverageExploit=False, quickTests=False, relax=False, enumerateEnabled=False, uniqueValuesAnalysis=False, swarm=False, noReassign=False, html=None, fastQuickAnalysis=False, progress=False, postCover=False, swarmLength=None, noSwarmDependencies=False, profile=False, LOCBaseline=0.2, noEnumerateEnabled=False, full=True, multiple=True, timedProgress=30, silentFail=True, stopWhenStatements=None, swarmP=0.5, stopWhenBranches=None, noAlphaConvert=False, coverFile='coverage.out', readQuick=False, verboseActions=False, running=False, computeFeatureStats=False, compareFails=False, swarmProbs=None, output='failure.40521.test', genDepth=None, Pcrossover=0.2, quickAnalysis=False, keepLast=False, exploitCeiling=0.1, logging=None, LOCProbs=False, noCheck=False, maxTests=-1, noExceptionMatch=False, Pmutate=0.8, depth=100, showActions=False, throughput=False, noCover=False, timeout=60, stutter=None, uncaught=False, markov=None, startExploit=0)
TEST #79 STEP #0 (0:00:30.005921) Tue Jul 25 19:26:02 2017 [ 1676 stmts 1829 branches ] 7800 TOTAL ACTIONS (259.948695772/s)
STOPPING TEST DUE TO TIMEOUT, TERMINATED AT LENGTH 56
STOPPING TESTING DUE TO TIMEOUT
14.2654476671 PERCENT COVERED
61.4072198868 TOTAL RUNTIME
155 EXECUTED
15432 TOTAL TEST OPERATIONS
33.1883466244 TIME SPENT EXECUTING TEST OPERATIONS
22.332013607 TIME SPENT EVALUATING GUARDS AND CHOOSING ACTIONS
0.0213055610657 TIME SPENT CHECKING PROPERTIES
33.2096521854 TOTAL TIME SPENT RUNNING SUT
0.230433702469 TIME SPENT RESTARTING
0.0 TIME SPENT REDUCING TEST CASES
0 FAILED
0 REPEATS OF FAILURES
0 ACTUAL DISTINCT FAILURES

1829 BRANCHES COVERED
1676 STATEMENTS COVERED
