Random testing using config=Config(swarmSwitch=None, verbose=False, reducePool=False, failedLogging=None, exploitBestHint=1, greedyStutter=False, internal=False, exploit=None, seed=None, generalize=False, useHints=False, localize=False, total=False, speed='FAST', probs=None, normalize=False, verboseExploit=False, highLowSwarm=None, replayable=False, essentials=False, noCoverageExploit=False, quickTests=False, relax=False, enumerateEnabled=False, uniqueValuesAnalysis=False, swarm=False, noReassign=False, html=None, fastQuickAnalysis=False, progress=False, postCover=False, swarmLength=None, noSwarmDependencies=False, profile=False, LOCBaseline=0.2, noEnumerateEnabled=False, full=True, multiple=True, timedProgress=30, silentFail=True, stopWhenStatements=None, swarmP=0.5, stopWhenBranches=None, noAlphaConvert=False, coverFile='coverage.out', readQuick=False, verboseActions=False, running=False, computeFeatureStats=False, compareFails=False, swarmProbs=None, output='failure.40062.test', genDepth=None, Pcrossover=0.2, quickAnalysis=False, keepLast=False, exploitCeiling=0.1, logging=None, LOCProbs=False, noCheck=False, maxTests=-1, noExceptionMatch=False, Pmutate=0.0, depth=100, showActions=False, throughput=False, noCover=False, timeout=60, stutter=None, uncaught=False, markov=None, startExploit=0)
TEST #77 STEP #57 (0:00:30.002182) Tue Jul 25 17:47:43 2017 [ 1681 stmts 1836 branches ] 7657 TOTAL ACTIONS (255.214770654/s)
self.p_model[2] =  []
STOPPING TEST DUE TO TIMEOUT, TERMINATED AT LENGTH 43
STOPPING TESTING DUE TO TIMEOUT
15.1008827238 PERCENT COVERED
61.5098950863 TOTAL RUNTIME
155 EXECUTED
15443 TOTAL TEST OPERATIONS
32.2813005447 TIME SPENT EXECUTING TEST OPERATIONS
27.1578669548 TIME SPENT EVALUATING GUARDS AND CHOOSING ACTIONS
0.020446062088 TIME SPENT CHECKING PROPERTIES
32.3017466068 TOTAL TIME SPENT RUNNING SUT
0.259668588638 TIME SPENT RESTARTING
0.0 TIME SPENT REDUCING TEST CASES
0 FAILED
0 REPEATS OF FAILURES
0 ACTUAL DISTINCT FAILURES

1937 BRANCHES COVERED
1753 STATEMENTS COVERED
