Random testing using config=Config(swarmSwitch=None, verbose=False, reducePool=False, failedLogging=None, exploitBestHint=1, greedyStutter=False, internal=False, exploit=None, seed=None, generalize=False, useHints=False, localize=False, total=False, speed='FAST', probs=None, normalize=False, verboseExploit=False, highLowSwarm=None, replayable=False, essentials=False, noCoverageExploit=False, quickTests=False, relax=False, enumerateEnabled=False, uniqueValuesAnalysis=False, swarm=False, noReassign=False, html=None, fastQuickAnalysis=False, progress=False, postCover=False, swarmLength=None, noSwarmDependencies=False, profile=False, LOCBaseline=0.2, noEnumerateEnabled=False, full=True, multiple=True, timedProgress=30, silentFail=True, stopWhenStatements=None, swarmP=0.5, stopWhenBranches=None, noAlphaConvert=False, coverFile='coverage.out', readQuick=False, verboseActions=False, running=False, computeFeatureStats=False, compareFails=False, swarmProbs=None, output='failure.37024.test', genDepth=None, Pcrossover=0.2, quickAnalysis=False, keepLast=False, exploitCeiling=0.1, logging=None, LOCProbs=False, noCheck=False, maxTests=-1, noExceptionMatch=False, Pmutate=0.0, depth=100, showActions=False, throughput=False, noCover=False, timeout=60, stutter=None, uncaught=False, markov=None, startExploit=0)
TEST #88 STEP #41 (0:00:30.001793) Tue Jul 25 13:52:53 2017 [ 1676 stmts 1829 branches ] 8741 TOTAL ACTIONS (291.349254589/s)
self.p_model[2] =  []
STOPPING TEST DUE TO TIMEOUT, TERMINATED AT LENGTH 90
STOPPING TESTING DUE TO TIMEOUT
15.0614754098 PERCENT COVERED
61.4466528893 TOTAL RUNTIME
172 EXECUTED
17190 TOTAL TEST OPERATIONS
33.1229276657 TIME SPENT EXECUTING TEST OPERATIONS
26.3390848637 TIME SPENT EVALUATING GUARDS AND CHOOSING ACTIONS
0.0204527378082 TIME SPENT CHECKING PROPERTIES
33.1433804035 TOTAL TIME SPENT RUNNING SUT
0.257501602173 TIME SPENT RESTARTING
0.0 TIME SPENT REDUCING TEST CASES
0 FAILED
0 REPEATS OF FAILURES
0 ACTUAL DISTINCT FAILURES

1932 BRANCHES COVERED
1749 STATEMENTS COVERED
