Random testing using config=Config(swarmSwitch=None, verbose=False, reducePool=False, failedLogging=None, exploitBestHint=1, greedyStutter=False, exploit=None, seed=None, generalize=False, useHints=False, localize=False, total=False, speed='FAST', probs='locsample.probs', normalize=False, verboseExploit=False, highLowSwarm=None, replayable=False, essentials=False, noCoverageExploit=False, quickTests=False, relax=False, internal=False, uniqueValuesAnalysis=False, swarm=True, noReassign=False, html=None, fastQuickAnalysis=False, progress=False, swarmLength=None, profile=False, LOCBaseline=0.2, full=True, multiple=True, timedProgress=30, silentFail=False, stopWhenStatements=None, swarmP=0.5, stopWhenBranches=None, noAlphaConvert=False, coverFile='coverage.out', readQuick=False, verboseActions=False, running=False, computeFeatureStats=False, compareFails=False, swarmProbs=None, output='failure.89740.test', genDepth=None, Pcrossover=0.2, quickAnalysis=False, keepLast=False, exploitCeiling=0.1, logging=None, LOCProbs=False, noCheck=False, maxTests=-1, noExceptionMatch=False, Pmutate=0.0, depth=100, showActions=False, throughput=False, noCover=False, timeout=60, stutter=None, uncaught=False, markov=None, startExploit=0)
TEST #36 STEP #37 (0:00:30.005766) Sat May  6 16:51:59 2017 [ 76 stmts 97 branches ]
WARNING: DEADLOCK (NO ENABLED ACTIONS)
TERMINATING TEST DUE TO NO ENABLED ACTIONS
int main() {
goto l2;
goto l2;
}

int main() {
goto l2;
goto l2;
}

int main() {
goto l2;
goto l2;
}

int main() {
goto l2;
goto l2;
}

int main() {
goto l2;
goto l2;
}

int main() {
goto l2;
}

int main() {
goto l2;
}

int main() {
goto l2;
}

int main() {
goto l2;
}

int main() {
goto l2;
}

int main() {
goto l2;
}

int main() {
goto l2;
}

int main() {
goto l2;
}

int main() {
goto l2;
}

int main() {
goto l2;
}

int main() {
goto l2;
}

int main() {
goto l2;
}

int main() {
goto l2;
}

int main() {
goto l2;
}

int main() {
goto l2;
}

int main() {
goto l2;
}

int main() {
goto l2;
}

int main() {
goto l2;
}

int main() {
goto l2;
}

int main() {
goto l2;
}

int main() {
goto l2;
}

int main() {
goto l2;
}

int main() {
goto l2;
}

int main() {
goto l2;
}

int main() {
goto l2;
}

int main() {
goto l2;
}

int main() {
goto l2;
}

int main() {
goto l2;
}

int main() {
goto l2;
}

int main() {
goto l2;
}

int main() {
goto l2;
}

int main() {
goto l2;
}

int main() {
goto l2;
}

int main() {
goto l2;
}

int main() {
goto l2;
}

STOPPING TEST DUE TO TIMEOUT, TERMINATED AT LENGTH 58
STOPPING TESTING DUE TO TIMEOUT
5.56758707814 PERCENT COVERED
60.7889289856 TOTAL RUNTIME
72 EXECUTED
7147 TOTAL TEST OPERATIONS
22.5053548813 TIME SPENT EXECUTING TEST OPERATIONS
36.8050527573 TIME SPENT EVALUATING GUARDS AND CHOOSING ACTIONS
0.00948333740234 TIME SPENT CHECKING PROPERTIES
22.5148382187 TOTAL TIME SPENT RUNNING SUT
0.141464471817 TIME SPENT RESTARTING
0.0 TIME SPENT REDUCING TEST CASES
0 FAILED
0 REPEATS OF FAILURES
0 ACTUAL DISTINCT FAILURES

462 BRANCHES COVERED
369 STATEMENTS COVERED
