Random testing using config=Config(swarmSwitch=None, verbose=False, reducePool=False, failedLogging=None, exploitBestHint=1, greedyStutter=False, exploit=None, seed=None, generalize=False, useHints=False, localize=False, total=False, speed='FAST', probs='locsample.probs', normalize=False, verboseExploit=False, highLowSwarm=None, replayable=False, essentials=False, noCoverageExploit=False, quickTests=False, relax=False, internal=False, uniqueValuesAnalysis=False, swarm=True, noReassign=False, html=None, fastQuickAnalysis=False, progress=False, swarmLength=None, profile=False, LOCBaseline=0.2, full=True, multiple=True, timedProgress=30, silentFail=False, stopWhenStatements=None, swarmP=0.5, stopWhenBranches=None, noAlphaConvert=False, coverFile='coverage.out', readQuick=False, verboseActions=False, running=False, computeFeatureStats=False, compareFails=False, swarmProbs=None, output='failure.90601.test', genDepth=None, Pcrossover=0.2, quickAnalysis=False, keepLast=False, exploitCeiling=0.1, logging=None, LOCProbs=False, noCheck=False, maxTests=-1, noExceptionMatch=False, Pmutate=0.0, depth=100, showActions=False, throughput=False, noCover=False, timeout=60, stutter=None, uncaught=False, markov=None, startExploit=0)
TEST #31 STEP #90 (0:00:30.008728) Sat May  6 18:02:30 2017 [ 76 stmts 97 branches ]
STOPPING TEST DUE TO TIMEOUT, TERMINATED AT LENGTH 72
STOPPING TESTING DUE TO TIMEOUT
1.42037935598 PERCENT COVERED
60.7275011539 TOTAL RUNTIME
64 EXECUTED
6372 TOTAL TEST OPERATIONS
29.1277384758 TIME SPENT EXECUTING TEST OPERATIONS
30.2666661739 TIME SPENT EVALUATING GUARDS AND CHOOSING ACTIONS
0.00876593589783 TIME SPENT CHECKING PROPERTIES
29.1365044117 TOTAL TIME SPENT RUNNING SUT
0.125289201736 TIME SPENT RESTARTING
0.0 TIME SPENT REDUCING TEST CASES
0 FAILED
0 REPEATS OF FAILURES
0 ACTUAL DISTINCT FAILURES

97 BRANCHES COVERED
76 STATEMENTS COVERED
