Random testing using config=Config(swarmSwitch=None, verbose=False, reducePool=False, failedLogging=None, exploitBestHint=1, greedyStutter=False, exploit=None, seed=None, generalize=False, useHints=False, localize=False, total=False, speed='FAST', probs='locsample.probs', normalize=False, verboseExploit=False, highLowSwarm=None, replayable=False, essentials=False, noCoverageExploit=False, quickTests=False, relax=False, internal=False, uniqueValuesAnalysis=False, swarm=True, html=None, fastQuickAnalysis=False, progress=False, swarmLength=None, profile=False, LOCBaseline=0.2, full=True, multiple=True, timedProgress=30, silentFail=False, stopWhenStatements=None, swarmP=0.5, stopWhenBranches=None, noAlphaConvert=False, coverFile='coverage.out', readQuick=False, verboseActions=False, running=False, computeFeatureStats=False, compareFails=False, swarmProbs=None, output='failure.40107.test', genDepth=None, Pcrossover=0.2, quickAnalysis=False, noReassign=False, exploitCeiling=0.1, logging=None, LOCProbs=False, noCheck=False, maxTests=-1, keep=False, noExceptionMatch=False, Pmutate=0.0, depth=100, showActions=False, throughput=False, noCover=False, timeout=60, stutter=None, uncaught=False, markov=None, startExploit=0)
TEST #4 STEP #25 (0:00:30.065890) Mon May  1 02:07:40 2017 [ 147 stmts 194 branches ]
STOPPING TEST DUE TO TIMEOUT, TERMINATED AT LENGTH 49
STOPPING TESTING DUE TO TIMEOUT
8.08704124716 PERCENT COVERED
60.2351770401 TOTAL RUNTIME
7 EXECUTED
649 TOTAL TEST OPERATIONS
29.8639132977 TIME SPENT EXECUTING TEST OPERATIONS
0.104093790054 TIME SPENT EVALUATING GUARDS AND CHOOSING ACTIONS
30.0761437416 TIME SPENT CHECKING PROPERTIES
59.9400570393 TOTAL TIME SPENT RUNNING SUT
0.00393295288086 TIME SPENT RESTARTING
0.0 TIME SPENT REDUCING TEST CASES
0 FAILED
0 REPEATS OF FAILURES
0 ACTUAL DISTINCT FAILURES

194 BRANCHES COVERED
147 STATEMENTS COVERED
