Random testing using config=Config(swarmSwitch=None, verbose=False, reducePool=False, failedLogging=None, exploitBestHint=1, greedyStutter=False, exploit=None, seed=None, generalize=False, useHints=False, localize=False, total=False, speed='FAST', probs='locsample.probs', normalize=False, verboseExploit=False, highLowSwarm=None, replayable=False, essentials=False, noCoverageExploit=False, quickTests=False, relax=False, internal=False, uniqueValuesAnalysis=False, swarm=True, html=None, fastQuickAnalysis=False, progress=False, swarmLength=None, profile=False, LOCBaseline=0.2, full=True, multiple=True, timedProgress=30, silentFail=False, stopWhenStatements=None, swarmP=0.5, stopWhenBranches=None, noAlphaConvert=False, coverFile='coverage.out', readQuick=False, verboseActions=False, running=False, computeFeatureStats=False, compareFails=False, swarmProbs=None, output='failure.39945.test', genDepth=None, Pcrossover=0.2, quickAnalysis=False, noReassign=False, exploitCeiling=0.1, logging=None, LOCProbs=False, noCheck=False, maxTests=-1, keep=False, noExceptionMatch=False, Pmutate=0.0, depth=100, showActions=False, throughput=False, noCover=False, timeout=60, stutter=None, uncaught=False, markov=None, startExploit=0)
TEST #4 STEP #26 (0:00:30.089508) Mon May  1 02:01:35 2017 [ 138 stmts 180 branches ]
  8 [3:-1]
-- < 4 [1:0]
---- < 3 [0:0] L
---- > 7 [0:0] L
-- > 13 [2:-1]
---- < 12 [0:0] L
---- > 16 [1:-1]
------ > 20 [0:0] L
set([3, 4, 7, 8, 12, 13, 16, 20])
  8 [3:-1]
-- < 4 [1:-1]
---- > 7 [0:0] L
-- > 13 [2:-1]
---- < 12 [0:0] L
---- > 16 [1:-1]
------ > 20 [0:0] L
set([4, 7, 8, 12, 13, 16, 20])
  8 [2:0]
-- < 4 [1:-1]
---- > 7 [0:0] L
-- > 13 [1:0]
---- < 12 [0:0] L
---- > 20 [0:0] L
set([4, 7, 8, 12, 13, 20])
  8 [2:0]
-- < 4 [1:-1]
---- > 7 [0:0] L
-- > 13 [1:0]
---- < 12 [0:0] L
---- > 20 [0:0] L
set([4, 7, 8, 12, 13, 20])
STOPPING TEST DUE TO TIMEOUT, TERMINATED AT LENGTH 52
STOPPING TESTING DUE TO TIMEOUT
8.68575146389 PERCENT COVERED
60.1666719913 TOTAL RUNTIME
7 EXECUTED
652 TOTAL TEST OPERATIONS
29.8950030804 TIME SPENT EXECUTING TEST OPERATIONS
0.0750195980072 TIME SPENT EVALUATING GUARDS AND CHOOSING ACTIONS
30.0219805241 TIME SPENT CHECKING PROPERTIES
59.9169836044 TOTAL TIME SPENT RUNNING SUT
0.0040111541748 TIME SPENT RESTARTING
0.0 TIME SPENT REDUCING TEST CASES
0 FAILED
0 REPEATS OF FAILURES
0 ACTUAL DISTINCT FAILURES

210 BRANCHES COVERED
159 STATEMENTS COVERED
