Random testing using config=Config(swarmSwitch=None, verbose=False, reducePool=False, failedLogging=None, exploitBestHint=1, greedyStutter=False, exploit=0.8, seed=None, generalize=False, useHints=False, localize=False, total=False, speed='FAST', probs=None, normalize=False, verboseExploit=False, highLowSwarm=None, replayable=False, essentials=False, noCoverageExploit=False, quickTests=False, relax=False, internal=False, uniqueValuesAnalysis=False, swarm=False, html=None, fastQuickAnalysis=False, progress=False, swarmLength=None, profile=False, LOCBaseline=0.2, full=True, multiple=True, timedProgress=30, silentFail=False, stopWhenStatements=None, swarmP=0.5, stopWhenBranches=None, noAlphaConvert=False, coverFile='coverage.out', readQuick=False, verboseActions=False, running=False, computeFeatureStats=False, compareFails=False, swarmProbs=None, output='failure.15894.test', genDepth=None, Pcrossover=0.2, quickAnalysis=False, noReassign=False, exploitCeiling=0.1, logging=None, LOCProbs=False, noCheck=False, maxTests=-1, keep=False, noExceptionMatch=False, Pmutate=0.8, depth=100, showActions=False, throughput=False, noCover=False, timeout=60, stutter=None, uncaught=False, markov=None, startExploit=0)
TEST #146 STEP #0 (0:00:30.012404) Sun Apr 30 07:47:14 2017 [ 247 stmts 345 branches ]
STOPPING TEST DUE TO TIMEOUT, TERMINATED AT LENGTH 79
STOPPING TESTING DUE TO TIMEOUT
52.4180967239 PERCENT COVERED
60.0595810413 TOTAL RUNTIME
304 EXECUTED
30379 TOTAL TEST OPERATIONS
23.103467226 TIME SPENT EXECUTING TEST OPERATIONS
27.9150714874 TIME SPENT EVALUATING GUARDS AND CHOOSING ACTIONS
0.0274214744568 TIME SPENT CHECKING PROPERTIES
23.1308887005 TOTAL TIME SPENT RUNNING SUT
0.156689405441 TIME SPENT RESTARTING
0.0 TIME SPENT REDUCING TEST CASES
0 FAILED
0 REPEATS OF FAILURES
0 ACTUAL DISTINCT FAILURES

345 BRANCHES COVERED
247 STATEMENTS COVERED
