Random testing using config=Config(swarmSwitch=None, verbose=False, reducePool=False, failedLogging=None, exploitBestHint=1, greedyStutter=False, exploit=0.8, seed=None, generalize=False, useHints=False, localize=False, total=False, speed='FAST', probs=None, normalize=False, verboseExploit=False, highLowSwarm=None, replayable=False, essentials=False, noCoverageExploit=False, quickTests=False, relax=False, internal=False, uniqueValuesAnalysis=False, swarm=False, html=None, fastQuickAnalysis=False, progress=False, swarmLength=None, profile=False, LOCBaseline=0.2, full=True, multiple=True, timedProgress=30, silentFail=False, stopWhenStatements=None, swarmP=0.5, stopWhenBranches=None, noAlphaConvert=False, coverFile='coverage.out', readQuick=False, verboseActions=False, running=False, computeFeatureStats=False, compareFails=False, swarmProbs=None, output='failure.15948.test', genDepth=None, Pcrossover=0.2, quickAnalysis=False, noReassign=False, exploitCeiling=0.1, logging=None, LOCProbs=False, noCheck=False, maxTests=-1, keep=False, noExceptionMatch=False, Pmutate=0.8, depth=100, showActions=False, throughput=False, noCover=False, timeout=60, stutter=None, uncaught=False, markov=None, startExploit=0)
TEST #165 STEP #70 (0:00:30.000885) Sun Apr 30 07:55:18 2017 [ 259 stmts 360 branches ]
STOPPING TEST DUE TO TIMEOUT, TERMINATED AT LENGTH 115
STOPPING TESTING DUE TO TIMEOUT
57.0982839314 PERCENT COVERED
60.0671980381 TOTAL RUNTIME
333 EXECUTED
33216 TOTAL TEST OPERATIONS
23.7548296452 TIME SPENT EXECUTING TEST OPERATIONS
25.3479404449 TIME SPENT EVALUATING GUARDS AND CHOOSING ACTIONS
0.0253558158875 TIME SPENT CHECKING PROPERTIES
23.780185461 TOTAL TIME SPENT RUNNING SUT
0.160864830017 TIME SPENT RESTARTING
0.0 TIME SPENT REDUCING TEST CASES
0 FAILED
0 REPEATS OF FAILURES
0 ACTUAL DISTINCT FAILURES

373 BRANCHES COVERED
269 STATEMENTS COVERED
