Random testing using config=Config(swarmSwitch=None, verbose=False, reducePool=False, failedLogging=None, exploitBestHint=1, greedyStutter=False, exploit=0.8, seed=None, generalize=False, useHints=False, localize=False, total=False, speed='FAST', probs=None, normalize=False, verboseExploit=False, highLowSwarm=None, replayable=False, essentials=False, noCoverageExploit=False, quickTests=False, relax=False, internal=False, uniqueValuesAnalysis=False, swarm=False, html=None, fastQuickAnalysis=False, progress=False, swarmLength=None, profile=False, LOCBaseline=0.2, full=True, multiple=True, timedProgress=30, silentFail=False, stopWhenStatements=None, swarmP=0.5, stopWhenBranches=None, noAlphaConvert=False, coverFile='coverage.out', readQuick=False, verboseActions=False, running=False, computeFeatureStats=False, compareFails=False, swarmProbs=None, output='failure.16307.test', genDepth=None, Pcrossover=0.2, quickAnalysis=False, noReassign=False, exploitCeiling=0.1, logging=None, LOCProbs=False, noCheck=False, maxTests=-1, keep=False, noExceptionMatch=False, Pmutate=0.8, depth=100, showActions=False, throughput=False, noCover=False, timeout=60, stutter=None, uncaught=False, markov=None, startExploit=0)
TEST #172 STEP #74 (0:00:30.000326) Sun Apr 30 08:59:54 2017 [ 269 stmts 373 branches ]
STOPPING TEST DUE TO TIMEOUT, TERMINATED AT LENGTH 71
STOPPING TESTING DUE TO TIMEOUT
57.0982839314 PERCENT COVERED
60.0613911152 TOTAL RUNTIME
331 EXECUTED
33031 TOTAL TEST OPERATIONS
24.5692522526 TIME SPENT EXECUTING TEST OPERATIONS
23.023927927 TIME SPENT EVALUATING GUARDS AND CHOOSING ACTIONS
0.0263555049896 TIME SPENT CHECKING PROPERTIES
24.5956077576 TOTAL TIME SPENT RUNNING SUT
0.163344860077 TIME SPENT RESTARTING
0.0 TIME SPENT REDUCING TEST CASES
0 FAILED
0 REPEATS OF FAILURES
0 ACTUAL DISTINCT FAILURES

373 BRANCHES COVERED
269 STATEMENTS COVERED
