Random testing using config=Config(swarmSwitch=None, verbose=False, reducePool=False, failedLogging=None, exploitBestHint=1, greedyStutter=False, exploit=None, seed=None, generalize=False, useHints=False, localize=False, total=False, speed='FAST', probs='locsample.probs', normalize=False, verboseExploit=False, highLowSwarm=None, replayable=False, essentials=False, noCoverageExploit=False, quickTests=False, relax=False, internal=False, uniqueValuesAnalysis=False, swarm=False, html=None, fastQuickAnalysis=False, progress=False, swarmLength=None, profile=False, LOCBaseline=0.2, full=True, multiple=True, timedProgress=30, silentFail=False, stopWhenStatements=None, swarmP=0.5, stopWhenBranches=None, noAlphaConvert=False, coverFile='coverage.out', readQuick=False, verboseActions=False, running=False, computeFeatureStats=False, compareFails=False, swarmProbs=None, output='failure.36950.test', genDepth=None, Pcrossover=0.2, quickAnalysis=False, noReassign=False, exploitCeiling=0.1, logging=None, LOCProbs=False, noCheck=False, maxTests=-1, keep=False, noExceptionMatch=False, Pmutate=0.0, depth=100, showActions=False, throughput=False, noCover=False, timeout=60, stutter=None, uncaught=False, markov=None, startExploit=0)
TEST #31 STEP #35 (0:00:30.006575) Fri Apr 28 16:51:20 2017 [ 221 stmts 313 branches ]
STOPPING TEST DUE TO TIMEOUT, TERMINATED AT LENGTH 3
STOPPING TESTING DUE TO TIMEOUT
52.1060842434 PERCENT COVERED
60.0857410431 TOTAL RUNTIME
62 EXECUTED
6103 TOTAL TEST OPERATIONS
6.60229420662 TIME SPENT EXECUTING TEST OPERATIONS
53.2013754845 TIME SPENT EVALUATING GUARDS AND CHOOSING ACTIONS
0.0097382068634 TIME SPENT CHECKING PROPERTIES
6.61203241348 TOTAL TIME SPENT RUNNING SUT
0.0442328453064 TIME SPENT RESTARTING
0.0 TIME SPENT REDUCING TEST CASES
0 FAILED
0 REPEATS OF FAILURES
0 ACTUAL DISTINCT FAILURES

343 BRANCHES COVERED
246 STATEMENTS COVERED
