Random testing using config=Config(swarmSwitch=None, verbose=False, reducePool=False, failedLogging=None, exploitBestHint=1, greedyStutter=False, exploit=0.8, seed=None, generalize=False, useHints=False, localize=False, total=False, speed='FAST', probs='locsample.probs', normalize=False, verboseExploit=False, highLowSwarm=None, replayable=False, essentials=False, noCoverageExploit=False, quickTests=False, relax=False, internal=False, uniqueValuesAnalysis=False, swarm=False, html=None, fastQuickAnalysis=False, progress=False, swarmLength=None, profile=False, LOCBaseline=0.2, full=True, multiple=True, timedProgress=30, silentFail=False, stopWhenStatements=None, swarmP=0.5, stopWhenBranches=None, noAlphaConvert=False, coverFile='coverage.out', readQuick=False, verboseActions=False, running=False, computeFeatureStats=False, compareFails=False, swarmProbs=None, output='failure.57398.test', genDepth=None, Pcrossover=0.2, quickAnalysis=False, noReassign=False, exploitCeiling=0.1, logging=None, LOCProbs=False, noCheck=False, maxTests=-1, keep=False, noExceptionMatch=False, Pmutate=0.8, depth=100, showActions=False, throughput=False, noCover=False, timeout=60, stutter=None, uncaught=False, markov=None, startExploit=0)
TEST #64 STEP #0 (0:00:30.052223) Mon May  1 04:21:50 2017 [ 241 stmts 338 branches ]
STOPPING TEST DUE TO TIMEOUT, TERMINATED AT LENGTH 162
STOPPING TESTING DUE TO TIMEOUT
50.8580343214 PERCENT COVERED
60.0654418468 TOTAL RUNTIME
134 EXECUTED
13367 TOTAL TEST OPERATIONS
9.78326702118 TIME SPENT EXECUTING TEST OPERATIONS
45.0914747715 TIME SPENT EVALUATING GUARDS AND CHOOSING ACTIONS
0.00934529304504 TIME SPENT CHECKING PROPERTIES
9.79261231422 TOTAL TIME SPENT RUNNING SUT
0.0650308132172 TIME SPENT RESTARTING
0.0 TIME SPENT REDUCING TEST CASES
0 FAILED
0 REPEATS OF FAILURES
0 ACTUAL DISTINCT FAILURES

338 BRANCHES COVERED
241 STATEMENTS COVERED
