Random testing using config=Config(swarmSwitch=None, verbose=False, reducePool=False, failedLogging=None, exploitBestHint=1, greedyStutter=False, exploit=0.8, seed=None, generalize=False, useHints=False, localize=False, total=False, speed='FAST', probs='locsample.probs', normalize=False, verboseExploit=False, highLowSwarm=None, replayable=False, essentials=False, noCoverageExploit=False, quickTests=False, relax=False, internal=False, uniqueValuesAnalysis=False, swarm=False, html=None, fastQuickAnalysis=False, progress=False, swarmLength=None, profile=False, LOCBaseline=0.2, full=True, multiple=True, timedProgress=30, silentFail=False, stopWhenStatements=None, swarmP=0.5, stopWhenBranches=None, noAlphaConvert=False, coverFile='coverage.out', readQuick=False, verboseActions=False, running=False, computeFeatureStats=False, compareFails=False, swarmProbs=None, output='failure.58059.test', genDepth=None, Pcrossover=0.2, quickAnalysis=False, noReassign=False, exploitCeiling=0.1, logging=None, LOCProbs=False, noCheck=False, maxTests=-1, keep=False, noExceptionMatch=False, Pmutate=0.8, depth=100, showActions=False, throughput=False, noCover=False, timeout=60, stutter=None, uncaught=False, markov=None, startExploit=0)
TEST #67 STEP #71 (0:00:30.001822) Mon May  1 05:07:13 2017 [ 236 stmts 332 branches ]
STOPPING TEST DUE TO TIMEOUT, TERMINATED AT LENGTH 183
STOPPING TESTING DUE TO TIMEOUT
55.0702028081 PERCENT COVERED
60.0574958324 TOTAL RUNTIME
147 EXECUTED
14694 TOTAL TEST OPERATIONS
10.1221077442 TIME SPENT EXECUTING TEST OPERATIONS
43.2120654583 TIME SPENT EVALUATING GUARDS AND CHOOSING ACTIONS
0.00944876670837 TIME SPENT CHECKING PROPERTIES
10.1315565109 TOTAL TIME SPENT RUNNING SUT
0.0678246021271 TIME SPENT RESTARTING
0.0 TIME SPENT REDUCING TEST CASES
0 FAILED
0 REPEATS OF FAILURES
0 ACTUAL DISTINCT FAILURES

361 BRANCHES COVERED
260 STATEMENTS COVERED
