Random testing using config=Config(swarmSwitch=None, verbose=False, reducePool=False, failedLogging=None, exploitBestHint=1, greedyStutter=False, exploit=None, seed=None, generalize=False, useHints=False, localize=False, total=False, speed='FAST', probs='locsample.probs', normalize=False, verboseExploit=False, highLowSwarm=None, replayable=False, essentials=False, noCoverageExploit=False, quickTests=False, relax=False, internal=False, uniqueValuesAnalysis=False, swarm=True, html=None, fastQuickAnalysis=False, progress=False, swarmLength=None, profile=False, LOCBaseline=0.2, full=True, multiple=True, timedProgress=30, silentFail=False, stopWhenStatements=None, swarmP=0.5, stopWhenBranches=None, noAlphaConvert=False, coverFile='coverage.out', readQuick=False, verboseActions=False, running=False, computeFeatureStats=False, compareFails=False, swarmProbs=None, output='failure.39275.test', genDepth=None, Pcrossover=0.2, quickAnalysis=False, noReassign=False, exploitCeiling=0.1, logging=None, LOCProbs=False, noCheck=False, maxTests=-1, keep=False, noExceptionMatch=False, Pmutate=0.0, depth=100, showActions=False, throughput=False, noCover=False, timeout=60, stutter=None, uncaught=False, markov=None, startExploit=0)
TEST #46 STEP #62 (0:00:30.000691) Sun Apr 30 22:53:42 2017 [ 226 stmts 318 branches ]
STOPPING TEST DUE TO TIMEOUT, TERMINATED AT LENGTH 43
STOPPING TESTING DUE TO TIMEOUT
48.2059282371 PERCENT COVERED
60.0931301117 TOTAL RUNTIME
95 EXECUTED
9443 TOTAL TEST OPERATIONS
6.83050298691 TIME SPENT EXECUTING TEST OPERATIONS
52.510392189 TIME SPENT EVALUATING GUARDS AND CHOOSING ACTIONS
0.00934314727783 TIME SPENT CHECKING PROPERTIES
6.83984613419 TOTAL TIME SPENT RUNNING SUT
0.0556433200836 TIME SPENT RESTARTING
0.0 TIME SPENT REDUCING TEST CASES
0 FAILED
0 REPEATS OF FAILURES
0 ACTUAL DISTINCT FAILURES

323 BRANCHES COVERED
228 STATEMENTS COVERED
