Random testing using config=Config(swarmSwitch=None, verbose=False, reducePool=False, failedLogging=None, exploitBestHint=1, greedyStutter=False, exploit=None, seed=None, generalize=False, useHints=False, localize=False, total=False, speed='FAST', probs=None, normalize=False, verboseExploit=False, highLowSwarm=None, replayable=False, essentials=False, noCoverageExploit=False, quickTests=False, relax=False, internal=False, uniqueValuesAnalysis=False, swarm=False, html=None, fastQuickAnalysis=False, progress=False, swarmLength=None, profile=False, LOCBaseline=0.2, full=True, multiple=True, timedProgress=30, silentFail=False, stopWhenStatements=None, swarmP=0.5, stopWhenBranches=None, noAlphaConvert=False, coverFile='coverage.out', readQuick=False, verboseActions=False, running=False, computeFeatureStats=False, compareFails=False, swarmProbs=None, output='failure.49091.test', genDepth=None, Pcrossover=0.2, quickAnalysis=False, noReassign=False, exploitCeiling=0.1, logging=None, LOCProbs=False, noCheck=False, maxTests=-1, keep=False, noExceptionMatch=False, Pmutate=0.0, depth=100, showActions=False, throughput=False, noCover=False, timeout=60, stutter=None, uncaught=False, markov=None, startExploit=0)
TEST #126 STEP #24 (0:00:30.002744) Fri Apr 28 19:20:53 2017 [ 232 stmts 328 branches ]
STOPPING TEST DUE TO TIMEOUT, TERMINATED AT LENGTH 93
STOPPING TESTING DUE TO TIMEOUT
52.5741029641 PERCENT COVERED
60.0612580776 TOTAL RUNTIME
253 EXECUTED
25293 TOTAL TEST OPERATIONS
19.713329792 TIME SPENT EXECUTING TEST OPERATIONS
39.7280004025 TIME SPENT EVALUATING GUARDS AND CHOOSING ACTIONS
0.0276248455048 TIME SPENT CHECKING PROPERTIES
19.7409546375 TOTAL TIME SPENT RUNNING SUT
0.141218423843 TIME SPENT RESTARTING
0.0 TIME SPENT REDUCING TEST CASES
0 FAILED
0 REPEATS OF FAILURES
0 ACTUAL DISTINCT FAILURES

349 BRANCHES COVERED
251 STATEMENTS COVERED
