Random testing using config=Config(swarmSwitch=None, verbose=False, reducePool=False, failedLogging=None, exploitBestHint=1, greedyStutter=False, exploit=None, seed=None, generalize=False, useHints=False, localize=False, total=False, speed='FAST', probs=None, normalize=False, verboseExploit=False, highLowSwarm=None, replayable=False, essentials=False, noCoverageExploit=False, quickTests=False, relax=False, internal=False, uniqueValuesAnalysis=False, swarm=True, html=None, fastQuickAnalysis=False, progress=False, swarmLength=None, profile=False, LOCBaseline=0.2, full=True, multiple=True, timedProgress=30, silentFail=False, stopWhenStatements=None, swarmP=0.5, stopWhenBranches=None, noAlphaConvert=False, coverFile='coverage.out', readQuick=False, verboseActions=False, running=False, computeFeatureStats=False, compareFails=False, swarmProbs=None, output='failure.35297.test', genDepth=None, Pcrossover=0.2, quickAnalysis=False, noReassign=False, exploitCeiling=0.1, logging=None, LOCProbs=False, noCheck=False, maxTests=-1, keep=False, noExceptionMatch=False, Pmutate=0.0, depth=100, showActions=False, throughput=False, noCover=False, timeout=60, stutter=None, uncaught=False, markov=None, startExploit=0)
TEST #137 STEP #64 (0:00:30.001096) Fri Apr 28 16:38:13 2017 [ 234 stmts 330 branches ]
STOPPING TEST DUE TO TIMEOUT, TERMINATED AT LENGTH 1
STOPPING TESTING DUE TO TIMEOUT
52.4180967239 PERCENT COVERED
60.1053230762 TOTAL RUNTIME
261 EXECUTED
26001 TOTAL TEST OPERATIONS
21.2174217701 TIME SPENT EXECUTING TEST OPERATIONS
36.658424139 TIME SPENT EVALUATING GUARDS AND CHOOSING ACTIONS
0.0350699424744 TIME SPENT CHECKING PROPERTIES
21.2524917126 TOTAL TIME SPENT RUNNING SUT
0.186885356903 TIME SPENT RESTARTING
0.0 TIME SPENT REDUCING TEST CASES
0 FAILED
0 REPEATS OF FAILURES
0 ACTUAL DISTINCT FAILURES

345 BRANCHES COVERED
247 STATEMENTS COVERED
