Random testing using config=Config(swarmSwitch=None, verbose=False, reducePool=False, failedLogging=None, exploitBestHint=1, greedyStutter=False, exploit=None, seed=None, generalize=False, useHints=False, localize=False, total=False, speed='FAST', probs=None, normalize=False, verboseExploit=False, highLowSwarm=None, replayable=False, essentials=False, noCoverageExploit=False, quickTests=False, relax=False, internal=False, uniqueValuesAnalysis=False, swarm=True, html=None, fastQuickAnalysis=False, progress=False, swarmLength=None, profile=False, LOCBaseline=0.2, full=True, multiple=True, timedProgress=30, silentFail=False, stopWhenStatements=None, swarmP=0.5, stopWhenBranches=None, noAlphaConvert=False, coverFile='coverage.out', readQuick=False, verboseActions=False, running=False, computeFeatureStats=False, compareFails=False, swarmProbs=None, output='failure.49028.test', genDepth=None, Pcrossover=0.2, quickAnalysis=False, noReassign=False, exploitCeiling=0.1, logging=None, LOCProbs=False, noCheck=False, maxTests=-1, keep=False, noExceptionMatch=False, Pmutate=0.0, depth=100, showActions=False, throughput=False, noCover=False, timeout=60, stutter=None, uncaught=False, markov=None, startExploit=0)
TEST #132 STEP #41 (0:00:30.005095) Fri Apr 28 19:06:44 2017 [ 265 stmts 365 branches ]
STOPPING TEST DUE TO TIMEOUT, TERMINATED AT LENGTH 15
STOPPING TESTING DUE TO TIMEOUT
55.6942277691 PERCENT COVERED
60.115323782 TOTAL RUNTIME
259 EXECUTED
25815 TOTAL TEST OPERATIONS
22.2952377796 TIME SPENT EXECUTING TEST OPERATIONS
35.4335947037 TIME SPENT EVALUATING GUARDS AND CHOOSING ACTIONS
0.0340960025787 TIME SPENT CHECKING PROPERTIES
22.3293337822 TOTAL TIME SPENT RUNNING SUT
0.199184656143 TIME SPENT RESTARTING
0.0 TIME SPENT REDUCING TEST CASES
0 FAILED
0 REPEATS OF FAILURES
0 ACTUAL DISTINCT FAILURES

365 BRANCHES COVERED
265 STATEMENTS COVERED
