Random testing using config=Config(swarmSwitch=None, verbose=False, reducePool=False, failedLogging=None, exploitBestHint=1, greedyStutter=False, exploit=0.8, seed=None, generalize=False, useHints=False, localize=False, total=False, speed='FAST', probs=None, normalize=False, verboseExploit=False, highLowSwarm=None, replayable=False, essentials=False, noCoverageExploit=False, quickTests=False, relax=False, internal=False, uniqueValuesAnalysis=False, swarm=False, noReassign=False, html=None, fastQuickAnalysis=False, progress=False, swarmLength=None, profile=False, LOCBaseline=0.2, full=True, multiple=True, timedProgress=30, silentFail=False, stopWhenStatements=None, swarmP=0.5, stopWhenBranches=None, noAlphaConvert=False, coverFile='coverage.out', readQuick=False, verboseActions=False, running=False, computeFeatureStats=False, compareFails=False, swarmProbs=None, output='failure.73453.test', genDepth=None, Pcrossover=0.2, quickAnalysis=False, keepLast=False, exploitCeiling=0.1, logging=None, LOCProbs=False, noCheck=False, maxTests=-1, noExceptionMatch=False, Pmutate=0.8, depth=100, showActions=False, throughput=False, noCover=False, timeout=60, stutter=None, uncaught=False, markov=None, startExploit=0)
TEST #2 STEP #42 (0:00:30.321714) Wed May  3 02:42:54 2017 [ 4680 stmts 6228 branches ]
STOPPING TEST DUE TO TIMEOUT, TERMINATED AT LENGTH 82
STOPPING TESTING DUE TO TIMEOUT
3.1846063356 PERCENT COVERED
86.2170717716 TOTAL RUNTIME
2 EXECUTED
182 TOTAL TEST OPERATIONS
5.39850187302 TIME SPENT EXECUTING TEST OPERATIONS
0.463315010071 TIME SPENT EVALUATING GUARDS AND CHOOSING ACTIONS
54.4396445751 TIME SPENT CHECKING PROPERTIES
59.8381464481 TOTAL TIME SPENT RUNNING SUT
0.00563406944275 TIME SPENT RESTARTING
0.0 TIME SPENT REDUCING TEST CASES
0 FAILED
0 REPEATS OF FAILURES
0 ACTUAL DISTINCT FAILURES

7123 BRANCHES COVERED
5323 STATEMENTS COVERED
