Random testing using config=Config(swarmSwitch=None, verbose=False, reducePool=False, failedLogging=None, exploitBestHint=1, greedyStutter=False, exploit=None, seed=None, generalize=False, useHints=False, localize=False, total=False, speed='FAST', probs='locoldsample.probs', normalize=False, verboseExploit=False, highLowSwarm=None, replayable=False, essentials=False, noCoverageExploit=False, quickTests=False, relax=False, internal=False, uniqueValuesAnalysis=False, swarm=False, html=None, fastQuickAnalysis=False, progress=False, swarmLength=None, profile=False, LOCBaseline=0.2, full=True, multiple=True, timedProgress=30, silentFail=False, stopWhenStatements=None, swarmP=0.5, stopWhenBranches=None, noAlphaConvert=False, coverFile='coverage.out', readQuick=False, verboseActions=False, running=False, computeFeatureStats=False, compareFails=False, swarmProbs=None, output='failure.62385.test', genDepth=None, Pcrossover=0.2, quickAnalysis=False, noReassign=False, exploitCeiling=0.1, logging=None, LOCProbs=False, noCheck=False, maxTests=-1, keep=False, noExceptionMatch=False, Pmutate=0.0, depth=100, showActions=False, throughput=False, noCover=False, timeout=60, stutter=None, uncaught=False, markov=None, startExploit=0)
TEST #1 STEP #71 (0:00:30.486749) Sat Apr 29 19:33:22 2017 [ 6734 stmts 8968 branches ]
STOPPING TEST DUE TO TIMEOUT, TERMINATED AT LENGTH 33
STOPPING TESTING DUE TO TIMEOUT
4.22853621744 PERCENT COVERED
90.8021569252 TOTAL RUNTIME
2 EXECUTED
133 TOTAL TEST OPERATIONS
5.3629257679 TIME SPENT EXECUTING TEST OPERATIONS
1.43846201897 TIME SPENT EVALUATING GUARDS AND CHOOSING ACTIONS
53.9430198669 TIME SPENT CHECKING PROPERTIES
59.3059456348 TOTAL TIME SPENT RUNNING SUT
0.00831007957458 TIME SPENT RESTARTING
0.0 TIME SPENT REDUCING TEST CASES
0 FAILED
0 REPEATS OF FAILURES
0 ACTUAL DISTINCT FAILURES

9436 BRANCHES COVERED
7035 STATEMENTS COVERED
