Random testing using config=Config(swarmSwitch=None, verbose=False, reducePool=False, failedLogging=None, exploitBestHint=1, greedyStutter=False, exploit=None, seed=None, generalize=False, useHints=False, localize=False, total=False, speed='FAST', probs='locoldsample.probs', normalize=False, verboseExploit=False, highLowSwarm=None, replayable=False, essentials=False, noCoverageExploit=False, quickTests=False, relax=False, internal=False, uniqueValuesAnalysis=False, swarm=False, html=None, fastQuickAnalysis=False, progress=False, swarmLength=None, profile=False, LOCBaseline=0.2, full=True, multiple=True, timedProgress=30, silentFail=False, stopWhenStatements=None, swarmP=0.5, stopWhenBranches=None, noAlphaConvert=False, coverFile='coverage.out', readQuick=False, verboseActions=False, running=False, computeFeatureStats=False, compareFails=False, swarmProbs=None, output='failure.61096.test', genDepth=None, Pcrossover=0.2, quickAnalysis=False, noReassign=False, exploitCeiling=0.1, logging=None, LOCProbs=False, noCheck=False, maxTests=-1, keep=False, noExceptionMatch=False, Pmutate=0.0, depth=100, showActions=False, throughput=False, noCover=False, timeout=60, stutter=None, uncaught=False, markov=None, startExploit=0)
TEST #1 STEP #78 (0:00:30.966578) Sat Apr 29 17:36:15 2017 [ 6188 stmts 8273 branches ]
STOPPING TEST DUE TO TIMEOUT, TERMINATED AT LENGTH 91
STOPPING TESTING DUE TO TIMEOUT
4.14210890641 PERCENT COVERED
135.625724077 TOTAL RUNTIME
1 EXECUTED
91 TOTAL TEST OPERATIONS
4.26087141037 TIME SPENT EXECUTING TEST OPERATIONS
1.49180936813 TIME SPENT EVALUATING GUARDS AND CHOOSING ACTIONS
99.0790221691 TIME SPENT CHECKING PROPERTIES
103.339893579 TOTAL TIME SPENT RUNNING SUT
0.00315093994141 TIME SPENT RESTARTING
0.0 TIME SPENT REDUCING TEST CASES
0 FAILED
0 REPEATS OF FAILURES
0 ACTUAL DISTINCT FAILURES

9259 BRANCHES COVERED
6879 STATEMENTS COVERED
