Random testing using config=Config(swarmSwitch=None, verbose=False, reducePool=False, failedLogging=None, exploitBestHint=1, greedyStutter=False, exploit=None, seed=None, generalize=False, useHints=False, localize=False, total=False, speed='FAST', probs='locoldsample.probs', normalize=False, verboseExploit=False, highLowSwarm=None, replayable=False, essentials=False, noCoverageExploit=False, quickTests=False, relax=False, internal=False, uniqueValuesAnalysis=False, swarm=False, html=None, fastQuickAnalysis=False, progress=False, swarmLength=None, profile=False, LOCBaseline=0.2, full=True, multiple=True, timedProgress=30, silentFail=False, stopWhenStatements=None, swarmP=0.5, stopWhenBranches=None, noAlphaConvert=False, coverFile='coverage.out', readQuick=False, verboseActions=False, running=False, computeFeatureStats=False, compareFails=False, swarmProbs=None, output='failure.62245.test', genDepth=None, Pcrossover=0.2, quickAnalysis=False, noReassign=False, exploitCeiling=0.1, logging=None, LOCProbs=False, noCheck=False, maxTests=-1, keep=False, noExceptionMatch=False, Pmutate=0.0, depth=100, showActions=False, throughput=False, noCover=False, timeout=60, stutter=None, uncaught=False, markov=None, startExploit=0)
TEST #1 STEP #52 (0:00:30.125039) Sat Apr 29 18:59:44 2017 [ 5645 stmts 7502 branches ]
STOPPING TEST DUE TO TIMEOUT, TERMINATED AT LENGTH 85
STOPPING TESTING DUE TO TIMEOUT
4.29935859732 PERCENT COVERED
89.6524679661 TOTAL RUNTIME
1 EXECUTED
85 TOTAL TEST OPERATIONS
3.48783326149 TIME SPENT EXECUTING TEST OPERATIONS
1.58914518356 TIME SPENT EVALUATING GUARDS AND CHOOSING ACTIONS
55.0293371677 TIME SPENT CHECKING PROPERTIES
58.5171704292 TOTAL TIME SPENT RUNNING SUT
0.00244307518005 TIME SPENT RESTARTING
0.0 TIME SPENT REDUCING TEST CASES
0 FAILED
0 REPEATS OF FAILURES
0 ACTUAL DISTINCT FAILURES

9576 BRANCHES COVERED
7122 STATEMENTS COVERED
