Random testing using config=Config(swarmSwitch=None, verbose=False, reducePool=False, failedLogging=None, exploitBestHint=1, greedyStutter=False, exploit=None, seed=None, generalize=False, useHints=False, localize=False, total=False, speed='FAST', probs='locoldsample.probs', normalize=False, verboseExploit=False, highLowSwarm=None, replayable=False, essentials=False, noCoverageExploit=False, quickTests=False, relax=False, internal=False, uniqueValuesAnalysis=False, swarm=False, html=None, fastQuickAnalysis=False, progress=False, swarmLength=None, profile=False, LOCBaseline=0.2, full=True, multiple=True, timedProgress=30, silentFail=False, stopWhenStatements=None, swarmP=0.5, stopWhenBranches=None, noAlphaConvert=False, coverFile='coverage.out', readQuick=False, verboseActions=False, running=False, computeFeatureStats=False, compareFails=False, swarmProbs=None, output='failure.62501.test', genDepth=None, Pcrossover=0.2, quickAnalysis=False, noReassign=False, exploitCeiling=0.1, logging=None, LOCProbs=False, noCheck=False, maxTests=-1, keep=False, noExceptionMatch=False, Pmutate=0.0, depth=100, showActions=False, throughput=False, noCover=False, timeout=60, stutter=None, uncaught=False, markov=None, startExploit=0)
TEST #1 STEP #99 (0:00:30.476091) Sat Apr 29 19:56:14 2017 [ 6914 stmts 9181 branches ]
STOPPING TEST DUE TO TIMEOUT, TERMINATED AT LENGTH 34
STOPPING TESTING DUE TO TIMEOUT
4.73829730195 PERCENT COVERED
90.2680089474 TOTAL RUNTIME
2 EXECUTED
134 TOTAL TEST OPERATIONS
4.497392416 TIME SPENT EXECUTING TEST OPERATIONS
1.50706028938 TIME SPENT EVALUATING GUARDS AND CHOOSING ACTIONS
58.5792312622 TIME SPENT CHECKING PROPERTIES
63.0766236782 TOTAL TIME SPENT RUNNING SUT
0.00731706619263 TIME SPENT RESTARTING
0.0 TIME SPENT REDUCING TEST CASES
0 FAILED
0 REPEATS OF FAILURES
0 ACTUAL DISTINCT FAILURES

10564 BRANCHES COVERED
7870 STATEMENTS COVERED
