Random testing using config=Config(swarmSwitch=None, verbose=False, reducePool=False, failedLogging=None, exploitBestHint=1, greedyStutter=False, exploit=None, seed=None, generalize=False, useHints=False, localize=False, total=False, speed='FAST', probs='locoldsample.probs', normalize=False, verboseExploit=False, highLowSwarm=None, replayable=False, essentials=False, noCoverageExploit=False, quickTests=False, relax=False, internal=False, uniqueValuesAnalysis=False, swarm=False, html=None, fastQuickAnalysis=False, progress=False, swarmLength=None, profile=False, LOCBaseline=0.2, full=True, multiple=True, timedProgress=30, silentFail=False, stopWhenStatements=None, swarmP=0.5, stopWhenBranches=None, noAlphaConvert=False, coverFile='coverage.out', readQuick=False, verboseActions=False, running=False, computeFeatureStats=False, compareFails=False, swarmProbs=None, output='failure.61105.test', genDepth=None, Pcrossover=0.2, quickAnalysis=False, noReassign=False, exploitCeiling=0.1, logging=None, LOCProbs=False, noCheck=False, maxTests=-1, keep=False, noExceptionMatch=False, Pmutate=0.0, depth=100, showActions=False, throughput=False, noCover=False, timeout=60, stutter=None, uncaught=False, markov=None, startExploit=0)
TEST #1 STEP #29 (0:00:31.226707) Sat Apr 29 17:38:32 2017 [ 6286 stmts 8444 branches ]
STOPPING TEST DUE TO TIMEOUT, TERMINATED AT LENGTH 38
STOPPING TESTING DUE TO TIMEOUT
3.94204568644 PERCENT COVERED
93.5576341152 TOTAL RUNTIME
1 EXECUTED
38 TOTAL TEST OPERATIONS
1.57936954498 TIME SPENT EXECUTING TEST OPERATIONS
0.391507387161 TIME SPENT EVALUATING GUARDS AND CHOOSING ACTIONS
60.4876680374 TIME SPENT CHECKING PROPERTIES
62.0670375824 TOTAL TIME SPENT RUNNING SUT
0.0025429725647 TIME SPENT RESTARTING
0.0 TIME SPENT REDUCING TEST CASES
0 FAILED
0 REPEATS OF FAILURES
0 ACTUAL DISTINCT FAILURES

8798 BRANCHES COVERED
6540 STATEMENTS COVERED
