Random testing using config=Config(swarmSwitch=None, verbose=False, reducePool=False, failedLogging=None, exploitBestHint=1, greedyStutter=False, exploit=None, seed=None, generalize=False, useHints=False, localize=False, total=False, speed='FAST', probs='locoldsample.probs', normalize=False, verboseExploit=False, highLowSwarm=None, replayable=False, essentials=False, noCoverageExploit=False, quickTests=False, relax=False, internal=False, uniqueValuesAnalysis=False, swarm=False, html=None, fastQuickAnalysis=False, progress=False, swarmLength=None, profile=False, LOCBaseline=0.2, full=True, multiple=True, timedProgress=30, silentFail=False, stopWhenStatements=None, swarmP=0.5, stopWhenBranches=None, noAlphaConvert=False, coverFile='coverage.out', readQuick=False, verboseActions=False, running=False, computeFeatureStats=False, compareFails=False, swarmProbs=None, output='failure.62093.test', genDepth=None, Pcrossover=0.2, quickAnalysis=False, noReassign=False, exploitCeiling=0.1, logging=None, LOCProbs=False, noCheck=False, maxTests=-1, keep=False, noExceptionMatch=False, Pmutate=0.0, depth=100, showActions=False, throughput=False, noCover=False, timeout=60, stutter=None, uncaught=False, markov=None, startExploit=0)
TEST #1 STEP #65 (0:00:30.475257) Sat Apr 29 18:31:38 2017 [ 6256 stmts 8389 branches ]
STOPPING TEST DUE TO TIMEOUT, TERMINATED AT LENGTH 86
STOPPING TESTING DUE TO TIMEOUT
4.36858047143 PERCENT COVERED
92.3235960007 TOTAL RUNTIME
1 EXECUTED
86 TOTAL TEST OPERATIONS
3.58752894402 TIME SPENT EXECUTING TEST OPERATIONS
1.40584540367 TIME SPENT EVALUATING GUARDS AND CHOOSING ACTIONS
55.4124274254 TIME SPENT CHECKING PROPERTIES
58.9999563694 TOTAL TIME SPENT RUNNING SUT
0.00283694267273 TIME SPENT RESTARTING
0.0 TIME SPENT REDUCING TEST CASES
0 FAILED
0 REPEATS OF FAILURES
0 ACTUAL DISTINCT FAILURES

9747 BRANCHES COVERED
7237 STATEMENTS COVERED
