Random testing using config=Config(swarmSwitch=None, verbose=False, reducePool=False, failedLogging=None, exploitBestHint=1, greedyStutter=False, exploit=None, seed=None, generalize=False, useHints=False, localize=False, total=False, speed='FAST', probs='locsample.probs', normalize=False, verboseExploit=False, highLowSwarm=None, replayable=False, essentials=False, noCoverageExploit=False, quickTests=False, relax=False, internal=False, uniqueValuesAnalysis=False, swarm=False, html=None, fastQuickAnalysis=False, progress=False, swarmLength=None, profile=False, LOCBaseline=0.2, full=True, multiple=True, timedProgress=30, silentFail=False, stopWhenStatements=None, swarmP=0.5, stopWhenBranches=None, noAlphaConvert=False, coverFile='coverage.out', readQuick=False, verboseActions=False, running=False, computeFeatureStats=False, compareFails=False, swarmProbs=None, output='failure.1845.test', genDepth=None, Pcrossover=0.2, quickAnalysis=False, noReassign=False, exploitCeiling=0.1, logging=None, LOCProbs=False, noCheck=False, maxTests=-1, keep=False, noExceptionMatch=False, Pmutate=0.0, depth=100, showActions=False, throughput=False, noCover=False, timeout=60, stutter=None, uncaught=False, markov=None, startExploit=0)
TEST #1 STEP #35 (0:00:30.003488) Fri Apr 28 10:39:08 2017 [ 5779 stmts 7678 branches ]
STOPPING TEST DUE TO TIMEOUT, TERMINATED AT LENGTH 82
STOPPING TESTING DUE TO TIMEOUT
4.26734848212 PERCENT COVERED
95.9450609684 TOTAL RUNTIME
1 EXECUTED
82 TOTAL TEST OPERATIONS
4.8038649559 TIME SPENT EXECUTING TEST OPERATIONS
1.88920211792 TIME SPENT EVALUATING GUARDS AND CHOOSING ACTIONS
54.3121380806 TIME SPENT CHECKING PROPERTIES
59.1160030365 TOTAL TIME SPENT RUNNING SUT
0.0028350353241 TIME SPENT RESTARTING
0.0 TIME SPENT REDUCING TEST CASES
0 FAILED
0 REPEATS OF FAILURES
0 ACTUAL DISTINCT FAILURES

9530 BRANCHES COVERED
7094 STATEMENTS COVERED
