Random testing using config=Config(swarmSwitch=None, verbose=False, reducePool=False, failedLogging=None, exploitBestHint=1, greedyStutter=False, exploit=None, seed=None, generalize=False, useHints=False, localize=False, total=False, speed='FAST', probs='locsample.probs', normalize=False, verboseExploit=False, highLowSwarm=None, replayable=False, essentials=False, noCoverageExploit=False, quickTests=False, relax=False, internal=False, uniqueValuesAnalysis=False, swarm=False, html=None, fastQuickAnalysis=False, progress=False, swarmLength=None, profile=False, LOCBaseline=0.2, full=True, multiple=True, timedProgress=30, silentFail=False, stopWhenStatements=None, swarmP=0.5, stopWhenBranches=None, noAlphaConvert=False, coverFile='coverage.out', readQuick=False, verboseActions=False, running=False, computeFeatureStats=False, compareFails=False, swarmProbs=None, output='failure.2113.test', genDepth=None, Pcrossover=0.2, quickAnalysis=False, noReassign=False, exploitCeiling=0.1, logging=None, LOCProbs=False, noCheck=False, maxTests=-1, keep=False, noExceptionMatch=False, Pmutate=0.0, depth=100, showActions=False, throughput=False, noCover=False, timeout=60, stutter=None, uncaught=False, markov=None, startExploit=0)
TEST #1 STEP #49 (0:00:30.633286) Fri Apr 28 11:26:45 2017 [ 5571 stmts 7416 branches ]
STOPPING TEST DUE TO TIMEOUT, TERMINATED AT LENGTH 59
STOPPING TESTING DUE TO TIMEOUT
3.35826121054 PERCENT COVERED
93.5112650394 TOTAL RUNTIME
1 EXECUTED
59 TOTAL TEST OPERATIONS
2.89236521721 TIME SPENT EXECUTING TEST OPERATIONS
0.744647026062 TIME SPENT EVALUATING GUARDS AND CHOOSING ACTIONS
57.628715992 TIME SPENT CHECKING PROPERTIES
60.5210812092 TOTAL TIME SPENT RUNNING SUT
0.00332808494568 TIME SPENT RESTARTING
0.0 TIME SPENT REDUCING TEST CASES
0 FAILED
0 REPEATS OF FAILURES
0 ACTUAL DISTINCT FAILURES

7507 BRANCHES COVERED
5639 STATEMENTS COVERED
