Random testing using config=Config(swarmSwitch=None, verbose=False, reducePool=False, failedLogging=None, exploitBestHint=1, greedyStutter=False, exploit=0.8, seed=None, generalize=False, useHints=False, localize=False, total=False, speed='FAST', probs='locsample.probs', normalize=False, verboseExploit=False, highLowSwarm=None, replayable=False, essentials=False, noCoverageExploit=False, quickTests=False, relax=False, internal=False, uniqueValuesAnalysis=False, swarm=False, noReassign=False, html=None, fastQuickAnalysis=False, progress=False, swarmLength=None, profile=False, LOCBaseline=0.2, full=True, multiple=True, timedProgress=30, silentFail=False, stopWhenStatements=None, swarmP=0.5, stopWhenBranches=None, noAlphaConvert=False, coverFile='coverage.out', readQuick=False, verboseActions=False, running=False, computeFeatureStats=False, compareFails=False, swarmProbs=None, output='failure.73456.test', genDepth=None, Pcrossover=0.2, quickAnalysis=False, keepLast=False, exploitCeiling=0.1, logging=None, LOCProbs=False, noCheck=False, maxTests=-1, noExceptionMatch=False, Pmutate=0.8, depth=100, showActions=False, throughput=False, noCover=False, timeout=60, stutter=None, uncaught=False, markov=None, startExploit=0)
TEST #2 STEP #0 (0:00:30.368658) Wed May  3 02:44:17 2017 [ 6329 stmts 8474 branches ]
STOPPING TEST DUE TO TIMEOUT, TERMINATED AT LENGTH 30
STOPPING TESTING DUE TO TIMEOUT
4.15491295249 PERCENT COVERED
87.8322210312 TOTAL RUNTIME
2 EXECUTED
130 TOTAL TEST OPERATIONS
4.10954713821 TIME SPENT EXECUTING TEST OPERATIONS
1.37938952446 TIME SPENT EVALUATING GUARDS AND CHOOSING ACTIONS
56.4343280792 TIME SPENT CHECKING PROPERTIES
60.5438752174 TOTAL TIME SPENT RUNNING SUT
0.00646114349365 TIME SPENT RESTARTING
0.0 TIME SPENT REDUCING TEST CASES
0 FAILED
0 REPEATS OF FAILURES
0 ACTUAL DISTINCT FAILURES

9275 BRANCHES COVERED
6895 STATEMENTS COVERED
