Random testing using config=Config(swarmSwitch=None, verbose=False, reducePool=False, failedLogging=None, exploitBestHint=1, greedyStutter=False, exploit=0.8, seed=None, generalize=False, useHints=False, localize=False, total=False, speed='FAST', probs='locsample.probs', normalize=False, verboseExploit=False, highLowSwarm=None, replayable=False, essentials=False, noCoverageExploit=False, quickTests=False, relax=False, internal=False, uniqueValuesAnalysis=False, swarm=False, noReassign=False, html=None, fastQuickAnalysis=False, progress=False, swarmLength=None, profile=False, LOCBaseline=0.2, full=True, multiple=True, timedProgress=30, silentFail=False, stopWhenStatements=None, swarmP=0.5, stopWhenBranches=None, noAlphaConvert=False, coverFile='coverage.out', readQuick=False, verboseActions=False, running=False, computeFeatureStats=False, compareFails=False, swarmProbs=None, output='failure.73419.test', genDepth=None, Pcrossover=0.2, quickAnalysis=False, keepLast=False, exploitCeiling=0.1, logging=None, LOCProbs=False, noCheck=False, maxTests=-1, noExceptionMatch=False, Pmutate=0.8, depth=100, showActions=False, throughput=False, noCover=False, timeout=60, stutter=None, uncaught=False, markov=None, startExploit=0)
TEST #1 STEP #41 (0:00:30.198374) Wed May  3 02:32:05 2017 [ 6063 stmts 8070 branches ]
STOPPING TEST DUE TO TIMEOUT, TERMINATED AT LENGTH 66
STOPPING TESTING DUE TO TIMEOUT
3.83201091545 PERCENT COVERED
85.9773681164 TOTAL RUNTIME
1 EXECUTED
66 TOTAL TEST OPERATIONS
2.29582214355 TIME SPENT EXECUTING TEST OPERATIONS
0.426301717758 TIME SPENT EVALUATING GUARDS AND CHOOSING ACTIONS
57.6764080524 TIME SPENT CHECKING PROPERTIES
59.972230196 TOTAL TIME SPENT RUNNING SUT
0.00205492973328 TIME SPENT RESTARTING
0.0 TIME SPENT REDUCING TEST CASES
0 FAILED
0 REPEATS OF FAILURES
0 ACTUAL DISTINCT FAILURES

8536 BRANCHES COVERED
6399 STATEMENTS COVERED
