Random testing using config=Config(swarmSwitch=None, verbose=False, reducePool=False, failedLogging=None, exploitBestHint=1, greedyStutter=False, exploit=0.8, seed=None, generalize=False, useHints=False, localize=False, total=False, speed='FAST', probs='locsample.probs', normalize=False, verboseExploit=False, highLowSwarm=None, replayable=False, essentials=False, noCoverageExploit=False, quickTests=False, relax=False, internal=False, uniqueValuesAnalysis=False, swarm=False, noReassign=False, html=None, fastQuickAnalysis=False, progress=False, swarmLength=None, profile=False, LOCBaseline=0.2, full=True, multiple=True, timedProgress=30, silentFail=False, stopWhenStatements=None, swarmP=0.5, stopWhenBranches=None, noAlphaConvert=False, coverFile='coverage.out', readQuick=False, verboseActions=False, running=False, computeFeatureStats=False, compareFails=False, swarmProbs=None, output='failure.73061.test', genDepth=None, Pcrossover=0.2, quickAnalysis=False, keepLast=False, exploitCeiling=0.1, logging=None, LOCProbs=False, noCheck=False, maxTests=-1, noExceptionMatch=False, Pmutate=0.8, depth=100, showActions=False, throughput=False, noCover=False, timeout=60, stutter=None, uncaught=False, markov=None, startExploit=0)
TEST #2 STEP #31 (0:00:30.045086) Wed May  3 01:54:53 2017 [ 6051 stmts 8122 branches ]
STOPPING TEST DUE TO TIMEOUT, TERMINATED AT LENGTH 7
STOPPING TESTING DUE TO TIMEOUT
3.86162027201 PERCENT COVERED
85.812762022 TOTAL RUNTIME
3 EXECUTED
207 TOTAL TEST OPERATIONS
6.51772761345 TIME SPENT EXECUTING TEST OPERATIONS
2.66144537926 TIME SPENT EVALUATING GUARDS AND CHOOSING ACTIONS
51.0917494297 TIME SPENT CHECKING PROPERTIES
57.6094770432 TOTAL TIME SPENT RUNNING SUT
0.0109548568726 TIME SPENT RESTARTING
0.0 TIME SPENT REDUCING TEST CASES
0 FAILED
0 REPEATS OF FAILURES
0 ACTUAL DISTINCT FAILURES

8605 BRANCHES COVERED
6405 STATEMENTS COVERED
