Random testing using config=Config(swarmSwitch=None, verbose=False, reducePool=False, failedLogging=None, exploitBestHint=1, greedyStutter=False, exploit=0.8, seed=None, generalize=False, useHints=False, localize=False, total=False, speed='FAST', probs='locsample.probs', normalize=False, verboseExploit=False, highLowSwarm=None, replayable=False, essentials=False, noCoverageExploit=False, quickTests=False, relax=False, internal=False, uniqueValuesAnalysis=False, swarm=False, noReassign=False, html=None, fastQuickAnalysis=False, progress=False, swarmLength=None, profile=False, LOCBaseline=0.2, full=True, multiple=True, timedProgress=30, silentFail=False, stopWhenStatements=None, swarmP=0.5, stopWhenBranches=None, noAlphaConvert=False, coverFile='coverage.out', readQuick=False, verboseActions=False, running=False, computeFeatureStats=False, compareFails=False, swarmProbs=None, output='failure.73590.test', genDepth=None, Pcrossover=0.2, quickAnalysis=False, keepLast=False, exploitCeiling=0.1, logging=None, LOCProbs=False, noCheck=False, maxTests=-1, noExceptionMatch=False, Pmutate=0.8, depth=100, showActions=False, throughput=False, noCover=False, timeout=60, stutter=None, uncaught=False, markov=None, startExploit=0)
TEST #1 STEP #56 (0:00:30.467399) Wed May  3 03:21:42 2017 [ 6197 stmts 8291 branches ]
STOPPING TEST DUE TO TIMEOUT, TERMINATED AT LENGTH 21
STOPPING TESTING DUE TO TIMEOUT
4.06408425062 PERCENT COVERED
85.4367120266 TOTAL RUNTIME
2 EXECUTED
121 TOTAL TEST OPERATIONS
3.91713762283 TIME SPENT EXECUTING TEST OPERATIONS
0.988656997681 TIME SPENT EVALUATING GUARDS AND CHOOSING ACTIONS
55.3356430531 TIME SPENT CHECKING PROPERTIES
59.2527806759 TOTAL TIME SPENT RUNNING SUT
0.00665593147278 TIME SPENT RESTARTING
0.0 TIME SPENT REDUCING TEST CASES
0 FAILED
0 REPEATS OF FAILURES
0 ACTUAL DISTINCT FAILURES

9076 BRANCHES COVERED
6784 STATEMENTS COVERED
