Random testing using config=Config(swarmSwitch=None, verbose=False, reducePool=False, failedLogging=None, exploitBestHint=1, greedyStutter=False, exploit=0.8, seed=None, generalize=False, useHints=False, localize=False, total=False, speed='FAST', probs='locsample.probs', normalize=False, verboseExploit=False, highLowSwarm=None, replayable=False, essentials=False, noCoverageExploit=False, quickTests=False, relax=False, internal=False, uniqueValuesAnalysis=False, swarm=False, noReassign=False, html=None, fastQuickAnalysis=False, progress=False, swarmLength=None, profile=False, LOCBaseline=0.2, full=True, multiple=True, timedProgress=30, silentFail=False, stopWhenStatements=None, swarmP=0.5, stopWhenBranches=None, noAlphaConvert=False, coverFile='coverage.out', readQuick=False, verboseActions=False, running=False, computeFeatureStats=False, compareFails=False, swarmProbs=None, output='failure.73536.test', genDepth=None, Pcrossover=0.2, quickAnalysis=False, keepLast=False, exploitCeiling=0.1, logging=None, LOCProbs=False, noCheck=False, maxTests=-1, noExceptionMatch=False, Pmutate=0.8, depth=100, showActions=False, throughput=False, noCover=False, timeout=60, stutter=None, uncaught=False, markov=None, startExploit=0)
TEST #1 STEP #96 (0:00:30.325267) Wed May  3 03:05:48 2017 [ 6005 stmts 7966 branches ]
STOPPING TEST DUE TO TIMEOUT, TERMINATED AT LENGTH 43
STOPPING TESTING DUE TO TIMEOUT
4.26774860856 PERCENT COVERED
85.843132019 TOTAL RUNTIME
2 EXECUTED
143 TOTAL TEST OPERATIONS
4.82161545753 TIME SPENT EXECUTING TEST OPERATIONS
1.20818185806 TIME SPENT EVALUATING GUARDS AND CHOOSING ACTIONS
54.3307783604 TIME SPENT CHECKING PROPERTIES
59.1523938179 TOTAL TIME SPENT RUNNING SUT
0.00667786598206 TIME SPENT RESTARTING
0.0 TIME SPENT REDUCING TEST CASES
0 FAILED
0 REPEATS OF FAILURES
0 ACTUAL DISTINCT FAILURES

9571 BRANCHES COVERED
7155 STATEMENTS COVERED
