Random testing using config=Config(swarmSwitch=None, verbose=False, reducePool=False, failedLogging=None, exploitBestHint=1, greedyStutter=False, exploit=0.8, seed=None, generalize=False, useHints=False, localize=False, total=False, speed='FAST', probs='locsample.probs', normalize=False, verboseExploit=False, highLowSwarm=None, replayable=False, essentials=False, noCoverageExploit=False, quickTests=False, relax=False, internal=False, uniqueValuesAnalysis=False, swarm=False, noReassign=False, html=None, fastQuickAnalysis=False, progress=False, swarmLength=None, profile=False, LOCBaseline=0.2, full=True, multiple=True, timedProgress=30, silentFail=False, stopWhenStatements=None, swarmP=0.5, stopWhenBranches=None, noAlphaConvert=False, coverFile='coverage.out', readQuick=False, verboseActions=False, running=False, computeFeatureStats=False, compareFails=False, swarmProbs=None, output='failure.73530.test', genDepth=None, Pcrossover=0.2, quickAnalysis=False, keepLast=False, exploitCeiling=0.1, logging=None, LOCProbs=False, noCheck=False, maxTests=-1, noExceptionMatch=False, Pmutate=0.8, depth=100, showActions=False, throughput=False, noCover=False, timeout=60, stutter=None, uncaught=False, markov=None, startExploit=0)
TEST #1 STEP #76 (0:00:30.556285) Wed May  3 03:04:21 2017 [ 6000 stmts 8002 branches ]
STOPPING TEST DUE TO TIMEOUT, TERMINATED AT LENGTH 17
STOPPING TESTING DUE TO TIMEOUT
4.68147934747 PERCENT COVERED
85.7479851246 TOTAL RUNTIME
2 EXECUTED
117 TOTAL TEST OPERATIONS
3.81761169434 TIME SPENT EXECUTING TEST OPERATIONS
1.37216496468 TIME SPENT EVALUATING GUARDS AND CHOOSING ACTIONS
55.0698385239 TIME SPENT CHECKING PROPERTIES
58.8874502182 TOTAL TIME SPENT RUNNING SUT
0.00860190391541 TIME SPENT RESTARTING
0.0 TIME SPENT REDUCING TEST CASES
0 FAILED
0 REPEATS OF FAILURES
0 ACTUAL DISTINCT FAILURES

10527 BRANCHES COVERED
7883 STATEMENTS COVERED
