Random testing using config=Config(swarmSwitch=None, verbose=False, reducePool=False, failedLogging=None, exploitBestHint=1, greedyStutter=False, exploit=None, seed=None, generalize=False, useHints=False, localize=False, total=False, speed='FAST', probs='locsample.probs', normalize=False, verboseExploit=False, highLowSwarm=None, replayable=False, essentials=False, noCoverageExploit=False, quickTests=False, relax=False, internal=False, uniqueValuesAnalysis=False, swarm=True, html=None, fastQuickAnalysis=False, progress=False, swarmLength=None, profile=False, LOCBaseline=0.2, full=True, multiple=True, timedProgress=30, silentFail=False, stopWhenStatements=None, swarmP=0.5, stopWhenBranches=None, noAlphaConvert=False, coverFile='coverage.out', readQuick=False, verboseActions=False, running=False, computeFeatureStats=False, compareFails=False, swarmProbs=None, output='failure.33839.test', genDepth=None, Pcrossover=0.2, quickAnalysis=False, noReassign=False, exploitCeiling=0.1, logging=None, LOCProbs=False, noCheck=False, maxTests=-1, keep=False, noExceptionMatch=False, Pmutate=0.0, depth=100, showActions=False, throughput=False, noCover=False, timeout=60, stutter=None, uncaught=False, markov=None, startExploit=0)
WARNING: DEADLOCK (NO ENABLED ACTIONS)
TERMINATING TEST DUE TO NO ENABLED ACTIONS
TEST #2 STEP #27 (0:00:34.658762) Sun Apr 30 17:11:47 2017 [ 6863 stmts 9158 branches ]
STOPPING TEST DUE TO TIMEOUT, TERMINATED AT LENGTH 30
STOPPING TESTING DUE TO TIMEOUT
4.58424862256 PERCENT COVERED
102.30654788 TOTAL RUNTIME
2 EXECUTED
52 TOTAL TEST OPERATIONS
2.51057076454 TIME SPENT EXECUTING TEST OPERATIONS
0.641069889069 TIME SPENT EVALUATING GUARDS AND CHOOSING ACTIONS
73.5240619183 TIME SPENT CHECKING PROPERTIES
76.0346326828 TOTAL TIME SPENT RUNNING SUT
0.0071702003479 TIME SPENT RESTARTING
0.0 TIME SPENT REDUCING TEST CASES
0 FAILED
0 REPEATS OF FAILURES
0 ACTUAL DISTINCT FAILURES

10184 BRANCHES COVERED
7592 STATEMENTS COVERED
