Random testing using config=Config(swarmSwitch=None, verbose=False, reducePool=False, failedLogging=None, exploitBestHint=1, greedyStutter=False, exploit=None, seed=None, generalize=False, useHints=False, localize=False, total=False, speed='FAST', probs='locsample.probs', normalize=False, verboseExploit=False, highLowSwarm=None, replayable=False, essentials=False, noCoverageExploit=False, quickTests=False, relax=False, internal=False, uniqueValuesAnalysis=False, swarm=True, html=None, fastQuickAnalysis=False, progress=False, swarmLength=None, profile=False, LOCBaseline=0.2, full=True, multiple=True, timedProgress=30, silentFail=False, stopWhenStatements=None, swarmP=0.5, stopWhenBranches=None, noAlphaConvert=False, coverFile='coverage.out', readQuick=False, verboseActions=False, running=False, computeFeatureStats=False, compareFails=False, swarmProbs=None, output='failure.32596.test', genDepth=None, Pcrossover=0.2, quickAnalysis=False, noReassign=False, exploitCeiling=0.1, logging=None, LOCProbs=False, noCheck=False, maxTests=-1, keep=False, noExceptionMatch=False, Pmutate=0.0, depth=100, showActions=False, throughput=False, noCover=False, timeout=60, stutter=None, uncaught=False, markov=None, startExploit=0)
WARNING: DEADLOCK (NO ENABLED ACTIONS)
TERMINATING TEST DUE TO NO ENABLED ACTIONS
WARNING: DEADLOCK (NO ENABLED ACTIONS)
TERMINATING TEST DUE TO NO ENABLED ACTIONS
TEST #3 STEP #89 (0:00:30.916634) Sun Apr 30 17:02:19 2017 [ 4940 stmts 6557 branches ]
STOPPING TEST DUE TO TIMEOUT, TERMINATED AT LENGTH 30
STOPPING TESTING DUE TO TIMEOUT
3.82760952461 PERCENT COVERED
95.1759269238 TOTAL RUNTIME
4 EXECUTED
188 TOTAL TEST OPERATIONS
6.7645573616 TIME SPENT EXECUTING TEST OPERATIONS
2.98791646957 TIME SPENT EVALUATING GUARDS AND CHOOSING ACTIONS
51.2100539207 TIME SPENT CHECKING PROPERTIES
57.9746112823 TOTAL TIME SPENT RUNNING SUT
0.0178365707397 TIME SPENT RESTARTING
0.0 TIME SPENT REDUCING TEST CASES
0 FAILED
0 REPEATS OF FAILURES
0 ACTUAL DISTINCT FAILURES

8552 BRANCHES COVERED
6396 STATEMENTS COVERED
