Random testing using config=Config(swarmSwitch=None, verbose=False, reducePool=False, failedLogging=None, exploitBestHint=1, greedyStutter=False, exploit=None, seed=None, generalize=False, useHints=False, localize=False, total=False, speed='FAST', probs='locsample.probs', normalize=False, verboseExploit=False, highLowSwarm=None, replayable=False, essentials=False, noCoverageExploit=False, quickTests=False, relax=False, internal=False, uniqueValuesAnalysis=False, swarm=True, html=None, fastQuickAnalysis=False, progress=False, swarmLength=None, profile=False, LOCBaseline=0.2, full=True, multiple=True, timedProgress=30, silentFail=False, stopWhenStatements=None, swarmP=0.5, stopWhenBranches=None, noAlphaConvert=False, coverFile='coverage.out', readQuick=False, verboseActions=False, running=False, computeFeatureStats=False, compareFails=False, swarmProbs=None, output='failure.27931.test', genDepth=None, Pcrossover=0.2, quickAnalysis=False, noReassign=False, exploitCeiling=0.1, logging=None, LOCProbs=False, noCheck=False, maxTests=-1, keep=False, noExceptionMatch=False, Pmutate=0.0, depth=100, showActions=False, throughput=False, noCover=False, timeout=60, stutter=None, uncaught=False, markov=None, startExploit=0)
WARNING: DEADLOCK (NO ENABLED ACTIONS)
TERMINATING TEST DUE TO NO ENABLED ACTIONS
TEST #2 STEP #82 (0:00:30.298095) Sun Apr 30 16:31:12 2017 [ 6021 stmts 8036 branches ]
STOPPING TEST DUE TO TIMEOUT, TERMINATED AT LENGTH 28
STOPPING TESTING DUE TO TIMEOUT
4.15891421689 PERCENT COVERED
94.5753319263 TOTAL RUNTIME
3 EXECUTED
143 TOTAL TEST OPERATIONS
4.72489714622 TIME SPENT EXECUTING TEST OPERATIONS
1.51535749435 TIME SPENT EVALUATING GUARDS AND CHOOSING ACTIONS
55.3735749722 TIME SPENT CHECKING PROPERTIES
60.0984721184 TOTAL TIME SPENT RUNNING SUT
0.0138163566589 TIME SPENT RESTARTING
0.0 TIME SPENT REDUCING TEST CASES
0 FAILED
0 REPEATS OF FAILURES
0 ACTUAL DISTINCT FAILURES

9235 BRANCHES COVERED
6910 STATEMENTS COVERED
