Random testing using config=Config(swarmSwitch=None, verbose=False, reducePool=False, failedLogging=None, exploitBestHint=1, greedyStutter=False, exploit=None, seed=None, generalize=False, useHints=False, localize=False, total=False, speed='FAST', probs='locsample.probs', normalize=False, verboseExploit=False, highLowSwarm=None, replayable=False, essentials=False, noCoverageExploit=False, quickTests=False, relax=False, internal=False, uniqueValuesAnalysis=False, swarm=True, html=None, fastQuickAnalysis=False, progress=False, swarmLength=None, profile=False, LOCBaseline=0.2, full=True, multiple=True, timedProgress=30, silentFail=False, stopWhenStatements=None, swarmP=0.5, stopWhenBranches=None, noAlphaConvert=False, coverFile='coverage.out', readQuick=False, verboseActions=False, running=False, computeFeatureStats=False, compareFails=False, swarmProbs=None, output='failure.18463.test', genDepth=None, Pcrossover=0.2, quickAnalysis=False, noReassign=False, exploitCeiling=0.1, logging=None, LOCProbs=False, noCheck=False, maxTests=-1, keep=False, noExceptionMatch=False, Pmutate=0.0, depth=100, showActions=False, throughput=False, noCover=False, timeout=60, stutter=None, uncaught=False, markov=None, startExploit=0)
WARNING: DEADLOCK (NO ENABLED ACTIONS)
TERMINATING TEST DUE TO NO ENABLED ACTIONS
TEST #2 STEP #25 (0:00:30.356930) Sun Apr 30 15:33:05 2017 [ 6004 stmts 7966 branches ]
STOPPING TEST DUE TO TIMEOUT, TERMINATED AT LENGTH 64
STOPPING TESTING DUE TO TIMEOUT
3.97525618095 PERCENT COVERED
94.2371749878 TOTAL RUNTIME
2 EXECUTED
103 TOTAL TEST OPERATIONS
4.47469234467 TIME SPENT EXECUTING TEST OPERATIONS
1.75500154495 TIME SPENT EVALUATING GUARDS AND CHOOSING ACTIONS
54.4762408733 TIME SPENT CHECKING PROPERTIES
58.950933218 TOTAL TIME SPENT RUNNING SUT
0.00776696205139 TIME SPENT RESTARTING
0.0 TIME SPENT REDUCING TEST CASES
0 FAILED
0 REPEATS OF FAILURES
0 ACTUAL DISTINCT FAILURES

8891 BRANCHES COVERED
6641 STATEMENTS COVERED
