Random testing using config=Config(swarmSwitch=None, verbose=False, reducePool=False, failedLogging=None, exploitBestHint=1, greedyStutter=False, exploit=None, seed=None, generalize=False, useHints=False, localize=False, total=False, speed='FAST', probs='locsample.probs', normalize=False, verboseExploit=False, highLowSwarm=None, replayable=False, essentials=False, noCoverageExploit=False, quickTests=False, relax=False, internal=False, uniqueValuesAnalysis=False, swarm=True, html=None, fastQuickAnalysis=False, progress=False, swarmLength=None, profile=False, LOCBaseline=0.2, full=True, multiple=True, timedProgress=30, silentFail=False, stopWhenStatements=None, swarmP=0.5, stopWhenBranches=None, noAlphaConvert=False, coverFile='coverage.out', readQuick=False, verboseActions=False, running=False, computeFeatureStats=False, compareFails=False, swarmProbs=None, output='failure.38117.test', genDepth=None, Pcrossover=0.2, quickAnalysis=False, noReassign=False, exploitCeiling=0.1, logging=None, LOCProbs=False, noCheck=False, maxTests=-1, keep=False, noExceptionMatch=False, Pmutate=0.0, depth=100, showActions=False, throughput=False, noCover=False, timeout=60, stutter=None, uncaught=False, markov=None, startExploit=0)
WARNING: DEADLOCK (NO ENABLED ACTIONS)
TERMINATING TEST DUE TO NO ENABLED ACTIONS
TEST #2 STEP #12 (0:00:31.193154) Sun Apr 30 17:47:52 2017 [ 5114 stmts 6827 branches ]
STOPPING TEST DUE TO TIMEOUT, TERMINATED AT LENGTH 25
STOPPING TESTING DUE TO TIMEOUT
3.31624793435 PERCENT COVERED
93.2151689529 TOTAL RUNTIME
2 EXECUTED
69 TOTAL TEST OPERATIONS
2.6670820713 TIME SPENT EXECUTING TEST OPERATIONS
2.47097849846 TIME SPENT EVALUATING GUARDS AND CHOOSING ACTIONS
58.7348952293 TIME SPENT CHECKING PROPERTIES
61.4019773006 TOTAL TIME SPENT RUNNING SUT
0.00756502151489 TIME SPENT RESTARTING
0.0 TIME SPENT REDUCING TEST CASES
0 FAILED
0 REPEATS OF FAILURES
0 ACTUAL DISTINCT FAILURES

7366 BRANCHES COVERED
5490 STATEMENTS COVERED
