Random testing using config=Config(swarmSwitch=None, verbose=False, reducePool=False, failedLogging=None, exploitBestHint=1, greedyStutter=False, exploit=None, seed=None, generalize=False, useHints=False, localize=False, total=False, speed='FAST', probs='locsample.probs', normalize=False, verboseExploit=False, highLowSwarm=None, replayable=False, essentials=False, noCoverageExploit=False, quickTests=False, relax=False, internal=False, uniqueValuesAnalysis=False, swarm=True, html=None, fastQuickAnalysis=False, progress=False, swarmLength=None, profile=False, LOCBaseline=0.2, full=True, multiple=True, timedProgress=30, silentFail=False, stopWhenStatements=None, swarmP=0.5, stopWhenBranches=None, noAlphaConvert=False, coverFile='coverage.out', readQuick=False, verboseActions=False, running=False, computeFeatureStats=False, compareFails=False, swarmProbs=None, output='failure.38098.test', genDepth=None, Pcrossover=0.2, quickAnalysis=False, noReassign=False, exploitCeiling=0.1, logging=None, LOCProbs=False, noCheck=False, maxTests=-1, keep=False, noExceptionMatch=False, Pmutate=0.0, depth=100, showActions=False, throughput=False, noCover=False, timeout=60, stutter=None, uncaught=False, markov=None, startExploit=0)
TEST #1 STEP #13 (0:00:30.787861) Sun Apr 30 17:43:16 2017 [ 5854 stmts 7853 branches ]
STOPPING TEST DUE TO TIMEOUT, TERMINATED AT LENGTH 45
STOPPING TESTING DUE TO TIMEOUT
3.75598689186 PERCENT COVERED
91.3969321251 TOTAL RUNTIME
1 EXECUTED
45 TOTAL TEST OPERATIONS
2.0326924324 TIME SPENT EXECUTING TEST OPERATIONS
0.190978050232 TIME SPENT EVALUATING GUARDS AND CHOOSING ACTIONS
58.2160689831 TIME SPENT CHECKING PROPERTIES
60.2487614155 TOTAL TIME SPENT RUNNING SUT
0.00275897979736 TIME SPENT RESTARTING
0.0 TIME SPENT REDUCING TEST CASES
0 FAILED
0 REPEATS OF FAILURES
0 ACTUAL DISTINCT FAILURES

8339 BRANCHES COVERED
6201 STATEMENTS COVERED
