Random testing using config=Config(swarmSwitch=None, verbose=False, reducePool=False, failedLogging=None, exploitBestHint=1, greedyStutter=False, exploit=None, seed=None, generalize=False, useHints=False, localize=False, total=False, speed='FAST', probs=None, normalize=False, verboseExploit=False, highLowSwarm=None, replayable=False, essentials=False, noCoverageExploit=False, quickTests=False, relax=False, internal=False, uniqueValuesAnalysis=False, swarm=False, html=None, fastQuickAnalysis=False, progress=False, swarmLength=None, profile=False, LOCBaseline=0.2, full=True, multiple=True, timedProgress=30, silentFail=False, stopWhenStatements=None, swarmP=0.5, stopWhenBranches=None, noAlphaConvert=False, coverFile='coverage.out', readQuick=False, verboseActions=False, running=False, computeFeatureStats=False, compareFails=False, swarmProbs=None, output='failure.98848.test', genDepth=None, Pcrossover=0.2, quickAnalysis=False, noReassign=False, exploitCeiling=0.1, logging=None, LOCProbs=False, noCheck=False, maxTests=-1, keep=False, noExceptionMatch=False, Pmutate=0.0, depth=100, showActions=False, throughput=False, noCover=False, timeout=60, stutter=None, uncaught=False, markov=None, startExploit=0)
TEST #1 STEP #53 (0:00:30.456393) Fri Apr 28 03:12:26 2017 [ 4530 stmts 6002 branches ]
STOPPING TEST DUE TO TIMEOUT, TERMINATED AT LENGTH 79
STOPPING TESTING DUE TO TIMEOUT
2.97053869023 PERCENT COVERED
90.696377039 TOTAL RUNTIME
1 EXECUTED
79 TOTAL TEST OPERATIONS
2.97282409668 TIME SPENT EXECUTING TEST OPERATIONS
0.147706985474 TIME SPENT EVALUATING GUARDS AND CHOOSING ACTIONS
57.4859585762 TIME SPENT CHECKING PROPERTIES
60.4587826729 TOTAL TIME SPENT RUNNING SUT
0.00254106521606 TIME SPENT RESTARTING
0.0 TIME SPENT REDUCING TEST CASES
0 FAILED
0 REPEATS OF FAILURES
0 ACTUAL DISTINCT FAILURES

6613 BRANCHES COVERED
4956 STATEMENTS COVERED
