Random testing using config=Config(swarmSwitch=None, verbose=False, reducePool=False, failedLogging=None, exploitBestHint=1, greedyStutter=False, exploit=None, seed=None, generalize=False, useHints=False, localize=False, total=False, speed='FAST', probs=None, normalize=False, verboseExploit=False, highLowSwarm=None, replayable=False, essentials=False, noCoverageExploit=False, quickTests=False, relax=False, internal=False, uniqueValuesAnalysis=False, swarm=False, html=None, fastQuickAnalysis=False, progress=False, swarmLength=None, profile=False, LOCBaseline=0.2, full=True, multiple=True, timedProgress=30, silentFail=False, stopWhenStatements=None, swarmP=0.5, stopWhenBranches=None, noAlphaConvert=False, coverFile='coverage.out', readQuick=False, verboseActions=False, running=False, computeFeatureStats=False, compareFails=False, swarmProbs=None, output='failure.1212.test', genDepth=None, Pcrossover=0.2, quickAnalysis=False, noReassign=False, exploitCeiling=0.1, logging=None, LOCProbs=False, noCheck=False, maxTests=-1, keep=False, noExceptionMatch=False, Pmutate=0.0, depth=100, showActions=False, throughput=False, noCover=False, timeout=60, stutter=None, uncaught=False, markov=None, startExploit=0)
TEST #1 STEP #35 (0:00:30.034741) Fri Apr 28 08:23:05 2017 [ 5092 stmts 6817 branches ]
STOPPING TEST DUE TO TIMEOUT, TERMINATED AT LENGTH 59
STOPPING TESTING DUE TO TIMEOUT
3.09697864525 PERCENT COVERED
85.7937440872 TOTAL RUNTIME
1 EXECUTED
59 TOTAL TEST OPERATIONS
1.79331588745 TIME SPENT EXECUTING TEST OPERATIONS
0.043386220932 TIME SPENT EVALUATING GUARDS AND CHOOSING ACTIONS
58.318297863 TIME SPENT CHECKING PROPERTIES
60.1116137505 TOTAL TIME SPENT RUNNING SUT
0.00224900245667 TIME SPENT RESTARTING
0.0 TIME SPENT REDUCING TEST CASES
0 FAILED
0 REPEATS OF FAILURES
0 ACTUAL DISTINCT FAILURES

6907 BRANCHES COVERED
5162 STATEMENTS COVERED
