Random testing using config=Config(swarmSwitch=None, verbose=False, reducePool=False, failedLogging=None, exploitBestHint=1, greedyStutter=False, exploit=None, seed=None, generalize=False, useHints=False, localize=False, total=False, speed='FAST', probs=None, normalize=False, verboseExploit=False, highLowSwarm=None, replayable=False, essentials=False, noCoverageExploit=False, quickTests=False, relax=False, internal=False, uniqueValuesAnalysis=False, swarm=False, html=None, fastQuickAnalysis=False, progress=False, swarmLength=None, profile=False, LOCBaseline=0.2, full=True, multiple=True, timedProgress=30, silentFail=False, stopWhenStatements=None, swarmP=0.5, stopWhenBranches=None, noAlphaConvert=False, coverFile='coverage.out', readQuick=False, verboseActions=False, running=False, computeFeatureStats=False, compareFails=False, swarmProbs=None, output='failure.721.test', genDepth=None, Pcrossover=0.2, quickAnalysis=False, noReassign=False, exploitCeiling=0.1, logging=None, LOCProbs=False, noCheck=False, maxTests=-1, keep=False, noExceptionMatch=False, Pmutate=0.0, depth=100, showActions=False, throughput=False, noCover=False, timeout=60, stutter=None, uncaught=False, markov=None, startExploit=0)
TEST #1 STEP #69 (0:00:30.787690) Fri Apr 28 07:06:20 2017 [ 3949 stmts 5230 branches ]
STOPPING TEST DUE TO TIMEOUT, TERMINATED AT LENGTH 86
STOPPING TESTING DUE TO TIMEOUT
2.41156205361 PERCENT COVERED
89.7897770405 TOTAL RUNTIME
1 EXECUTED
86 TOTAL TEST OPERATIONS
3.04034972191 TIME SPENT EXECUTING TEST OPERATIONS
0.180181264877 TIME SPENT EVALUATING GUARDS AND CHOOSING ACTIONS
57.0670392513 TIME SPENT CHECKING PROPERTIES
60.1073889732 TOTAL TIME SPENT RUNNING SUT
0.00241994857788 TIME SPENT RESTARTING
0.0 TIME SPENT REDUCING TEST CASES
0 FAILED
0 REPEATS OF FAILURES
0 ACTUAL DISTINCT FAILURES

5329 BRANCHES COVERED
4021 STATEMENTS COVERED
