Random testing using config=Config(swarmSwitch=None, verbose=False, reducePool=False, failedLogging=None, exploitBestHint=1, greedyStutter=False, exploit=None, seed=None, generalize=False, useHints=False, localize=False, total=False, speed='FAST', probs=None, normalize=False, verboseExploit=False, highLowSwarm=None, replayable=False, essentials=False, noCoverageExploit=False, quickTests=False, relax=False, internal=False, uniqueValuesAnalysis=False, swarm=False, html=None, fastQuickAnalysis=False, progress=False, swarmLength=None, profile=False, LOCBaseline=0.2, full=True, multiple=True, timedProgress=30, silentFail=False, stopWhenStatements=None, swarmP=0.5, stopWhenBranches=None, noAlphaConvert=False, coverFile='coverage.out', readQuick=False, verboseActions=False, running=False, computeFeatureStats=False, compareFails=False, swarmProbs=None, output='failure.1797.test', genDepth=None, Pcrossover=0.2, quickAnalysis=False, noReassign=False, exploitCeiling=0.1, logging=None, LOCProbs=False, noCheck=False, maxTests=-1, keep=False, noExceptionMatch=False, Pmutate=0.0, depth=100, showActions=False, throughput=False, noCover=False, timeout=60, stutter=None, uncaught=False, markov=None, startExploit=0)
TEST #1 STEP #51 (0:00:30.761708) Fri Apr 28 10:31:06 2017 [ 3897 stmts 5177 branches ]
STOPPING TEST DUE TO TIMEOUT, TERMINATED AT LENGTH 90
STOPPING TESTING DUE TO TIMEOUT
2.56521060655 PERCENT COVERED
92.0460760593 TOTAL RUNTIME
1 EXECUTED
90 TOTAL TEST OPERATIONS
3.8389248848 TIME SPENT EXECUTING TEST OPERATIONS
0.280158758163 TIME SPENT EVALUATING GUARDS AND CHOOSING ACTIONS
56.2739679813 TIME SPENT CHECKING PROPERTIES
60.1128928661 TOTAL TIME SPENT RUNNING SUT
0.00299692153931 TIME SPENT RESTARTING
0.0 TIME SPENT REDUCING TEST CASES
0 FAILED
0 REPEATS OF FAILURES
0 ACTUAL DISTINCT FAILURES

5659 BRANCHES COVERED
4245 STATEMENTS COVERED
