Random testing using config=Config(swarmSwitch=None, verbose=False, reducePool=False, failedLogging=None, exploitBestHint=1, greedyStutter=False, exploit=None, seed=None, generalize=False, useHints=False, localize=False, total=False, speed='FAST', probs=None, normalize=False, verboseExploit=False, highLowSwarm=None, replayable=False, essentials=False, noCoverageExploit=False, quickTests=False, relax=False, internal=False, uniqueValuesAnalysis=False, swarm=True, html=None, fastQuickAnalysis=False, progress=False, swarmLength=None, profile=False, LOCBaseline=0.2, full=True, multiple=True, timedProgress=30, silentFail=False, stopWhenStatements=None, swarmP=0.5, stopWhenBranches=None, noAlphaConvert=False, coverFile='coverage.out', readQuick=False, verboseActions=False, running=False, computeFeatureStats=False, compareFails=False, swarmProbs=None, output='failure.99860.test', genDepth=None, Pcrossover=0.2, quickAnalysis=False, noReassign=False, exploitCeiling=0.1, logging=None, LOCProbs=False, noCheck=False, maxTests=-1, keep=False, noExceptionMatch=False, Pmutate=0.0, depth=100, showActions=False, throughput=False, noCover=False, timeout=60, stutter=None, uncaught=False, markov=None, startExploit=0)
WARNING: DEADLOCK (NO ENABLED ACTIONS)
TERMINATING TEST DUE TO NO ENABLED ACTIONS
TEST #2 STEP #34 (0:00:30.142539) Fri Apr 28 05:09:00 2017 [ 6088 stmts 8177 branches ]
STOPPING TEST DUE TO TIMEOUT, TERMINATED AT LENGTH 58
STOPPING TESTING DUE TO TIMEOUT
3.68156337403 PERCENT COVERED
90.3262209892 TOTAL RUNTIME
2 EXECUTED
113 TOTAL TEST OPERATIONS
4.02687621117 TIME SPENT EXECUTING TEST OPERATIONS
0.114195108414 TIME SPENT EVALUATING GUARDS AND CHOOSING ACTIONS
56.9435100555 TIME SPENT CHECKING PROPERTIES
60.9703862667 TOTAL TIME SPENT RUNNING SUT
0.00673699378967 TIME SPENT RESTARTING
0.0 TIME SPENT REDUCING TEST CASES
0 FAILED
0 REPEATS OF FAILURES
0 ACTUAL DISTINCT FAILURES

8177 BRANCHES COVERED
6088 STATEMENTS COVERED
