Random testing using config=Config(swarmSwitch=None, verbose=False, reducePool=False, failedLogging=None, exploitBestHint=1, greedyStutter=False, exploit=None, seed=None, generalize=False, useHints=False, localize=False, total=False, speed='FAST', probs=None, normalize=False, verboseExploit=False, highLowSwarm=None, replayable=False, essentials=False, noCoverageExploit=False, quickTests=False, relax=False, internal=False, uniqueValuesAnalysis=False, swarm=True, html=None, fastQuickAnalysis=False, progress=False, swarmLength=None, profile=False, LOCBaseline=0.2, full=True, multiple=True, timedProgress=30, silentFail=False, stopWhenStatements=None, swarmP=0.5, stopWhenBranches=None, noAlphaConvert=False, coverFile='coverage.out', readQuick=False, verboseActions=False, running=False, computeFeatureStats=False, compareFails=False, swarmProbs=None, output='failure.730.test', genDepth=None, Pcrossover=0.2, quickAnalysis=False, noReassign=False, exploitCeiling=0.1, logging=None, LOCProbs=False, noCheck=False, maxTests=-1, keep=False, noExceptionMatch=False, Pmutate=0.0, depth=100, showActions=False, throughput=False, noCover=False, timeout=60, stutter=None, uncaught=False, markov=None, startExploit=0)
WARNING: DEADLOCK (NO ENABLED ACTIONS)
TERMINATING TEST DUE TO NO ENABLED ACTIONS
TEST #2 STEP #21 (0:00:30.188097) Fri Apr 28 07:07:50 2017 [ 5279 stmts 6969 branches ]
STOPPING TEST DUE TO TIMEOUT, TERMINATED AT LENGTH 57
STOPPING TESTING DUE TO TIMEOUT
3.30424414115 PERCENT COVERED
89.752063036 TOTAL RUNTIME
2 EXECUTED
101 TOTAL TEST OPERATIONS
3.78547501564 TIME SPENT EXECUTING TEST OPERATIONS
0.0769383907318 TIME SPENT EVALUATING GUARDS AND CHOOSING ACTIONS
56.4318728447 TIME SPENT CHECKING PROPERTIES
60.2173478603 TOTAL TIME SPENT RUNNING SUT
0.00733590126038 TIME SPENT RESTARTING
0.0 TIME SPENT REDUCING TEST CASES
0 FAILED
0 REPEATS OF FAILURES
0 ACTUAL DISTINCT FAILURES

7308 BRANCHES COVERED
5503 STATEMENTS COVERED
