/Library/Frameworks/Python.framework/Versions/2.7/lib/python2.7/site-packages/Bio/Seq.py:2071: BiopythonWarning: Partial codon, len(sequence) not a multiple of three. Explicitly trim the sequence or add trailing N before translation. This may become an error in future.
  BiopythonWarning)
/Library/Frameworks/Python.framework/Versions/2.7/lib/python2.7/site-packages/Bio/Seq.py:2071: BiopythonWarning: Partial codon, len(sequence) not a multiple of three. Explicitly trim the sequence or add trailing N before translation. This may become an error in future.
  BiopythonWarning)
/Library/Frameworks/Python.framework/Versions/2.7/lib/python2.7/site-packages/Bio/Seq.py:2071: BiopythonWarning: Partial codon, len(sequence) not a multiple of three. Explicitly trim the sequence or add trailing N before translation. This may become an error in future.
  BiopythonWarning)
/Library/Frameworks/Python.framework/Versions/2.7/lib/python2.7/site-packages/Bio/Seq.py:2071: BiopythonWarning: Partial codon, len(sequence) not a multiple of three. Explicitly trim the sequence or add trailing N before translation. This may become an error in future.
  BiopythonWarning)
/Library/Frameworks/Python.framework/Versions/2.7/lib/python2.7/site-packages/Bio/Seq.py:2071: BiopythonWarning: Partial codon, len(sequence) not a multiple of three. Explicitly trim the sequence or add trailing N before translation. This may become an error in future.
  BiopythonWarning)
Random testing using config=Config(swarmSwitch=None, verbose=False, reducePool=False, failedLogging=None, exploitBestHint=1, greedyStutter=False, internal=False, exploit=None, seed=None, generalize=False, useHints=False, localize=False, total=False, speed='FAST', probs='locsample.probs', normalize=False, verboseExploit=False, highLowSwarm=None, replayable=False, essentials=False, noCoverageExploit=False, quickTests=False, relax=False, enumerateEnabled=False, uniqueValuesAnalysis=False, swarm=True, noReassign=False, html=None, fastQuickAnalysis=False, progress=False, postCover=False, swarmLength=None, noSwarmDependencies=False, profile=False, LOCBaseline=0.2, noEnumerateEnabled=False, full=True, multiple=True, timedProgress=30, silentFail=True, stopWhenStatements=None, swarmP=0.5, stopWhenBranches=None, noAlphaConvert=False, coverFile='coverage.out', readQuick=False, verboseActions=False, running=False, computeFeatureStats=False, compareFails=False, swarmProbs=None, output='failure.39994.test', genDepth=None, Pcrossover=0.2, quickAnalysis=False, keepLast=False, exploitCeiling=0.1, logging=None, LOCProbs=False, noCheck=False, maxTests=-1, noExceptionMatch=False, Pmutate=0.0, depth=100, showActions=False, throughput=False, noCover=False, timeout=60, stutter=None, uncaught=False, markov=None, startExploit=0)
TEST #23 STEP #54 (0:00:30.011119) Tue Jul 25 17:32:56 2017 [ 242 stmts 321 branches ] 2254 TOTAL ACTIONS (75.1054964142/s)
/Library/Frameworks/Python.framework/Versions/2.7/lib/python2.7/site-packages/Bio/Seq.py:2071: BiopythonWarning: Partial codon, len(sequence) not a multiple of three. Explicitly trim the sequence or add trailing N before translation. This may become an error in future.
  BiopythonWarning)
/Library/Frameworks/Python.framework/Versions/2.7/lib/python2.7/site-packages/Bio/Seq.py:2071: BiopythonWarning: Partial codon, len(sequence) not a multiple of three. Explicitly trim the sequence or add trailing N before translation. This may become an error in future.
  BiopythonWarning)
STOPPING TEST DUE TO TIMEOUT, TERMINATED AT LENGTH 69
STOPPING TESTING DUE TO TIMEOUT
0.991889841881 PERCENT COVERED
67.3205959797 TOTAL RUNTIME
45 EXECUTED
4469 TOTAL TEST OPERATIONS
58.4386234283 TIME SPENT EXECUTING TEST OPERATIONS
1.35239267349 TIME SPENT EVALUATING GUARDS AND CHOOSING ACTIONS
0.00623822212219 TIME SPENT CHECKING PROPERTIES
58.4448616505 TOTAL TIME SPENT RUNNING SUT
0.117631435394 TIME SPENT RESTARTING
0.0 TIME SPENT REDUCING TEST CASES
0 FAILED
0 REPEATS OF FAILURES
0 ACTUAL DISTINCT FAILURES

321 BRANCHES COVERED
242 STATEMENTS COVERED
