Random testing using config=Config(swarmSwitch=None, verbose=False, reducePool=False, failedLogging=None, exploitBestHint=1, greedyStutter=False, exploit=0.8, seed=None, generalize=False, useHints=False, localize=False, total=False, speed='FAST', probs=None, normalize=False, verboseExploit=False, highLowSwarm=None, replayable=False, essentials=False, noCoverageExploit=False, quickTests=False, relax=False, internal=False, uniqueValuesAnalysis=False, swarm=False, html=None, fastQuickAnalysis=False, progress=False, swarmLength=None, profile=False, LOCBaseline=0.2, full=True, multiple=True, timedProgress=30, silentFail=False, stopWhenStatements=None, swarmP=0.5, stopWhenBranches=None, noAlphaConvert=False, coverFile='coverage.out', readQuick=False, verboseActions=False, running=False, computeFeatureStats=False, compareFails=False, swarmProbs=None, output='failure.59053.test', genDepth=None, Pcrossover=0.2, quickAnalysis=False, noReassign=False, exploitCeiling=0.1, logging=None, LOCProbs=False, noCheck=False, maxTests=-1, keep=False, noExceptionMatch=False, Pmutate=0.8, depth=100, showActions=False, throughput=False, noCover=False, timeout=60, stutter=None, uncaught=False, markov=None, startExploit=0)
TEST #16 STEP #7 (0:00:30.014237) Sat Apr 29 10:32:51 2017 [ 240 stmts 301 branches ]
STOPPING TEST DUE TO TIMEOUT, TERMINATED AT LENGTH 4
STOPPING TESTING DUE TO TIMEOUT
13.667953668 PERCENT COVERED
60.2668099403 TOTAL RUNTIME
31 EXECUTED
3004 TOTAL TEST OPERATIONS
2.00685048103 TIME SPENT EXECUTING TEST OPERATIONS
56.2686295509 TIME SPENT EVALUATING GUARDS AND CHOOSING ACTIONS
1.30849504471 TIME SPENT CHECKING PROPERTIES
3.31534552574 TOTAL TIME SPENT RUNNING SUT
0.0209515094757 TIME SPENT RESTARTING
0.0 TIME SPENT REDUCING TEST CASES
0 FAILED
0 REPEATS OF FAILURES
0 ACTUAL DISTINCT FAILURES

317 BRANCHES COVERED
249 STATEMENTS COVERED
