Random testing using config=Config(swarmSwitch=None, verbose=False, reducePool=False, failedLogging=None, exploitBestHint=1, greedyStutter=False, exploit=None, seed=None, generalize=False, useHints=False, localize=False, total=False, speed='FAST', probs='locoldsample.probs', normalize=False, verboseExploit=False, highLowSwarm=None, replayable=False, essentials=False, noCoverageExploit=False, quickTests=False, relax=False, internal=False, uniqueValuesAnalysis=False, swarm=False, html=None, fastQuickAnalysis=False, progress=False, swarmLength=None, profile=False, LOCBaseline=0.2, full=True, multiple=True, timedProgress=30, silentFail=False, stopWhenStatements=None, swarmP=0.5, stopWhenBranches=None, noAlphaConvert=False, coverFile='coverage.out', readQuick=False, verboseActions=False, running=False, computeFeatureStats=False, compareFails=False, swarmProbs=None, output='failure.61277.test', genDepth=None, Pcrossover=0.2, quickAnalysis=False, noReassign=False, exploitCeiling=0.1, logging=None, LOCProbs=False, noCheck=False, maxTests=-1, keep=False, noExceptionMatch=False, Pmutate=0.0, depth=100, showActions=False, throughput=False, noCover=False, timeout=60, stutter=None, uncaught=False, markov=None, startExploit=0)
TEST #9 STEP #2 (0:00:30.068636) Sat Apr 29 17:44:18 2017 [ 407 stmts 523 branches ]
STOPPING TEST DUE TO TIMEOUT, TERMINATED AT LENGTH 95
STOPPING TESTING DUE TO TIMEOUT
24.0154440154 PERCENT COVERED
60.2328109741 TOTAL RUNTIME
17 EXECUTED
1695 TOTAL TEST OPERATIONS
1.53655958176 TIME SPENT EXECUTING TEST OPERATIONS
56.908298254 TIME SPENT EVALUATING GUARDS AND CHOOSING ACTIONS
1.32250380516 TIME SPENT CHECKING PROPERTIES
2.85906338692 TOTAL TIME SPENT RUNNING SUT
0.0114023685455 TIME SPENT RESTARTING
0.0 TIME SPENT REDUCING TEST CASES
0 FAILED
0 REPEATS OF FAILURES
0 ACTUAL DISTINCT FAILURES

583 BRANCHES COVERED
450 STATEMENTS COVERED
