Random testing using config=Config(swarmSwitch=None, verbose=False, reducePool=False, failedLogging=None, exploitBestHint=1, greedyStutter=False, exploit=None, seed=None, generalize=False, useHints=False, localize=False, total=False, speed='FAST', probs='locoldsample.probs', normalize=False, verboseExploit=False, highLowSwarm=None, replayable=False, essentials=False, noCoverageExploit=False, quickTests=False, relax=False, internal=False, uniqueValuesAnalysis=False, swarm=False, html=None, fastQuickAnalysis=False, progress=False, swarmLength=None, profile=False, LOCBaseline=0.2, full=True, multiple=True, timedProgress=30, silentFail=False, stopWhenStatements=None, swarmP=0.5, stopWhenBranches=None, noAlphaConvert=False, coverFile='coverage.out', readQuick=False, verboseActions=False, running=False, computeFeatureStats=False, compareFails=False, swarmProbs=None, output='failure.62022.test', genDepth=None, Pcrossover=0.2, quickAnalysis=False, noReassign=False, exploitCeiling=0.1, logging=None, LOCProbs=False, noCheck=False, maxTests=-1, keep=False, noExceptionMatch=False, Pmutate=0.0, depth=100, showActions=False, throughput=False, noCover=False, timeout=60, stutter=None, uncaught=False, markov=None, startExploit=0)
TEST #9 STEP #31 (0:00:30.015643) Sat Apr 29 18:20:16 2017 [ 382 stmts 486 branches ]
STOPPING TEST DUE TO TIMEOUT, TERMINATED AT LENGTH 43
STOPPING TESTING DUE TO TIMEOUT
25.2123552124 PERCENT COVERED
60.2928180695 TOTAL RUNTIME
18 EXECUTED
1743 TOTAL TEST OPERATIONS
1.61246085167 TIME SPENT EXECUTING TEST OPERATIONS
56.8199486732 TIME SPENT EVALUATING GUARDS AND CHOOSING ACTIONS
1.36808252335 TIME SPENT CHECKING PROPERTIES
2.98054337502 TOTAL TIME SPENT RUNNING SUT
0.0118458271027 TIME SPENT RESTARTING
0.0 TIME SPENT REDUCING TEST CASES
0 FAILED
0 REPEATS OF FAILURES
0 ACTUAL DISTINCT FAILURES

610 BRANCHES COVERED
472 STATEMENTS COVERED
