Random testing using config=Config(swarmSwitch=None, verbose=False, reducePool=False, failedLogging=None, exploitBestHint=1, greedyStutter=False, exploit=None, seed=None, generalize=False, useHints=False, localize=False, total=False, speed='FAST', probs='locoldsample.probs', normalize=False, verboseExploit=False, highLowSwarm=None, replayable=False, essentials=False, noCoverageExploit=False, quickTests=False, relax=False, internal=False, uniqueValuesAnalysis=False, swarm=False, html=None, fastQuickAnalysis=False, progress=False, swarmLength=None, profile=False, LOCBaseline=0.2, full=True, multiple=True, timedProgress=30, silentFail=False, stopWhenStatements=None, swarmP=0.5, stopWhenBranches=None, noAlphaConvert=False, coverFile='coverage.out', readQuick=False, verboseActions=False, running=False, computeFeatureStats=False, compareFails=False, swarmProbs=None, output='failure.60743.test', genDepth=None, Pcrossover=0.2, quickAnalysis=False, noReassign=False, exploitCeiling=0.1, logging=None, LOCProbs=False, noCheck=False, maxTests=-1, keep=False, noExceptionMatch=False, Pmutate=0.0, depth=100, showActions=False, throughput=False, noCover=False, timeout=60, stutter=None, uncaught=False, markov=None, startExploit=0)
TEST #10 STEP #26 (0:00:30.018654) Sat Apr 29 17:15:37 2017 [ 380 stmts 492 branches ]
STOPPING TEST DUE TO TIMEOUT, TERMINATED AT LENGTH 88
STOPPING TESTING DUE TO TIMEOUT
26.0231660232 PERCENT COVERED
60.2175958157 TOTAL RUNTIME
19 EXECUTED
1888 TOTAL TEST OPERATIONS
1.60736870766 TIME SPENT EXECUTING TEST OPERATIONS
56.7401928902 TIME SPENT EVALUATING GUARDS AND CHOOSING ACTIONS
1.44227266312 TIME SPENT CHECKING PROPERTIES
3.04964137077 TOTAL TIME SPENT RUNNING SUT
0.01229596138 TIME SPENT RESTARTING
0.0 TIME SPENT REDUCING TEST CASES
0 FAILED
0 REPEATS OF FAILURES
0 ACTUAL DISTINCT FAILURES

631 BRANCHES COVERED
484 STATEMENTS COVERED
