Random testing using config=Config(swarmSwitch=None, verbose=False, reducePool=False, failedLogging=None, exploitBestHint=1, greedyStutter=False, exploit=None, seed=None, generalize=False, useHints=False, localize=False, total=False, speed='FAST', probs='locoldsample.probs', normalize=False, verboseExploit=False, highLowSwarm=None, replayable=False, essentials=False, noCoverageExploit=False, quickTests=False, relax=False, internal=False, uniqueValuesAnalysis=False, swarm=False, html=None, fastQuickAnalysis=False, progress=False, swarmLength=None, profile=False, LOCBaseline=0.2, full=True, multiple=True, timedProgress=30, silentFail=False, stopWhenStatements=None, swarmP=0.5, stopWhenBranches=None, noAlphaConvert=False, coverFile='coverage.out', readQuick=False, verboseActions=False, running=False, computeFeatureStats=False, compareFails=False, swarmProbs=None, output='failure.61757.test', genDepth=None, Pcrossover=0.2, quickAnalysis=False, noReassign=False, exploitCeiling=0.1, logging=None, LOCProbs=False, noCheck=False, maxTests=-1, keep=False, noExceptionMatch=False, Pmutate=0.0, depth=100, showActions=False, throughput=False, noCover=False, timeout=60, stutter=None, uncaught=False, markov=None, startExploit=0)
TEST #9 STEP #61 (0:00:30.010574) Sat Apr 29 18:03:50 2017 [ 324 stmts 428 branches ]
STOPPING TEST DUE TO TIMEOUT, TERMINATED AT LENGTH 33
STOPPING TESTING DUE TO TIMEOUT
24.3243243243 PERCENT COVERED
60.264029026 TOTAL RUNTIME
17 EXECUTED
1633 TOTAL TEST OPERATIONS
1.49897289276 TIME SPENT EXECUTING TEST OPERATIONS
56.8997752666 TIME SPENT EVALUATING GUARDS AND CHOOSING ACTIONS
1.37374186516 TIME SPENT CHECKING PROPERTIES
2.87271475792 TOTAL TIME SPENT RUNNING SUT
0.0112824440002 TIME SPENT RESTARTING
0.0 TIME SPENT REDUCING TEST CASES
0 FAILED
0 REPEATS OF FAILURES
0 ACTUAL DISTINCT FAILURES

597 BRANCHES COVERED
456 STATEMENTS COVERED
