Random testing using config=Config(swarmSwitch=None, verbose=False, reducePool=False, failedLogging=None, exploitBestHint=1, greedyStutter=False, exploit=None, seed=None, generalize=False, useHints=False, localize=False, total=False, speed='FAST', probs='locsample.probs', normalize=False, verboseExploit=False, highLowSwarm=None, replayable=False, essentials=False, noCoverageExploit=False, quickTests=False, relax=False, internal=False, uniqueValuesAnalysis=False, swarm=False, html=None, fastQuickAnalysis=False, progress=False, swarmLength=None, profile=False, LOCBaseline=0.2, full=True, multiple=True, timedProgress=30, silentFail=False, stopWhenStatements=None, swarmP=0.5, stopWhenBranches=None, noAlphaConvert=False, coverFile='coverage.out', readQuick=False, verboseActions=False, running=False, computeFeatureStats=False, compareFails=False, swarmProbs=None, output='failure.2322.test', genDepth=None, Pcrossover=0.2, quickAnalysis=False, noReassign=False, exploitCeiling=0.1, logging=None, LOCProbs=False, noCheck=False, maxTests=-1, keep=False, noExceptionMatch=False, Pmutate=0.0, depth=100, showActions=False, throughput=False, noCover=False, timeout=60, stutter=None, uncaught=False, markov=None, startExploit=0)
TEST #9 STEP #3 (0:00:30.013694) Fri Apr 28 12:10:34 2017 [ 488 stmts 629 branches ]
STOPPING TEST DUE TO TIMEOUT, TERMINATED AT LENGTH 45
STOPPING TESTING DUE TO TIMEOUT
28.6872586873 PERCENT COVERED
60.2788701057 TOTAL RUNTIME
18 EXECUTED
1745 TOTAL TEST OPERATIONS
1.74205470085 TIME SPENT EXECUTING TEST OPERATIONS
56.4006536007 TIME SPENT EVALUATING GUARDS AND CHOOSING ACTIONS
1.61988902092 TIME SPENT CHECKING PROPERTIES
3.36194372177 TOTAL TIME SPENT RUNNING SUT
0.0137639045715 TIME SPENT RESTARTING
0.0 TIME SPENT REDUCING TEST CASES
0 FAILED
0 REPEATS OF FAILURES
0 ACTUAL DISTINCT FAILURES

688 BRANCHES COVERED
529 STATEMENTS COVERED
