Random testing using config=Config(swarmSwitch=None, verbose=False, reducePool=False, failedLogging=None, exploitBestHint=1, greedyStutter=False, exploit=None, seed=None, generalize=False, useHints=False, localize=False, total=False, speed='FAST', probs=None, normalize=False, verboseExploit=False, highLowSwarm=None, replayable=False, essentials=False, noCoverageExploit=False, quickTests=False, relax=False, internal=False, uniqueValuesAnalysis=False, swarm=False, html=None, fastQuickAnalysis=False, progress=False, swarmLength=None, profile=False, LOCBaseline=0.2, full=True, multiple=True, timedProgress=30, silentFail=False, stopWhenStatements=None, swarmP=0.5, stopWhenBranches=None, noAlphaConvert=False, coverFile='coverage.out', readQuick=False, verboseActions=False, running=False, computeFeatureStats=False, compareFails=False, swarmProbs=None, output='failure.2037.test', genDepth=None, Pcrossover=0.2, quickAnalysis=False, noReassign=False, exploitCeiling=0.1, logging=None, LOCProbs=False, noCheck=False, maxTests=-1, keep=False, noExceptionMatch=False, Pmutate=0.0, depth=100, showActions=False, throughput=False, noCover=False, timeout=60, stutter=None, uncaught=False, markov=None, startExploit=0)
TEST #21 STEP #89 (0:00:30.013019) Fri Apr 28 11:13:00 2017 [ 292 stmts 376 branches ]
STOPPING TEST DUE TO TIMEOUT, TERMINATED AT LENGTH 59
STOPPING TESTING DUE TO TIMEOUT
20.694980695 PERCENT COVERED
60.2778658867 TOTAL RUNTIME
37 EXECUTED
3659 TOTAL TEST OPERATIONS
2.33595705032 TIME SPENT EXECUTING TEST OPERATIONS
55.5916433334 TIME SPENT EVALUATING GUARDS AND CHOOSING ACTIONS
1.75847744942 TIME SPENT CHECKING PROPERTIES
4.09443449974 TOTAL TIME SPENT RUNNING SUT
0.0219864845276 TIME SPENT RESTARTING
0.0 TIME SPENT REDUCING TEST CASES
0 FAILED
0 REPEATS OF FAILURES
0 ACTUAL DISTINCT FAILURES

499 BRANCHES COVERED
381 STATEMENTS COVERED
