Random testing using config=Config(swarmSwitch=None, verbose=False, reducePool=False, failedLogging=None, exploitBestHint=1, greedyStutter=False, exploit=None, seed=None, generalize=False, useHints=False, localize=False, total=False, speed='FAST', probs=None, normalize=False, verboseExploit=False, highLowSwarm=None, replayable=False, essentials=False, noCoverageExploit=False, quickTests=False, relax=False, internal=False, uniqueValuesAnalysis=False, swarm=False, html=None, fastQuickAnalysis=False, progress=False, swarmLength=None, profile=False, LOCBaseline=0.2, full=True, multiple=True, timedProgress=30, silentFail=False, stopWhenStatements=None, swarmP=0.5, stopWhenBranches=None, noAlphaConvert=False, coverFile='coverage.out', readQuick=False, verboseActions=False, running=False, computeFeatureStats=False, compareFails=False, swarmProbs=None, output='failure.2124.test', genDepth=None, Pcrossover=0.2, quickAnalysis=False, noReassign=False, exploitCeiling=0.1, logging=None, LOCProbs=False, noCheck=False, maxTests=-1, keep=False, noExceptionMatch=False, Pmutate=0.0, depth=100, showActions=False, throughput=False, noCover=False, timeout=60, stutter=None, uncaught=False, markov=None, startExploit=0)
TEST #23 STEP #96 (0:00:30.010621) Fri Apr 28 11:28:25 2017 [ 299 stmts 389 branches ]
STOPPING TEST DUE TO TIMEOUT, TERMINATED AT LENGTH 23
STOPPING TESTING DUE TO TIMEOUT
17.3359073359 PERCENT COVERED
60.2710490227 TOTAL RUNTIME
39 EXECUTED
3823 TOTAL TEST OPERATIONS
2.27402853966 TIME SPENT EXECUTING TEST OPERATIONS
55.7879395485 TIME SPENT EVALUATING GUARDS AND CHOOSING ACTIONS
1.62453103065 TIME SPENT CHECKING PROPERTIES
3.89855957031 TOTAL TIME SPENT RUNNING SUT
0.02139544487 TIME SPENT RESTARTING
0.0 TIME SPENT REDUCING TEST CASES
0 FAILED
0 REPEATS OF FAILURES
0 ACTUAL DISTINCT FAILURES

410 BRANCHES COVERED
314 STATEMENTS COVERED
