Random testing using config=Config(swarmSwitch=None, verbose=False, reducePool=False, failedLogging=None, exploitBestHint=1, greedyStutter=False, exploit=None, seed=None, generalize=False, useHints=False, localize=False, total=False, speed='FAST', probs=None, normalize=False, verboseExploit=False, highLowSwarm=None, replayable=False, essentials=False, noCoverageExploit=False, quickTests=False, relax=False, internal=False, uniqueValuesAnalysis=False, swarm=False, html=None, fastQuickAnalysis=False, progress=False, swarmLength=None, profile=False, LOCBaseline=0.2, full=True, multiple=True, timedProgress=30, silentFail=False, stopWhenStatements=None, swarmP=0.5, stopWhenBranches=None, noAlphaConvert=False, coverFile='coverage.out', readQuick=False, verboseActions=False, running=False, computeFeatureStats=False, compareFails=False, swarmProbs=None, output='failure.2312.test', genDepth=None, Pcrossover=0.2, quickAnalysis=False, noReassign=False, exploitCeiling=0.1, logging=None, LOCProbs=False, noCheck=False, maxTests=-1, keep=False, noExceptionMatch=False, Pmutate=0.0, depth=100, showActions=False, throughput=False, noCover=False, timeout=60, stutter=None, uncaught=False, markov=None, startExploit=0)
TEST #24 STEP #6 (0:00:30.043762) Fri Apr 28 12:08:31 2017 [ 288 stmts 371 branches ]
STOPPING TEST DUE TO TIMEOUT, TERMINATED AT LENGTH 69
STOPPING TESTING DUE TO TIMEOUT
18.1853281853 PERCENT COVERED
60.273567915 TOTAL RUNTIME
44 EXECUTED
4369 TOTAL TEST OPERATIONS
2.51997637749 TIME SPENT EXECUTING TEST OPERATIONS
55.3123164177 TIME SPENT EVALUATING GUARDS AND CHOOSING ACTIONS
1.85427975655 TIME SPENT CHECKING PROPERTIES
4.37425613403 TOTAL TIME SPENT RUNNING SUT
0.0236477851868 TIME SPENT RESTARTING
0.0 TIME SPENT REDUCING TEST CASES
0 FAILED
0 REPEATS OF FAILURES
0 ACTUAL DISTINCT FAILURES

435 BRANCHES COVERED
333 STATEMENTS COVERED
