Random testing using config=Config(swarmSwitch=None, verbose=False, reducePool=False, failedLogging=None, exploitBestHint=1, greedyStutter=False, exploit=None, seed=None, generalize=False, useHints=False, localize=False, total=False, speed='FAST', probs=None, normalize=False, verboseExploit=False, highLowSwarm=None, replayable=False, essentials=False, noCoverageExploit=False, quickTests=False, relax=False, internal=False, uniqueValuesAnalysis=False, swarm=False, html=None, fastQuickAnalysis=False, progress=False, swarmLength=None, profile=False, LOCBaseline=0.2, full=True, multiple=True, timedProgress=30, silentFail=False, stopWhenStatements=None, swarmP=0.5, stopWhenBranches=None, noAlphaConvert=False, coverFile='coverage.out', readQuick=False, verboseActions=False, running=False, computeFeatureStats=False, compareFails=False, swarmProbs=None, output='failure.2326.test', genDepth=None, Pcrossover=0.2, quickAnalysis=False, noReassign=False, exploitCeiling=0.1, logging=None, LOCProbs=False, noCheck=False, maxTests=-1, keep=False, noExceptionMatch=False, Pmutate=0.0, depth=100, showActions=False, throughput=False, noCover=False, timeout=60, stutter=None, uncaught=False, markov=None, startExploit=0)
TEST #24 STEP #2 (0:00:30.084388) Fri Apr 28 12:11:36 2017 [ 254 stmts 326 branches ]
STOPPING TEST DUE TO TIMEOUT, TERMINATED AT LENGTH 24
STOPPING TESTING DUE TO TIMEOUT
18.4942084942 PERCENT COVERED
60.2861199379 TOTAL RUNTIME
44 EXECUTED
4324 TOTAL TEST OPERATIONS
2.48683404922 TIME SPENT EXECUTING TEST OPERATIONS
55.3143086433 TIME SPENT EVALUATING GUARDS AND CHOOSING ACTIONS
1.88729071617 TIME SPENT CHECKING PROPERTIES
4.3741247654 TOTAL TIME SPENT RUNNING SUT
0.0239391326904 TIME SPENT RESTARTING
0.0 TIME SPENT REDUCING TEST CASES
0 FAILED
0 REPEATS OF FAILURES
0 ACTUAL DISTINCT FAILURES

443 BRANCHES COVERED
342 STATEMENTS COVERED
