Random testing using config=Config(swarmSwitch=None, verbose=False, reducePool=False, failedLogging=None, exploitBestHint=1, greedyStutter=False, exploit=None, seed=None, generalize=False, useHints=False, localize=False, total=False, speed='FAST', probs=None, normalize=False, verboseExploit=False, highLowSwarm=None, replayable=False, essentials=False, noCoverageExploit=False, quickTests=False, relax=False, internal=False, uniqueValuesAnalysis=False, swarm=True, html=None, fastQuickAnalysis=False, progress=False, swarmLength=None, profile=False, LOCBaseline=0.2, full=True, multiple=True, timedProgress=30, silentFail=False, stopWhenStatements=None, swarmP=0.5, stopWhenBranches=None, noAlphaConvert=False, coverFile='coverage.out', readQuick=False, verboseActions=False, running=False, computeFeatureStats=False, compareFails=False, swarmProbs=None, output='failure.14880.test', genDepth=None, Pcrossover=0.2, quickAnalysis=False, noReassign=False, exploitCeiling=0.1, logging=None, LOCProbs=False, noCheck=False, maxTests=-1, keep=False, noExceptionMatch=False, Pmutate=0.0, depth=100, showActions=False, throughput=False, noCover=False, timeout=60, stutter=None, uncaught=False, markov=None, startExploit=0)
TEST #44 STEP #12 (0:00:30.010797) Fri Apr 28 14:15:55 2017 [ 350 stmts 455 branches ]
STOPPING TEST DUE TO TIMEOUT, TERMINATED AT LENGTH 18
STOPPING TESTING DUE TO TIMEOUT
21.2355212355 PERCENT COVERED
60.2947940826 TOTAL RUNTIME
87 EXECUTED
8618 TOTAL TEST OPERATIONS
5.0826215744 TIME SPENT EXECUTING TEST OPERATIONS
47.084196806 TIME SPENT EVALUATING GUARDS AND CHOOSING ACTIONS
4.03340363503 TIME SPENT CHECKING PROPERTIES
9.11602520943 TOTAL TIME SPENT RUNNING SUT
0.057343006134 TIME SPENT RESTARTING
0.0 TIME SPENT REDUCING TEST CASES
0 FAILED
0 REPEATS OF FAILURES
0 ACTUAL DISTINCT FAILURES

523 BRANCHES COVERED
394 STATEMENTS COVERED
