Random testing using config=Config(swarmSwitch=None, verbose=False, reducePool=False, failedLogging=None, exploitBestHint=1, greedyStutter=False, exploit=None, seed=None, generalize=False, useHints=False, localize=False, total=False, speed='FAST', probs=None, normalize=False, verboseExploit=False, highLowSwarm=None, replayable=False, essentials=False, noCoverageExploit=False, quickTests=False, relax=False, internal=False, uniqueValuesAnalysis=False, swarm=True, html=None, fastQuickAnalysis=False, progress=False, swarmLength=None, profile=False, LOCBaseline=0.2, full=True, multiple=True, timedProgress=30, silentFail=False, stopWhenStatements=None, swarmP=0.5, stopWhenBranches=None, noAlphaConvert=False, coverFile='coverage.out', readQuick=False, verboseActions=False, running=False, computeFeatureStats=False, compareFails=False, swarmProbs=None, output='failure.2317.test', genDepth=None, Pcrossover=0.2, quickAnalysis=False, noReassign=False, exploitCeiling=0.1, logging=None, LOCProbs=False, noCheck=False, maxTests=-1, keep=False, noExceptionMatch=False, Pmutate=0.0, depth=100, showActions=False, throughput=False, noCover=False, timeout=60, stutter=None, uncaught=False, markov=None, startExploit=0)
TEST #35 STEP #23 (0:00:30.008030) Fri Apr 28 12:09:33 2017 [ 317 stmts 416 branches ]
STOPPING TEST DUE TO TIMEOUT, TERMINATED AT LENGTH 85
STOPPING TESTING DUE TO TIMEOUT
21.583011583 PERCENT COVERED
60.2190630436 TOTAL RUNTIME
65 EXECUTED
6485 TOTAL TEST OPERATIONS
4.27282738686 TIME SPENT EXECUTING TEST OPERATIONS
49.195775032 TIME SPENT EVALUATING GUARDS AND CHOOSING ACTIONS
3.27190160751 TIME SPENT CHECKING PROPERTIES
7.54472899437 TOTAL TIME SPENT RUNNING SUT
0.0463330745697 TIME SPENT RESTARTING
0.0 TIME SPENT REDUCING TEST CASES
0 FAILED
0 REPEATS OF FAILURES
0 ACTUAL DISTINCT FAILURES

514 BRANCHES COVERED
393 STATEMENTS COVERED
