2017-12-28 18:23:47.579666: I tensorflow/core/platform/cpu_feature_guard.cc:137] Your CPU supports instructions that this TensorFlow binary was not compiled to use: SSE4.2 AVX AVX2 FMA
Random testing using config=Config(noExceptionMatch=False, generalize=False, localize=False, speed='FAST', probs=None, LOCBaseline=0.2, noAlphaConvert=False, replayable=False, essentials=False, noCoverageExploit=False, quickTests=False, html=None, keepLast=False, stopWhenNoCoverage=None, generateLOC=None, computeFeatureStats=False, Pmutate=0.8, timeout=60, output='failure.53602.test', markov=None, noSwarmDependencies=False, startExploit=0.0, maxMustHitBranch=None, useHints=False, silentFail=False, highLowSwarm=None, maxMustHitStatement=None, progress=False, postCover=False, swarmLength=None, noCover=False, noEnumerateEnabled=False, full=True, swarmP=0.5, coverFile='coverage.out', markovP=1.0, swarmProbs=None, genDepth=None, exploitCeiling=0.1, logging=None, noCheck=False, throughput=False, uncaught=False, swarmSwitch=None, verbose=False, reducePool=False, exploit=0.8, fastQuickAnalysis=False, total=False, verboseExploit=False, swarm=False, sequenceP=1.0, biasLOC=None, timedProgress=30, relax=False, ddmin=False, stutter=None, readQuick=False, verboseActions=False, quickAnalysis=False, noReassign=False, sequenceSize=3, LOCProbs=False, sequencesFromTests=None, maxTests=-1, trackMaxCoverage=None, useQuickSequences=False, exploitBestHint=1, failedLogging=None, stopWhenStatements=None, greedyStutter=False, seed=None, stopWhenHitStatement=None, uniqueValuesAnalysis=False, normalize=False, startExploitStall=0, enumerateEnabled=False, internal=False, profile=False, multiple=True, stopWhenBranches=None, running=False, compareFails=False, Pcrossover=0.2, stopWhenHitBranch=None, depth=100, showActions=False)
** STARTING EXPLOITATION OF TESTS AT TIME 0.107897043228 AFTER 0 TESTS WITH NO NEW COVERAGE **
Tensor("truediv_4:0", dtype=float32)
Tensor("truediv_8:0", dtype=float32)
Tensor("Add_14:0", dtype=float32)
Tensor("Mul_16:0", dtype=float32)
Tensor("Add_18:0", dtype=float32)
Tensor("add_3:0", dtype=float32)
Tensor("mul_1:0", dtype=float32)
Tensor("Square_13:0", dtype=float32)
Tensor("Mul_51:0", dtype=float32)
Tensor("Mul_54:0", dtype=float32)
Tensor("Sub_43:0", dtype=float32)
Tensor("k:0", dtype=float32)
Tensor("Mul_64:0", dtype=float32)
Tensor("Mul_63:0", dtype=float32)
Tensor("truediv_73:0", dtype=float32)
Tensor("Add_71:0", dtype=float32)
Tensor("Mul_72:0", dtype=float32)
Tensor("Add_75:0", dtype=float32)
TEST #7 STEP #18 (0:00:30.042965) Thu Dec 28 18:24:08 2017 [ 2022 stmts 2597 branches ] (no cov+ for 2 tests) 618 TOTAL ACTIONS (20.5705396032/s)
Tensor("Add_77:0", dtype=float32)
Tensor("Sum_17:0", dtype=float32)
Tensor("truediv_95:0", dtype=float32)
Tensor("Sub_86:0", dtype=float32)
Tensor("truediv_104:0", dtype=float32)
Tensor("Mul_109:0", dtype=float32)
Tensor("truediv_115:0", dtype=float32)
Tensor("Add_119:0", dtype=float32)
Tensor("add_12:0", dtype=float32)
Tensor("Square_37:0", dtype=float32)
Tensor("Sub_121:0", dtype=float32)
Tensor("u_1:0", dtype=float32)
Tensor("Add_137:0", dtype=float32)
Tensor("Mul_162:0", dtype=float32)
STOPPING TEST DUE TO TIMEOUT, TERMINATED AT LENGTH 31
STOPPING TESTING DUE TO TIMEOUT
1.65367932617 PERCENT COVERED
77.4472501278 TOTAL RUNTIME
13 EXECUTED
1231 TOTAL TEST OPERATIONS
59.3848209381 TIME SPENT EXECUTING TEST OPERATIONS
0.34782409668 TIME SPENT EVALUATING GUARDS AND CHOOSING ACTIONS
0.00195670127869 TIME SPENT CHECKING PROPERTIES
59.3867776394 TOTAL TIME SPENT RUNNING SUT
0.143084287643 TIME SPENT RESTARTING
0.0 TIME SPENT REDUCING TEST CASES
0 FAILED
0 REPEATS OF FAILURES
0 ACTUAL DISTINCT FAILURES

2659 BRANCHES COVERED
2064 STATEMENTS COVERED
