2017-12-28 19:19:59.449219: I tensorflow/core/platform/cpu_feature_guard.cc:137] Your CPU supports instructions that this TensorFlow binary was not compiled to use: SSE4.2 AVX AVX2 FMA
Random testing using config=Config(noExceptionMatch=False, generalize=False, localize=False, speed='FAST', probs=None, LOCBaseline=0.2, noAlphaConvert=False, replayable=False, essentials=False, noCoverageExploit=False, quickTests=False, html=None, keepLast=False, stopWhenNoCoverage=None, generateLOC=None, computeFeatureStats=False, Pmutate=0.8, timeout=60, output='failure.55136.test', markov=None, noSwarmDependencies=False, startExploit=0.0, maxMustHitBranch=None, useHints=False, silentFail=False, highLowSwarm=None, maxMustHitStatement=None, progress=False, postCover=False, swarmLength=None, noCover=False, noEnumerateEnabled=False, full=True, swarmP=0.5, coverFile='coverage.out', markovP=1.0, swarmProbs=None, genDepth=None, exploitCeiling=0.1, logging=None, noCheck=False, throughput=False, uncaught=False, swarmSwitch=None, verbose=False, reducePool=False, exploit=0.8, fastQuickAnalysis=False, total=False, verboseExploit=False, swarm=False, sequenceP=1.0, biasLOC=None, timedProgress=30, relax=False, ddmin=False, stutter=None, readQuick=False, verboseActions=False, quickAnalysis=False, noReassign=False, sequenceSize=3, LOCProbs=False, sequencesFromTests=None, maxTests=-1, trackMaxCoverage=None, useQuickSequences=False, exploitBestHint=1, failedLogging=None, stopWhenStatements=None, greedyStutter=False, seed=None, stopWhenHitStatement=None, uniqueValuesAnalysis=False, normalize=False, startExploitStall=0, enumerateEnabled=False, internal=False, profile=False, multiple=True, stopWhenBranches=None, running=False, compareFails=False, Pcrossover=0.2, stopWhenHitBranch=None, depth=100, showActions=False)
** STARTING EXPLOITATION OF TESTS AT TIME 0.119916915894 AFTER 0 TESTS WITH NO NEW COVERAGE **
Tensor("truediv:0", dtype=float32)
Tensor("truediv_1:0", dtype=float32)
Tensor("Mul_2:0", dtype=float32)
Tensor("Add_20:0", dtype=float32)
Tensor("Mul_23:0", dtype=float32)
Tensor("sub_2:0", dtype=float32)
Tensor("t:0", dtype=float32)
Tensor("Add_28:0", dtype=float32)
Tensor("Sum_5:0", dtype=float32)
Tensor("Sub_34:0", dtype=float32)
Tensor("truediv_24:0", dtype=float32)
Tensor("Mul_32:0", dtype=float32)
Tensor("Sub_38:0", dtype=float32)
Tensor("Mul_40:0", dtype=float32)
Tensor("Sub_46:0", dtype=float32)
Tensor("Mul_59:0", dtype=float32)
Tensor("Sub_60:0", dtype=float32)
Tensor("Mul_72:0", dtype=float32)
Tensor("Add_61:0", dtype=float32)
Tensor("Sub_71:0", dtype=float32)
Tensor("w:0", dtype=float32)
TEST #7 STEP #35 (0:00:30.003870) Thu Dec 28 19:20:28 2017 [ 1265 stmts 1607 branches ] 635 TOTAL ACTIONS (21.1639365115/s)
Tensor("truediv_77:0", dtype=float32)
Tensor("Add_69:0", dtype=float32)
Tensor("Square_22:0", dtype=float32)
Tensor("Mul_93:0", dtype=float32)
Tensor("Add_95:0", dtype=float32)
Tensor("Add_96:0", dtype=float32)
Tensor("Mul_112:0", dtype=float32)
Tensor("p_1:0", dtype=float32)
Tensor("Mul_125:0", dtype=float32)
Tensor("Sub_137:0", dtype=float32)
Tensor("Mul_147:0", dtype=float32)
STOPPING TEST DUE TO TIMEOUT, TERMINATED AT LENGTH 56
STOPPING TESTING DUE TO TIMEOUT
1.70537650678 PERCENT COVERED
78.7721149921 TOTAL RUNTIME
13 EXECUTED
1256 TOTAL TEST OPERATIONS
59.4024727345 TIME SPENT EXECUTING TEST OPERATIONS
0.319362640381 TIME SPENT EVALUATING GUARDS AND CHOOSING ACTIONS
0.00186848640442 TIME SPENT CHECKING PROPERTIES
59.4043412209 TOTAL TIME SPENT RUNNING SUT
0.163347005844 TIME SPENT RESTARTING
0.0 TIME SPENT REDUCING TEST CASES
0 FAILED
0 REPEATS OF FAILURES
0 ACTUAL DISTINCT FAILURES

2758 BRANCHES COVERED
2138 STATEMENTS COVERED
