2017-12-28 19:12:04.408949: I tensorflow/core/platform/cpu_feature_guard.cc:137] Your CPU supports instructions that this TensorFlow binary was not compiled to use: SSE4.2 AVX AVX2 FMA
Random testing using config=Config(noExceptionMatch=False, generalize=False, localize=False, speed='FAST', probs=None, LOCBaseline=0.2, noAlphaConvert=False, replayable=False, essentials=False, noCoverageExploit=False, quickTests=False, html=None, keepLast=False, stopWhenNoCoverage=None, generateLOC=None, computeFeatureStats=False, Pmutate=0.8, timeout=60, output='failure.54916.test', markov=None, noSwarmDependencies=False, startExploit=0.0, maxMustHitBranch=None, useHints=False, silentFail=False, highLowSwarm=None, maxMustHitStatement=None, progress=False, postCover=False, swarmLength=None, noCover=False, noEnumerateEnabled=False, full=True, swarmP=0.5, coverFile='coverage.out', markovP=1.0, swarmProbs=None, genDepth=None, exploitCeiling=0.1, logging=None, noCheck=False, throughput=False, uncaught=False, swarmSwitch=None, verbose=False, reducePool=False, exploit=0.8, fastQuickAnalysis=False, total=False, verboseExploit=False, swarm=False, sequenceP=1.0, biasLOC=None, timedProgress=30, relax=False, ddmin=False, stutter=None, readQuick=False, verboseActions=False, quickAnalysis=False, noReassign=False, sequenceSize=3, LOCProbs=False, sequencesFromTests=None, maxTests=-1, trackMaxCoverage=None, useQuickSequences=False, exploitBestHint=1, failedLogging=None, stopWhenStatements=None, greedyStutter=False, seed=None, stopWhenHitStatement=None, uniqueValuesAnalysis=False, normalize=False, startExploitStall=0, enumerateEnabled=False, internal=False, profile=False, multiple=True, stopWhenBranches=None, running=False, compareFails=False, Pcrossover=0.2, stopWhenHitBranch=None, depth=100, showActions=False)
** STARTING EXPLOITATION OF TESTS AT TIME 0.117209911346 AFTER 0 TESTS WITH NO NEW COVERAGE **
Tensor("Sum:0", dtype=float32)
Tensor("Mul_4:0", dtype=float32)
Tensor("Const:0", shape=(), dtype=float32)
Tensor("Add_32:0", dtype=float32)
Tensor("Mul_40:0", dtype=float32)
Tensor("Add_41:0", dtype=float32)
Tensor("truediv_56:0", dtype=float32)
Tensor("Mul_56:0", dtype=float32)
Tensor("Sub_44:0", dtype=float32)
Tensor("Add_61:0", dtype=float32)
Tensor("Mul_67:0", dtype=float32)
Tensor("Add_64:0", dtype=float32)
Tensor("Sum_15:0", dtype=float32)
Tensor("Mul_74:0", dtype=float32)
Tensor("Mul_78:0", dtype=float32)
Tensor("Add_83:0", dtype=float32)
Tensor("r:0", dtype=float32)
Tensor("e_1:0", dtype=float32)
Tensor("Sum_18:0", dtype=float32)
TEST #7 STEP #33 (0:00:30.030397) Thu Dec 28 19:12:28 2017 [ 1269 stmts 1614 branches ] (no cov+ for 2 tests) 633 TOTAL ACTIONS (21.0786424602/s)
Tensor("Sub_87:0", dtype=float32)
Tensor("Sub_88:0", dtype=float32)
Tensor("Add_100:0", dtype=float32)
Tensor("Sub_111:0", dtype=float32)
Tensor("Sub_122:0", dtype=float32)
Tensor("Mul_134:0", dtype=float32)
Tensor("Add_118:0", dtype=float32)
Tensor("Mul_137:0", dtype=float32)
Tensor("Mul_138:0", dtype=float32)
Tensor("truediv_132:0", dtype=float32)
Tensor("Sub_141:0", dtype=float32)
Tensor("truediv_150:0", dtype=float32)
Tensor("Sum_36:0", dtype=float32)
Tensor("Square_31:0", dtype=float32)
Tensor("Sub_162:0", dtype=float32)
Tensor("truediv_178:0", dtype=float32)
STOPPING TEST DUE TO TIMEOUT, TERMINATED AT LENGTH 52
STOPPING TESTING DUE TO TIMEOUT
1.79363998588 PERCENT COVERED
77.9732439518 TOTAL RUNTIME
13 EXECUTED
1252 TOTAL TEST OPERATIONS
59.3559479713 TIME SPENT EXECUTING TEST OPERATIONS
0.335015773773 TIME SPENT EVALUATING GUARDS AND CHOOSING ACTIONS
0.00188732147217 TIME SPENT CHECKING PROPERTIES
59.3578352928 TOTAL TIME SPENT RUNNING SUT
0.159261226654 TIME SPENT RESTARTING
0.0 TIME SPENT REDUCING TEST CASES
0 FAILED
0 REPEATS OF FAILURES
0 ACTUAL DISTINCT FAILURES

2881 BRANCHES COVERED
2232 STATEMENTS COVERED
