2017-12-28 19:52:27.656706: I tensorflow/core/platform/cpu_feature_guard.cc:137] Your CPU supports instructions that this TensorFlow binary was not compiled to use: SSE4.2 AVX AVX2 FMA
Random testing using config=Config(noExceptionMatch=False, generalize=False, localize=False, speed='FAST', probs=None, LOCBaseline=0.2, noAlphaConvert=False, replayable=False, essentials=False, noCoverageExploit=False, quickTests=False, html=None, keepLast=False, stopWhenNoCoverage=None, generateLOC=None, computeFeatureStats=False, Pmutate=0.8, timeout=60, output='failure.56114.test', markov=None, noSwarmDependencies=False, startExploit=0.0, maxMustHitBranch=None, useHints=False, silentFail=False, highLowSwarm=None, maxMustHitStatement=None, progress=False, postCover=False, swarmLength=None, noCover=False, noEnumerateEnabled=False, full=True, swarmP=0.5, coverFile='coverage.out', markovP=1.0, swarmProbs=None, genDepth=None, exploitCeiling=0.1, logging=None, noCheck=False, throughput=False, uncaught=False, swarmSwitch=None, verbose=False, reducePool=False, exploit=0.8, fastQuickAnalysis=False, total=False, verboseExploit=False, swarm=False, sequenceP=1.0, biasLOC=None, timedProgress=30, relax=False, ddmin=False, stutter=None, readQuick=False, verboseActions=False, quickAnalysis=False, noReassign=False, sequenceSize=3, LOCProbs=False, sequencesFromTests=None, maxTests=-1, trackMaxCoverage=None, useQuickSequences=False, exploitBestHint=1, failedLogging=None, stopWhenStatements=None, greedyStutter=False, seed=None, stopWhenHitStatement=None, uniqueValuesAnalysis=False, normalize=False, startExploitStall=0, enumerateEnabled=False, internal=False, profile=False, multiple=True, stopWhenBranches=None, running=False, compareFails=False, Pcrossover=0.2, stopWhenHitBranch=None, depth=100, showActions=False)
** STARTING EXPLOITATION OF TESTS AT TIME 0.121546983719 AFTER 0 TESTS WITH NO NEW COVERAGE **
Tensor("truediv_12:0", dtype=float32)
Tensor("Sum_6:0", dtype=float32)
Tensor("Square_4:0", dtype=float32)
Tensor("Sub_22:0", dtype=float32)
Tensor("Sub_28:0", dtype=float32)
Tensor("truediv_35:0", dtype=float32)
Tensor("Mul_21:0", dtype=float32)
Tensor("l_1:0", dtype=float32)
Tensor("Square_8:0", dtype=float32)
Tensor("truediv_41:0", dtype=float32)
Tensor("truediv_43:0", dtype=float32)
Tensor("Sum_13:0", dtype=float32)
Tensor("Add_52:0", dtype=float32)
Tensor("Sum_17:0", dtype=float32)
Tensor("Sub_56:0", dtype=float32)
TEST #6 STEP #27 (0:00:30.026451) Thu Dec 28 19:52:56 2017 [ 2014 stmts 2591 branches ] 527 TOTAL ACTIONS (17.5511918554/s)
Tensor("Mul_62:0", dtype=float32)
Tensor("truediv_69:0", dtype=float32)
Tensor("Add_69:0", dtype=float32)
Tensor("Add_71:0", dtype=float32)
Tensor("Sub_68:0", dtype=float32)
Tensor("Sub_74:0", dtype=float32)
Tensor("Sub_78:0", dtype=float32)
Tensor("Sub_85:0", dtype=float32)
Tensor("Mul_91:0", dtype=float32)
Tensor("Square_18:0", dtype=float32)
Tensor("Sub_111:0", dtype=float32)
Tensor("Add_126:0", dtype=float32)
Tensor("Mul_126:0", dtype=float32)
Tensor("truediv_120:0", dtype=float32)
Tensor("truediv_125:0", dtype=float32)
Tensor("truediv_132:0", dtype=float32)
STOPPING TEST DUE TO TIMEOUT, TERMINATED AT LENGTH 75
STOPPING TESTING DUE TO TIMEOUT
1.7173551218 PERCENT COVERED
77.7594008446 TOTAL RUNTIME
11 EXECUTED
1075 TOTAL TEST OPERATIONS
59.4252216816 TIME SPENT EXECUTING TEST OPERATIONS
0.303077220917 TIME SPENT EVALUATING GUARDS AND CHOOSING ACTIONS
0.00171732902527 TIME SPENT CHECKING PROPERTIES
59.4269390106 TOTAL TIME SPENT RUNNING SUT
0.164568662643 TIME SPENT RESTARTING
0.0 TIME SPENT REDUCING TEST CASES
0 FAILED
0 REPEATS OF FAILURES
0 ACTUAL DISTINCT FAILURES

2779 BRANCHES COVERED
2153 STATEMENTS COVERED
