2017-12-28 16:30:14.590933: I tensorflow/core/platform/cpu_feature_guard.cc:137] Your CPU supports instructions that this TensorFlow binary was not compiled to use: SSE4.2 AVX AVX2 FMA
Random testing using config=Config(noExceptionMatch=False, generalize=False, localize=False, speed='FAST', probs=None, LOCBaseline=0.2, noAlphaConvert=False, replayable=False, essentials=False, noCoverageExploit=False, quickTests=False, html=None, keepLast=False, stopWhenNoCoverage=None, generateLOC=None, computeFeatureStats=False, Pmutate=0.8, timeout=60, output='failure.50158.test', markov=None, noSwarmDependencies=False, startExploit=0.0, maxMustHitBranch=None, useHints=False, silentFail=False, highLowSwarm=None, maxMustHitStatement=None, progress=False, postCover=False, swarmLength=None, noCover=False, noEnumerateEnabled=False, full=True, swarmP=0.5, coverFile='coverage.out', markovP=1.0, swarmProbs=None, genDepth=None, exploitCeiling=0.1, logging=None, noCheck=False, throughput=False, uncaught=False, swarmSwitch=None, verbose=False, reducePool=False, exploit=0.8, fastQuickAnalysis=False, total=False, verboseExploit=False, swarm=False, sequenceP=1.0, biasLOC=None, timedProgress=30, relax=False, ddmin=False, stutter=None, readQuick=False, verboseActions=False, quickAnalysis=False, noReassign=False, sequenceSize=3, LOCProbs=False, sequencesFromTests=None, maxTests=-1, trackMaxCoverage=None, useQuickSequences=False, exploitBestHint=1, failedLogging=None, stopWhenStatements=None, greedyStutter=False, seed=None, stopWhenHitStatement=None, uniqueValuesAnalysis=False, normalize=False, startExploitStall=0, enumerateEnabled=False, internal=False, profile=False, multiple=True, stopWhenBranches=None, running=False, compareFails=False, Pcrossover=0.2, stopWhenHitBranch=None, depth=100, showActions=False)
** STARTING EXPLOITATION OF TESTS AT TIME 0.115863084793 AFTER 0 TESTS WITH NO NEW COVERAGE **
Tensor("Add_8:0", dtype=float32)
Tensor("truediv_32:0", dtype=float32)
Tensor("Sub_39:0", dtype=float32)
Tensor("Add_31:0", dtype=float32)
Tensor("truediv_47:0", dtype=float32)
Tensor("truediv_51:0", dtype=float32)
Tensor("Sum_7:0", dtype=float32)
Tensor("Mul_48:0", dtype=float32)
Tensor("truediv_68:0", dtype=float32)
Tensor("Mul_58:0", dtype=float32)
Tensor("n:0", dtype=float32)
TEST #7 STEP #21 (0:00:30.005374) Thu Dec 28 16:30:39 2017 [ 2140 stmts 2758 branches ] 621 TOTAL ACTIONS (20.6962926353/s)
Tensor("Mul_87:0", dtype=float32)
Tensor("Mul_87:0", dtype=float32)
Tensor("truediv_97:0", dtype=float32)
Tensor("Add_88:0", dtype=float32)
Tensor("truediv_101:0", dtype=float32)
Tensor("Add_99:0", dtype=float32)
Tensor("add_15:0", dtype=float32)
Tensor("add_16:0", dtype=float32)
Tensor("Add_102:0", dtype=float32)
Tensor("add_18:0", dtype=float32)
Tensor("mul_14:0", dtype=float32)
Tensor("n_1:0", dtype=float32)
Tensor("truediv_131:0", dtype=float32)
Tensor("truediv_134:0", dtype=float32)
Tensor("mul_19:0", dtype=float32)
Tensor("Square_30:0", dtype=float32)
Tensor("Mul_134:0", dtype=float32)
Tensor("Mul_138:0", dtype=float32)
Tensor("add_27:0", dtype=float32)
STOPPING TEST DUE TO TIMEOUT, TERMINATED AT LENGTH 48
STOPPING TESTING DUE TO TIMEOUT
1.71672466838 PERCENT COVERED
78.4600260258 TOTAL RUNTIME
13 EXECUTED
1248 TOTAL TEST OPERATIONS
59.3392035961 TIME SPENT EXECUTING TEST OPERATIONS
0.350116968155 TIME SPENT EVALUATING GUARDS AND CHOOSING ACTIONS
0.00192785263062 TIME SPENT CHECKING PROPERTIES
59.3411314487 TOTAL TIME SPENT RUNNING SUT
0.153696775436 TIME SPENT RESTARTING
0.0 TIME SPENT REDUCING TEST CASES
0 FAILED
0 REPEATS OF FAILURES
0 ACTUAL DISTINCT FAILURES

2775 BRANCHES COVERED
2154 STATEMENTS COVERED
