2017-12-28 16:14:01.321290: I tensorflow/core/platform/cpu_feature_guard.cc:137] Your CPU supports instructions that this TensorFlow binary was not compiled to use: SSE4.2 AVX AVX2 FMA
Random testing using config=Config(noExceptionMatch=False, generalize=False, localize=False, speed='FAST', probs=None, LOCBaseline=0.2, noAlphaConvert=False, replayable=False, essentials=False, noCoverageExploit=False, quickTests=False, html=None, keepLast=False, stopWhenNoCoverage=None, generateLOC=None, computeFeatureStats=False, Pmutate=0.8, timeout=60, output='failure.49603.test', markov=None, noSwarmDependencies=False, startExploit=0.0, maxMustHitBranch=None, useHints=False, silentFail=False, highLowSwarm=None, maxMustHitStatement=None, progress=False, postCover=False, swarmLength=None, noCover=False, noEnumerateEnabled=False, full=True, swarmP=0.5, coverFile='coverage.out', markovP=1.0, swarmProbs=None, genDepth=None, exploitCeiling=0.1, logging=None, noCheck=False, throughput=False, uncaught=False, swarmSwitch=None, verbose=False, reducePool=False, exploit=0.8, fastQuickAnalysis=False, total=False, verboseExploit=False, swarm=False, sequenceP=1.0, biasLOC=None, timedProgress=30, relax=False, ddmin=False, stutter=None, readQuick=False, verboseActions=False, quickAnalysis=False, noReassign=False, sequenceSize=3, LOCProbs=False, sequencesFromTests=None, maxTests=-1, trackMaxCoverage=None, useQuickSequences=False, exploitBestHint=1, failedLogging=None, stopWhenStatements=None, greedyStutter=False, seed=None, stopWhenHitStatement=None, uniqueValuesAnalysis=False, normalize=False, startExploitStall=0, enumerateEnabled=False, internal=False, profile=False, multiple=True, stopWhenBranches=None, running=False, compareFails=False, Pcrossover=0.2, stopWhenHitBranch=None, depth=100, showActions=False)
** STARTING EXPLOITATION OF TESTS AT TIME 0.114923000336 AFTER 0 TESTS WITH NO NEW COVERAGE **
Tensor("Add_5:0", dtype=float32)
Tensor("truediv_18:0", dtype=float32)
Tensor("Mul_23:0", dtype=float32)
Tensor("p:0", dtype=float32)
Tensor("Mul_25:0", dtype=float32)
Tensor("Add_29:0", dtype=float32)
Tensor("truediv_39:0", dtype=float32)
Tensor("truediv_41:0", dtype=float32)
Tensor("i_1:0", dtype=float32)
Tensor("Square_2:0", dtype=float32)
Tensor("Sub_44:0", dtype=float32)
Tensor("Mul_44:0", dtype=float32)
Tensor("Add_47:0", dtype=float32)
Tensor("Sum_11:0", dtype=float32)
Tensor("truediv_63:0", dtype=float32)
Tensor("Add_61:0", dtype=float32)
Tensor("Add_90:0", dtype=float32)
Tensor("truediv_86:0", dtype=float32)
Tensor("add_5:0", dtype=float32)
TEST #7 STEP #9 (0:00:30.032964) Thu Dec 28 16:14:29 2017 [ 2272 stmts 2930 branches ] (no cov+ for 3 tests) 609 TOTAL ACTIONS (20.2777188485/s)
Tensor("Add_94:0", dtype=float32)
Tensor("Sum_17:0", dtype=float32)
Tensor("b_1:0", dtype=float32)
Tensor("sub_8:0", dtype=float32)
Tensor("Sub_99:0", dtype=float32)
Tensor("truediv_102:0", dtype=float32)
Tensor("Add_112:0", dtype=float32)
Tensor("r_3:0", dtype=float32)
Tensor("Add_117:0", dtype=float32)
Tensor("Add_116:0", dtype=float32)
Tensor("Mul_97:0", dtype=float32)
Tensor("n_1:0", dtype=float32)
Tensor("Sub_115:0", dtype=float32)
Tensor("truediv_134:0", dtype=float32)
Tensor("truediv_143:0", dtype=float32)
Tensor("Square_17:0", dtype=float32)
Tensor("g_1:0", dtype=float32)
Tensor("truediv_150:0", dtype=float32)
Tensor("truediv_155:0", dtype=float32)
Tensor("truediv_157:0", dtype=float32)
Tensor("truediv_159:0", dtype=float32)
Tensor("Mul_132:0", dtype=float32)
Tensor("Mul_134:0", dtype=float32)
STOPPING TEST DUE TO TIMEOUT, TERMINATED AT LENGTH 9
STOPPING TESTING DUE TO TIMEOUT
1.81318404196 PERCENT COVERED
78.8869628906 TOTAL RUNTIME
13 EXECUTED
1209 TOTAL TEST OPERATIONS
59.3509984016 TIME SPENT EXECUTING TEST OPERATIONS
0.312421321869 TIME SPENT EVALUATING GUARDS AND CHOOSING ACTIONS
0.00189638137817 TIME SPENT CHECKING PROPERTIES
59.352894783 TOTAL TIME SPENT RUNNING SUT
0.166890859604 TIME SPENT RESTARTING
0.0 TIME SPENT REDUCING TEST CASES
0 FAILED
0 REPEATS OF FAILURES
0 ACTUAL DISTINCT FAILURES

2933 BRANCHES COVERED
2273 STATEMENTS COVERED
