2017-12-28 15:49:55.753102: I tensorflow/core/platform/cpu_feature_guard.cc:137] Your CPU supports instructions that this TensorFlow binary was not compiled to use: SSE4.2 AVX AVX2 FMA
Random testing using config=Config(noExceptionMatch=False, generalize=False, localize=False, speed='FAST', probs=None, LOCBaseline=0.2, noAlphaConvert=False, replayable=False, essentials=False, noCoverageExploit=False, quickTests=False, html=None, keepLast=False, stopWhenNoCoverage=None, generateLOC=None, computeFeatureStats=False, Pmutate=0.8, timeout=60, output='failure.48758.test', markov=None, noSwarmDependencies=False, startExploit=0.0, maxMustHitBranch=None, useHints=False, silentFail=False, highLowSwarm=None, maxMustHitStatement=None, progress=False, postCover=False, swarmLength=None, noCover=False, noEnumerateEnabled=False, full=True, swarmP=0.5, coverFile='coverage.out', markovP=1.0, swarmProbs=None, genDepth=None, exploitCeiling=0.1, logging=None, noCheck=False, throughput=False, uncaught=False, swarmSwitch=None, verbose=False, reducePool=False, exploit=0.8, fastQuickAnalysis=False, total=False, verboseExploit=False, swarm=False, sequenceP=1.0, biasLOC=None, timedProgress=30, relax=False, ddmin=False, stutter=None, readQuick=False, verboseActions=False, quickAnalysis=False, noReassign=False, sequenceSize=3, LOCProbs=False, sequencesFromTests=None, maxTests=-1, trackMaxCoverage=None, useQuickSequences=False, exploitBestHint=1, failedLogging=None, stopWhenStatements=None, greedyStutter=False, seed=None, stopWhenHitStatement=None, uniqueValuesAnalysis=False, normalize=False, startExploitStall=0, enumerateEnabled=False, internal=False, profile=False, multiple=True, stopWhenBranches=None, running=False, compareFails=False, Pcrossover=0.2, stopWhenHitBranch=None, depth=100, showActions=False)
** STARTING EXPLOITATION OF TESTS AT TIME 0.115778923035 AFTER 0 TESTS WITH NO NEW COVERAGE **
Tensor("Add_5:0", dtype=float32)
Tensor("truediv_6:0", dtype=float32)
Tensor("Add_8:0", dtype=float32)
Tensor("Add_17:0", dtype=float32)
<tf.Variable 'Variable_1:0' shape=(1,) dtype=float32_ref>
<tf.Variable 'Variable:0' shape=(1,) dtype=float32_ref>
Tensor("add:0", shape=(1,), dtype=float32)
Tensor("Mul_16:0", dtype=float32)
Tensor("Mul_18:0", dtype=float32)
Tensor("truediv_22:0", dtype=float32)
Tensor("z_1:0", dtype=float32)
Tensor("Mul_21:0", dtype=float32)
Tensor("Square_7:0", dtype=float32)
Tensor("sub_5:0", dtype=float32)
Tensor("Add_35:0", dtype=float32)
Tensor("Mul_34:0", dtype=float32)
Tensor("Mul_39:0", dtype=float32)
Tensor("Sub_42:0", dtype=float32)
TEST #6 STEP #57 (0:00:30.032932) Thu Dec 28 15:50:20 2017 [ 2032 stmts 2609 branches ] 557 TOTAL ACTIONS (18.5463077398/s)
Tensor("truediv_56:0", dtype=float32)
Tensor("mul_13:0", dtype=float32)
Tensor("sub_8:0", dtype=float32)
Tensor("q:0", dtype=float32)
Tensor("Sub_59:0", dtype=float32)
Tensor("Mul_75:0", dtype=float32)
Tensor("Mul_85:0", dtype=float32)
Tensor("Square_16:0", dtype=float32)
Tensor("Const_2:0", shape=(), dtype=float32)
Tensor("Sum_16:0", dtype=float32)
Tensor("Sub_86:0", dtype=float32)
Tensor("add_17:0", dtype=float32)
Tensor("Sub_91:0", dtype=float32)
Tensor("mul_18:0", dtype=float32)
Tensor("Mul_107:0", dtype=float32)
Tensor("Sub_103:0", dtype=float32)
STOPPING TEST DUE TO TIMEOUT, TERMINATED AT LENGTH 13
STOPPING TESTING DUE TO TIMEOUT
1.62846118929 PERCENT COVERED
79.5182330608 TOTAL RUNTIME
12 EXECUTED
1113 TOTAL TEST OPERATIONS
59.3356361389 TIME SPENT EXECUTING TEST OPERATIONS
0.370719909668 TIME SPENT EVALUATING GUARDS AND CHOOSING ACTIONS
0.00182414054871 TIME SPENT CHECKING PROPERTIES
59.3374602795 TOTAL TIME SPENT RUNNING SUT
0.150488853455 TIME SPENT RESTARTING
0.0 TIME SPENT REDUCING TEST CASES
0 FAILED
0 REPEATS OF FAILURES
0 ACTUAL DISTINCT FAILURES

2621 BRANCHES COVERED
2040 STATEMENTS COVERED
