2017-12-28 12:51:46.949013: I tensorflow/core/platform/cpu_feature_guard.cc:137] Your CPU supports instructions that this TensorFlow binary was not compiled to use: SSE4.2 AVX AVX2 FMA
Random testing using config=Config(noExceptionMatch=False, generalize=False, localize=False, speed='FAST', probs=None, LOCBaseline=0.2, noAlphaConvert=False, replayable=False, essentials=False, noCoverageExploit=False, quickTests=False, html=None, keepLast=False, stopWhenNoCoverage=None, generateLOC=None, computeFeatureStats=False, Pmutate=0.8, timeout=60, output='failure.43498.test', markov=None, noSwarmDependencies=False, startExploit=0.0, maxMustHitBranch=None, useHints=False, silentFail=False, highLowSwarm=None, maxMustHitStatement=None, progress=False, postCover=False, swarmLength=None, noCover=False, noEnumerateEnabled=False, full=True, swarmP=0.5, coverFile='coverage.out', markovP=1.0, swarmProbs=None, genDepth=None, exploitCeiling=0.1, logging=None, noCheck=False, throughput=False, uncaught=False, swarmSwitch=None, verbose=False, reducePool=False, exploit=0.8, fastQuickAnalysis=False, total=False, verboseExploit=False, swarm=False, sequenceP=1.0, biasLOC=None, timedProgress=30, relax=False, ddmin=False, stutter=None, readQuick=False, verboseActions=False, quickAnalysis=False, noReassign=False, sequenceSize=3, LOCProbs=False, sequencesFromTests=None, maxTests=-1, trackMaxCoverage=None, useQuickSequences=False, exploitBestHint=1, failedLogging=None, stopWhenStatements=None, greedyStutter=False, seed=None, stopWhenHitStatement=None, uniqueValuesAnalysis=False, normalize=False, startExploitStall=0, enumerateEnabled=False, internal=False, profile=False, multiple=True, stopWhenBranches=None, running=False, compareFails=False, Pcrossover=0.2, stopWhenHitBranch=None, depth=100, showActions=False)
** STARTING EXPLOITATION OF TESTS AT TIME 0.140754938126 AFTER 0 TESTS WITH NO NEW COVERAGE **
Tensor("y:0", dtype=float32)
Tensor("truediv_2:0", dtype=float32)
Tensor("sub:0", dtype=float32)
Tensor("Add_4:0", dtype=float32)
Tensor("Mul_11:0", dtype=float32)
Tensor("Mul_28:0", dtype=float32)
Tensor("c_1:0", dtype=float32)
Tensor("Sub_65:0", dtype=float32)
Tensor("Sub_65:0", dtype=float32)
TEST #5 STEP #98 (0:00:30.014513) Thu Dec 28 12:52:08 2017 [ 1265 stmts 1607 branches ] (no cov+ for 1 tests) 498 TOTAL ACTIONS (16.5919733477/s)
Tensor("Mul_68:0", dtype=float32)
Tensor("Add_72:0", dtype=float32)
Tensor("Square_17:0", dtype=float32)
Tensor("Mul_85:0", dtype=float32)
Tensor("Mul_85:0", dtype=float32)
Tensor("truediv_95:0", dtype=float32)
Tensor("Mul_100:0", dtype=float32)
Tensor("truediv_119:0", dtype=float32)
Tensor("Add_104:0", dtype=float32)
Tensor("Sub_114:0", dtype=float32)
Tensor("truediv_130:0", dtype=float32)
Tensor("Add_120:0", dtype=float32)
Tensor("Mul_126:0", dtype=float32)
STOPPING TEST DUE TO TIMEOUT, TERMINATED AT LENGTH 10
STOPPING TESTING DUE TO TIMEOUT
1.00746456852 PERCENT COVERED
80.0166139603 TOTAL RUNTIME
11 EXECUTED
1010 TOTAL TEST OPERATIONS
59.3865923882 TIME SPENT EXECUTING TEST OPERATIONS
0.317923784256 TIME SPENT EVALUATING GUARDS AND CHOOSING ACTIONS
0.00179672241211 TIME SPENT CHECKING PROPERTIES
59.3883891106 TOTAL TIME SPENT RUNNING SUT
0.184480428696 TIME SPENT RESTARTING
0.0 TIME SPENT REDUCING TEST CASES
0 FAILED
0 REPEATS OF FAILURES
0 ACTUAL DISTINCT FAILURES

1607 BRANCHES COVERED
1265 STATEMENTS COVERED
