2017-12-29 00:40:33.714136: I tensorflow/core/platform/cpu_feature_guard.cc:137] Your CPU supports instructions that this TensorFlow binary was not compiled to use: SSE4.2 AVX AVX2 FMA
Random testing using config=Config(noExceptionMatch=False, generalize=False, localize=False, speed='FAST', probs=None, LOCBaseline=0.2, noAlphaConvert=False, replayable=False, essentials=False, noCoverageExploit=False, quickTests=False, html=None, keepLast=False, stopWhenNoCoverage=None, generateLOC=None, computeFeatureStats=False, Pmutate=0.8, timeout=60, output='failure.65381.test', markov=None, noSwarmDependencies=False, startExploit=0.0, maxMustHitBranch=None, useHints=False, silentFail=False, highLowSwarm=None, maxMustHitStatement=None, progress=False, postCover=False, swarmLength=None, noCover=False, noEnumerateEnabled=False, full=True, swarmP=0.5, coverFile='coverage.out', markovP=1.0, swarmProbs=None, genDepth=None, exploitCeiling=0.1, logging=None, noCheck=False, throughput=False, uncaught=False, swarmSwitch=None, verbose=False, reducePool=False, exploit=0.8, fastQuickAnalysis=False, total=False, verboseExploit=False, swarm=False, sequenceP=1.0, biasLOC=None, timedProgress=30, relax=False, ddmin=False, stutter=None, readQuick=False, verboseActions=False, quickAnalysis=False, noReassign=False, sequenceSize=3, LOCProbs=False, sequencesFromTests=None, maxTests=-1, trackMaxCoverage=None, useQuickSequences=False, exploitBestHint=1, failedLogging=None, stopWhenStatements=None, greedyStutter=False, seed=None, stopWhenHitStatement=None, uniqueValuesAnalysis=False, normalize=False, startExploitStall=0, enumerateEnabled=False, internal=False, profile=False, multiple=True, stopWhenBranches=None, running=False, compareFails=False, Pcrossover=0.2, stopWhenHitBranch=None, depth=100, showActions=False)
** STARTING EXPLOITATION OF TESTS AT TIME 0.124022960663 AFTER 0 TESTS WITH NO NEW COVERAGE **
Tensor("n:0", dtype=float32)
Tensor("Add_23:0", dtype=float32)
Tensor("sub_1:0", dtype=float32)
Tensor("truediv_35:0", dtype=float32)
Tensor("Mul_28:0", dtype=float32)
Tensor("truediv_42:0", dtype=float32)
Tensor("Add_39:0", dtype=float32)
Tensor("Mul_46:0", dtype=float32)
Tensor("Sub_45:0", dtype=float32)
Tensor("Sum_9:0", dtype=float32)
Tensor("Sum_8:0", dtype=float32)
Tensor("Sub_52:0", dtype=float32)
Tensor("sub_4:0", dtype=float32)
TEST #6 STEP #30 (0:00:30.039014) Fri Dec 29 00:41:03 2017 [ 1266 stmts 1608 branches ] (no cov+ for 1 tests) 530 TOTAL ACTIONS (17.6437216756/s)
Tensor("Add_57:0", dtype=float32)
Tensor("Sub_71:0", dtype=float32)
Tensor("Add_63:0", dtype=float32)
Tensor("truediv_83:0", dtype=float32)
Tensor("Square_27:0", dtype=float32)
Tensor("l_2:0", dtype=float32)
Tensor("Add_87:0", dtype=float32)
Tensor("Mul_118:0", dtype=float32)
Tensor("truediv_112:0", dtype=float32)
Tensor("Sum_19:0", dtype=float32)
Tensor("Sub_106:0", dtype=float32)
Tensor("b_1:0", dtype=float32)
Tensor("Sub_111:0", dtype=float32)
Tensor("Sub_118:0", dtype=float32)
STOPPING TEST DUE TO TIMEOUT, TERMINATED AT LENGTH 62
STOPPING TESTING DUE TO TIMEOUT
1.02007363696 PERCENT COVERED
80.4689638615 TOTAL RUNTIME
11 EXECUTED
1062 TOTAL TEST OPERATIONS
59.3765192032 TIME SPENT EXECUTING TEST OPERATIONS
0.362194538116 TIME SPENT EVALUATING GUARDS AND CHOOSING ACTIONS
0.0019006729126 TIME SPENT CHECKING PROPERTIES
59.3784198761 TOTAL TIME SPENT RUNNING SUT
0.162186145782 TIME SPENT RESTARTING
0.0 TIME SPENT REDUCING TEST CASES
0 FAILED
0 REPEATS OF FAILURES
0 ACTUAL DISTINCT FAILURES

1626 BRANCHES COVERED
1281 STATEMENTS COVERED
