2017-12-28 21:55:04.919456: I tensorflow/core/platform/cpu_feature_guard.cc:137] Your CPU supports instructions that this TensorFlow binary was not compiled to use: SSE4.2 AVX AVX2 FMA
Random testing using config=Config(noExceptionMatch=False, generalize=False, localize=False, speed='FAST', probs=None, LOCBaseline=0.2, noAlphaConvert=False, replayable=False, essentials=False, noCoverageExploit=False, quickTests=False, html=None, keepLast=False, stopWhenNoCoverage=None, generateLOC=None, computeFeatureStats=False, Pmutate=0.8, timeout=60, output='failure.60474.test', markov=None, noSwarmDependencies=False, startExploit=0.0, maxMustHitBranch=None, useHints=False, silentFail=False, highLowSwarm=None, maxMustHitStatement=None, progress=False, postCover=False, swarmLength=None, noCover=False, noEnumerateEnabled=False, full=True, swarmP=0.5, coverFile='coverage.out', markovP=1.0, swarmProbs=None, genDepth=None, exploitCeiling=0.1, logging=None, noCheck=False, throughput=False, uncaught=False, swarmSwitch=None, verbose=False, reducePool=False, exploit=0.8, fastQuickAnalysis=False, total=False, verboseExploit=False, swarm=False, sequenceP=1.0, biasLOC=None, timedProgress=30, relax=False, ddmin=False, stutter=None, readQuick=False, verboseActions=False, quickAnalysis=False, noReassign=False, sequenceSize=3, LOCProbs=False, sequencesFromTests=None, maxTests=-1, trackMaxCoverage=None, useQuickSequences=False, exploitBestHint=1, failedLogging=None, stopWhenStatements=None, greedyStutter=False, seed=None, stopWhenHitStatement=None, uniqueValuesAnalysis=False, normalize=False, startExploitStall=0, enumerateEnabled=False, internal=False, profile=False, multiple=True, stopWhenBranches=None, running=False, compareFails=False, Pcrossover=0.2, stopWhenHitBranch=None, depth=100, showActions=False)
** STARTING EXPLOITATION OF TESTS AT TIME 0.126955986023 AFTER 0 TESTS WITH NO NEW COVERAGE **
Tensor("Mul_3:0", dtype=float32)
None
Tensor("Sub_14:0", dtype=float32)
Tensor("Sub_17:0", dtype=float32)
Tensor("f:0", dtype=float32)
Tensor("Sub_19:0", dtype=float32)
Tensor("s:0", dtype=float32)
Tensor("n:0", dtype=float32)
Tensor("Add_26:0", dtype=float32)
Tensor("Sub_33:0", dtype=float32)
Tensor("Add_38:0", dtype=float32)
Tensor("Sub_36:0", dtype=float32)
Tensor("Sub_41:0", dtype=float32)
None
Tensor("Sub_43:0", dtype=float32)
Tensor("Sub_45:0", dtype=float32)
Tensor("truediv_63:0", dtype=float32)
TEST #6 STEP #3 (0:00:30.047239) Thu Dec 28 21:55:34 2017 [ 1276 stmts 1624 branches ] 503 TOTAL ACTIONS (16.7403067852/s)
Tensor("truediv_72:0", dtype=float32)
Tensor("Mul_101:0", dtype=float32)
Tensor("truediv_83:0", dtype=float32)
Tensor("h_2:0", dtype=float32)
Tensor("truediv_85:0", dtype=float32)
Tensor("truediv_92:0", dtype=float32)
Tensor("w_3:0", dtype=float32)
Tensor("Const_4:0", shape=(), dtype=float32)
Tensor("mul_4:0", dtype=float32)
Tensor("truediv_94:0", dtype=float32)
Tensor("Sub_86:0", dtype=float32)
Tensor("s_1:0", dtype=float32)
Tensor("Mul_128:0", dtype=float32)
Tensor("Sub_94:0", dtype=float32)
Tensor("Add_102:0", dtype=float32)
STOPPING TEST DUE TO TIMEOUT, TERMINATED AT LENGTH 100
STOPPING TESTING DUE TO TIMEOUT
1.04466132042 PERCENT COVERED
83.7378261089 TOTAL RUNTIME
10 EXECUTED
1000 TOTAL TEST OPERATIONS
59.4088039398 TIME SPENT EXECUTING TEST OPERATIONS
0.346903085709 TIME SPENT EVALUATING GUARDS AND CHOOSING ACTIONS
0.001784324646 TIME SPENT CHECKING PROPERTIES
59.4105882645 TOTAL TIME SPENT RUNNING SUT
0.165058851242 TIME SPENT RESTARTING
0.0 TIME SPENT REDUCING TEST CASES
0 FAILED
0 REPEATS OF FAILURES
0 ACTUAL DISTINCT FAILURES

1664 BRANCHES COVERED
1305 STATEMENTS COVERED
