2017-12-28 19:24:02.955519: I tensorflow/core/platform/cpu_feature_guard.cc:137] Your CPU supports instructions that this TensorFlow binary was not compiled to use: SSE4.2 AVX AVX2 FMA
Random testing using config=Config(noExceptionMatch=False, generalize=False, localize=False, speed='FAST', probs='locsample.probs', LOCBaseline=0.2, noAlphaConvert=False, replayable=False, essentials=False, noCoverageExploit=False, quickTests=False, html=None, keepLast=False, stopWhenNoCoverage=None, generateLOC=None, computeFeatureStats=False, Pmutate=0.0, timeout=60, output='failure.55244.test', markov=None, noSwarmDependencies=False, startExploit=0.0, maxMustHitBranch=None, useHints=False, silentFail=False, highLowSwarm=None, maxMustHitStatement=None, progress=False, postCover=False, swarmLength=None, noCover=False, noEnumerateEnabled=False, full=True, swarmP=0.5, coverFile='coverage.out', markovP=1.0, swarmProbs=None, genDepth=None, exploitCeiling=0.1, logging=None, noCheck=False, throughput=False, uncaught=False, swarmSwitch=None, verbose=False, reducePool=False, exploit=None, fastQuickAnalysis=False, total=False, verboseExploit=False, swarm=False, sequenceP=1.0, biasLOC=None, timedProgress=30, relax=False, ddmin=False, stutter=None, readQuick=False, verboseActions=False, quickAnalysis=False, noReassign=False, sequenceSize=3, LOCProbs=False, sequencesFromTests=None, maxTests=-1, trackMaxCoverage=None, useQuickSequences=False, exploitBestHint=1, failedLogging=None, stopWhenStatements=None, greedyStutter=False, seed=None, stopWhenHitStatement=None, uniqueValuesAnalysis=False, normalize=False, startExploitStall=0, enumerateEnabled=False, internal=False, profile=False, multiple=True, stopWhenBranches=None, running=False, compareFails=False, Pcrossover=0.2, stopWhenHitBranch=None, depth=100, showActions=False)
None
Tensor("Sub_2:0", dtype=float32)
Tensor("Mul_3:0", dtype=float32)
None
[1.0, array([ 2.], dtype=float32)]
None
[array([ 1.], dtype=float32), 1.0]
None
Tensor("Sub_7:0", dtype=float32)
None
Tensor("Sub_15:0", dtype=float32)
Tensor("Mul_14:0", dtype=float32)
Tensor("Mul_13:0", dtype=float32)
None
None
None
None
None
TEST #6 STEP #91 (0:00:30.028652) Thu Dec 28 19:24:32 2017 [ 1939 stmts 2502 branches ] (no cov+ for 1 tests) 591 TOTAL ACTIONS (19.6812031699/s)
None
[1.0, 1.0]
Tensor("sub_6:0", shape=(1,), dtype=float32)
None
[nan, nan]
None
None
None
Tensor("Add_20:0", dtype=float32)
None
Tensor("truediv_36:0", dtype=float32)
None
None
Tensor("Sum_30:0", dtype=float32)
Tensor("Add_26:0", dtype=float32)
None
None
None
Tensor("Add_29:0", dtype=float32)
None
None
None
None
Tensor("f:0", dtype=float32)
None
None
None
None
STOPPING TEST DUE TO TIMEOUT, TERMINATED AT LENGTH 50
STOPPING TESTING DUE TO TIMEOUT
1.68898471781 PERCENT COVERED
78.6400990486 TOTAL RUNTIME
12 EXECUTED
1150 TOTAL TEST OPERATIONS
57.2601342201 TIME SPENT EXECUTING TEST OPERATIONS
2.56301689148 TIME SPENT EVALUATING GUARDS AND CHOOSING ACTIONS
0.00168943405151 TIME SPENT CHECKING PROPERTIES
57.2618236542 TOTAL TIME SPENT RUNNING SUT
0.158857822418 TIME SPENT RESTARTING
0.0 TIME SPENT REDUCING TEST CASES
0 FAILED
0 REPEATS OF FAILURES
0 ACTUAL DISTINCT FAILURES

2720 BRANCHES COVERED
2103 STATEMENTS COVERED
