2017-12-28 18:27:41.198434: I tensorflow/core/platform/cpu_feature_guard.cc:137] Your CPU supports instructions that this TensorFlow binary was not compiled to use: SSE4.2 AVX AVX2 FMA
Random testing using config=Config(noExceptionMatch=False, generalize=False, localize=False, speed='FAST', probs='locsample.probs', LOCBaseline=0.2, noAlphaConvert=False, replayable=False, essentials=False, noCoverageExploit=False, quickTests=False, html=None, keepLast=False, stopWhenNoCoverage=None, generateLOC=None, computeFeatureStats=False, Pmutate=0.0, timeout=60, output='failure.53708.test', markov=None, noSwarmDependencies=False, startExploit=0.0, maxMustHitBranch=None, useHints=False, silentFail=False, highLowSwarm=None, maxMustHitStatement=None, progress=False, postCover=False, swarmLength=None, noCover=False, noEnumerateEnabled=False, full=True, swarmP=0.5, coverFile='coverage.out', markovP=1.0, swarmProbs=None, genDepth=None, exploitCeiling=0.1, logging=None, noCheck=False, throughput=False, uncaught=False, swarmSwitch=None, verbose=False, reducePool=False, exploit=None, fastQuickAnalysis=False, total=False, verboseExploit=False, swarm=False, sequenceP=1.0, biasLOC=None, timedProgress=30, relax=False, ddmin=False, stutter=None, readQuick=False, verboseActions=False, quickAnalysis=False, noReassign=False, sequenceSize=3, LOCProbs=False, sequencesFromTests=None, maxTests=-1, trackMaxCoverage=None, useQuickSequences=False, exploitBestHint=1, failedLogging=None, stopWhenStatements=None, greedyStutter=False, seed=None, stopWhenHitStatement=None, uniqueValuesAnalysis=False, normalize=False, startExploitStall=0, enumerateEnabled=False, internal=False, profile=False, multiple=True, stopWhenBranches=None, running=False, compareFails=False, Pcrossover=0.2, stopWhenHitBranch=None, depth=100, showActions=False)
[0.0, 0.0]
None
None
None
None
None
None
Tensor("Square_3:0", dtype=float32)
Tensor("Sub_13:0", dtype=float32)
None
None
None
None
None
None
None
None
[0.0, 0.0]
None
None
None
None
None
Tensor("g:0", dtype=float32)
Tensor("Square_12:0", dtype=float32)
Tensor("Sum_17:0", dtype=float32)
Tensor("sub_7:0", dtype=float32)
TEST #6 STEP #94 (0:00:30.018536) Thu Dec 28 18:28:08 2017 [ 1633 stmts 2102 branches ] 594 TOTAL ACTIONS (19.7877738914/s)
None
None
Tensor("mul_7:0", shape=(1,), dtype=float32)
None
None
None
[array([ 1.], dtype=float32), 0.0]
Tensor("Sum_29:0", shape=(), dtype=float32)
Tensor("v_1:0", dtype=float32)
Tensor("truediv_21:0", dtype=float32)
Tensor("Mul_24:0", shape=(), dtype=float32)
None
None
STOPPING TEST DUE TO TIMEOUT, TERMINATED AT LENGTH 69
STOPPING TESTING DUE TO TIMEOUT
1.72681192314 PERCENT COVERED
78.5234520435 TOTAL RUNTIME
12 EXECUTED
1169 TOTAL TEST OPERATIONS
57.2252027988 TIME SPENT EXECUTING TEST OPERATIONS
2.62474799156 TIME SPENT EVALUATING GUARDS AND CHOOSING ACTIONS
0.00173020362854 TIME SPENT CHECKING PROPERTIES
57.2269330025 TOTAL TIME SPENT RUNNING SUT
0.151839017868 TIME SPENT RESTARTING
0.0 TIME SPENT REDUCING TEST CASES
0 FAILED
0 REPEATS OF FAILURES
0 ACTUAL DISTINCT FAILURES

2777 BRANCHES COVERED
2142 STATEMENTS COVERED
