2017-12-28 19:40:14.663725: I tensorflow/core/platform/cpu_feature_guard.cc:137] Your CPU supports instructions that this TensorFlow binary was not compiled to use: SSE4.2 AVX AVX2 FMA
Random testing using config=Config(noExceptionMatch=False, generalize=False, localize=False, speed='FAST', probs='locsample.probs', LOCBaseline=0.2, noAlphaConvert=False, replayable=False, essentials=False, noCoverageExploit=False, quickTests=False, html=None, keepLast=False, stopWhenNoCoverage=None, generateLOC=None, computeFeatureStats=False, Pmutate=0.0, timeout=60, output='failure.55683.test', markov=None, noSwarmDependencies=False, startExploit=0.0, maxMustHitBranch=None, useHints=False, silentFail=False, highLowSwarm=None, maxMustHitStatement=None, progress=False, postCover=False, swarmLength=None, noCover=False, noEnumerateEnabled=False, full=True, swarmP=0.5, coverFile='coverage.out', markovP=1.0, swarmProbs=None, genDepth=None, exploitCeiling=0.1, logging=None, noCheck=False, throughput=False, uncaught=False, swarmSwitch=None, verbose=False, reducePool=False, exploit=None, fastQuickAnalysis=False, total=False, verboseExploit=False, swarm=False, sequenceP=1.0, biasLOC=None, timedProgress=30, relax=False, ddmin=False, stutter=None, readQuick=False, verboseActions=False, quickAnalysis=False, noReassign=False, sequenceSize=3, LOCProbs=False, sequencesFromTests=None, maxTests=-1, trackMaxCoverage=None, useQuickSequences=False, exploitBestHint=1, failedLogging=None, stopWhenStatements=None, greedyStutter=False, seed=None, stopWhenHitStatement=None, uniqueValuesAnalysis=False, normalize=False, startExploitStall=0, enumerateEnabled=False, internal=False, profile=False, multiple=True, stopWhenBranches=None, running=False, compareFails=False, Pcrossover=0.2, stopWhenHitBranch=None, depth=100, showActions=False)
None
None
None
[-4.0, -4.0]
None
None
None
None
Tensor("a:0", dtype=float32)
Tensor("Add_3:0", dtype=float32)
None
None
None
Tensor("sub_5:0", dtype=float32)
None
None
<tf.Variable 'Variable_12:0' shape=(1,) dtype=float32_ref>
None
[array([-4.], dtype=float32), array([ 1.], dtype=float32)]
None
None
None
None
TEST #6 STEP #78 (0:00:30.025902) Thu Dec 28 19:40:42 2017 [ 2233 stmts 2892 branches ] 578 TOTAL ACTIONS (19.2500461557/s)
None
Tensor("c:0", dtype=float32)
[0.0, 0.0]
None
None
Tensor("sub_14:0", shape=(1,), dtype=float32)
None
[array([ 0.], dtype=float32), array([ nan], dtype=float32)]
None
None
None
None
None
Tensor("Sub_20:0", dtype=float32)
None
None
None
None
None
Tensor("Mul_24:0", dtype=float32)
None
None
Tensor("add_31:0", dtype=float32)
STOPPING TEST DUE TO TIMEOUT, TERMINATED AT LENGTH 32
STOPPING TESTING DUE TO TIMEOUT
1.78607454481 PERCENT COVERED
78.1408958435 TOTAL RUNTIME
12 EXECUTED
1132 TOTAL TEST OPERATIONS
57.3809404373 TIME SPENT EXECUTING TEST OPERATIONS
2.47345876694 TIME SPENT EVALUATING GUARDS AND CHOOSING ACTIONS
0.00169634819031 TIME SPENT CHECKING PROPERTIES
57.3826367855 TOTAL TIME SPENT RUNNING SUT
0.162839889526 TIME SPENT RESTARTING
0.0 TIME SPENT REDUCING TEST CASES
0 FAILED
0 REPEATS OF FAILURES
0 ACTUAL DISTINCT FAILURES

2892 BRANCHES COVERED
2233 STATEMENTS COVERED
