2017-12-29 00:28:14.494096: I tensorflow/core/platform/cpu_feature_guard.cc:137] Your CPU supports instructions that this TensorFlow binary was not compiled to use: SSE4.2 AVX AVX2 FMA
Random testing using config=Config(noExceptionMatch=False, generalize=False, localize=False, speed='FAST', probs='locsample.probs', LOCBaseline=0.2, noAlphaConvert=False, replayable=False, essentials=False, noCoverageExploit=False, quickTests=False, html=None, keepLast=False, stopWhenNoCoverage=None, generateLOC=None, computeFeatureStats=False, Pmutate=0.0, timeout=60, output='failure.64958.test', markov=None, noSwarmDependencies=False, startExploit=0.0, maxMustHitBranch=None, useHints=False, silentFail=False, highLowSwarm=None, maxMustHitStatement=None, progress=False, postCover=False, swarmLength=None, noCover=False, noEnumerateEnabled=False, full=True, swarmP=0.5, coverFile='coverage.out', markovP=1.0, swarmProbs=None, genDepth=None, exploitCeiling=0.1, logging=None, noCheck=False, throughput=False, uncaught=False, swarmSwitch=None, verbose=False, reducePool=False, exploit=None, fastQuickAnalysis=False, total=False, verboseExploit=False, swarm=False, sequenceP=1.0, biasLOC=None, timedProgress=30, relax=False, ddmin=False, stutter=None, readQuick=False, verboseActions=False, quickAnalysis=False, noReassign=False, sequenceSize=3, LOCProbs=False, sequencesFromTests=None, maxTests=-1, trackMaxCoverage=None, useQuickSequences=False, exploitBestHint=1, failedLogging=None, stopWhenStatements=None, greedyStutter=False, seed=None, stopWhenHitStatement=None, uniqueValuesAnalysis=False, normalize=False, startExploitStall=0, enumerateEnabled=False, internal=False, profile=False, multiple=True, stopWhenBranches=None, running=False, compareFails=False, Pcrossover=0.2, stopWhenHitBranch=None, depth=100, showActions=False)
None
None
None
None
None
None
None
None
None
None
Tensor("truediv_10:0", dtype=float32)
Tensor("Sum_24:0", shape=(), dtype=float32)
None
None
TEST #5 STEP #93 (0:00:30.049099) Fri Dec 29 00:28:41 2017 [ 2280 stmts 2942 branches ] 493 TOTAL ACTIONS (16.4064818251/s)
None
Tensor("mul_7:0", shape=(1,), dtype=float32)
Tensor("Sum_28:0", shape=(), dtype=float32)
None
None
None
[array([ nan], dtype=float32), array([-1.], dtype=float32)]
None
[array([ nan], dtype=float32), array([ nan], dtype=float32)]
None
None
None
None
None
None
None
None
None
None
None
None
None
<tf.Variable 'Variable_28:0' shape=(1,) dtype=float32_ref>
Tensor("t_2:0", dtype=float32)
<tf.Variable 'Variable_29:0' shape=(1,) dtype=float32_ref>
Tensor("mul_21:0", dtype=float32)
STOPPING TEST DUE TO TIMEOUT, TERMINATED AT LENGTH 74
STOPPING TESTING DUE TO TIMEOUT
1.85605487467 PERCENT COVERED
80.769092083 TOTAL RUNTIME
10 EXECUTED
974 TOTAL TEST OPERATIONS
57.3511564732 TIME SPENT EXECUTING TEST OPERATIONS
2.48744392395 TIME SPENT EVALUATING GUARDS AND CHOOSING ACTIONS
0.00165843963623 TIME SPENT CHECKING PROPERTIES
57.3528149128 TOTAL TIME SPENT RUNNING SUT
0.170862674713 TIME SPENT RESTARTING
0.0 TIME SPENT REDUCING TEST CASES
0 FAILED
0 REPEATS OF FAILURES
0 ACTUAL DISTINCT FAILURES

2992 BRANCHES COVERED
2313 STATEMENTS COVERED
