2017-12-28 22:16:07.638020: I tensorflow/core/platform/cpu_feature_guard.cc:137] Your CPU supports instructions that this TensorFlow binary was not compiled to use: SSE4.2 AVX AVX2 FMA
Random testing using config=Config(noExceptionMatch=False, generalize=False, localize=False, speed='FAST', probs='locsample.probs', LOCBaseline=0.2, noAlphaConvert=False, replayable=False, essentials=False, noCoverageExploit=False, quickTests=False, html=None, keepLast=False, stopWhenNoCoverage=None, generateLOC=None, computeFeatureStats=False, Pmutate=0.0, timeout=60, output='failure.61072.test', markov=None, noSwarmDependencies=False, startExploit=0.0, maxMustHitBranch=None, useHints=False, silentFail=False, highLowSwarm=None, maxMustHitStatement=None, progress=False, postCover=False, swarmLength=None, noCover=False, noEnumerateEnabled=False, full=True, swarmP=0.5, coverFile='coverage.out', markovP=1.0, swarmProbs=None, genDepth=None, exploitCeiling=0.1, logging=None, noCheck=False, throughput=False, uncaught=False, swarmSwitch=None, verbose=False, reducePool=False, exploit=None, fastQuickAnalysis=False, total=False, verboseExploit=False, swarm=False, sequenceP=1.0, biasLOC=None, timedProgress=30, relax=False, ddmin=False, stutter=None, readQuick=False, verboseActions=False, quickAnalysis=False, noReassign=False, sequenceSize=3, LOCProbs=False, sequencesFromTests=None, maxTests=-1, trackMaxCoverage=None, useQuickSequences=False, exploitBestHint=1, failedLogging=None, stopWhenStatements=None, greedyStutter=False, seed=None, stopWhenHitStatement=None, uniqueValuesAnalysis=False, normalize=False, startExploitStall=0, enumerateEnabled=False, internal=False, profile=False, multiple=True, stopWhenBranches=None, running=False, compareFails=False, Pcrossover=0.2, stopWhenHitBranch=None, depth=100, showActions=False)
None
None
None
None
None
None
None
[1.0, 1.0]
Tensor("Sum_13:0", dtype=float32)
None
None
None
None
TEST #5 STEP #74 (0:00:30.052957) Thu Dec 28 22:16:37 2017 [ 1626 stmts 2089 branches ] 474 TOTAL ACTIONS (15.7721584297/s)
None
Tensor("mul_14:0", shape=(), dtype=float32)
None
None
None
None
None
None
<tf.Variable 'Variable_20:0' shape=(1,) dtype=float32_ref>
None
None
None
[array([ 0.], dtype=float32), array([ 0.], dtype=float32)]
None
<tf.Variable 'Variable_22:0' shape=(1,) dtype=float32_ref>
Tensor("b:0", dtype=float32)
None
None
None
None
None
None
Tensor("Square_25:0", shape=(1,), dtype=float32)
None
Tensor("m:0", dtype=float32)
None
STOPPING TEST DUE TO TIMEOUT, TERMINATED AT LENGTH 100
STOPPING TESTING DUE TO TIMEOUT
1.89388207999 PERCENT COVERED
83.592621088 TOTAL RUNTIME
9 EXECUTED
900 TOTAL TEST OPERATIONS
57.5867497921 TIME SPENT EXECUTING TEST OPERATIONS
2.26280236244 TIME SPENT EVALUATING GUARDS AND CHOOSING ACTIONS
0.00146055221558 TIME SPENT CHECKING PROPERTIES
57.5882103443 TOTAL TIME SPENT RUNNING SUT
0.169733762741 TIME SPENT RESTARTING
0.0 TIME SPENT REDUCING TEST CASES
0 FAILED
0 REPEATS OF FAILURES
0 ACTUAL DISTINCT FAILURES

3069 BRANCHES COVERED
2382 STATEMENTS COVERED
