2017-12-28 21:25:38.068788: I tensorflow/core/platform/cpu_feature_guard.cc:137] Your CPU supports instructions that this TensorFlow binary was not compiled to use: SSE4.2 AVX AVX2 FMA
Random testing using config=Config(noExceptionMatch=False, generalize=False, localize=False, speed='FAST', probs='locsample.probs', LOCBaseline=0.2, noAlphaConvert=False, replayable=False, essentials=False, noCoverageExploit=False, quickTests=False, html=None, keepLast=False, stopWhenNoCoverage=None, generateLOC=None, computeFeatureStats=False, Pmutate=0.0, timeout=60, output='failure.59691.test', markov=None, noSwarmDependencies=False, startExploit=0.0, maxMustHitBranch=None, useHints=False, silentFail=False, highLowSwarm=None, maxMustHitStatement=None, progress=False, postCover=False, swarmLength=None, noCover=False, noEnumerateEnabled=False, full=True, swarmP=0.5, coverFile='coverage.out', markovP=1.0, swarmProbs=None, genDepth=None, exploitCeiling=0.1, logging=None, noCheck=False, throughput=False, uncaught=False, swarmSwitch=None, verbose=False, reducePool=False, exploit=None, fastQuickAnalysis=False, total=False, verboseExploit=False, swarm=False, sequenceP=1.0, biasLOC=None, timedProgress=30, relax=False, ddmin=False, stutter=None, readQuick=False, verboseActions=False, quickAnalysis=False, noReassign=False, sequenceSize=3, LOCProbs=False, sequencesFromTests=None, maxTests=-1, trackMaxCoverage=None, useQuickSequences=False, exploitBestHint=1, failedLogging=None, stopWhenStatements=None, greedyStutter=False, seed=None, stopWhenHitStatement=None, uniqueValuesAnalysis=False, normalize=False, startExploitStall=0, enumerateEnabled=False, internal=False, profile=False, multiple=True, stopWhenBranches=None, running=False, compareFails=False, Pcrossover=0.2, stopWhenHitBranch=None, depth=100, showActions=False)
None
None
Tensor("add:0", shape=(), dtype=float32)
Tensor("truediv_6:0", dtype=float32)
None
None
None
None
None
None
None
Tensor("mul_5:0", dtype=float32)
Tensor("mul_5:0", dtype=float32)
None
None
Tensor("truediv_10:0", dtype=float32)
Tensor("sub_4:0", dtype=float32)
None
None
None
None
Tensor("Sum_10:0", dtype=float32)
None
None
None
None
TEST #6 STEP #14 (0:00:30.042363) Thu Dec 28 21:26:05 2017 [ 2175 stmts 2817 branches ] 514 TOTAL ACTIONS (17.1091735103/s)
Tensor("c:0", dtype=float32)
None
Tensor("Sum_21:0", shape=(), dtype=float32)
None
None
Tensor("Add_15:0", dtype=float32)
Tensor("Add_19:0", dtype=float32)
Tensor("Mul_14:0", dtype=float32)
Tensor("Add_20:0", dtype=float32)
None
Tensor("Add_22:0", dtype=float32)
None
None
None
STOPPING TEST DUE TO TIMEOUT, TERMINATED AT LENGTH 11
STOPPING TESTING DUE TO TIMEOUT
1.8428153528 PERCENT COVERED
80.9867458344 TOTAL RUNTIME
11 EXECUTED
1011 TOTAL TEST OPERATIONS
56.8305981159 TIME SPENT EXECUTING TEST OPERATIONS
2.99706315994 TIME SPENT EVALUATING GUARDS AND CHOOSING ACTIONS
0.00168490409851 TIME SPENT CHECKING PROPERTIES
56.83228302 TOTAL TIME SPENT RUNNING SUT
0.180115699768 TIME SPENT RESTARTING
0.0 TIME SPENT REDUCING TEST CASES
0 FAILED
0 REPEATS OF FAILURES
0 ACTUAL DISTINCT FAILURES

2974 BRANCHES COVERED
2297 STATEMENTS COVERED
