2017-12-29 01:42:46.766082: I tensorflow/core/platform/cpu_feature_guard.cc:137] Your CPU supports instructions that this TensorFlow binary was not compiled to use: SSE4.2 AVX AVX2 FMA
Random testing using config=Config(noExceptionMatch=False, generalize=False, localize=False, speed='FAST', probs='locsample.probs', LOCBaseline=0.2, noAlphaConvert=False, replayable=False, essentials=False, noCoverageExploit=False, quickTests=False, html=None, keepLast=False, stopWhenNoCoverage=None, generateLOC=None, computeFeatureStats=False, Pmutate=0.0, timeout=60, output='failure.67292.test', markov=None, noSwarmDependencies=False, startExploit=0.0, maxMustHitBranch=None, useHints=False, silentFail=False, highLowSwarm=None, maxMustHitStatement=None, progress=False, postCover=False, swarmLength=None, noCover=False, noEnumerateEnabled=False, full=True, swarmP=0.5, coverFile='coverage.out', markovP=1.0, swarmProbs=None, genDepth=None, exploitCeiling=0.1, logging=None, noCheck=False, throughput=False, uncaught=False, swarmSwitch=None, verbose=False, reducePool=False, exploit=None, fastQuickAnalysis=False, total=False, verboseExploit=False, swarm=False, sequenceP=1.0, biasLOC=None, timedProgress=30, relax=False, ddmin=False, stutter=None, readQuick=False, verboseActions=False, quickAnalysis=False, noReassign=False, sequenceSize=3, LOCProbs=False, sequencesFromTests=None, maxTests=-1, trackMaxCoverage=None, useQuickSequences=False, exploitBestHint=1, failedLogging=None, stopWhenStatements=None, greedyStutter=False, seed=None, stopWhenHitStatement=None, uniqueValuesAnalysis=False, normalize=False, startExploitStall=0, enumerateEnabled=False, internal=False, profile=False, multiple=True, stopWhenBranches=None, running=False, compareFails=False, Pcrossover=0.2, stopWhenHitBranch=None, depth=100, showActions=False)
None
None
None
None
None
None
[array([ 0.], dtype=float32), array([ 1.], dtype=float32)]
Tensor("Sum_4:0", dtype=float32)
None
None
Tensor("Square_4:0", dtype=float32)
Tensor("Mul_10:0", shape=(1,), dtype=float32)
None
None
None
Tensor("mul_10:0", shape=(1,), dtype=float32)
None
Tensor("Sum_17:0", shape=(), dtype=float32)
None
TEST #5 STEP #56 (0:00:30.001081) Fri Dec 29 01:43:16 2017 [ 2243 stmts 2879 branches ] 456 TOTAL ACTIONS (15.1994523182/s)
None
Tensor("Const_8:0", shape=(), dtype=float32)
None
None
[array([ 16.], dtype=float32), 1.0]
[array([ 64.], dtype=float32), 0.0]
Tensor("Sub_13:0", shape=(1,), dtype=float32)
None
Tensor("Const_15:0", shape=(), dtype=float32)
None
None
None
[0.0, nan]
None
[1.0, nan]
Tensor("sub_19:0", shape=(1,), dtype=float32)
Tensor("Sum_25:0", dtype=float32)
None
None
<tf.Variable 'Variable_30:0' shape=(1,) dtype=float32_ref>
[8.0, 8.0]
None
None
Tensor("add_18:0", dtype=float32)
Tensor("a_1:0", dtype=float32)
Tensor("Sub_27:0", dtype=float32)
None
None
None
None
None
STOPPING TEST DUE TO TIMEOUT, TERMINATED AT LENGTH 3
STOPPING TESTING DUE TO TIMEOUT
1.93927472638 PERCENT COVERED
82.6464290619 TOTAL RUNTIME
10 EXECUTED
903 TOTAL TEST OPERATIONS
57.4337186813 TIME SPENT EXECUTING TEST OPERATIONS
2.37823724747 TIME SPENT EVALUATING GUARDS AND CHOOSING ACTIONS
0.00164127349854 TIME SPENT CHECKING PROPERTIES
57.4353599548 TOTAL TIME SPENT RUNNING SUT
0.190293073654 TIME SPENT RESTARTING
0.0 TIME SPENT REDUCING TEST CASES
0 FAILED
0 REPEATS OF FAILURES
0 ACTUAL DISTINCT FAILURES

3151 BRANCHES COVERED
2443 STATEMENTS COVERED
