2017-12-28 16:34:13.444116: I tensorflow/core/platform/cpu_feature_guard.cc:137] Your CPU supports instructions that this TensorFlow binary was not compiled to use: SSE4.2 AVX AVX2 FMA
Random testing using config=Config(noExceptionMatch=False, generalize=False, localize=False, speed='FAST', probs='locsample.probs', LOCBaseline=0.2, noAlphaConvert=False, replayable=False, essentials=False, noCoverageExploit=False, quickTests=False, html=None, keepLast=False, stopWhenNoCoverage=None, generateLOC=None, computeFeatureStats=False, Pmutate=0.0, timeout=60, output='failure.50266.test', markov=None, noSwarmDependencies=False, startExploit=0.0, maxMustHitBranch=None, useHints=False, silentFail=False, highLowSwarm=None, maxMustHitStatement=None, progress=False, postCover=False, swarmLength=None, noCover=False, noEnumerateEnabled=False, full=True, swarmP=0.5, coverFile='coverage.out', markovP=1.0, swarmProbs=None, genDepth=None, exploitCeiling=0.1, logging=None, noCheck=False, throughput=False, uncaught=False, swarmSwitch=None, verbose=False, reducePool=False, exploit=None, fastQuickAnalysis=False, total=False, verboseExploit=False, swarm=False, sequenceP=1.0, biasLOC=None, timedProgress=30, relax=False, ddmin=False, stutter=None, readQuick=False, verboseActions=False, quickAnalysis=False, noReassign=False, sequenceSize=3, LOCProbs=False, sequencesFromTests=None, maxTests=-1, trackMaxCoverage=None, useQuickSequences=False, exploitBestHint=1, failedLogging=None, stopWhenStatements=None, greedyStutter=False, seed=None, stopWhenHitStatement=None, uniqueValuesAnalysis=False, normalize=False, startExploitStall=0, enumerateEnabled=False, internal=False, profile=False, multiple=True, stopWhenBranches=None, running=False, compareFails=False, Pcrossover=0.2, stopWhenHitBranch=None, depth=100, showActions=False)
None
None
None
Tensor("Sum_7:0", dtype=float32)
None
None
None
None
None
Tensor("Sub_5:0", dtype=float32)
None
None
None
None
None
None
None
Tensor("sub_5:0", shape=(1,), dtype=float32)
None
[0.0, 1.0]
None
[array([ 1.], dtype=float32), array([ 1.], dtype=float32)]
[array([ 0.], dtype=float32), array([ 0.], dtype=float32)]
<tf.Variable 'Variable_12:0' shape=(1,) dtype=float32_ref>
Tensor("add_10:0", dtype=float32)
None
None
[0.0, 0.0]
Tensor("sub_8:0", shape=(), dtype=float32)
None
Tensor("Const_11:0", shape=(), dtype=float32)
None
[16.0, 32.0]
Tensor("p:0", dtype=float32)
None
None
TEST #6 STEP #72 (0:00:30.046269) Thu Dec 28 16:34:41 2017 [ 2352 stmts 3047 branches ] 572 TOTAL ACTIONS (19.0373053175/s)
name: "GradientDescent_2"
op: "NoOp"
input: "^GradientDescent_2/update_Variable_17/ApplyGradientDescent"

Tensor("Square_25:0", dtype=float32)
Tensor("v_1:0", dtype=float32)
Tensor("add_19:0", shape=(1,), dtype=float32)
Tensor("Square_30:0", dtype=float32)
Tensor("t_2:0", dtype=float32)
None
Tensor("truediv_44:0", dtype=float32)
None
None
None
None
STOPPING TEST DUE TO TIMEOUT, TERMINATED AT LENGTH 26
STOPPING TESTING DUE TO TIMEOUT
1.95377515509 PERCENT COVERED
78.6454260349 TOTAL RUNTIME
12 EXECUTED
1126 TOTAL TEST OPERATIONS
57.2580902576 TIME SPENT EXECUTING TEST OPERATIONS
2.55159282684 TIME SPENT EVALUATING GUARDS AND CHOOSING ACTIONS
0.001620054245 TIME SPENT CHECKING PROPERTIES
57.2597103119 TOTAL TIME SPENT RUNNING SUT
0.170058965683 TIME SPENT RESTARTING
0.0 TIME SPENT REDUCING TEST CASES
0 FAILED
0 REPEATS OF FAILURES
0 ACTUAL DISTINCT FAILURES

3175 BRANCHES COVERED
2459 STATEMENTS COVERED
