2017-12-28 20:20:59.191106: I tensorflow/core/platform/cpu_feature_guard.cc:137] Your CPU supports instructions that this TensorFlow binary was not compiled to use: SSE4.2 AVX AVX2 FMA
Random testing using config=Config(noExceptionMatch=False, generalize=False, localize=False, speed='FAST', probs='locsample.probs', LOCBaseline=0.2, noAlphaConvert=False, replayable=False, essentials=False, noCoverageExploit=False, quickTests=False, html=None, keepLast=False, stopWhenNoCoverage=None, generateLOC=None, computeFeatureStats=False, Pmutate=0.0, timeout=60, output='failure.57805.test', markov=None, noSwarmDependencies=False, startExploit=0.0, maxMustHitBranch=None, useHints=False, silentFail=False, highLowSwarm=None, maxMustHitStatement=None, progress=False, postCover=False, swarmLength=None, noCover=False, noEnumerateEnabled=False, full=True, swarmP=0.5, coverFile='coverage.out', markovP=1.0, swarmProbs=None, genDepth=None, exploitCeiling=0.1, logging=None, noCheck=False, throughput=False, uncaught=False, swarmSwitch=None, verbose=False, reducePool=False, exploit=None, fastQuickAnalysis=False, total=False, verboseExploit=False, swarm=False, sequenceP=1.0, biasLOC=None, timedProgress=30, relax=False, ddmin=False, stutter=None, readQuick=False, verboseActions=False, quickAnalysis=False, noReassign=False, sequenceSize=3, LOCProbs=False, sequencesFromTests=None, maxTests=-1, trackMaxCoverage=None, useQuickSequences=False, exploitBestHint=1, failedLogging=None, stopWhenStatements=None, greedyStutter=False, seed=None, stopWhenHitStatement=None, uniqueValuesAnalysis=False, normalize=False, startExploitStall=0, enumerateEnabled=False, internal=False, profile=False, multiple=True, stopWhenBranches=None, running=False, compareFails=False, Pcrossover=0.2, stopWhenHitBranch=None, depth=100, showActions=False)
Tensor("Sum:0", dtype=float32)
Tensor("u_3:0", dtype=float32)
[0.0, 0.0]
Tensor("Add_2:0", dtype=float32)
None
None
Tensor("Square_2:0", dtype=float32)
Tensor("Mul_10:0", dtype=float32)
None
None
Tensor("Sum_5:0", dtype=float32)
None
None
<tf.Variable 'Variable_8:0' shape=(1,) dtype=float32_ref>
Tensor("Sum_6:0", shape=(), dtype=float32)
[array([-1.], dtype=float32), array([-1.], dtype=float32)]
[None, None]
None
None
[2.0, array([ 4.], dtype=float32)]
Tensor("Sum_11:0", shape=(), dtype=float32)
None
None
None
[array([ 0.], dtype=float32), array([ 0.], dtype=float32)]
TEST #6 STEP #59 (0:00:30.015871) Thu Dec 28 20:21:25 2017 [ 2207 stmts 2864 branches ] 559 TOTAL ACTIONS (18.6234810093/s)
None
None
Tensor("Sum_16:0", dtype=float32)
Tensor("Sub_12:0", dtype=float32)
None
None
None
None
None
[0.0, 0.0]
[0.0, nan]
Tensor("Const_18:0", shape=(), dtype=float32)
[0.0, 0.0]
None
None
None
[array([ 0.], dtype=float32), array([ 0.], dtype=float32)]
None
None
None
None
None
None
None
Tensor("Mul_26:0", dtype=float32)
None
None
None
None
None
None
Tensor("truediv_24:0", dtype=float32)
Tensor("Sub_23:0", dtype=float32)
None
None
None
None
STOPPING TEST DUE TO TIMEOUT, TERMINATED AT LENGTH 12
STOPPING TESTING DUE TO TIMEOUT
1.86362031573 PERCENT COVERED
78.775028944 TOTAL RUNTIME
12 EXECUTED
1112 TOTAL TEST OPERATIONS
57.2781922817 TIME SPENT EXECUTING TEST OPERATIONS
2.56579899788 TIME SPENT EVALUATING GUARDS AND CHOOSING ACTIONS
0.00164866447449 TIME SPENT CHECKING PROPERTIES
57.2798409462 TOTAL TIME SPENT RUNNING SUT
0.174845695496 TIME SPENT RESTARTING
0.0 TIME SPENT REDUCING TEST CASES
0 FAILED
0 REPEATS OF FAILURES
0 ACTUAL DISTINCT FAILURES

3013 BRANCHES COVERED
2322 STATEMENTS COVERED
