2017-12-29 00:17:13.830480: I tensorflow/core/platform/cpu_feature_guard.cc:137] Your CPU supports instructions that this TensorFlow binary was not compiled to use: SSE4.2 AVX AVX2 FMA
Random testing using config=Config(noExceptionMatch=False, generalize=False, localize=False, speed='FAST', probs='locsample.probs', LOCBaseline=0.2, noAlphaConvert=False, replayable=False, essentials=False, noCoverageExploit=False, quickTests=False, html=None, keepLast=False, stopWhenNoCoverage=None, generateLOC=None, computeFeatureStats=False, Pmutate=0.8, timeout=60, output='failure.64671.test', markov=None, noSwarmDependencies=False, startExploit=0.0, maxMustHitBranch=None, useHints=False, silentFail=False, highLowSwarm=None, maxMustHitStatement=None, progress=False, postCover=False, swarmLength=None, noCover=False, noEnumerateEnabled=False, full=True, swarmP=0.5, coverFile='coverage.out', markovP=1.0, swarmProbs=None, genDepth=None, exploitCeiling=0.1, logging=None, noCheck=False, throughput=False, uncaught=False, swarmSwitch=None, verbose=False, reducePool=False, exploit=0.8, fastQuickAnalysis=False, total=False, verboseExploit=False, swarm=False, sequenceP=1.0, biasLOC=None, timedProgress=30, relax=False, ddmin=False, stutter=None, readQuick=False, verboseActions=False, quickAnalysis=False, noReassign=False, sequenceSize=3, LOCProbs=False, sequencesFromTests=None, maxTests=-1, trackMaxCoverage=None, useQuickSequences=False, exploitBestHint=1, failedLogging=None, stopWhenStatements=None, greedyStutter=False, seed=None, stopWhenHitStatement=None, uniqueValuesAnalysis=False, normalize=False, startExploitStall=0, enumerateEnabled=False, internal=False, profile=False, multiple=True, stopWhenBranches=None, running=False, compareFails=False, Pcrossover=0.2, stopWhenHitBranch=None, depth=100, showActions=False)
** STARTING EXPLOITATION OF TESTS AT TIME 0.126696109772 AFTER 0 TESTS WITH NO NEW COVERAGE **
None
<tf.Variable 'Variable_7:0' shape=(1,) dtype=float32_ref>
Tensor("mul_3:0", shape=(1,), dtype=float32)
None
None
None
None
[0.0, 0.0]
Tensor("Mul_2:0", dtype=float32)
None
Tensor("Sum_9:0", shape=(), dtype=float32)
None
[0.0, 0.0]
None
None
Tensor("Square_7:0", dtype=float32)
Tensor("Sum_13:0", shape=(), dtype=float32)
Tensor("d:0", dtype=float32)
Tensor("Const_14:0", shape=(), dtype=float32)
None
None
None
<tf.Variable 'Variable_26:0' shape=(1,) dtype=float32_ref>
None
TEST #5 STEP #77 (0:00:30.034376) Fri Dec 29 00:17:41 2017 [ 2334 stmts 3023 branches ] 477 TOTAL ACTIONS (15.8818014966/s)
None
None
None
None
None
Tensor("Add_16:0", dtype=float32)
None
None
Tensor("Sub_16:0", dtype=float32)
None
None
None
None
None
None
[array([ 1.], dtype=float32), array([ 1.], dtype=float32)]
<tf.Variable 'Variable_34:0' shape=(1,) dtype=float32_ref>
<tf.Variable 'Variable_35:0' shape=(1,) dtype=float32_ref>
None
None
None
None
None
[array([ 0.], dtype=float32), array([ 0.], dtype=float32)]
[array([ 1.05882263], dtype=float32), array([ 0.], dtype=float32)]
None
None
Tensor("Square_28:0", shape=(1,), dtype=float32)
Tensor("Sub_34:0", dtype=float32)
None
None
None
None
None
None
None
None
STOPPING TEST DUE TO TIMEOUT, TERMINATED AT LENGTH 61
STOPPING TESTING DUE TO TIMEOUT
1.86992484995 PERCENT COVERED
80.8271720409 TOTAL RUNTIME
10 EXECUTED
961 TOTAL TEST OPERATIONS
57.3011186123 TIME SPENT EXECUTING TEST OPERATIONS
2.28305459023 TIME SPENT EVALUATING GUARDS AND CHOOSING ACTIONS
0.00166535377502 TIME SPENT CHECKING PROPERTIES
57.3027839661 TOTAL TIME SPENT RUNNING SUT
0.185266494751 TIME SPENT RESTARTING
0.0 TIME SPENT REDUCING TEST CASES
0 FAILED
0 REPEATS OF FAILURES
0 ACTUAL DISTINCT FAILURES

3023 BRANCHES COVERED
2334 STATEMENTS COVERED
