2017-12-28 22:38:18.709600: I tensorflow/core/platform/cpu_feature_guard.cc:137] Your CPU supports instructions that this TensorFlow binary was not compiled to use: SSE4.2 AVX AVX2 FMA
Random testing using config=Config(noExceptionMatch=False, generalize=False, localize=False, speed='FAST', probs='locsample.probs', LOCBaseline=0.2, noAlphaConvert=False, replayable=False, essentials=False, noCoverageExploit=False, quickTests=False, html=None, keepLast=False, stopWhenNoCoverage=None, generateLOC=None, computeFeatureStats=False, Pmutate=0.8, timeout=60, output='failure.61803.test', markov=None, noSwarmDependencies=False, startExploit=0.0, maxMustHitBranch=None, useHints=False, silentFail=False, highLowSwarm=None, maxMustHitStatement=None, progress=False, postCover=False, swarmLength=None, noCover=False, noEnumerateEnabled=False, full=True, swarmP=0.5, coverFile='coverage.out', markovP=1.0, swarmProbs=None, genDepth=None, exploitCeiling=0.1, logging=None, noCheck=False, throughput=False, uncaught=False, swarmSwitch=None, verbose=False, reducePool=False, exploit=0.8, fastQuickAnalysis=False, total=False, verboseExploit=False, swarm=False, sequenceP=1.0, biasLOC=None, timedProgress=30, relax=False, ddmin=False, stutter=None, readQuick=False, verboseActions=False, quickAnalysis=False, noReassign=False, sequenceSize=3, LOCProbs=False, sequencesFromTests=None, maxTests=-1, trackMaxCoverage=None, useQuickSequences=False, exploitBestHint=1, failedLogging=None, stopWhenStatements=None, greedyStutter=False, seed=None, stopWhenHitStatement=None, uniqueValuesAnalysis=False, normalize=False, startExploitStall=0, enumerateEnabled=False, internal=False, profile=False, multiple=True, stopWhenBranches=None, running=False, compareFails=False, Pcrossover=0.2, stopWhenHitBranch=None, depth=100, showActions=False)
** STARTING EXPLOITATION OF TESTS AT TIME 0.126461982727 AFTER 0 TESTS WITH NO NEW COVERAGE **
Tensor("sub:0", shape=(1,), dtype=float32)
Tensor("mul:0", shape=(1,), dtype=float32)
None
None
Tensor("Add_4:0", shape=(1,), dtype=float32)
None
None
None
None
None
[2.0, array([ 0.], dtype=float32)]
None
None
None
Tensor("Sub_8:0", dtype=float32)
None
Tensor("Sum_17:0", dtype=float32)
Tensor("b_1:0", dtype=float32)
None
None
None
TEST #5 STEP #91 (0:00:30.053591) Thu Dec 28 22:38:44 2017 [ 2344 stmts 3020 branches ] 491 TOTAL ACTIONS (16.3374819265/s)
None
None
None
None
Tensor("Sub_19:0", dtype=float32)
None
None
None
None
None
None
None
None
<tf.Variable 'Variable_27:0' shape=(1,) dtype=float32_ref>
<tf.Variable 'Variable_28:0' shape=(1,) dtype=float32_ref>
Tensor("k_1:0", dtype=float32)
Tensor("truediv_30:0", dtype=float32)
None
STOPPING TEST DUE TO TIMEOUT, TERMINATED AT LENGTH 65
STOPPING TESTING DUE TO TIMEOUT
1.87496847733 PERCENT COVERED
80.7295119762 TOTAL RUNTIME
10 EXECUTED
965 TOTAL TEST OPERATIONS
57.2209777832 TIME SPENT EXECUTING TEST OPERATIONS
2.31664252281 TIME SPENT EVALUATING GUARDS AND CHOOSING ACTIONS
0.00168895721436 TIME SPENT CHECKING PROPERTIES
57.2226667404 TOTAL TIME SPENT RUNNING SUT
0.175231933594 TIME SPENT RESTARTING
0.0 TIME SPENT REDUCING TEST CASES
0 FAILED
0 REPEATS OF FAILURES
0 ACTUAL DISTINCT FAILURES

3037 BRANCHES COVERED
2357 STATEMENTS COVERED
