2017-12-28 16:55:45.445934: I tensorflow/core/platform/cpu_feature_guard.cc:137] Your CPU supports instructions that this TensorFlow binary was not compiled to use: SSE4.2 AVX AVX2 FMA
Random testing using config=Config(noExceptionMatch=False, generalize=False, localize=False, speed='FAST', probs='locsample.probs', LOCBaseline=0.2, noAlphaConvert=False, replayable=False, essentials=False, noCoverageExploit=False, quickTests=False, html=None, keepLast=False, stopWhenNoCoverage=None, generateLOC=None, computeFeatureStats=False, Pmutate=0.8, timeout=60, output='failure.50952.test', markov=None, noSwarmDependencies=False, startExploit=0.0, maxMustHitBranch=None, useHints=False, silentFail=False, highLowSwarm=None, maxMustHitStatement=None, progress=False, postCover=False, swarmLength=None, noCover=False, noEnumerateEnabled=False, full=True, swarmP=0.5, coverFile='coverage.out', markovP=1.0, swarmProbs=None, genDepth=None, exploitCeiling=0.1, logging=None, noCheck=False, throughput=False, uncaught=False, swarmSwitch=None, verbose=False, reducePool=False, exploit=0.8, fastQuickAnalysis=False, total=False, verboseExploit=False, swarm=False, sequenceP=1.0, biasLOC=None, timedProgress=30, relax=False, ddmin=False, stutter=None, readQuick=False, verboseActions=False, quickAnalysis=False, noReassign=False, sequenceSize=3, LOCProbs=False, sequencesFromTests=None, maxTests=-1, trackMaxCoverage=None, useQuickSequences=False, exploitBestHint=1, failedLogging=None, stopWhenStatements=None, greedyStutter=False, seed=None, stopWhenHitStatement=None, uniqueValuesAnalysis=False, normalize=False, startExploitStall=0, enumerateEnabled=False, internal=False, profile=False, multiple=True, stopWhenBranches=None, running=False, compareFails=False, Pcrossover=0.2, stopWhenHitBranch=None, depth=100, showActions=False)
** STARTING EXPLOITATION OF TESTS AT TIME 0.112555027008 AFTER 0 TESTS WITH NO NEW COVERAGE **
None
None
None
None
None
[0.0, 0.0]
None
Tensor("Sum_6:0", dtype=float32)
None
None
Tensor("z_7:0", dtype=float32)
None
None
<tf.Variable 'Variable_13:0' shape=(1,) dtype=float32_ref>
None
[0.0, nan]
None
[0.0, 0.0]
None
Tensor("s_5:0", dtype=float32)
Tensor("truediv_21:0", dtype=float32)
Tensor("Square_21:0", dtype=float32)
None
None
None
TEST #6 STEP #68 (0:00:30.022254) Thu Dec 28 16:56:13 2017 [ 2302 stmts 2989 branches ] (no cov+ for 1 tests) 568 TOTAL ACTIONS (18.9192990035/s)
None
Tensor("Square_29:0", dtype=float32)
Tensor("Mul_35:0", dtype=float32)
Tensor("Square_34:0", dtype=float32)
Tensor("Mul_38:0", dtype=float32)
None
None
None
None
None
None
None
None
[array([ nan], dtype=float32), array([ nan], dtype=float32)]
Tensor("Sum_50:0", dtype=float32)
None
None
None
None
Tensor("Mul_48:0", shape=(), dtype=float32)
Tensor("Square_50:0", dtype=float32)
None
None
None
None
Tensor("Add_41:0", dtype=float32)
None
None
None
None
None
STOPPING TEST DUE TO TIMEOUT, TERMINATED AT LENGTH 97
STOPPING TESTING DUE TO TIMEOUT
1.93486155243 PERCENT COVERED
78.5095047951 TOTAL RUNTIME
11 EXECUTED
1097 TOTAL TEST OPERATIONS
57.5380673409 TIME SPENT EXECUTING TEST OPERATIONS
2.04798197746 TIME SPENT EVALUATING GUARDS AND CHOOSING ACTIONS
0.00164270401001 TIME SPENT CHECKING PROPERTIES
57.5397100449 TOTAL TIME SPENT RUNNING SUT
0.163353919983 TIME SPENT RESTARTING
0.0 TIME SPENT REDUCING TEST CASES
0 FAILED
0 REPEATS OF FAILURES
0 ACTUAL DISTINCT FAILURES

3137 BRANCHES COVERED
2421 STATEMENTS COVERED
