2017-12-28 18:41:05.405315: I tensorflow/core/platform/cpu_feature_guard.cc:137] Your CPU supports instructions that this TensorFlow binary was not compiled to use: SSE4.2 AVX AVX2 FMA
Random testing using config=Config(noExceptionMatch=False, generalize=False, localize=False, speed='FAST', probs='locsample.probs', LOCBaseline=0.2, noAlphaConvert=False, replayable=False, essentials=False, noCoverageExploit=False, quickTests=False, html=None, keepLast=False, stopWhenNoCoverage=None, generateLOC=None, computeFeatureStats=False, Pmutate=0.8, timeout=60, output='failure.54068.test', markov=None, noSwarmDependencies=False, startExploit=0.0, maxMustHitBranch=None, useHints=False, silentFail=False, highLowSwarm=None, maxMustHitStatement=None, progress=False, postCover=False, swarmLength=None, noCover=False, noEnumerateEnabled=False, full=True, swarmP=0.5, coverFile='coverage.out', markovP=1.0, swarmProbs=None, genDepth=None, exploitCeiling=0.1, logging=None, noCheck=False, throughput=False, uncaught=False, swarmSwitch=None, verbose=False, reducePool=False, exploit=0.8, fastQuickAnalysis=False, total=False, verboseExploit=False, swarm=False, sequenceP=1.0, biasLOC=None, timedProgress=30, relax=False, ddmin=False, stutter=None, readQuick=False, verboseActions=False, quickAnalysis=False, noReassign=False, sequenceSize=3, LOCProbs=False, sequencesFromTests=None, maxTests=-1, trackMaxCoverage=None, useQuickSequences=False, exploitBestHint=1, failedLogging=None, stopWhenStatements=None, greedyStutter=False, seed=None, stopWhenHitStatement=None, uniqueValuesAnalysis=False, normalize=False, startExploitStall=0, enumerateEnabled=False, internal=False, profile=False, multiple=True, stopWhenBranches=None, running=False, compareFails=False, Pcrossover=0.2, stopWhenHitBranch=None, depth=100, showActions=False)
** STARTING EXPLOITATION OF TESTS AT TIME 0.113753795624 AFTER 0 TESTS WITH NO NEW COVERAGE **
None
Tensor("Square_3:0", dtype=float32)
None
None
None
None
None
<tf.Variable 'Variable_7:0' shape=(1,) dtype=float32_ref>
Tensor("Sub_11:0", shape=(1,), dtype=float32)
Tensor("sub_4:0", shape=(1,), dtype=float32)
None
None
None
Tensor("Square_9:0", shape=(), dtype=float32)
None
[1.0, 1.0]
None
<tf.Variable 'Variable_12:0' shape=(1,) dtype=float32_ref>
Tensor("u_1:0", dtype=float32)
Tensor("Sum_10:0", dtype=float32)
None
None
None
Tensor("Mul_6:0", dtype=float32)
None
None
Tensor("Sub_18:0", dtype=float32)
Tensor("Square_18:0", dtype=float32)
Tensor("g_1:0", dtype=float32)
Tensor("Square_19:0", dtype=float32)
Tensor("Sub_21:0", dtype=float32)
Tensor("Sum_18:0", dtype=float32)
TEST #6 STEP #92 (0:00:30.028421) Thu Dec 28 18:41:33 2017 [ 1635 stmts 2106 branches ] (no cov+ for 2 tests) 592 TOTAL ACTIONS (19.7146563742/s)
<tf.Variable 'Variable_19:0' shape=(1,) dtype=float32_ref>
Tensor("v_2:0", dtype=float32)
Tensor("v_3:0", dtype=float32)
None
Tensor("Add_26:0", dtype=float32)
Tensor("Add_29:0", dtype=float32)
Tensor("truediv_21:0", dtype=float32)
None
None
None
None
None
None
Tensor("v_4:0", dtype=float32)
[-0.0, -0.0]
None
None
None
None
None
Tensor("s:0", dtype=float32)
Tensor("s_1:0", dtype=float32)
None
Tensor("add_25:0", dtype=float32)
None
None
None
None
None
None
None
None
[2.0, 1.0]
None
None
[2.0, 1.0]
None
STOPPING TEST DUE TO TIMEOUT, TERMINATED AT LENGTH 53
STOPPING TESTING DUE TO TIMEOUT
1.75644323397 PERCENT COVERED
77.5307879448 TOTAL RUNTIME
12 EXECUTED
1153 TOTAL TEST OPERATIONS
57.0124742985 TIME SPENT EXECUTING TEST OPERATIONS
2.57899665833 TIME SPENT EVALUATING GUARDS AND CHOOSING ACTIONS
0.00164771080017 TIME SPENT CHECKING PROPERTIES
57.0141220093 TOTAL TIME SPENT RUNNING SUT
0.156896829605 TIME SPENT RESTARTING
0.0 TIME SPENT REDUCING TEST CASES
0 FAILED
0 REPEATS OF FAILURES
0 ACTUAL DISTINCT FAILURES

2825 BRANCHES COVERED
2181 STATEMENTS COVERED
