2017-12-28 21:56:32.585246: I tensorflow/core/platform/cpu_feature_guard.cc:137] Your CPU supports instructions that this TensorFlow binary was not compiled to use: SSE4.2 AVX AVX2 FMA
Random testing using config=Config(noExceptionMatch=False, generalize=False, localize=False, speed='FAST', probs='locsample.probs', LOCBaseline=0.2, noAlphaConvert=False, replayable=False, essentials=False, noCoverageExploit=False, quickTests=False, html=None, keepLast=False, stopWhenNoCoverage=None, generateLOC=None, computeFeatureStats=False, Pmutate=0.8, timeout=60, output='failure.60516.test', markov=None, noSwarmDependencies=False, startExploit=0.0, maxMustHitBranch=None, useHints=False, silentFail=False, highLowSwarm=None, maxMustHitStatement=None, progress=False, postCover=False, swarmLength=None, noCover=False, noEnumerateEnabled=False, full=True, swarmP=0.5, coverFile='coverage.out', markovP=1.0, swarmProbs=None, genDepth=None, exploitCeiling=0.1, logging=None, noCheck=False, throughput=False, uncaught=False, swarmSwitch=None, verbose=False, reducePool=False, exploit=0.8, fastQuickAnalysis=False, total=False, verboseExploit=False, swarm=False, sequenceP=1.0, biasLOC=None, timedProgress=30, relax=False, ddmin=False, stutter=None, readQuick=False, verboseActions=False, quickAnalysis=False, noReassign=False, sequenceSize=3, LOCProbs=False, sequencesFromTests=None, maxTests=-1, trackMaxCoverage=None, useQuickSequences=False, exploitBestHint=1, failedLogging=None, stopWhenStatements=None, greedyStutter=False, seed=None, stopWhenHitStatement=None, uniqueValuesAnalysis=False, normalize=False, startExploitStall=0, enumerateEnabled=False, internal=False, profile=False, multiple=True, stopWhenBranches=None, running=False, compareFails=False, Pcrossover=0.2, stopWhenHitBranch=None, depth=100, showActions=False)
** STARTING EXPLOITATION OF TESTS AT TIME 0.165436029434 AFTER 0 TESTS WITH NO NEW COVERAGE **
Tensor("Mul_1:0", shape=(1,), dtype=float32)
Tensor("Sum_3:0", dtype=float32)
None
None
None
Tensor("h:0", dtype=float32)
Tensor("truediv_2:0", shape=(1,), dtype=float32)
Tensor("n:0", dtype=float32)
None
None
None
[array([ 2.], dtype=float32), array([ 1.], dtype=float32)]
None
Tensor("sub_8:0", shape=(), dtype=float32)
None
None
TEST #5 STEP #25 (0:00:30.049052) Thu Dec 28 21:56:59 2017 [ 2315 stmts 2988 branches ] 425 TOTAL ACTIONS (14.1435410342/s)
Tensor("Square_8:0", dtype=float32)
Tensor("Square_11:0", shape=(), dtype=float32)
None
Tensor("Sub_16:0", dtype=float32)
None
None
<tf.Variable 'Variable_19:0' shape=(1,) dtype=float32_ref>
[array([-2.], dtype=float32), array([-2.], dtype=float32)]
None
None
None
None
Tensor("b_1:0", dtype=float32)
Tensor("Const_22:0", shape=(), dtype=float32)
None
None
Tensor("Square_21:0", dtype=float32)
STOPPING TEST DUE TO TIMEOUT, TERMINATED AT LENGTH 46
STOPPING TESTING DUE TO TIMEOUT
1.87244666364 PERCENT COVERED
82.1793889999 TOTAL RUNTIME
9 EXECUTED
846 TOTAL TEST OPERATIONS
57.0789933205 TIME SPENT EXECUTING TEST OPERATIONS
2.45851230621 TIME SPENT EVALUATING GUARDS AND CHOOSING ACTIONS
0.00158524513245 TIME SPENT CHECKING PROPERTIES
57.0805785656 TOTAL TIME SPENT RUNNING SUT
0.209420442581 TIME SPENT RESTARTING
0.0 TIME SPENT REDUCING TEST CASES
0 FAILED
0 REPEATS OF FAILURES
0 ACTUAL DISTINCT FAILURES

3021 BRANCHES COVERED
2336 STATEMENTS COVERED
