2017-12-29 00:33:43.541901: I tensorflow/core/platform/cpu_feature_guard.cc:137] Your CPU supports instructions that this TensorFlow binary was not compiled to use: SSE4.2 AVX AVX2 FMA
Random testing using config=Config(noExceptionMatch=False, generalize=False, localize=False, speed='FAST', probs='locsample.probs', LOCBaseline=0.2, noAlphaConvert=False, replayable=False, essentials=False, noCoverageExploit=False, quickTests=False, html=None, keepLast=False, stopWhenNoCoverage=None, generateLOC=None, computeFeatureStats=False, Pmutate=0.8, timeout=60, output='failure.65105.test', markov=None, noSwarmDependencies=False, startExploit=0.0, maxMustHitBranch=None, useHints=False, silentFail=False, highLowSwarm=None, maxMustHitStatement=None, progress=False, postCover=False, swarmLength=None, noCover=False, noEnumerateEnabled=False, full=True, swarmP=0.5, coverFile='coverage.out', markovP=1.0, swarmProbs=None, genDepth=None, exploitCeiling=0.1, logging=None, noCheck=False, throughput=False, uncaught=False, swarmSwitch=None, verbose=False, reducePool=False, exploit=0.8, fastQuickAnalysis=False, total=False, verboseExploit=False, swarm=False, sequenceP=1.0, biasLOC=None, timedProgress=30, relax=False, ddmin=False, stutter=None, readQuick=False, verboseActions=False, quickAnalysis=False, noReassign=False, sequenceSize=3, LOCProbs=False, sequencesFromTests=None, maxTests=-1, trackMaxCoverage=None, useQuickSequences=False, exploitBestHint=1, failedLogging=None, stopWhenStatements=None, greedyStutter=False, seed=None, stopWhenHitStatement=None, uniqueValuesAnalysis=False, normalize=False, startExploitStall=0, enumerateEnabled=False, internal=False, profile=False, multiple=True, stopWhenBranches=None, running=False, compareFails=False, Pcrossover=0.2, stopWhenHitBranch=None, depth=100, showActions=False)
** STARTING EXPLOITATION OF TESTS AT TIME 0.125835180283 AFTER 0 TESTS WITH NO NEW COVERAGE **
None
None
None
None
None
None
[-1.0, array([-6.], dtype=float32)]
[array([ 2.], dtype=float32), array([ 2.], dtype=float32)]
Tensor("Sum_1:0", shape=(), dtype=float32)
[-1.0, -1.0]
name: "GradientDescent_1"
op: "NoOp"
input: "^GradientDescent_1/update_Variable_1/ApplyGradientDescent"

None
None
None
None
None
None
None
None
Tensor("Square_11:0", dtype=float32)
None
None
None
None
TEST #5 STEP #77 (0:00:30.054269) Fri Dec 29 00:34:11 2017 [ 2360 stmts 3054 branches ] 477 TOTAL ACTIONS (15.8712893268/s)
None
Tensor("add_13:0", shape=(), dtype=float32)
<tf.Variable 'Variable_21:0' shape=(1,) dtype=float32_ref>
Tensor("mul_18:0", shape=(1,), dtype=float32)
None
None
Tensor("Sub_29:0", shape=(1,), dtype=float32)
None
None
None
Tensor("Add_34:0", shape=(1,), dtype=float32)
None
Tensor("Sub_33:0", shape=(1,), dtype=float32)
None
None
Tensor("add_20:0", shape=(1,), dtype=float32)
None
None
None
None
Tensor("Sum_35:0", dtype=float32)
Tensor("truediv_26:0", dtype=float32)
None
None
STOPPING TEST DUE TO TIMEOUT, TERMINATED AT LENGTH 88
STOPPING TESTING DUE TO TIMEOUT
1.89009935946 PERCENT COVERED
80.1768531799 TOTAL RUNTIME
10 EXECUTED
988 TOTAL TEST OPERATIONS
57.507461071 TIME SPENT EXECUTING TEST OPERATIONS
2.05410552025 TIME SPENT EVALUATING GUARDS AND CHOOSING ACTIONS
0.00164031982422 TIME SPENT CHECKING PROPERTIES
57.5091013908 TOTAL TIME SPENT RUNNING SUT
0.178294658661 TIME SPENT RESTARTING
0.0 TIME SPENT REDUCING TEST CASES
0 FAILED
0 REPEATS OF FAILURES
0 ACTUAL DISTINCT FAILURES

3056 BRANCHES COVERED
2361 STATEMENTS COVERED
