2017-12-28 21:48:09.614531: I tensorflow/core/platform/cpu_feature_guard.cc:137] Your CPU supports instructions that this TensorFlow binary was not compiled to use: SSE4.2 AVX AVX2 FMA
Random testing using config=Config(noExceptionMatch=False, generalize=False, localize=False, speed='FAST', probs='locsample.probs', LOCBaseline=0.2, noAlphaConvert=False, replayable=False, essentials=False, noCoverageExploit=False, quickTests=False, html=None, keepLast=False, stopWhenNoCoverage=None, generateLOC=None, computeFeatureStats=False, Pmutate=0.8, timeout=60, output='failure.60279.test', markov=None, noSwarmDependencies=False, startExploit=0.0, maxMustHitBranch=None, useHints=False, silentFail=False, highLowSwarm=None, maxMustHitStatement=None, progress=False, postCover=False, swarmLength=None, noCover=False, noEnumerateEnabled=False, full=True, swarmP=0.5, coverFile='coverage.out', markovP=1.0, swarmProbs=None, genDepth=None, exploitCeiling=0.1, logging=None, noCheck=False, throughput=False, uncaught=False, swarmSwitch=None, verbose=False, reducePool=False, exploit=0.8, fastQuickAnalysis=False, total=False, verboseExploit=False, swarm=False, sequenceP=1.0, biasLOC=None, timedProgress=30, relax=False, ddmin=False, stutter=None, readQuick=False, verboseActions=False, quickAnalysis=False, noReassign=False, sequenceSize=3, LOCProbs=False, sequencesFromTests=None, maxTests=-1, trackMaxCoverage=None, useQuickSequences=False, exploitBestHint=1, failedLogging=None, stopWhenStatements=None, greedyStutter=False, seed=None, stopWhenHitStatement=None, uniqueValuesAnalysis=False, normalize=False, startExploitStall=0, enumerateEnabled=False, internal=False, profile=False, multiple=True, stopWhenBranches=None, running=False, compareFails=False, Pcrossover=0.2, stopWhenHitBranch=None, depth=100, showActions=False)
** STARTING EXPLOITATION OF TESTS AT TIME 0.133809089661 AFTER 0 TESTS WITH NO NEW COVERAGE **
None
None
None
None
None
None
Tensor("add_12:0", dtype=float32)
None
None
None
None
None
<tf.Variable 'Variable_16:0' shape=(1,) dtype=float32_ref>
None
None
[array([-1.], dtype=float32), array([ 0.], dtype=float32)]
None
[0.0, 2.0]
None
None
TEST #5 STEP #67 (0:00:30.029202) Thu Dec 28 21:48:39 2017 [ 2175 stmts 2811 branches ] 467 TOTAL ACTIONS (15.5515286931/s)
Tensor("Sum_21:0", shape=(), dtype=float32)
None
None
None
None
None
None
None
None
None
None
None
None
None
None
<tf.Variable 'Variable_30:0' shape=(1,) dtype=float32_ref>
STOPPING TEST DUE TO TIMEOUT, TERMINATED AT LENGTH 52
STOPPING TESTING DUE TO TIMEOUT
1.74698643264 PERCENT COVERED
81.4480512142 TOTAL RUNTIME
10 EXECUTED
952 TOTAL TEST OPERATIONS
57.3818068504 TIME SPENT EXECUTING TEST OPERATIONS
2.20481276512 TIME SPENT EVALUATING GUARDS AND CHOOSING ACTIONS
0.00155901908875 TIME SPENT CHECKING PROPERTIES
57.3833658695 TOTAL TIME SPENT RUNNING SUT
0.18446803093 TIME SPENT RESTARTING
0.0 TIME SPENT REDUCING TEST CASES
0 FAILED
0 REPEATS OF FAILURES
0 ACTUAL DISTINCT FAILURES

2817 BRANCHES COVERED
2177 STATEMENTS COVERED
