2017-12-29 01:15:05.920534: I tensorflow/core/platform/cpu_feature_guard.cc:137] Your CPU supports instructions that this TensorFlow binary was not compiled to use: SSE4.2 AVX AVX2 FMA
Random testing using config=Config(noExceptionMatch=False, generalize=False, localize=False, speed='FAST', probs='locsample.probs', LOCBaseline=0.2, noAlphaConvert=False, replayable=False, essentials=False, noCoverageExploit=False, quickTests=False, html=None, keepLast=False, stopWhenNoCoverage=None, generateLOC=None, computeFeatureStats=False, Pmutate=0.8, timeout=60, output='failure.66397.test', markov=None, noSwarmDependencies=False, startExploit=0.0, maxMustHitBranch=None, useHints=False, silentFail=False, highLowSwarm=None, maxMustHitStatement=None, progress=False, postCover=False, swarmLength=None, noCover=False, noEnumerateEnabled=False, full=True, swarmP=0.5, coverFile='coverage.out', markovP=1.0, swarmProbs=None, genDepth=None, exploitCeiling=0.1, logging=None, noCheck=False, throughput=False, uncaught=False, swarmSwitch=None, verbose=False, reducePool=False, exploit=0.8, fastQuickAnalysis=False, total=False, verboseExploit=False, swarm=False, sequenceP=1.0, biasLOC=None, timedProgress=30, relax=False, ddmin=False, stutter=None, readQuick=False, verboseActions=False, quickAnalysis=False, noReassign=False, sequenceSize=3, LOCProbs=False, sequencesFromTests=None, maxTests=-1, trackMaxCoverage=None, useQuickSequences=False, exploitBestHint=1, failedLogging=None, stopWhenStatements=None, greedyStutter=False, seed=None, stopWhenHitStatement=None, uniqueValuesAnalysis=False, normalize=False, startExploitStall=0, enumerateEnabled=False, internal=False, profile=False, multiple=True, stopWhenBranches=None, running=False, compareFails=False, Pcrossover=0.2, stopWhenHitBranch=None, depth=100, showActions=False)
** STARTING EXPLOITATION OF TESTS AT TIME 0.123692035675 AFTER 0 TESTS WITH NO NEW COVERAGE **
None
None
None
Tensor("add_2:0", dtype=float32)
None
None
None
None
None
Tensor("Mul_5:0", dtype=float32)
None
None
[1.0, 1.0]
None
None
Tensor("p:0", dtype=float32)
<tf.Variable 'Variable_13:0' shape=(1,) dtype=float32_ref>
TEST #5 STEP #81 (0:00:30.039581) Fri Dec 29 01:15:34 2017 [ 2443 stmts 3152 branches ] 481 TOTAL ACTIONS (16.0122073285/s)
None
None
None
[1.0, 1.0]
None
None
[1.0, 1.0]
None
None
None
<tf.Variable 'Variable_29:0' shape=(1,) dtype=float32_ref>
Tensor("Add_19:0", dtype=float32)
Tensor("Mul_18:0", dtype=float32)
Tensor("Sum_31:0", dtype=float32)
Tensor("f_3:0", dtype=float32)
None
None
Tensor("mul_17:0", shape=(1,), dtype=float32)
None
[0.0, 0.0]
None
None
None
None
None
None
None
STOPPING TEST DUE TO TIMEOUT, TERMINATED AT LENGTH 50
STOPPING TESTING DUE TO TIMEOUT
1.93990517981 PERCENT COVERED
81.4204239845 TOTAL RUNTIME
10 EXECUTED
950 TOTAL TEST OPERATIONS
57.6368098259 TIME SPENT EXECUTING TEST OPERATIONS
2.2598156929 TIME SPENT EVALUATING GUARDS AND CHOOSING ACTIONS
0.00163888931274 TIME SPENT CHECKING PROPERTIES
57.6384487152 TOTAL TIME SPENT RUNNING SUT
0.174129486084 TIME SPENT RESTARTING
0.0 TIME SPENT REDUCING TEST CASES
0 FAILED
0 REPEATS OF FAILURES
0 ACTUAL DISTINCT FAILURES

3154 BRANCHES COVERED
2444 STATEMENTS COVERED
