2017-12-28 20:10:05.019625: I tensorflow/core/platform/cpu_feature_guard.cc:137] Your CPU supports instructions that this TensorFlow binary was not compiled to use: SSE4.2 AVX AVX2 FMA
Random testing using config=Config(noExceptionMatch=False, generalize=False, localize=False, speed='FAST', probs='locsample.probs', LOCBaseline=0.2, noAlphaConvert=False, replayable=False, essentials=False, noCoverageExploit=False, quickTests=False, html=None, keepLast=False, stopWhenNoCoverage=None, generateLOC=None, computeFeatureStats=False, Pmutate=0.8, timeout=60, output='failure.57327.test', markov=None, noSwarmDependencies=False, startExploit=0.0, maxMustHitBranch=None, useHints=False, silentFail=False, highLowSwarm=None, maxMustHitStatement=None, progress=False, postCover=False, swarmLength=None, noCover=False, noEnumerateEnabled=False, full=True, swarmP=0.5, coverFile='coverage.out', markovP=1.0, swarmProbs=None, genDepth=None, exploitCeiling=0.1, logging=None, noCheck=False, throughput=False, uncaught=False, swarmSwitch=None, verbose=False, reducePool=False, exploit=0.8, fastQuickAnalysis=False, total=False, verboseExploit=False, swarm=False, sequenceP=1.0, biasLOC=None, timedProgress=30, relax=False, ddmin=False, stutter=None, readQuick=False, verboseActions=False, quickAnalysis=False, noReassign=False, sequenceSize=3, LOCProbs=False, sequencesFromTests=None, maxTests=-1, trackMaxCoverage=None, useQuickSequences=False, exploitBestHint=1, failedLogging=None, stopWhenStatements=None, greedyStutter=False, seed=None, stopWhenHitStatement=None, uniqueValuesAnalysis=False, normalize=False, startExploitStall=0, enumerateEnabled=False, internal=False, profile=False, multiple=True, stopWhenBranches=None, running=False, compareFails=False, Pcrossover=0.2, stopWhenHitBranch=None, depth=100, showActions=False)
** STARTING EXPLOITATION OF TESTS AT TIME 0.110162973404 AFTER 0 TESTS WITH NO NEW COVERAGE **
[nan, nan]
None
Tensor("Sub_4:0", dtype=float32)
None
None
None
None
None
None
None
None
None
None
None
None
Tensor("truediv_11:0", dtype=float32)
Tensor("sub_8:0", dtype=float32)
None
None
None
None
None
TEST #6 STEP #58 (0:00:30.007610) Thu Dec 28 20:10:32 2017 [ 2172 stmts 2816 branches ] 558 TOTAL ACTIONS (18.5952830931/s)
None
None
None
None
None
[1.2, 0.0]
[nan, array([ 0.], dtype=float32)]
None
Tensor("Mul_32:0", shape=(), dtype=float32)
None
None
None
None
None
Tensor("Square_30:0", shape=(1,), dtype=float32)
<tf.Variable 'Variable_25:0' shape=(1,) dtype=float32_ref>
None
Tensor("Const_26:0", shape=(), dtype=float32)
None
[array([ 0.], dtype=float32), array([ 0.], dtype=float32)]
None
Tensor("add_36:0", shape=(), dtype=float32)
STOPPING TEST DUE TO TIMEOUT, TERMINATED AT LENGTH 96
STOPPING TESTING DUE TO TIMEOUT
1.93612245927 PERCENT COVERED
78.2433438301 TOTAL RUNTIME
11 EXECUTED
1096 TOTAL TEST OPERATIONS
57.2595200539 TIME SPENT EXECUTING TEST OPERATIONS
2.36552405357 TIME SPENT EVALUATING GUARDS AND CHOOSING ACTIONS
0.00165462493896 TIME SPENT CHECKING PROPERTIES
57.2611746788 TOTAL TIME SPENT RUNNING SUT
0.157917499542 TIME SPENT RESTARTING
0.0 TIME SPENT REDUCING TEST CASES
0 FAILED
0 REPEATS OF FAILURES
0 ACTUAL DISTINCT FAILURES

3140 BRANCHES COVERED
2432 STATEMENTS COVERED
