2017-12-28 12:44:47.977829: I tensorflow/core/platform/cpu_feature_guard.cc:137] Your CPU supports instructions that this TensorFlow binary was not compiled to use: SSE4.2 AVX AVX2 FMA
Random testing using config=Config(noExceptionMatch=False, generalize=False, localize=False, speed='FAST', probs='locsample.probs', LOCBaseline=0.2, noAlphaConvert=False, replayable=False, essentials=False, noCoverageExploit=False, quickTests=False, html=None, keepLast=False, stopWhenNoCoverage=None, generateLOC=None, computeFeatureStats=False, Pmutate=0.8, timeout=60, output='failure.43274.test', markov=None, noSwarmDependencies=False, startExploit=0.0, maxMustHitBranch=None, useHints=False, silentFail=False, highLowSwarm=None, maxMustHitStatement=None, progress=False, postCover=False, swarmLength=None, noCover=False, noEnumerateEnabled=False, full=True, swarmP=0.5, coverFile='coverage.out', markovP=1.0, swarmProbs=None, genDepth=None, exploitCeiling=0.1, logging=None, noCheck=False, throughput=False, uncaught=False, swarmSwitch=None, verbose=False, reducePool=False, exploit=0.8, fastQuickAnalysis=False, total=False, verboseExploit=False, swarm=False, sequenceP=1.0, biasLOC=None, timedProgress=30, relax=False, ddmin=False, stutter=None, readQuick=False, verboseActions=False, quickAnalysis=False, noReassign=False, sequenceSize=3, LOCProbs=False, sequencesFromTests=None, maxTests=-1, trackMaxCoverage=None, useQuickSequences=False, exploitBestHint=1, failedLogging=None, stopWhenStatements=None, greedyStutter=False, seed=None, stopWhenHitStatement=None, uniqueValuesAnalysis=False, normalize=False, startExploitStall=0, enumerateEnabled=False, internal=False, profile=False, multiple=True, stopWhenBranches=None, running=False, compareFails=False, Pcrossover=0.2, stopWhenHitBranch=None, depth=100, showActions=False)
** STARTING EXPLOITATION OF TESTS AT TIME 0.114185810089 AFTER 0 TESTS WITH NO NEW COVERAGE **
None
None
Tensor("Sub_4:0", dtype=float32)
None
Tensor("add_4:0", dtype=float32)
None
None
[0.0, 0.0]
[0.0, array([ 0.], dtype=float32)]
Tensor("Add_5:0", dtype=float32)
None
[array([ 0.], dtype=float32), 0.0]
None
None
Tensor("Add_8:0", dtype=float32)
None
None
None
None
None
None
TEST #6 STEP #60 (0:00:30.032223) Thu Dec 28 12:45:17 2017 [ 2325 stmts 3006 branches ] (no cov+ for 2 tests) 560 TOTAL ACTIONS (18.646638321/s)
Tensor("truediv_14:0", dtype=float32)
Tensor("Square_17:0", dtype=float32)
Tensor("f_3:0", dtype=float32)
Tensor("Square_20:0", dtype=float32)
None
None
None
None
None
None
[array([ 0.], dtype=float32), array([ 0.], dtype=float32)]
Tensor("Square_37:0", dtype=float32)
Tensor("Add_30:0", dtype=float32)
<tf.Variable 'Variable_26:0' shape=(1,) dtype=float32_ref>
<tf.Variable 'Variable_27:0' shape=(1,) dtype=float32_ref>
None
None
None
None
STOPPING TEST DUE TO TIMEOUT, TERMINATED AT LENGTH 71
STOPPING TESTING DUE TO TIMEOUT
1.86172895546 PERCENT COVERED
79.4194779396 TOTAL RUNTIME
11 EXECUTED
1071 TOTAL TEST OPERATIONS
57.3611626625 TIME SPENT EXECUTING TEST OPERATIONS
2.30161213875 TIME SPENT EVALUATING GUARDS AND CHOOSING ACTIONS
0.0016450881958 TIME SPENT CHECKING PROPERTIES
57.3628077507 TOTAL TIME SPENT RUNNING SUT
0.154502391815 TIME SPENT RESTARTING
0.0 TIME SPENT REDUCING TEST CASES
0 FAILED
0 REPEATS OF FAILURES
0 ACTUAL DISTINCT FAILURES

3007 BRANCHES COVERED
2325 STATEMENTS COVERED
