2017-12-28 22:13:16.120624: I tensorflow/core/platform/cpu_feature_guard.cc:137] Your CPU supports instructions that this TensorFlow binary was not compiled to use: SSE4.2 AVX AVX2 FMA
Random testing using config=Config(noExceptionMatch=False, generalize=False, localize=False, speed='FAST', probs='locsample.probs', LOCBaseline=0.2, noAlphaConvert=False, replayable=False, essentials=False, noCoverageExploit=False, quickTests=False, html=None, keepLast=False, stopWhenNoCoverage=None, generateLOC=None, computeFeatureStats=False, Pmutate=0.8, timeout=60, output='failure.60993.test', markov=None, noSwarmDependencies=False, startExploit=0.0, maxMustHitBranch=None, useHints=False, silentFail=False, highLowSwarm=None, maxMustHitStatement=None, progress=False, postCover=False, swarmLength=None, noCover=False, noEnumerateEnabled=False, full=True, swarmP=0.5, coverFile='coverage.out', markovP=1.0, swarmProbs=None, genDepth=None, exploitCeiling=0.1, logging=None, noCheck=False, throughput=False, uncaught=False, swarmSwitch=None, verbose=False, reducePool=False, exploit=0.8, fastQuickAnalysis=False, total=False, verboseExploit=False, swarm=False, sequenceP=1.0, biasLOC=None, timedProgress=30, relax=False, ddmin=False, stutter=None, readQuick=False, verboseActions=False, quickAnalysis=False, noReassign=False, sequenceSize=3, LOCProbs=False, sequencesFromTests=None, maxTests=-1, trackMaxCoverage=None, useQuickSequences=False, exploitBestHint=1, failedLogging=None, stopWhenStatements=None, greedyStutter=False, seed=None, stopWhenHitStatement=None, uniqueValuesAnalysis=False, normalize=False, startExploitStall=0, enumerateEnabled=False, internal=False, profile=False, multiple=True, stopWhenBranches=None, running=False, compareFails=False, Pcrossover=0.2, stopWhenHitBranch=None, depth=100, showActions=False)
** STARTING EXPLOITATION OF TESTS AT TIME 0.111854791641 AFTER 0 TESTS WITH NO NEW COVERAGE **
None
None
None
None
None
Tensor("sub_1:0", dtype=float32)
None
None
Tensor("Sub_1:0", dtype=float32)
None
None
None
None
None
[1.0, array([ 1.], dtype=float32)]
None
None
[array([ 0.], dtype=float32), array([ 0.], dtype=float32)]
Tensor("Const_5:0", shape=(), dtype=float32)
None
Tensor("truediv_8:0", dtype=float32)
None
None
Tensor("truediv_13:0", dtype=float32)
TEST #5 STEP #36 (0:00:30.023560) Thu Dec 28 22:13:46 2017 [ 1639 stmts 2110 branches ] 436 TOTAL ACTIONS (14.5219288711/s)
Tensor("Sum_14:0", dtype=float32)
None
None
None
None
None
None
None
None
[nan, array([ 0.], dtype=float32)]
None
[array([ nan], dtype=float32), array([ nan], dtype=float32)]
Tensor("Sum_28:0", dtype=float32)
None
None
None
None
STOPPING TEST DUE TO TIMEOUT, TERMINATED AT LENGTH 66
STOPPING TESTING DUE TO TIMEOUT
1.55028496495 PERCENT COVERED
83.6031839848 TOTAL RUNTIME
9 EXECUTED
866 TOTAL TEST OPERATIONS
57.2171814442 TIME SPENT EXECUTING TEST OPERATIONS
2.39874386787 TIME SPENT EVALUATING GUARDS AND CHOOSING ACTIONS
0.00154829025269 TIME SPENT CHECKING PROPERTIES
57.2187297344 TOTAL TIME SPENT RUNNING SUT
0.159566879272 TIME SPENT RESTARTING
0.0 TIME SPENT REDUCING TEST CASES
0 FAILED
0 REPEATS OF FAILURES
0 ACTUAL DISTINCT FAILURES

2492 BRANCHES COVERED
1926 STATEMENTS COVERED
