2017-12-28 13:01:09.012729: I tensorflow/core/platform/cpu_feature_guard.cc:137] Your CPU supports instructions that this TensorFlow binary was not compiled to use: SSE4.2 AVX AVX2 FMA
Random testing using config=Config(noExceptionMatch=False, generalize=False, localize=False, speed='FAST', probs='locsample.probs', LOCBaseline=0.2, noAlphaConvert=False, replayable=False, essentials=False, noCoverageExploit=False, quickTests=False, html=None, keepLast=False, stopWhenNoCoverage=None, generateLOC=None, computeFeatureStats=False, Pmutate=0.8, timeout=60, output='failure.43828.test', markov=None, noSwarmDependencies=False, startExploit=0.0, maxMustHitBranch=None, useHints=False, silentFail=False, highLowSwarm=None, maxMustHitStatement=None, progress=False, postCover=False, swarmLength=None, noCover=False, noEnumerateEnabled=False, full=True, swarmP=0.5, coverFile='coverage.out', markovP=1.0, swarmProbs=None, genDepth=None, exploitCeiling=0.1, logging=None, noCheck=False, throughput=False, uncaught=False, swarmSwitch=None, verbose=False, reducePool=False, exploit=0.8, fastQuickAnalysis=False, total=False, verboseExploit=False, swarm=False, sequenceP=1.0, biasLOC=None, timedProgress=30, relax=False, ddmin=False, stutter=None, readQuick=False, verboseActions=False, quickAnalysis=False, noReassign=False, sequenceSize=3, LOCProbs=False, sequencesFromTests=None, maxTests=-1, trackMaxCoverage=None, useQuickSequences=False, exploitBestHint=1, failedLogging=None, stopWhenStatements=None, greedyStutter=False, seed=None, stopWhenHitStatement=None, uniqueValuesAnalysis=False, normalize=False, startExploitStall=0, enumerateEnabled=False, internal=False, profile=False, multiple=True, stopWhenBranches=None, running=False, compareFails=False, Pcrossover=0.2, stopWhenHitBranch=None, depth=100, showActions=False)
** STARTING EXPLOITATION OF TESTS AT TIME 0.118123054504 AFTER 0 TESTS WITH NO NEW COVERAGE **
None
None
None
Tensor("sub_4:0", dtype=float32)
Tensor("add_3:0", dtype=float32)
None
None
None
None
None
Tensor("Add_12:0", dtype=float32)
None
None
None
None
TEST #6 STEP #94 (0:00:30.027730) Thu Dec 28 13:01:37 2017 [ 2384 stmts 3070 branches ] 594 TOTAL ACTIONS (19.7817151092/s)
None
Tensor("mul_4:0", shape=(1,), dtype=float32)
Tensor("Square_18:0", shape=(1,), dtype=float32)
None
None
None
None
None
None
None
None
None
None
Tensor("Sub_27:0", dtype=float32)
None
None
[-1.0, -1.0]
None
None
None
None
None
None
None
None
None
None
None
None
Tensor("Sum_39:0", shape=(), dtype=float32)
Tensor("Const_14:0", shape=(), dtype=float32)
Tensor("sub_21:0", shape=(1,), dtype=float32)
Tensor("Mul_44:0", shape=(1,), dtype=float32)
None
None
None
None
[-4.0, array([-4.], dtype=float32)]
[None, None]
STOPPING TEST DUE TO TIMEOUT, TERMINATED AT LENGTH 27
STOPPING TESTING DUE TO TIMEOUT
1.94431835376 PERCENT COVERED
79.0505511761 TOTAL RUNTIME
12 EXECUTED
1127 TOTAL TEST OPERATIONS
57.2059695721 TIME SPENT EXECUTING TEST OPERATIONS
2.4453728199 TIME SPENT EVALUATING GUARDS AND CHOOSING ACTIONS
0.00165867805481 TIME SPENT CHECKING PROPERTIES
57.2076282501 TOTAL TIME SPENT RUNNING SUT
0.168975353241 TIME SPENT RESTARTING
0.0 TIME SPENT REDUCING TEST CASES
0 FAILED
0 REPEATS OF FAILURES
0 ACTUAL DISTINCT FAILURES

3150 BRANCHES COVERED
2440 STATEMENTS COVERED
