2017-12-28 22:31:22.636223: I tensorflow/core/platform/cpu_feature_guard.cc:137] Your CPU supports instructions that this TensorFlow binary was not compiled to use: SSE4.2 AVX AVX2 FMA
Random testing using config=Config(noExceptionMatch=False, generalize=False, localize=False, speed='FAST', probs='locsample.probs', LOCBaseline=0.2, noAlphaConvert=False, replayable=False, essentials=False, noCoverageExploit=False, quickTests=False, html=None, keepLast=False, stopWhenNoCoverage=None, generateLOC=None, computeFeatureStats=False, Pmutate=0.0, timeout=60, output='failure.61622.test', markov=None, noSwarmDependencies=False, startExploit=0.0, maxMustHitBranch=None, useHints=False, silentFail=False, highLowSwarm=None, maxMustHitStatement=None, progress=False, postCover=False, swarmLength=None, noCover=False, noEnumerateEnabled=False, full=True, swarmP=0.5, coverFile='coverage.out', markovP=1.0, swarmProbs=None, genDepth=None, exploitCeiling=0.1, logging=None, noCheck=False, throughput=False, uncaught=False, swarmSwitch=None, verbose=False, reducePool=False, exploit=None, fastQuickAnalysis=False, total=False, verboseExploit=False, swarm=True, sequenceP=1.0, biasLOC=None, timedProgress=30, relax=False, ddmin=False, stutter=None, readQuick=False, verboseActions=False, quickAnalysis=False, noReassign=False, sequenceSize=3, LOCProbs=False, sequencesFromTests=None, maxTests=-1, trackMaxCoverage=None, useQuickSequences=False, exploitBestHint=1, failedLogging=None, stopWhenStatements=None, greedyStutter=False, seed=None, stopWhenHitStatement=None, uniqueValuesAnalysis=False, normalize=False, startExploitStall=0, enumerateEnabled=False, internal=False, profile=False, multiple=True, stopWhenBranches=None, running=False, compareFails=False, Pcrossover=0.2, stopWhenHitBranch=None, depth=100, showActions=False)
[0.0, 0.0]
[0.0, 0.0]
[0.0, 0.0]
[0.0, 0.0]
None
None
None
None
None
None
None
None
None
None
[0.0, array([ 0.], dtype=float32)]
[array([ 0.], dtype=float32), 0.0]
None
[0.0, 0.0]
[0.0, array([-1.], dtype=float32)]
[-3.0, None]
None
None
None
None
None
None
None
Tensor("Square_5:0", dtype=float32)
None
None
None
None
None
None
None
TEST #5 STEP #87 (0:00:30.025411) Thu Dec 28 22:31:51 2017 [ 2311 stmts 2990 branches ] 487 TOTAL ACTIONS (16.219594855/s)
None
None
Tensor("truediv_9:0", shape=(1,), dtype=float32)
None
None
None
None
<tf.Variable 'Variable_34:0' shape=(1,) dtype=float32_ref>
None
None
None
None
[array([ 0.], dtype=float32), array([ 0.], dtype=float32)]
None
None
[array([ 0.], dtype=float32), array([ 0.], dtype=float32)]
[0.0, 0.0]
None
None
None
None
None
None
None
None
None
None
None
None
None
None
None
None
None
Tensor("sub_40:0", dtype=float32)
Tensor("sub_42:0", dtype=float32)
Tensor("sub_43:0", dtype=float32)
None
STOPPING TEST DUE TO TIMEOUT, TERMINATED AT LENGTH 21
STOPPING TESTING DUE TO TIMEOUT
1.86235940889 PERCENT COVERED
80.9132988453 TOTAL RUNTIME
10 EXECUTED
921 TOTAL TEST OPERATIONS
58.1762316227 TIME SPENT EXECUTING TEST OPERATIONS
1.64220643044 TIME SPENT EVALUATING GUARDS AND CHOOSING ACTIONS
0.00153017044067 TIME SPENT CHECKING PROPERTIES
58.1777617931 TOTAL TIME SPENT RUNNING SUT
0.187426805496 TIME SPENT RESTARTING
0.0 TIME SPENT REDUCING TEST CASES
0 FAILED
0 REPEATS OF FAILURES
0 ACTUAL DISTINCT FAILURES

3011 BRANCHES COVERED
2324 STATEMENTS COVERED
