2017-12-28 20:27:38.548809: I tensorflow/core/platform/cpu_feature_guard.cc:137] Your CPU supports instructions that this TensorFlow binary was not compiled to use: SSE4.2 AVX AVX2 FMA
Random testing using config=Config(noExceptionMatch=False, generalize=False, localize=False, speed='FAST', probs='locsample.probs', LOCBaseline=0.2, noAlphaConvert=False, replayable=False, essentials=False, noCoverageExploit=False, quickTests=False, html=None, keepLast=False, stopWhenNoCoverage=None, generateLOC=None, computeFeatureStats=False, Pmutate=0.0, timeout=60, output='failure.57994.test', markov=None, noSwarmDependencies=False, startExploit=0.0, maxMustHitBranch=None, useHints=False, silentFail=False, highLowSwarm=None, maxMustHitStatement=None, progress=False, postCover=False, swarmLength=None, noCover=False, noEnumerateEnabled=False, full=True, swarmP=0.5, coverFile='coverage.out', markovP=1.0, swarmProbs=None, genDepth=None, exploitCeiling=0.1, logging=None, noCheck=False, throughput=False, uncaught=False, swarmSwitch=None, verbose=False, reducePool=False, exploit=None, fastQuickAnalysis=False, total=False, verboseExploit=False, swarm=True, sequenceP=1.0, biasLOC=None, timedProgress=30, relax=False, ddmin=False, stutter=None, readQuick=False, verboseActions=False, quickAnalysis=False, noReassign=False, sequenceSize=3, LOCProbs=False, sequencesFromTests=None, maxTests=-1, trackMaxCoverage=None, useQuickSequences=False, exploitBestHint=1, failedLogging=None, stopWhenStatements=None, greedyStutter=False, seed=None, stopWhenHitStatement=None, uniqueValuesAnalysis=False, normalize=False, startExploitStall=0, enumerateEnabled=False, internal=False, profile=False, multiple=True, stopWhenBranches=None, running=False, compareFails=False, Pcrossover=0.2, stopWhenHitBranch=None, depth=100, showActions=False)
None
None
[0.0, 0.0]
None
[0.0, 0.0]
[0.0, 0.0]
None
[-0.0, -20.0]
[-15600.0, -15620.0]
None
None
None
None
None
None
None
None
None
None
Tensor("Sum_21:0", shape=(), dtype=float32)
[0.0, array([ 0.], dtype=float32)]
None
None
Tensor("Sub_11:0", shape=(1,), dtype=float32)
None
None
Tensor("Square_11:0", dtype=float32)
None
None
None
None
None
None
None
None
None
None
None
None
None
None
None
None
None
None
None
[array([ 0.], dtype=float32), array([ 0.], dtype=float32)]
TEST #6 STEP #79 (0:00:30.003079) Thu Dec 28 20:28:08 2017 [ 2098 stmts 2713 branches ] 579 TOTAL ACTIONS (19.2980194201/s)
None
None
None
[array([ 0.], dtype=float32), array([ 0.], dtype=float32)]
None
None
None
None
None
None
[array([ 0.], dtype=float32), array([ 0.], dtype=float32)]
None
None
[array([ 26.], dtype=float32), array([ 12.], dtype=float32)]
None
[array([ 1.], dtype=float32), array([ 1.], dtype=float32)]
None
None
None
[array([-16.], dtype=float32), array([ 0.], dtype=float32)]
None
None
None
None
None
[0.0, 0.0]
[0.0, 0.0]
Tensor("Sum_33:0", shape=(), dtype=float32)
None
[0.0, 0.0]
[0.0, 0.0]
[0.0, 0.0]
[0.0, 0.0]
Tensor("Sum_36:0", shape=(), dtype=float32)
[0.0, 0.0]
None
[0.0, 0.0]
[0.0, 0.0]
[0.0, 0.0]
[0.0, 0.0]
[0.0, 0.0]
[0.0, 0.0]
[0.0, 0.0]
[0.0, 0.0]
[0.0, 0.0]
[0.0, 0.0]
[-3.0, -3.0]
STOPPING TEST DUE TO TIMEOUT, TERMINATED AT LENGTH 27
STOPPING TESTING DUE TO TIMEOUT
1.70348514652 PERCENT COVERED
78.3391819 TOTAL RUNTIME
12 EXECUTED
1127 TOTAL TEST OPERATIONS
58.0654773712 TIME SPENT EXECUTING TEST OPERATIONS
1.75521993637 TIME SPENT EVALUATING GUARDS AND CHOOSING ACTIONS
0.00162935256958 TIME SPENT CHECKING PROPERTIES
58.0671067238 TOTAL TIME SPENT RUNNING SUT
0.16126704216 TIME SPENT RESTARTING
0.0 TIME SPENT REDUCING TEST CASES
0 FAILED
0 REPEATS OF FAILURES
0 ACTUAL DISTINCT FAILURES

2747 BRANCHES COVERED
2123 STATEMENTS COVERED
