2017-12-28 18:50:28.105132: I tensorflow/core/platform/cpu_feature_guard.cc:137] Your CPU supports instructions that this TensorFlow binary was not compiled to use: SSE4.2 AVX AVX2 FMA
Random testing using config=Config(noExceptionMatch=False, generalize=False, localize=False, speed='FAST', probs='locsample.probs', LOCBaseline=0.2, noAlphaConvert=False, replayable=False, essentials=False, noCoverageExploit=False, quickTests=False, html=None, keepLast=False, stopWhenNoCoverage=None, generateLOC=None, computeFeatureStats=False, Pmutate=0.0, timeout=60, output='failure.54324.test', markov=None, noSwarmDependencies=False, startExploit=0.0, maxMustHitBranch=None, useHints=False, silentFail=False, highLowSwarm=None, maxMustHitStatement=None, progress=False, postCover=False, swarmLength=None, noCover=False, noEnumerateEnabled=False, full=True, swarmP=0.5, coverFile='coverage.out', markovP=1.0, swarmProbs=None, genDepth=None, exploitCeiling=0.1, logging=None, noCheck=False, throughput=False, uncaught=False, swarmSwitch=None, verbose=False, reducePool=False, exploit=None, fastQuickAnalysis=False, total=False, verboseExploit=False, swarm=True, sequenceP=1.0, biasLOC=None, timedProgress=30, relax=False, ddmin=False, stutter=None, readQuick=False, verboseActions=False, quickAnalysis=False, noReassign=False, sequenceSize=3, LOCProbs=False, sequencesFromTests=None, maxTests=-1, trackMaxCoverage=None, useQuickSequences=False, exploitBestHint=1, failedLogging=None, stopWhenStatements=None, greedyStutter=False, seed=None, stopWhenHitStatement=None, uniqueValuesAnalysis=False, normalize=False, startExploitStall=0, enumerateEnabled=False, internal=False, profile=False, multiple=True, stopWhenBranches=None, running=False, compareFails=False, Pcrossover=0.2, stopWhenHitBranch=None, depth=100, showActions=False)
None
None
None
[0.0, 0.0]
[0.0, 0.0]
[0.0, 0.0]
None
[0.0, 0.0]
[0.0, 0.0]
None
None
None
[0.0, 0.0]
None
None
[0.0, 0.0]
None
None
None
None
None
None
None
None
None
None
None
[nan, array([ 0.], dtype=float32)]
[nan, None]
None
None
None
None
None
[nan, nan]
None
[0.0, array([ nan], dtype=float32)]
TEST #6 STEP #21 (0:00:30.001647) Thu Dec 28 18:50:57 2017 [ 2137 stmts 2764 branches ] (no cov+ for 1 tests) 521 TOTAL ACTIONS (17.3657132916/s)
None
None
None
None
None
None
None
None
None
None
None
None
None
[array([ 0.], dtype=float32), 1.0]
None
None
None
None
None
None
None
[array([ 1.], dtype=float32), 1.0]
None
None
None
None
[0.0, 0.0]
None
None
None
[0.0, 0.0]
None
None
[0.0, 0.0]
None
[0.0, 0.0]
Tensor("Square_18:0", shape=(), dtype=float32)
None
[0.0, 0.0]
None
None
[0.0, 0.0]
None
None
None
None
None
None
None
None
None
None
None
Tensor("Mul_25:0", dtype=float32)
None
STOPPING TEST DUE TO TIMEOUT, TERMINATED AT LENGTH 12
STOPPING TESTING DUE TO TIMEOUT
1.7457255258 PERCENT COVERED
79.5523819923 TOTAL RUNTIME
11 EXECUTED
1012 TOTAL TEST OPERATIONS
58.0948240757 TIME SPENT EXECUTING TEST OPERATIONS
1.74077367783 TIME SPENT EVALUATING GUARDS AND CHOOSING ACTIONS
0.00159668922424 TIME SPENT CHECKING PROPERTIES
58.0964207649 TOTAL TIME SPENT RUNNING SUT
0.176729679108 TIME SPENT RESTARTING
0.0 TIME SPENT REDUCING TEST CASES
0 FAILED
0 REPEATS OF FAILURES
0 ACTUAL DISTINCT FAILURES

2805 BRANCHES COVERED
2166 STATEMENTS COVERED
