2017-12-28 22:14:43.544196: I tensorflow/core/platform/cpu_feature_guard.cc:137] Your CPU supports instructions that this TensorFlow binary was not compiled to use: SSE4.2 AVX AVX2 FMA
Random testing using config=Config(noExceptionMatch=False, generalize=False, localize=False, speed='FAST', probs='locsample.probs', LOCBaseline=0.2, noAlphaConvert=False, replayable=False, essentials=False, noCoverageExploit=False, quickTests=False, html=None, keepLast=False, stopWhenNoCoverage=None, generateLOC=None, computeFeatureStats=False, Pmutate=0.0, timeout=60, output='failure.61034.test', markov=None, noSwarmDependencies=False, startExploit=0.0, maxMustHitBranch=None, useHints=False, silentFail=False, highLowSwarm=None, maxMustHitStatement=None, progress=False, postCover=False, swarmLength=None, noCover=False, noEnumerateEnabled=False, full=True, swarmP=0.5, coverFile='coverage.out', markovP=1.0, swarmProbs=None, genDepth=None, exploitCeiling=0.1, logging=None, noCheck=False, throughput=False, uncaught=False, swarmSwitch=None, verbose=False, reducePool=False, exploit=None, fastQuickAnalysis=False, total=False, verboseExploit=False, swarm=True, sequenceP=1.0, biasLOC=None, timedProgress=30, relax=False, ddmin=False, stutter=None, readQuick=False, verboseActions=False, quickAnalysis=False, noReassign=False, sequenceSize=3, LOCProbs=False, sequencesFromTests=None, maxTests=-1, trackMaxCoverage=None, useQuickSequences=False, exploitBestHint=1, failedLogging=None, stopWhenStatements=None, greedyStutter=False, seed=None, stopWhenHitStatement=None, uniqueValuesAnalysis=False, normalize=False, startExploitStall=0, enumerateEnabled=False, internal=False, profile=False, multiple=True, stopWhenBranches=None, running=False, compareFails=False, Pcrossover=0.2, stopWhenHitBranch=None, depth=100, showActions=False)
None
None
None
None
None
None
None
None
None
None
None
None
None
None
None
None
<tf.Variable 'Variable_14:0' shape=(1,) dtype=float32_ref>
None
None
[array([ 0.], dtype=float32), array([ 0.], dtype=float32)]
None
None
None
None
None
None
None
None
None
None
None
None
None
None
None
None
Tensor("Sum_14:0", shape=(), dtype=float32)
TEST #5 STEP #44 (0:00:30.026880) Thu Dec 28 22:15:11 2017 [ 1646 stmts 2118 branches ] (no cov+ for 1 tests) 444 TOTAL ACTIONS (14.7867510583/s)
None
<tf.Variable 'Variable_23:0' shape=(1,) dtype=float32_ref>
Tensor("Sum_18:0", shape=(), dtype=float32)
None
None
None
<tf.Variable 'Variable_28:0' shape=(1,) dtype=float32_ref>
<tf.Variable 'Variable_26:0' shape=(1,) dtype=float32_ref>
<tf.Variable 'Variable_27:0' shape=(1,) dtype=float32_ref>
None
None
[4.0, 0.0]
[0.0, 0.0]
[0.0, 0.0]
[0.0, 0.0]
None
None
[-1.0, -1.0]
None
[array([ 0.], dtype=float32), -1.0]
None
[0.0, 0.0]
[-1.0, -1.0]
None
None
None
<tf.Variable 'Variable_54:0' shape=(1,) dtype=float32_ref>
Tensor("Add_16:0", dtype=float32)
Tensor("Add_17:0", dtype=float32)
None
Tensor("Sub_17:0", dtype=float32)
None
None
None
None
None
Tensor("Square_12:0", dtype=float32)
STOPPING TEST DUE TO TIMEOUT, TERMINATED AT LENGTH 75
STOPPING TESTING DUE TO TIMEOUT
1.34538760276 PERCENT COVERED
83.3602290154 TOTAL RUNTIME
9 EXECUTED
875 TOTAL TEST OPERATIONS
58.1281459332 TIME SPENT EXECUTING TEST OPERATIONS
1.68503570557 TIME SPENT EVALUATING GUARDS AND CHOOSING ACTIONS
0.00151324272156 TIME SPENT CHECKING PROPERTIES
58.1296591759 TOTAL TIME SPENT RUNNING SUT
0.180269241333 TIME SPENT RESTARTING
0.0 TIME SPENT REDUCING TEST CASES
0 FAILED
0 REPEATS OF FAILURES
0 ACTUAL DISTINCT FAILURES

2161 BRANCHES COVERED
1674 STATEMENTS COVERED
