2017-12-28 15:36:21.654449: I tensorflow/core/platform/cpu_feature_guard.cc:137] Your CPU supports instructions that this TensorFlow binary was not compiled to use: SSE4.2 AVX AVX2 FMA
Random testing using config=Config(noExceptionMatch=False, generalize=False, localize=False, speed='FAST', probs='locsample.probs', LOCBaseline=0.2, noAlphaConvert=False, replayable=False, essentials=False, noCoverageExploit=False, quickTests=False, html=None, keepLast=False, stopWhenNoCoverage=None, generateLOC=None, computeFeatureStats=False, Pmutate=0.0, timeout=60, output='failure.48226.test', markov=None, noSwarmDependencies=False, startExploit=0.0, maxMustHitBranch=None, useHints=False, silentFail=False, highLowSwarm=None, maxMustHitStatement=None, progress=False, postCover=False, swarmLength=None, noCover=False, noEnumerateEnabled=False, full=True, swarmP=0.5, coverFile='coverage.out', markovP=1.0, swarmProbs=None, genDepth=None, exploitCeiling=0.1, logging=None, noCheck=False, throughput=False, uncaught=False, swarmSwitch=None, verbose=False, reducePool=False, exploit=None, fastQuickAnalysis=False, total=False, verboseExploit=False, swarm=True, sequenceP=1.0, biasLOC=None, timedProgress=30, relax=False, ddmin=False, stutter=None, readQuick=False, verboseActions=False, quickAnalysis=False, noReassign=False, sequenceSize=3, LOCProbs=False, sequencesFromTests=None, maxTests=-1, trackMaxCoverage=None, useQuickSequences=False, exploitBestHint=1, failedLogging=None, stopWhenStatements=None, greedyStutter=False, seed=None, stopWhenHitStatement=None, uniqueValuesAnalysis=False, normalize=False, startExploitStall=0, enumerateEnabled=False, internal=False, profile=False, multiple=True, stopWhenBranches=None, running=False, compareFails=False, Pcrossover=0.2, stopWhenHitBranch=None, depth=100, showActions=False)
None
None
None
None
[array([ nan], dtype=float32), nan]
<tf.Variable 'Variable_2:0' shape=(1,) dtype=float32_ref>
None
None
None
None
None
None
None
None
None
None
None
None
Tensor("truediv_14:0", dtype=float32)
None
None
None
None
Tensor("s:0", dtype=float32)
None
None
<tf.Variable 'Variable_6:0' shape=(1,) dtype=float32_ref>
None
Tensor("Mul_9:0", dtype=float32)
None
None
None
None
[-3.0, -3.0]
[-3.0, -3.0]
None
None
[81.0, 1.0]
[-1.0, 0.5]
[-1.0, -0.5]
None
None
TEST #6 STEP #71 (0:00:30.024944) Thu Dec 28 15:36:45 2017 [ 2106 stmts 2722 branches ] (no cov+ for 1 tests) 571 TOTAL ACTIONS (19.0175208562/s)
None
None
None
[2.0, nan]
[nan, 0.0]
[2.0, 0.0]
None
None
None
None
Tensor("sub_15:0", shape=(1,), dtype=float32)
None
None
None
<tf.Variable 'Variable_12:0' shape=(1,) dtype=float32_ref>
None
None
Tensor("Sum_31:0", shape=(), dtype=float32)
Tensor("sub_31:0", shape=(), dtype=float32)
Tensor("sub_32:0", shape=(), dtype=float32)
Tensor("add_26:0", shape=(), dtype=float32)
Tensor("truediv_29:0", shape=(), dtype=float32)
None
None
[array([ 2.], dtype=float32), array([ 2.], dtype=float32)]
None
None
[array([ 1.], dtype=float32), array([ 0.], dtype=float32)]
None
None
None
None
[array([ 0.], dtype=float32), array([ 0.], dtype=float32)]
None
None
None
None
STOPPING TEST DUE TO TIMEOUT, TERMINATED AT LENGTH 95
STOPPING TESTING DUE TO TIMEOUT
1.79616179957 PERCENT COVERED
79.0623860359 TOTAL RUNTIME
11 EXECUTED
1095 TOTAL TEST OPERATIONS
58.1292190552 TIME SPENT EXECUTING TEST OPERATIONS
1.69285869598 TIME SPENT EVALUATING GUARDS AND CHOOSING ACTIONS
0.00161695480347 TIME SPENT CHECKING PROPERTIES
58.13083601 TOTAL TIME SPENT RUNNING SUT
0.150705099106 TIME SPENT RESTARTING
0.0 TIME SPENT REDUCING TEST CASES
0 FAILED
0 REPEATS OF FAILURES
0 ACTUAL DISTINCT FAILURES

2916 BRANCHES COVERED
2248 STATEMENTS COVERED
