2017-12-28 19:30:50.473445: I tensorflow/core/platform/cpu_feature_guard.cc:137] Your CPU supports instructions that this TensorFlow binary was not compiled to use: SSE4.2 AVX AVX2 FMA
Random testing using config=Config(noExceptionMatch=False, generalize=False, localize=False, speed='FAST', probs='locsample.probs', LOCBaseline=0.2, noAlphaConvert=False, replayable=False, essentials=False, noCoverageExploit=False, quickTests=False, html=None, keepLast=False, stopWhenNoCoverage=None, generateLOC=None, computeFeatureStats=False, Pmutate=0.0, timeout=60, output='failure.55423.test', markov=None, noSwarmDependencies=False, startExploit=0.0, maxMustHitBranch=None, useHints=False, silentFail=False, highLowSwarm=None, maxMustHitStatement=None, progress=False, postCover=False, swarmLength=None, noCover=False, noEnumerateEnabled=False, full=True, swarmP=0.5, coverFile='coverage.out', markovP=1.0, swarmProbs=None, genDepth=None, exploitCeiling=0.1, logging=None, noCheck=False, throughput=False, uncaught=False, swarmSwitch=None, verbose=False, reducePool=False, exploit=None, fastQuickAnalysis=False, total=False, verboseExploit=False, swarm=True, sequenceP=1.0, biasLOC=None, timedProgress=30, relax=False, ddmin=False, stutter=None, readQuick=False, verboseActions=False, quickAnalysis=False, noReassign=False, sequenceSize=3, LOCProbs=False, sequencesFromTests=None, maxTests=-1, trackMaxCoverage=None, useQuickSequences=False, exploitBestHint=1, failedLogging=None, stopWhenStatements=None, greedyStutter=False, seed=None, stopWhenHitStatement=None, uniqueValuesAnalysis=False, normalize=False, startExploitStall=0, enumerateEnabled=False, internal=False, profile=False, multiple=True, stopWhenBranches=None, running=False, compareFails=False, Pcrossover=0.2, stopWhenHitBranch=None, depth=100, showActions=False)
Tensor("Square_2:0", shape=(), dtype=float32)
[nan, nan]
None
Tensor("Square_3:0", shape=(), dtype=float32)
None
[-0.0, 4.7330373e+35]
None
None
None
None
None
None
None
Tensor("Const_15:0", shape=(), dtype=float32)
Tensor("truediv_12:0", shape=(1,), dtype=float32)
None
[0.0, 0.0]
None
Tensor("u:0", dtype=float32)
None
Tensor("u_1:0", dtype=float32)
Tensor("add_7:0", shape=(1,), dtype=float32)
None
None
Tensor("Const_17:0", shape=(), dtype=float32)
None
Tensor("u_2:0", dtype=float32)
None
Tensor("k:0", dtype=float32)
None
None
None
None
None
None
None
None
None
None
None
None
None
TEST #7 STEP #11 (0:00:30.029462) Thu Dec 28 19:31:17 2017 [ 2300 stmts 2973 branches ] 611 TOTAL ACTIONS (20.3466849601/s)
None
None
None
None
None
None
None
None
None
None
None
None
None
Tensor("Mul_10:0", dtype=float32)
None
None
Tensor("Sub_14:0", dtype=float32)
None
None
None
None
None
None
None
Tensor("truediv_28:0", dtype=float32)
None
None
None
Tensor("Add_16:0", dtype=float32)
<tf.Variable 'Variable_23:0' shape=(1,) dtype=float32_ref>
None
None
None
None
None
Tensor("Sub_19:0", dtype=float32)
None
None
None
None
None
None
None
None
None
None
None
None
None
None
None
None
STOPPING TEST DUE TO TIMEOUT, TERMINATED AT LENGTH 58
STOPPING TESTING DUE TO TIMEOUT
1.86298986231 PERCENT COVERED
78.677697897 TOTAL RUNTIME
12 EXECUTED
1158 TOTAL TEST OPERATIONS
57.9749963284 TIME SPENT EXECUTING TEST OPERATIONS
1.8333671093 TIME SPENT EVALUATING GUARDS AND CHOOSING ACTIONS
0.00160264968872 TIME SPENT CHECKING PROPERTIES
57.976598978 TOTAL TIME SPENT RUNNING SUT
0.15643453598 TIME SPENT RESTARTING
0.0 TIME SPENT REDUCING TEST CASES
0 FAILED
0 REPEATS OF FAILURES
0 ACTUAL DISTINCT FAILURES

3010 BRANCHES COVERED
2324 STATEMENTS COVERED
