2017-12-28 13:18:41.139964: I tensorflow/core/platform/cpu_feature_guard.cc:137] Your CPU supports instructions that this TensorFlow binary was not compiled to use: SSE4.2 AVX AVX2 FMA
Random testing using config=Config(noExceptionMatch=False, generalize=False, localize=False, speed='FAST', probs='locsample.probs', LOCBaseline=0.2, noAlphaConvert=False, replayable=False, essentials=False, noCoverageExploit=False, quickTests=False, html=None, keepLast=False, stopWhenNoCoverage=None, generateLOC=None, computeFeatureStats=False, Pmutate=0.0, timeout=60, output='failure.44301.test', markov=None, noSwarmDependencies=False, startExploit=0.0, maxMustHitBranch=None, useHints=False, silentFail=False, highLowSwarm=None, maxMustHitStatement=None, progress=False, postCover=False, swarmLength=None, noCover=False, noEnumerateEnabled=False, full=True, swarmP=0.5, coverFile='coverage.out', markovP=1.0, swarmProbs=None, genDepth=None, exploitCeiling=0.1, logging=None, noCheck=False, throughput=False, uncaught=False, swarmSwitch=None, verbose=False, reducePool=False, exploit=None, fastQuickAnalysis=False, total=False, verboseExploit=False, swarm=True, sequenceP=1.0, biasLOC=None, timedProgress=30, relax=False, ddmin=False, stutter=None, readQuick=False, verboseActions=False, quickAnalysis=False, noReassign=False, sequenceSize=3, LOCProbs=False, sequencesFromTests=None, maxTests=-1, trackMaxCoverage=None, useQuickSequences=False, exploitBestHint=1, failedLogging=None, stopWhenStatements=None, greedyStutter=False, seed=None, stopWhenHitStatement=None, uniqueValuesAnalysis=False, normalize=False, startExploitStall=0, enumerateEnabled=False, internal=False, profile=False, multiple=True, stopWhenBranches=None, running=False, compareFails=False, Pcrossover=0.2, stopWhenHitBranch=None, depth=100, showActions=False)
None
None
None
None
None
None
None
None
None
<tf.Variable 'Variable_6:0' shape=(1,) dtype=float32_ref>
None
None
[array([ nan], dtype=float32), nan]
None
Tensor("add_3:0", shape=(), dtype=float32)
None
None
None
None
None
None
None
None
[0.0, 0.0]
None
None
None
None
[array([ 0.], dtype=float32), array([ 0.], dtype=float32)]
None
None
None
[array([ 0.], dtype=float32), array([ 0.], dtype=float32)]
[array([ 0.], dtype=float32), array([ 0.], dtype=float32)]
None
[array([ 0.], dtype=float32), array([ 0.], dtype=float32)]
Tensor("Add_11:0", dtype=float32)
Tensor("Square_18:0", dtype=float32)
Tensor("v:0", dtype=float32)
Tensor("Sum_15:0", dtype=float32)
TEST #6 STEP #80 (0:00:30.023578) Thu Dec 28 13:19:09 2017 [ 2322 stmts 3008 branches ] 580 TOTAL ACTIONS (19.3181506009/s)
None
None
None
None
None
None
None
None
None
None
None
None
None
Tensor("Sub_24:0", dtype=float32)
None
None
None
None
None
None
None
None
None
None
<tf.Variable 'Variable_30:0' shape=(1,) dtype=float32_ref>
None
[0.0, 0.0]
None
[0.0, 0.0]
[0.0, 0.0]
Tensor("mul_20:0", shape=(), dtype=float32)
[0.0, 0.0]
None
None
[0.0, 0.0]
None
None
[nan, nan]
[nan, nan]
[nan, nan]
None
Tensor("Square_30:0", shape=(), dtype=float32)
Tensor("mul_26:0", shape=(), dtype=float32)
Tensor("i:0", dtype=float32)
None
None
Tensor("sub_27:0", shape=(), dtype=float32)
Tensor("j_1:0", dtype=float32)
[nan, 0.0]
STOPPING TEST DUE TO TIMEOUT, TERMINATED AT LENGTH 12
STOPPING TESTING DUE TO TIMEOUT
1.86362031573 PERCENT COVERED
78.5165958405 TOTAL RUNTIME
12 EXECUTED
1112 TOTAL TEST OPERATIONS
58.1862723827 TIME SPENT EXECUTING TEST OPERATIONS
1.65294861794 TIME SPENT EVALUATING GUARDS AND CHOOSING ACTIONS
0.00164413452148 TIME SPENT CHECKING PROPERTIES
58.1879165173 TOTAL TIME SPENT RUNNING SUT
0.162961959839 TIME SPENT RESTARTING
0.0 TIME SPENT REDUCING TEST CASES
0 FAILED
0 REPEATS OF FAILURES
0 ACTUAL DISTINCT FAILURES

3010 BRANCHES COVERED
2323 STATEMENTS COVERED
