2017-12-28 20:35:44.465078: I tensorflow/core/platform/cpu_feature_guard.cc:137] Your CPU supports instructions that this TensorFlow binary was not compiled to use: SSE4.2 AVX AVX2 FMA
Random testing using config=Config(noExceptionMatch=False, generalize=False, localize=False, speed='FAST', probs='locsample.probs', LOCBaseline=0.2, noAlphaConvert=False, replayable=False, essentials=False, noCoverageExploit=False, quickTests=False, html=None, keepLast=False, stopWhenNoCoverage=None, generateLOC=None, computeFeatureStats=False, Pmutate=0.0, timeout=60, output='failure.58211.test', markov=None, noSwarmDependencies=False, startExploit=0.0, maxMustHitBranch=None, useHints=False, silentFail=False, highLowSwarm=None, maxMustHitStatement=None, progress=False, postCover=False, swarmLength=None, noCover=False, noEnumerateEnabled=False, full=True, swarmP=0.5, coverFile='coverage.out', markovP=1.0, swarmProbs=None, genDepth=None, exploitCeiling=0.1, logging=None, noCheck=False, throughput=False, uncaught=False, swarmSwitch=None, verbose=False, reducePool=False, exploit=None, fastQuickAnalysis=False, total=False, verboseExploit=False, swarm=True, sequenceP=1.0, biasLOC=None, timedProgress=30, relax=False, ddmin=False, stutter=None, readQuick=False, verboseActions=False, quickAnalysis=False, noReassign=False, sequenceSize=3, LOCProbs=False, sequencesFromTests=None, maxTests=-1, trackMaxCoverage=None, useQuickSequences=False, exploitBestHint=1, failedLogging=None, stopWhenStatements=None, greedyStutter=False, seed=None, stopWhenHitStatement=None, uniqueValuesAnalysis=False, normalize=False, startExploitStall=0, enumerateEnabled=False, internal=False, profile=False, multiple=True, stopWhenBranches=None, running=False, compareFails=False, Pcrossover=0.2, stopWhenHitBranch=None, depth=100, showActions=False)
None
None
None
None
None
None
None
None
None
None
None
None
None
None
None
None
None
None
[array([ 1.], dtype=float32), array([ 1.], dtype=float32)]
Tensor("Const_4:0", shape=(), dtype=float32)
Tensor("add_3:0", shape=(1,), dtype=float32)
None
None
None
[array([ nan], dtype=float32), 0.0]
Tensor("Mul_6:0", shape=(1,), dtype=float32)
None
None
None
None
None
None
None
None
None
None
[array([ 0.], dtype=float32), None]
[None, None]
None
None
[array([ 0.], dtype=float32), array([ 0.], dtype=float32)]
None
None
None
[array([ 0.], dtype=float32), array([ 0.], dtype=float32)]
None
None
None
None
None
None
None
[None, array([ 0.], dtype=float32)]
TEST #6 STEP #35 (0:00:30.024451) Thu Dec 28 20:36:14 2017 [ 2446 stmts 3160 branches ] 535 TOTAL ACTIONS (17.8188103986/s)
None
[nan, nan]
[0.0, 0.0]
[-1.0, 0.0]
[-1.0, nan]
[0.0, -2.0]
None
[nan, nan]
[4.0, nan]
[nan, 0.0]
None
None
[0.0, 0.0]
Tensor("Mul_13:0", shape=(1,), dtype=float32)
Tensor("Mul_16:0", shape=(1,), dtype=float32)
Tensor("Mul_16:0", shape=(1,), dtype=float32)
Tensor("sub_22:0", shape=(1,), dtype=float32)
<tf.Variable 'Variable_48:0' shape=(1,) dtype=float32_ref>
None
None
None
Tensor("d_1:0", dtype=float32)
<tf.Variable 'Variable_50:0' shape=(1,) dtype=float32_ref>
<tf.Variable 'Variable_51:0' shape=(1,) dtype=float32_ref>
Tensor("Const_33:0", shape=(), dtype=float32)
None
None
None
None
None
STOPPING TEST DUE TO TIMEOUT, TERMINATED AT LENGTH 53
STOPPING TESTING DUE TO TIMEOUT
1.95566651536 PERCENT COVERED
78.7441840172 TOTAL RUNTIME
11 EXECUTED
1053 TOTAL TEST OPERATIONS
58.3074841499 TIME SPENT EXECUTING TEST OPERATIONS
1.84241175652 TIME SPENT EVALUATING GUARDS AND CHOOSING ACTIONS
0.00143623352051 TIME SPENT CHECKING PROPERTIES
58.3089203835 TOTAL TIME SPENT RUNNING SUT
0.17390537262 TIME SPENT RESTARTING
0.0 TIME SPENT REDUCING TEST CASES
0 FAILED
0 REPEATS OF FAILURES
0 ACTUAL DISTINCT FAILURES

3182 BRANCHES COVERED
2458 STATEMENTS COVERED
