2017-12-28 14:39:47.887889: I tensorflow/core/platform/cpu_feature_guard.cc:137] Your CPU supports instructions that this TensorFlow binary was not compiled to use: SSE4.2 AVX AVX2 FMA
Random testing using config=Config(noExceptionMatch=False, generalize=False, localize=False, speed='FAST', probs='locsample.probs', LOCBaseline=0.2, noAlphaConvert=False, replayable=False, essentials=False, noCoverageExploit=False, quickTests=False, html=None, keepLast=False, stopWhenNoCoverage=None, generateLOC=None, computeFeatureStats=False, Pmutate=0.0, timeout=60, output='failure.46630.test', markov=None, noSwarmDependencies=False, startExploit=0.0, maxMustHitBranch=None, useHints=False, silentFail=False, highLowSwarm=None, maxMustHitStatement=None, progress=False, postCover=False, swarmLength=None, noCover=False, noEnumerateEnabled=False, full=True, swarmP=0.5, coverFile='coverage.out', markovP=1.0, swarmProbs=None, genDepth=None, exploitCeiling=0.1, logging=None, noCheck=False, throughput=False, uncaught=False, swarmSwitch=None, verbose=False, reducePool=False, exploit=None, fastQuickAnalysis=False, total=False, verboseExploit=False, swarm=True, sequenceP=1.0, biasLOC=None, timedProgress=30, relax=False, ddmin=False, stutter=None, readQuick=False, verboseActions=False, quickAnalysis=False, noReassign=False, sequenceSize=3, LOCProbs=False, sequencesFromTests=None, maxTests=-1, trackMaxCoverage=None, useQuickSequences=False, exploitBestHint=1, failedLogging=None, stopWhenStatements=None, greedyStutter=False, seed=None, stopWhenHitStatement=None, uniqueValuesAnalysis=False, normalize=False, startExploitStall=0, enumerateEnabled=False, internal=False, profile=False, multiple=True, stopWhenBranches=None, running=False, compareFails=False, Pcrossover=0.2, stopWhenHitBranch=None, depth=100, showActions=False)
None
None
None
None
None
None
None
None
None
None
None
None
None
None
None
None
None
[array([ 0.], dtype=float32), array([ 0.], dtype=float32)]
None
None
None
None
None
None
None
None
None
None
None
None
None
None
None
None
None
None
None
None
<tf.Variable 'Variable_16:0' shape=(1,) dtype=float32_ref>
None
None
Tensor("Assign:0", shape=(1,), dtype=float32_ref)
None
None
None
None
TEST #6 STEP #95 (0:00:30.027684) Thu Dec 28 14:40:17 2017 [ 2181 stmts 2820 branches ] (no cov+ for 1 tests) 595 TOTAL ACTIONS (19.8150480246/s)
None
Tensor("mul_6:0", dtype=float32)
None
None
None
None
None
None
Tensor("v_1:0", dtype=float32)
None
Tensor("Sum_18:0", dtype=float32)
None
None
None
None
Tensor("Sum_21:0", dtype=float32)
Tensor("Square_25:0", dtype=float32)
None
None
None
None
None
None
None
None
None
None
None
None
None
None
None
None
None
Tensor("Sum_33:0", shape=(), dtype=float32)
[None, None]
[None, None]
name: "GradientDescent_9"
op: "NoOp"
input: "^GradientDescent_9/update_Variable_25/ApplyGradientDescent"

None
None
None
Tensor("Add_26:0", dtype=float32)
None
None
Tensor("Sub_25:0", dtype=float32)
None
None
None
None
STOPPING TEST DUE TO TIMEOUT, TERMINATED AT LENGTH 54
STOPPING TESTING DUE TO TIMEOUT
1.88190346497 PERCENT COVERED
77.5616910458 TOTAL RUNTIME
12 EXECUTED
1154 TOTAL TEST OPERATIONS
57.8852767944 TIME SPENT EXECUTING TEST OPERATIONS
1.9715719223 TIME SPENT EVALUATING GUARDS AND CHOOSING ACTIONS
0.00163316726685 TIME SPENT CHECKING PROPERTIES
57.8869099617 TOTAL TIME SPENT RUNNING SUT
0.156165838242 TIME SPENT RESTARTING
0.0 TIME SPENT REDUCING TEST CASES
0 FAILED
0 REPEATS OF FAILURES
0 ACTUAL DISTINCT FAILURES

3047 BRANCHES COVERED
2345 STATEMENTS COVERED
