2017-12-28 20:19:36.927721: I tensorflow/core/platform/cpu_feature_guard.cc:137] Your CPU supports instructions that this TensorFlow binary was not compiled to use: SSE4.2 AVX AVX2 FMA
Random testing using config=Config(noExceptionMatch=False, generalize=False, localize=False, speed='FAST', probs='locsample.probs', LOCBaseline=0.2, noAlphaConvert=False, replayable=False, essentials=False, noCoverageExploit=False, quickTests=False, html=None, keepLast=False, stopWhenNoCoverage=None, generateLOC=None, computeFeatureStats=False, Pmutate=0.0, timeout=60, output='failure.57750.test', markov=None, noSwarmDependencies=False, startExploit=0.0, maxMustHitBranch=None, useHints=False, silentFail=False, highLowSwarm=None, maxMustHitStatement=None, progress=False, postCover=False, swarmLength=None, noCover=False, noEnumerateEnabled=False, full=True, swarmP=0.5, coverFile='coverage.out', markovP=1.0, swarmProbs=None, genDepth=None, exploitCeiling=0.1, logging=None, noCheck=False, throughput=False, uncaught=False, swarmSwitch=None, verbose=False, reducePool=False, exploit=None, fastQuickAnalysis=False, total=False, verboseExploit=False, swarm=True, sequenceP=1.0, biasLOC=None, timedProgress=30, relax=False, ddmin=False, stutter=None, readQuick=False, verboseActions=False, quickAnalysis=False, noReassign=False, sequenceSize=3, LOCProbs=False, sequencesFromTests=None, maxTests=-1, trackMaxCoverage=None, useQuickSequences=False, exploitBestHint=1, failedLogging=None, stopWhenStatements=None, greedyStutter=False, seed=None, stopWhenHitStatement=None, uniqueValuesAnalysis=False, normalize=False, startExploitStall=0, enumerateEnabled=False, internal=False, profile=False, multiple=True, stopWhenBranches=None, running=False, compareFails=False, Pcrossover=0.2, stopWhenHitBranch=None, depth=100, showActions=False)
Tensor("mul_3:0", shape=(1,), dtype=float32)
<tf.Variable 'Variable_4:0' shape=(1,) dtype=float32_ref>
<tf.Variable 'Variable_6:0' shape=(1,) dtype=float32_ref>
None
None
[array([ nan], dtype=float32), None]
<tf.Variable 'Variable_8:0' shape=(1,) dtype=float32_ref>
Tensor("Add_1:0", dtype=float32)
Tensor("add:0", dtype=float32)
None
None
None
None
None
None
None
None
None
None
None
None
None
None
None
None
None
None
None
None
Tensor("p:0", dtype=float32)
None
TEST #6 STEP #71 (0:00:30.027744) Thu Dec 28 20:20:03 2017 [ 2280 stmts 2944 branches ] 571 TOTAL ACTIONS (19.0157475353/s)
None
None
None
None
None
None
None
None
None
None
Tensor("w_2:0", dtype=float32)
None
None
None
None
None
None
None
Tensor("Mul_44:0", dtype=float32)
None
Tensor("Mul_46:0", dtype=float32)
None
None
Tensor("s_7:0", dtype=float32)
Tensor("Sum_4:0", dtype=float32)
None
None
None
None
Tensor("Sum_7:0", dtype=float32)
None
None
<tf.Variable 'Variable_16:0' shape=(1,) dtype=float32_ref>
None
Tensor("add_15:0", shape=(1,), dtype=float32)
None
None
None
None
None
None
None
None
None
None
None
None
[0.0, 0.0]
Tensor("Square_12:0", shape=(), dtype=float32)
[0.0, 0.0]
None
[0.0, 0.0]
[0.0, 0.0]
[0.0, 0.0]
None
[0.0, 0.0]
STOPPING TEST DUE TO TIMEOUT, TERMINATED AT LENGTH 1
STOPPING TESTING DUE TO TIMEOUT
1.88001210471 PERCENT COVERED
79.2164840698 TOTAL RUNTIME
12 EXECUTED
1101 TOTAL TEST OPERATIONS
58.0951490402 TIME SPENT EXECUTING TEST OPERATIONS
1.7280766964 TIME SPENT EVALUATING GUARDS AND CHOOSING ACTIONS
0.00167727470398 TIME SPENT CHECKING PROPERTIES
58.0968263149 TOTAL TIME SPENT RUNNING SUT
0.17097568512 TIME SPENT RESTARTING
0.0 TIME SPENT REDUCING TEST CASES
0 FAILED
0 REPEATS OF FAILURES
0 ACTUAL DISTINCT FAILURES

3035 BRANCHES COVERED
2347 STATEMENTS COVERED
