2017-12-29 02:06:42.519757: I tensorflow/core/platform/cpu_feature_guard.cc:137] Your CPU supports instructions that this TensorFlow binary was not compiled to use: SSE4.2 AVX AVX2 FMA
Random testing using config=Config(noExceptionMatch=False, generalize=False, localize=False, speed='FAST', probs='locsample.probs', LOCBaseline=0.2, noAlphaConvert=False, replayable=False, essentials=False, noCoverageExploit=False, quickTests=False, html=None, keepLast=False, stopWhenNoCoverage=None, generateLOC=None, computeFeatureStats=False, Pmutate=0.0, timeout=60, output='failure.67908.test', markov=None, noSwarmDependencies=False, startExploit=0.0, maxMustHitBranch=None, useHints=False, silentFail=False, highLowSwarm=None, maxMustHitStatement=None, progress=False, postCover=False, swarmLength=None, noCover=False, noEnumerateEnabled=False, full=True, swarmP=0.5, coverFile='coverage.out', markovP=1.0, swarmProbs=None, genDepth=None, exploitCeiling=0.1, logging=None, noCheck=False, throughput=False, uncaught=False, swarmSwitch=None, verbose=False, reducePool=False, exploit=None, fastQuickAnalysis=False, total=False, verboseExploit=False, swarm=True, sequenceP=1.0, biasLOC=None, timedProgress=30, relax=False, ddmin=False, stutter=None, readQuick=False, verboseActions=False, quickAnalysis=False, noReassign=False, sequenceSize=3, LOCProbs=False, sequencesFromTests=None, maxTests=-1, trackMaxCoverage=None, useQuickSequences=False, exploitBestHint=1, failedLogging=None, stopWhenStatements=None, greedyStutter=False, seed=None, stopWhenHitStatement=None, uniqueValuesAnalysis=False, normalize=False, startExploitStall=0, enumerateEnabled=False, internal=False, profile=False, multiple=True, stopWhenBranches=None, running=False, compareFails=False, Pcrossover=0.2, stopWhenHitBranch=None, depth=100, showActions=False)
None
[9.0, 2.0]
[1.0, 1.0]
None
None
[array([ 2.], dtype=float32), array([ 1.], dtype=float32)]
[array([ 1.], dtype=float32), 18.0]
None
None
None
Tensor("Sub_3:0", shape=(1,), dtype=float32)
None
Tensor("Sum_8:0", shape=(), dtype=float32)
None
None
None
None
None
None
None
None
None
None
None
None
Tensor("Sub_12:0", dtype=float32)
Tensor("o_4:0", dtype=float32)
Tensor("sub_8:0", dtype=float32)
Tensor("Square_15:0", dtype=float32)
TEST #5 STEP #68 (0:00:30.020116) Fri Dec 29 02:07:10 2017 [ 2063 stmts 2663 branches ] (no cov+ for 1 tests) 468 TOTAL ACTIONS (15.589546766/s)
None
None
None
None
None
None
None
None
None
None
None
None
None
None
None
None
None
None
None
None
None
None
None
None
Tensor("truediv_18:0", dtype=float32)
STOPPING TEST DUE TO TIMEOUT, TERMINATED AT LENGTH 91
STOPPING TESTING DUE TO TIMEOUT
1.88253391839 PERCENT COVERED
82.5874550343 TOTAL RUNTIME
9 EXECUTED
891 TOTAL TEST OPERATIONS
57.928311348 TIME SPENT EXECUTING TEST OPERATIONS
1.85596632957 TIME SPENT EVALUATING GUARDS AND CHOOSING ACTIONS
0.00162267684937 TIME SPENT CHECKING PROPERTIES
57.9299340248 TOTAL TIME SPENT RUNNING SUT
0.179905176163 TIME SPENT RESTARTING
0.0 TIME SPENT REDUCING TEST CASES
0 FAILED
0 REPEATS OF FAILURES
0 ACTUAL DISTINCT FAILURES

3047 BRANCHES COVERED
2349 STATEMENTS COVERED
