2017-12-28 19:49:41.296716: I tensorflow/core/platform/cpu_feature_guard.cc:137] Your CPU supports instructions that this TensorFlow binary was not compiled to use: SSE4.2 AVX AVX2 FMA
Random testing using config=Config(noExceptionMatch=False, generalize=False, localize=False, speed='FAST', probs=None, LOCBaseline=0.2, noAlphaConvert=False, replayable=False, essentials=False, noCoverageExploit=False, quickTests=False, html=None, keepLast=False, stopWhenNoCoverage=None, generateLOC=None, computeFeatureStats=False, Pmutate=0.0, timeout=60, output='failure.56013.test', markov=None, noSwarmDependencies=False, startExploit=0.0, maxMustHitBranch=None, useHints=False, silentFail=False, highLowSwarm=None, maxMustHitStatement=None, progress=False, postCover=False, swarmLength=None, noCover=False, noEnumerateEnabled=False, full=True, swarmP=0.5, coverFile='coverage.out', markovP=1.0, swarmProbs=None, genDepth=None, exploitCeiling=0.1, logging=None, noCheck=False, throughput=False, uncaught=False, swarmSwitch=None, verbose=False, reducePool=False, exploit=None, fastQuickAnalysis=False, total=False, verboseExploit=False, swarm=False, sequenceP=1.0, biasLOC=None, timedProgress=30, relax=False, ddmin=False, stutter=None, readQuick=False, verboseActions=False, quickAnalysis=False, noReassign=False, sequenceSize=3, LOCProbs=False, sequencesFromTests=None, maxTests=-1, trackMaxCoverage=None, useQuickSequences=False, exploitBestHint=1, failedLogging=None, stopWhenStatements=None, greedyStutter=False, seed=None, stopWhenHitStatement=None, uniqueValuesAnalysis=False, normalize=False, startExploitStall=0, enumerateEnabled=False, internal=False, profile=False, multiple=True, stopWhenBranches=None, running=False, compareFails=False, Pcrossover=0.2, stopWhenHitBranch=None, depth=100, showActions=False)
Tensor("Mul_3:0", dtype=float32)
Tensor("Mul_9:0", dtype=float32)
Tensor("Mul_39:0", dtype=float32)
Tensor("Square_10:0", dtype=float32)
Tensor("Sum_13:0", dtype=float32)
Tensor("Add_43:0", dtype=float32)
Tensor("Mul_53:0", dtype=float32)
Tensor("Add_61:0", dtype=float32)
Tensor("add_3:0", shape=(1,), dtype=float32)
Tensor("Square_14:0", dtype=float32)
Tensor("add_7:0", dtype=float32)
TEST #6 STEP #76 (0:00:30.002812) Thu Dec 28 19:50:10 2017 [ 2269 stmts 2924 branches ] 576 TOTAL ACTIONS (19.1982005471/s)
Tensor("truediv_75:0", dtype=float32)
Tensor("sub_13:0", dtype=float32)
Tensor("Mul_75:0", dtype=float32)
Tensor("Sub_72:0", dtype=float32)
Tensor("p_3:0", dtype=float32)
Tensor("p_3:0", dtype=float32)
Tensor("truediv_79:0", dtype=float32)
Tensor("Add_86:0", dtype=float32)
Tensor("mul_14:0", dtype=float32)
Tensor("mul_17:0", dtype=float32)
<tf.Variable 'Variable_2:0' shape=(1,) dtype=float32_ref>
Tensor("Sub_112:0", dtype=float32)
STOPPING TEST DUE TO TIMEOUT, TERMINATED AT LENGTH 31
STOPPING TESTING DUE TO TIMEOUT
1.89451253341 PERCENT COVERED
81.9585409164 TOTAL RUNTIME
12 EXECUTED
1131 TOTAL TEST OPERATIONS
59.5018632412 TIME SPENT EXECUTING TEST OPERATIONS
0.308866739273 TIME SPENT EVALUATING GUARDS AND CHOOSING ACTIONS
0.00187969207764 TIME SPENT CHECKING PROPERTIES
59.5037429333 TOTAL TIME SPENT RUNNING SUT
0.169335842133 TIME SPENT RESTARTING
0.0 TIME SPENT REDUCING TEST CASES
0 FAILED
0 REPEATS OF FAILURES
0 ACTUAL DISTINCT FAILURES

3081 BRANCHES COVERED
2390 STATEMENTS COVERED
