2017-12-28 21:44:02.680399: I tensorflow/core/platform/cpu_feature_guard.cc:137] Your CPU supports instructions that this TensorFlow binary was not compiled to use: SSE4.2 AVX AVX2 FMA
Random testing using config=Config(noExceptionMatch=False, generalize=False, localize=False, speed='FAST', probs=None, LOCBaseline=0.2, noAlphaConvert=False, replayable=False, essentials=False, noCoverageExploit=False, quickTests=False, html=None, keepLast=False, stopWhenNoCoverage=None, generateLOC=None, computeFeatureStats=False, Pmutate=0.0, timeout=60, output='failure.60168.test', markov=None, noSwarmDependencies=False, startExploit=0.0, maxMustHitBranch=None, useHints=False, silentFail=False, highLowSwarm=None, maxMustHitStatement=None, progress=False, postCover=False, swarmLength=None, noCover=False, noEnumerateEnabled=False, full=True, swarmP=0.5, coverFile='coverage.out', markovP=1.0, swarmProbs=None, genDepth=None, exploitCeiling=0.1, logging=None, noCheck=False, throughput=False, uncaught=False, swarmSwitch=None, verbose=False, reducePool=False, exploit=None, fastQuickAnalysis=False, total=False, verboseExploit=False, swarm=False, sequenceP=1.0, biasLOC=None, timedProgress=30, relax=False, ddmin=False, stutter=None, readQuick=False, verboseActions=False, quickAnalysis=False, noReassign=False, sequenceSize=3, LOCProbs=False, sequencesFromTests=None, maxTests=-1, trackMaxCoverage=None, useQuickSequences=False, exploitBestHint=1, failedLogging=None, stopWhenStatements=None, greedyStutter=False, seed=None, stopWhenHitStatement=None, uniqueValuesAnalysis=False, normalize=False, startExploitStall=0, enumerateEnabled=False, internal=False, profile=False, multiple=True, stopWhenBranches=None, running=False, compareFails=False, Pcrossover=0.2, stopWhenHitBranch=None, depth=100, showActions=False)
Tensor("truediv_1:0", dtype=float32)
Tensor("Mul_12:0", dtype=float32)
Tensor("sub_4:0", dtype=float32)
Tensor("Sub_15:0", dtype=float32)
Tensor("f_1:0", dtype=float32)
Tensor("Add_16:0", dtype=float32)
Tensor("Add_18:0", dtype=float32)
Tensor("Sub_18:0", dtype=float32)
Tensor("Add_24:0", dtype=float32)
Tensor("Sub_25:0", dtype=float32)
Tensor("Add_27:0", dtype=float32)
Tensor("Sum_10:0", dtype=float32)
TEST #5 STEP #88 (0:00:30.044297) Thu Dec 28 21:44:28 2017 [ 2166 stmts 2794 branches ] 488 TOTAL ACTIONS (16.2426832728/s)
Tensor("sub_17:0", dtype=float32)
Tensor("Sub_44:0", dtype=float32)
Tensor("Mul_62:0", dtype=float32)
Tensor("truediv_60:0", shape=(), dtype=float32)
Tensor("u_1:0", dtype=float32)
Tensor("i_1:0", dtype=float32)
Tensor("Add_86:0", dtype=float32)
Tensor("b_1:0", dtype=float32)
Tensor("Sub_98:0", dtype=float32)
Tensor("Sum_23:0", dtype=float32)
Tensor("Add_109:0", dtype=float32)
Tensor("Square_27:0", dtype=float32)
STOPPING TEST DUE TO TIMEOUT, TERMINATED AT LENGTH 69
STOPPING TESTING DUE TO TIMEOUT
1.7287032834 PERCENT COVERED
82.6641228199 TOTAL RUNTIME
10 EXECUTED
969 TOTAL TEST OPERATIONS
59.5495660305 TIME SPENT EXECUTING TEST OPERATIONS
0.296854972839 TIME SPENT EVALUATING GUARDS AND CHOOSING ACTIONS
0.00177836418152 TIME SPENT CHECKING PROPERTIES
59.5513443947 TOTAL TIME SPENT RUNNING SUT
0.182752609253 TIME SPENT RESTARTING
0.0 TIME SPENT REDUCING TEST CASES
0 FAILED
0 REPEATS OF FAILURES
0 ACTUAL DISTINCT FAILURES

2801 BRANCHES COVERED
2168 STATEMENTS COVERED
