2017-12-29 00:54:26.215234: I tensorflow/core/platform/cpu_feature_guard.cc:137] Your CPU supports instructions that this TensorFlow binary was not compiled to use: SSE4.2 AVX AVX2 FMA
Random testing using config=Config(noExceptionMatch=False, generalize=False, localize=False, speed='FAST', probs=None, LOCBaseline=0.2, noAlphaConvert=False, replayable=False, essentials=False, noCoverageExploit=False, quickTests=False, html=None, keepLast=False, stopWhenNoCoverage=None, generateLOC=None, computeFeatureStats=False, Pmutate=0.0, timeout=60, output='failure.65762.test', markov=None, noSwarmDependencies=False, startExploit=0.0, maxMustHitBranch=None, useHints=False, silentFail=False, highLowSwarm=None, maxMustHitStatement=None, progress=False, postCover=False, swarmLength=None, noCover=False, noEnumerateEnabled=False, full=True, swarmP=0.5, coverFile='coverage.out', markovP=1.0, swarmProbs=None, genDepth=None, exploitCeiling=0.1, logging=None, noCheck=False, throughput=False, uncaught=False, swarmSwitch=None, verbose=False, reducePool=False, exploit=None, fastQuickAnalysis=False, total=False, verboseExploit=False, swarm=False, sequenceP=1.0, biasLOC=None, timedProgress=30, relax=False, ddmin=False, stutter=None, readQuick=False, verboseActions=False, quickAnalysis=False, noReassign=False, sequenceSize=3, LOCProbs=False, sequencesFromTests=None, maxTests=-1, trackMaxCoverage=None, useQuickSequences=False, exploitBestHint=1, failedLogging=None, stopWhenStatements=None, greedyStutter=False, seed=None, stopWhenHitStatement=None, uniqueValuesAnalysis=False, normalize=False, startExploitStall=0, enumerateEnabled=False, internal=False, profile=False, multiple=True, stopWhenBranches=None, running=False, compareFails=False, Pcrossover=0.2, stopWhenHitBranch=None, depth=100, showActions=False)
Tensor("Sub_2:0", dtype=float32)
Tensor("Square_3:0", dtype=float32)
Tensor("Square_7:0", dtype=float32)
Tensor("z:0", dtype=float32)
Tensor("Add_19:0", dtype=float32)
Tensor("Mul_22:0", dtype=float32)
Tensor("Add_24:0", dtype=float32)
Tensor("add:0", dtype=float32)
Tensor("truediv_26:0", dtype=float32)
Tensor("truediv_29:0", dtype=float32)
Tensor("Sub_40:0", shape=(1,), dtype=float32)
Tensor("add_3:0", shape=(1,), dtype=float32)
Tensor("add_4:0", shape=(1,), dtype=float32)
Tensor("sub_3:0", shape=(1,), dtype=float32)
Tensor("Mul_50:0", dtype=float32)
TEST #6 STEP #21 (0:00:30.022898) Fri Dec 29 00:54:53 2017 [ 2260 stmts 2909 branches ] (no cov+ for 1 tests) 521 TOTAL ACTIONS (17.3534214024/s)
Tensor("Mul_73:0", dtype=float32)
Tensor("Sum_17:0", dtype=float32)
Tensor("add_8:0", dtype=float32)
Tensor("Add_88:0", dtype=float32)
Tensor("Mul_100:0", dtype=float32)
Tensor("Mul_107:0", dtype=float32)
Tensor("Sub_136:0", dtype=float32)
Tensor("Sub_142:0", dtype=float32)
Tensor("Sub_144:0", dtype=float32)
STOPPING TEST DUE TO TIMEOUT, TERMINATED AT LENGTH 24
STOPPING TESTING DUE TO TIMEOUT
1.82768447067 PERCENT COVERED
80.9437839985 TOTAL RUNTIME
11 EXECUTED
1024 TOTAL TEST OPERATIONS
59.5450520515 TIME SPENT EXECUTING TEST OPERATIONS
0.29520368576 TIME SPENT EVALUATING GUARDS AND CHOOSING ACTIONS
0.00182008743286 TIME SPENT CHECKING PROPERTIES
59.546872139 TOTAL TIME SPENT RUNNING SUT
0.180120229721 TIME SPENT RESTARTING
0.0 TIME SPENT REDUCING TEST CASES
0 FAILED
0 REPEATS OF FAILURES
0 ACTUAL DISTINCT FAILURES

2955 BRANCHES COVERED
2291 STATEMENTS COVERED
