2017-12-28 15:39:03.065021: I tensorflow/core/platform/cpu_feature_guard.cc:137] Your CPU supports instructions that this TensorFlow binary was not compiled to use: SSE4.2 AVX AVX2 FMA
Random testing using config=Config(noExceptionMatch=False, generalize=False, localize=False, speed='FAST', probs=None, LOCBaseline=0.2, noAlphaConvert=False, replayable=False, essentials=False, noCoverageExploit=False, quickTests=False, html=None, keepLast=False, stopWhenNoCoverage=None, generateLOC=None, computeFeatureStats=False, Pmutate=0.0, timeout=60, output='failure.48375.test', markov=None, noSwarmDependencies=False, startExploit=0.0, maxMustHitBranch=None, useHints=False, silentFail=False, highLowSwarm=None, maxMustHitStatement=None, progress=False, postCover=False, swarmLength=None, noCover=False, noEnumerateEnabled=False, full=True, swarmP=0.5, coverFile='coverage.out', markovP=1.0, swarmProbs=None, genDepth=None, exploitCeiling=0.1, logging=None, noCheck=False, throughput=False, uncaught=False, swarmSwitch=None, verbose=False, reducePool=False, exploit=None, fastQuickAnalysis=False, total=False, verboseExploit=False, swarm=False, sequenceP=1.0, biasLOC=None, timedProgress=30, relax=False, ddmin=False, stutter=None, readQuick=False, verboseActions=False, quickAnalysis=False, noReassign=False, sequenceSize=3, LOCProbs=False, sequencesFromTests=None, maxTests=-1, trackMaxCoverage=None, useQuickSequences=False, exploitBestHint=1, failedLogging=None, stopWhenStatements=None, greedyStutter=False, seed=None, stopWhenHitStatement=None, uniqueValuesAnalysis=False, normalize=False, startExploitStall=0, enumerateEnabled=False, internal=False, profile=False, multiple=True, stopWhenBranches=None, running=False, compareFails=False, Pcrossover=0.2, stopWhenHitBranch=None, depth=100, showActions=False)
Tensor("truediv_14:0", dtype=float32)
Tensor("truediv_11:0", dtype=float32)
Tensor("Add_8:0", dtype=float32)
Tensor("Mul_16:0", dtype=float32)
Tensor("Sub_14:0", dtype=float32)
Tensor("Mul_26:0", dtype=float32)
Tensor("b:0", dtype=float32)
None
Tensor("Square_8:0", dtype=float32)
Tensor("Add_55:0", dtype=float32)
Tensor("Add_57:0", dtype=float32)
Tensor("Sub_62:0", dtype=float32)
Tensor("Add_66:0", dtype=float32)
Tensor("Add_67:0", dtype=float32)
Tensor("i:0", dtype=float32)
Tensor("Mul_62:0", dtype=float32)
TEST #7 STEP #26 (0:00:30.021953) Thu Dec 28 15:39:27 2017 [ 2039 stmts 2625 branches ] (no cov+ for 2 tests) 626 TOTAL ACTIONS (20.8514083931/s)
Tensor("truediv_122:0", dtype=float32)
Tensor("truediv_125:0", dtype=float32)
Tensor("i_2:0", dtype=float32)
Tensor("Sub_120:0", dtype=float32)
Tensor("Add_123:0", dtype=float32)
None
Tensor("Add_130:0", dtype=float32)
STOPPING TEST DUE TO TIMEOUT, TERMINATED AT LENGTH 28
STOPPING TESTING DUE TO TIMEOUT
1.63413527009 PERCENT COVERED
78.3832538128 TOTAL RUNTIME
13 EXECUTED
1228 TOTAL TEST OPERATIONS
59.5219123363 TIME SPENT EXECUTING TEST OPERATIONS
0.311576128006 TIME SPENT EVALUATING GUARDS AND CHOOSING ACTIONS
0.00188040733337 TIME SPENT CHECKING PROPERTIES
59.5237927437 TOTAL TIME SPENT RUNNING SUT
0.170732736588 TIME SPENT RESTARTING
0.0 TIME SPENT REDUCING TEST CASES
0 FAILED
0 REPEATS OF FAILURES
0 ACTUAL DISTINCT FAILURES

2625 BRANCHES COVERED
2039 STATEMENTS COVERED
