2017-12-29 01:35:50.350201: I tensorflow/core/platform/cpu_feature_guard.cc:137] Your CPU supports instructions that this TensorFlow binary was not compiled to use: SSE4.2 AVX AVX2 FMA
Random testing using config=Config(noExceptionMatch=False, generalize=False, localize=False, speed='FAST', probs=None, LOCBaseline=0.2, noAlphaConvert=False, replayable=False, essentials=False, noCoverageExploit=False, quickTests=False, html=None, keepLast=False, stopWhenNoCoverage=None, generateLOC=None, computeFeatureStats=False, Pmutate=0.0, timeout=60, output='failure.67033.test', markov=None, noSwarmDependencies=False, startExploit=0.0, maxMustHitBranch=None, useHints=False, silentFail=False, highLowSwarm=None, maxMustHitStatement=None, progress=False, postCover=False, swarmLength=None, noCover=False, noEnumerateEnabled=False, full=True, swarmP=0.5, coverFile='coverage.out', markovP=1.0, swarmProbs=None, genDepth=None, exploitCeiling=0.1, logging=None, noCheck=False, throughput=False, uncaught=False, swarmSwitch=None, verbose=False, reducePool=False, exploit=None, fastQuickAnalysis=False, total=False, verboseExploit=False, swarm=False, sequenceP=1.0, biasLOC=None, timedProgress=30, relax=False, ddmin=False, stutter=None, readQuick=False, verboseActions=False, quickAnalysis=False, noReassign=False, sequenceSize=3, LOCProbs=False, sequencesFromTests=None, maxTests=-1, trackMaxCoverage=None, useQuickSequences=False, exploitBestHint=1, failedLogging=None, stopWhenStatements=None, greedyStutter=False, seed=None, stopWhenHitStatement=None, uniqueValuesAnalysis=False, normalize=False, startExploitStall=0, enumerateEnabled=False, internal=False, profile=False, multiple=True, stopWhenBranches=None, running=False, compareFails=False, Pcrossover=0.2, stopWhenHitBranch=None, depth=100, showActions=False)
Tensor("u:0", dtype=float32)
Tensor("Square:0", dtype=float32)
Tensor("Add_7:0", dtype=float32)
Tensor("Add_21:0", dtype=float32)
Tensor("Mul_14:0", dtype=float32)
Tensor("Sub_13:0", dtype=float32)
Tensor("Mul_20:0", dtype=float32)
Tensor("mul_4:0", dtype=float32)
Tensor("Mul_38:0", dtype=float32)
TEST #6 STEP #15 (0:00:30.045984) Fri Dec 29 01:36:17 2017 [ 1521 stmts 1944 branches ] (no cov+ for 1 tests) 515 TOTAL ACTIONS (17.140393854/s)
Tensor("Sub_46:0", dtype=float32)
Tensor("Add_59:0", dtype=float32)
Tensor("Mul_51:0", dtype=float32)
Tensor("Mul_59:0", dtype=float32)
Tensor("truediv_81:0", dtype=float32)
Tensor("Sub_67:0", dtype=float32)
Tensor("Mul_85:0", dtype=float32)
Tensor("Mul_86:0", dtype=float32)
Tensor("truediv_92:0", dtype=float32)
Tensor("Square_22:0", dtype=float32)
Tensor("Add_100:0", dtype=float32)
Tensor("Sub_111:0", dtype=float32)
Tensor("Mul_106:0", dtype=float32)
Tensor("Sub_114:0", dtype=float32)
Tensor("Mul_116:0", dtype=float32)
STOPPING TEST DUE TO TIMEOUT, TERMINATED AT LENGTH 38
STOPPING TESTING DUE TO TIMEOUT
1.28045090029 PERCENT COVERED
81.4890320301 TOTAL RUNTIME
11 EXECUTED
1038 TOTAL TEST OPERATIONS
59.5370168686 TIME SPENT EXECUTING TEST OPERATIONS
0.324857473373 TIME SPENT EVALUATING GUARDS AND CHOOSING ACTIONS
0.00180721282959 TIME SPENT CHECKING PROPERTIES
59.5388240814 TOTAL TIME SPENT RUNNING SUT
0.165593147278 TIME SPENT RESTARTING
0.0 TIME SPENT REDUCING TEST CASES
0 FAILED
0 REPEATS OF FAILURES
0 ACTUAL DISTINCT FAILURES

2048 BRANCHES COVERED
1597 STATEMENTS COVERED
