2017-12-28 16:27:40.122988: I tensorflow/core/platform/cpu_feature_guard.cc:137] Your CPU supports instructions that this TensorFlow binary was not compiled to use: SSE4.2 AVX AVX2 FMA
Random testing using config=Config(noExceptionMatch=False, generalize=False, localize=False, speed='FAST', probs=None, LOCBaseline=0.2, noAlphaConvert=False, replayable=False, essentials=False, noCoverageExploit=False, quickTests=False, html=None, keepLast=False, stopWhenNoCoverage=None, generateLOC=None, computeFeatureStats=False, Pmutate=0.0, timeout=60, output='failure.50084.test', markov=None, noSwarmDependencies=False, startExploit=0.0, maxMustHitBranch=None, useHints=False, silentFail=False, highLowSwarm=None, maxMustHitStatement=None, progress=False, postCover=False, swarmLength=None, noCover=False, noEnumerateEnabled=False, full=True, swarmP=0.5, coverFile='coverage.out', markovP=1.0, swarmProbs=None, genDepth=None, exploitCeiling=0.1, logging=None, noCheck=False, throughput=False, uncaught=False, swarmSwitch=None, verbose=False, reducePool=False, exploit=None, fastQuickAnalysis=False, total=False, verboseExploit=False, swarm=False, sequenceP=1.0, biasLOC=None, timedProgress=30, relax=False, ddmin=False, stutter=None, readQuick=False, verboseActions=False, quickAnalysis=False, noReassign=False, sequenceSize=3, LOCProbs=False, sequencesFromTests=None, maxTests=-1, trackMaxCoverage=None, useQuickSequences=False, exploitBestHint=1, failedLogging=None, stopWhenStatements=None, greedyStutter=False, seed=None, stopWhenHitStatement=None, uniqueValuesAnalysis=False, normalize=False, startExploitStall=0, enumerateEnabled=False, internal=False, profile=False, multiple=True, stopWhenBranches=None, running=False, compareFails=False, Pcrossover=0.2, stopWhenHitBranch=None, depth=100, showActions=False)
Tensor("Add_1:0", dtype=float32)
Tensor("Sum_1:0", dtype=float32)
Tensor("Mul_5:0", dtype=float32)
Tensor("Mul_10:0", dtype=float32)
Tensor("Add_19:0", dtype=float32)
Tensor("Add_20:0", dtype=float32)
Tensor("Sub_19:0", dtype=float32)
Tensor("Sub_20:0", dtype=float32)
Tensor("Add_26:0", dtype=float32)
Tensor("Sum_6:0", dtype=float32)
Tensor("truediv_35:0", dtype=float32)
Tensor("l:0", dtype=float32)
Tensor("Sum_13:0", dtype=float32)
Tensor("Add_71:0", dtype=float32)
Tensor("Mul_78:0", dtype=float32)
Tensor("o_2:0", dtype=float32)
TEST #7 STEP #20 (0:00:30.016195) Thu Dec 28 16:27:57 2017 [ 2020 stmts 2600 branches ] (no cov+ for 2 tests) 620 TOTAL ACTIONS (20.6555162541/s)
Tensor("Sub_83:0", dtype=float32)
Tensor("v_2:0", dtype=float32)
Tensor("Sub_96:0", dtype=float32)
[0.0, 0.0]
Tensor("truediv_102:0", shape=(), dtype=float32)
[nan, nan]
Tensor("mul_10:0", dtype=float32)
Tensor("Mul_105:0", dtype=float32)
Tensor("Square_24:0", dtype=float32)
None
STOPPING TEST DUE TO TIMEOUT, TERMINATED AT LENGTH 32
STOPPING TESTING DUE TO TIMEOUT
1.66817975488 PERCENT COVERED
78.3200068474 TOTAL RUNTIME
13 EXECUTED
1232 TOTAL TEST OPERATIONS
59.5197222233 TIME SPENT EXECUTING TEST OPERATIONS
0.30114197731 TIME SPENT EVALUATING GUARDS AND CHOOSING ACTIONS
0.00185704231262 TIME SPENT CHECKING PROPERTIES
59.5215792656 TOTAL TIME SPENT RUNNING SUT
0.162388563156 TIME SPENT RESTARTING
0.0 TIME SPENT REDUCING TEST CASES
0 FAILED
0 REPEATS OF FAILURES
0 ACTUAL DISTINCT FAILURES

2688 BRANCHES COVERED
2079 STATEMENTS COVERED
