2017-12-28 22:34:16.082298: I tensorflow/core/platform/cpu_feature_guard.cc:137] Your CPU supports instructions that this TensorFlow binary was not compiled to use: SSE4.2 AVX AVX2 FMA
Random testing using config=Config(noExceptionMatch=False, generalize=False, localize=False, speed='FAST', probs=None, LOCBaseline=0.2, noAlphaConvert=False, replayable=False, essentials=False, noCoverageExploit=False, quickTests=False, html=None, keepLast=False, stopWhenNoCoverage=None, generateLOC=None, computeFeatureStats=False, Pmutate=0.0, timeout=60, output='failure.61695.test', markov=None, noSwarmDependencies=False, startExploit=0.0, maxMustHitBranch=None, useHints=False, silentFail=False, highLowSwarm=None, maxMustHitStatement=None, progress=False, postCover=False, swarmLength=None, noCover=False, noEnumerateEnabled=False, full=True, swarmP=0.5, coverFile='coverage.out', markovP=1.0, swarmProbs=None, genDepth=None, exploitCeiling=0.1, logging=None, noCheck=False, throughput=False, uncaught=False, swarmSwitch=None, verbose=False, reducePool=False, exploit=None, fastQuickAnalysis=False, total=False, verboseExploit=False, swarm=False, sequenceP=1.0, biasLOC=None, timedProgress=30, relax=False, ddmin=False, stutter=None, readQuick=False, verboseActions=False, quickAnalysis=False, noReassign=False, sequenceSize=3, LOCProbs=False, sequencesFromTests=None, maxTests=-1, trackMaxCoverage=None, useQuickSequences=False, exploitBestHint=1, failedLogging=None, stopWhenStatements=None, greedyStutter=False, seed=None, stopWhenHitStatement=None, uniqueValuesAnalysis=False, normalize=False, startExploitStall=0, enumerateEnabled=False, internal=False, profile=False, multiple=True, stopWhenBranches=None, running=False, compareFails=False, Pcrossover=0.2, stopWhenHitBranch=None, depth=100, showActions=False)
Tensor("Mul_6:0", dtype=float32)
Tensor("Square_2:0", dtype=float32)
Tensor("Sub_28:0", dtype=float32)
Tensor("Square_7:0", dtype=float32)
Tensor("b:0", dtype=float32)
Tensor("Mul_45:0", dtype=float32)
Tensor("Sum_10:0", dtype=float32)
Tensor("Sum_11:0", dtype=float32)
Tensor("Add_60:0", dtype=float32)
Tensor("add_6:0", dtype=float32)
Tensor("truediv_48:0", dtype=float32)
Tensor("Mul_57:0", dtype=float32)
TEST #6 STEP #28 (0:00:30.040259) Thu Dec 28 22:34:36 2017 [ 2174 stmts 2782 branches ] 528 TOTAL ACTIONS (17.5764131072/s)
Tensor("Square_13:0", dtype=float32)
Tensor("Add_71:0", dtype=float32)
Tensor("truediv_53:0", dtype=float32)
Tensor("Add_72:0", dtype=float32)
Tensor("Mul_61:0", dtype=float32)
Tensor("Mul_59:0", dtype=float32)
Tensor("truediv_54:0", dtype=float32)
Tensor("truediv_69:0", dtype=float32)
Tensor("truediv_69:0", dtype=float32)
Tensor("truediv_72:0", dtype=float32)
Tensor("truediv_82:0", dtype=float32)
Tensor("Add_91:0", dtype=float32)
Tensor("Sub_74:0", dtype=float32)
Tensor("Mul_90:0", dtype=float32)
Tensor("Mul_92:0", dtype=float32)
Tensor("truediv_135:0", dtype=float32)
STOPPING TEST DUE TO TIMEOUT, TERMINATED AT LENGTH 50
STOPPING TESTING DUE TO TIMEOUT
1.74950824633 PERCENT COVERED
80.8661649227 TOTAL RUNTIME
11 EXECUTED
1050 TOTAL TEST OPERATIONS
59.4616544247 TIME SPENT EXECUTING TEST OPERATIONS
0.347341537476 TIME SPENT EVALUATING GUARDS AND CHOOSING ACTIONS
0.00185537338257 TIME SPENT CHECKING PROPERTIES
59.463509798 TOTAL TIME SPENT RUNNING SUT
0.189136981964 TIME SPENT RESTARTING
0.0 TIME SPENT REDUCING TEST CASES
0 FAILED
0 REPEATS OF FAILURES
0 ACTUAL DISTINCT FAILURES

2817 BRANCHES COVERED
2197 STATEMENTS COVERED
