2017-12-28 18:05:02.804395: I tensorflow/core/platform/cpu_feature_guard.cc:137] Your CPU supports instructions that this TensorFlow binary was not compiled to use: SSE4.2 AVX AVX2 FMA
Random testing using config=Config(noExceptionMatch=False, generalize=False, localize=False, speed='FAST', probs=None, LOCBaseline=0.2, noAlphaConvert=False, replayable=False, essentials=False, noCoverageExploit=False, quickTests=False, html=None, keepLast=False, stopWhenNoCoverage=None, generateLOC=None, computeFeatureStats=False, Pmutate=0.0, timeout=60, output='failure.53087.test', markov=None, noSwarmDependencies=False, startExploit=0.0, maxMustHitBranch=None, useHints=False, silentFail=False, highLowSwarm=None, maxMustHitStatement=None, progress=False, postCover=False, swarmLength=None, noCover=False, noEnumerateEnabled=False, full=True, swarmP=0.5, coverFile='coverage.out', markovP=1.0, swarmProbs=None, genDepth=None, exploitCeiling=0.1, logging=None, noCheck=False, throughput=False, uncaught=False, swarmSwitch=None, verbose=False, reducePool=False, exploit=None, fastQuickAnalysis=False, total=False, verboseExploit=False, swarm=False, sequenceP=1.0, biasLOC=None, timedProgress=30, relax=False, ddmin=False, stutter=None, readQuick=False, verboseActions=False, quickAnalysis=False, noReassign=False, sequenceSize=3, LOCProbs=False, sequencesFromTests=None, maxTests=-1, trackMaxCoverage=None, useQuickSequences=False, exploitBestHint=1, failedLogging=None, stopWhenStatements=None, greedyStutter=False, seed=None, stopWhenHitStatement=None, uniqueValuesAnalysis=False, normalize=False, startExploitStall=0, enumerateEnabled=False, internal=False, profile=False, multiple=True, stopWhenBranches=None, running=False, compareFails=False, Pcrossover=0.2, stopWhenHitBranch=None, depth=100, showActions=False)
Tensor("Sub_2:0", dtype=float32)
Tensor("Mul_4:0", dtype=float32)
Tensor("Square_1:0", dtype=float32)
Tensor("Mul_16:0", dtype=float32)
Tensor("Add_10:0", dtype=float32)
Tensor("Add_18:0", dtype=float32)
Tensor("Sub_24:0", dtype=float32)
Tensor("Const:0", shape=(), dtype=float32)
Tensor("x:0", dtype=float32)
Tensor("Mul_51:0", dtype=float32)
Tensor("a_1:0", dtype=float32)
Tensor("Sub_67:0", dtype=float32)
Tensor("Mul_71:0", dtype=float32)
Tensor("truediv_69:0", dtype=float32)
Tensor("truediv_77:0", dtype=float32)
TEST #7 STEP #16 (0:00:30.018745) Thu Dec 28 18:05:15 2017 [ 2024 stmts 2617 branches ] 616 TOTAL ACTIONS (20.520511471/s)
Tensor("add_6:0", dtype=float32)
Tensor("Mul_98:0", dtype=float32)
Tensor("Square_28:0", dtype=float32)
Tensor("Sub_118:0", dtype=float32)
Tensor("Add_125:0", dtype=float32)
Tensor("Mul_137:0", dtype=float32)
Tensor("Sub_137:0", dtype=float32)
Tensor("mul_24:0", dtype=float32)
STOPPING TEST DUE TO TIMEOUT, TERMINATED AT LENGTH 19
STOPPING TESTING DUE TO TIMEOUT
1.70852877389 PERCENT COVERED
78.900220871 TOTAL RUNTIME
13 EXECUTED
1219 TOTAL TEST OPERATIONS
59.516849041 TIME SPENT EXECUTING TEST OPERATIONS
0.339065790176 TIME SPENT EVALUATING GUARDS AND CHOOSING ACTIONS
0.00185322761536 TIME SPENT CHECKING PROPERTIES
59.5187022686 TOTAL TIME SPENT RUNNING SUT
0.167166471481 TIME SPENT RESTARTING
0.0 TIME SPENT REDUCING TEST CASES
0 FAILED
0 REPEATS OF FAILURES
0 ACTUAL DISTINCT FAILURES

2764 BRANCHES COVERED
2138 STATEMENTS COVERED
