2017-12-28 17:17:21.891691: I tensorflow/core/platform/cpu_feature_guard.cc:137] Your CPU supports instructions that this TensorFlow binary was not compiled to use: SSE4.2 AVX AVX2 FMA
Random testing using config=Config(noExceptionMatch=False, generalize=False, localize=False, speed='FAST', probs=None, LOCBaseline=0.2, noAlphaConvert=False, replayable=False, essentials=False, noCoverageExploit=False, quickTests=False, html=None, keepLast=False, stopWhenNoCoverage=None, generateLOC=None, computeFeatureStats=False, Pmutate=0.0, timeout=60, output='failure.51530.test', markov=None, noSwarmDependencies=False, startExploit=0.0, maxMustHitBranch=None, useHints=False, silentFail=False, highLowSwarm=None, maxMustHitStatement=None, progress=False, postCover=False, swarmLength=None, noCover=False, noEnumerateEnabled=False, full=True, swarmP=0.5, coverFile='coverage.out', markovP=1.0, swarmProbs=None, genDepth=None, exploitCeiling=0.1, logging=None, noCheck=False, throughput=False, uncaught=False, swarmSwitch=None, verbose=False, reducePool=False, exploit=None, fastQuickAnalysis=False, total=False, verboseExploit=False, swarm=True, sequenceP=1.0, biasLOC=None, timedProgress=30, relax=False, ddmin=False, stutter=None, readQuick=False, verboseActions=False, quickAnalysis=False, noReassign=False, sequenceSize=3, LOCProbs=False, sequencesFromTests=None, maxTests=-1, trackMaxCoverage=None, useQuickSequences=False, exploitBestHint=1, failedLogging=None, stopWhenStatements=None, greedyStutter=False, seed=None, stopWhenHitStatement=None, uniqueValuesAnalysis=False, normalize=False, startExploitStall=0, enumerateEnabled=False, internal=False, profile=False, multiple=True, stopWhenBranches=None, running=False, compareFails=False, Pcrossover=0.2, stopWhenHitBranch=None, depth=100, showActions=False)
[0.0, 0.0]
[0.0, 0.0]
[0.0, 0.0]
[0.0, 0.0]
[0.0, 0.0]
[0.0, 0.0]
[0.0, 0.0]
Tensor("b:0", dtype=float32)
Tensor("u:0", dtype=float32)
<tf.Variable 'Variable_1:0' shape=(1,) dtype=float32_ref>
[0.0, 0.0]
[0.0, 0.0]
Tensor("Mul_36:0", shape=(), dtype=float32)
[0.0, 0.0]
Tensor("Const_17:0", shape=(), dtype=float32)
TEST #7 STEP #31 (0:00:30.023889) Thu Dec 28 17:17:49 2017 [ 2252 stmts 2888 branches ] 631 TOTAL ACTIONS (21.016597938/s)
Tensor("mul_20:0", shape=(1,), dtype=float32)
Tensor("truediv_42:0", shape=(1,), dtype=float32)
<tf.Variable 'Variable_7:0' shape=(1,) dtype=float32_ref>
Tensor("mul_34:0", shape=(), dtype=float32)
Tensor("mul_31:0", shape=(), dtype=float32)
Tensor("Const_23:0", shape=(), dtype=float32)
Tensor("mul_35:0", shape=(), dtype=float32)
Tensor("Const_23:0", shape=(), dtype=float32)
name: "GradientDescent"
op: "NoOp"
input: "^GradientDescent/update_Variable_6/ApplyGradientDescent"

Tensor("add_30:0", shape=(1,), dtype=float32)
Tensor("Sub_61:0", shape=(1,), dtype=float32)
Tensor("Square_14:0", dtype=float32)
Tensor("Add_55:0", dtype=float32)
STOPPING TEST DUE TO TIMEOUT, TERMINATED AT LENGTH 38
STOPPING TESTING DUE TO TIMEOUT
1.8768598376 PERCENT COVERED
78.2507219315 TOTAL RUNTIME
13 EXECUTED
1238 TOTAL TEST OPERATIONS
59.6568081379 TIME SPENT EXECUTING TEST OPERATIONS
0.154711484909 TIME SPENT EVALUATING GUARDS AND CHOOSING ACTIONS
0.00174808502197 TIME SPENT CHECKING PROPERTIES
59.6585562229 TOTAL TIME SPENT RUNNING SUT
0.162773132324 TIME SPENT RESTARTING
0.0 TIME SPENT REDUCING TEST CASES
0 FAILED
0 REPEATS OF FAILURES
0 ACTUAL DISTINCT FAILURES

3044 BRANCHES COVERED
2368 STATEMENTS COVERED
