2017-12-28 14:27:44.147072: I tensorflow/core/platform/cpu_feature_guard.cc:137] Your CPU supports instructions that this TensorFlow binary was not compiled to use: SSE4.2 AVX AVX2 FMA
Random testing using config=Config(noExceptionMatch=False, generalize=False, localize=False, speed='FAST', probs=None, LOCBaseline=0.2, noAlphaConvert=False, replayable=False, essentials=False, noCoverageExploit=False, quickTests=False, html=None, keepLast=False, stopWhenNoCoverage=None, generateLOC=None, computeFeatureStats=False, Pmutate=0.0, timeout=60, output='failure.46304.test', markov=None, noSwarmDependencies=False, startExploit=0.0, maxMustHitBranch=None, useHints=False, silentFail=False, highLowSwarm=None, maxMustHitStatement=None, progress=False, postCover=False, swarmLength=None, noCover=False, noEnumerateEnabled=False, full=True, swarmP=0.5, coverFile='coverage.out', markovP=1.0, swarmProbs=None, genDepth=None, exploitCeiling=0.1, logging=None, noCheck=False, throughput=False, uncaught=False, swarmSwitch=None, verbose=False, reducePool=False, exploit=None, fastQuickAnalysis=False, total=False, verboseExploit=False, swarm=True, sequenceP=1.0, biasLOC=None, timedProgress=30, relax=False, ddmin=False, stutter=None, readQuick=False, verboseActions=False, quickAnalysis=False, noReassign=False, sequenceSize=3, LOCProbs=False, sequencesFromTests=None, maxTests=-1, trackMaxCoverage=None, useQuickSequences=False, exploitBestHint=1, failedLogging=None, stopWhenStatements=None, greedyStutter=False, seed=None, stopWhenHitStatement=None, uniqueValuesAnalysis=False, normalize=False, startExploitStall=0, enumerateEnabled=False, internal=False, profile=False, multiple=True, stopWhenBranches=None, running=False, compareFails=False, Pcrossover=0.2, stopWhenHitBranch=None, depth=100, showActions=False)
Tensor("Sub_1:0", dtype=float32)
Tensor("Sub_4:0", dtype=float32)
Tensor("truediv_11:0", dtype=float32)
Tensor("Add_41:0", dtype=float32)
Tensor("Square_14:0", dtype=float32)
Tensor("Sub_29:0", dtype=float32)
Tensor("Add_54:0", dtype=float32)
Tensor("mul_4:0", dtype=float32)
Tensor("mul_7:0", dtype=float32)
TEST #7 STEP #34 (0:00:30.023739) Thu Dec 28 14:28:08 2017 [ 2114 stmts 2735 branches ] (no cov+ for 2 tests) 634 TOTAL ACTIONS (21.116623679/s)
Tensor("Add_68:0", dtype=float32)
Tensor("Add_69:0", dtype=float32)
Tensor("sub_16:0", dtype=float32)
<tf.Variable 'Variable_6:0' shape=(1,) dtype=float32_ref>
Tensor("Add_95:0", dtype=float32)
None
STOPPING TEST DUE TO TIMEOUT, TERMINATED AT LENGTH 23
STOPPING TESTING DUE TO TIMEOUT
1.86803348969 PERCENT COVERED
78.581482172 TOTAL RUNTIME
13 EXECUTED
1223 TOTAL TEST OPERATIONS
59.6097373962 TIME SPENT EXECUTING TEST OPERATIONS
0.214642763138 TIME SPENT EVALUATING GUARDS AND CHOOSING ACTIONS
0.00178098678589 TIME SPENT CHECKING PROPERTIES
59.611518383 TOTAL TIME SPENT RUNNING SUT
0.164009571075 TIME SPENT RESTARTING
0.0 TIME SPENT REDUCING TEST CASES
0 FAILED
0 REPEATS OF FAILURES
0 ACTUAL DISTINCT FAILURES

3029 BRANCHES COVERED
2336 STATEMENTS COVERED
