2017-12-28 21:04:04.258910: I tensorflow/core/platform/cpu_feature_guard.cc:137] Your CPU supports instructions that this TensorFlow binary was not compiled to use: SSE4.2 AVX AVX2 FMA
Random testing using config=Config(noExceptionMatch=False, generalize=False, localize=False, speed='FAST', probs=None, LOCBaseline=0.2, noAlphaConvert=False, replayable=False, essentials=False, noCoverageExploit=False, quickTests=False, html=None, keepLast=False, stopWhenNoCoverage=None, generateLOC=None, computeFeatureStats=False, Pmutate=0.0, timeout=60, output='failure.58989.test', markov=None, noSwarmDependencies=False, startExploit=0.0, maxMustHitBranch=None, useHints=False, silentFail=False, highLowSwarm=None, maxMustHitStatement=None, progress=False, postCover=False, swarmLength=None, noCover=False, noEnumerateEnabled=False, full=True, swarmP=0.5, coverFile='coverage.out', markovP=1.0, swarmProbs=None, genDepth=None, exploitCeiling=0.1, logging=None, noCheck=False, throughput=False, uncaught=False, swarmSwitch=None, verbose=False, reducePool=False, exploit=None, fastQuickAnalysis=False, total=False, verboseExploit=False, swarm=True, sequenceP=1.0, biasLOC=None, timedProgress=30, relax=False, ddmin=False, stutter=None, readQuick=False, verboseActions=False, quickAnalysis=False, noReassign=False, sequenceSize=3, LOCProbs=False, sequencesFromTests=None, maxTests=-1, trackMaxCoverage=None, useQuickSequences=False, exploitBestHint=1, failedLogging=None, stopWhenStatements=None, greedyStutter=False, seed=None, stopWhenHitStatement=None, uniqueValuesAnalysis=False, normalize=False, startExploitStall=0, enumerateEnabled=False, internal=False, profile=False, multiple=True, stopWhenBranches=None, running=False, compareFails=False, Pcrossover=0.2, stopWhenHitBranch=None, depth=100, showActions=False)
Tensor("Sub_3:0", dtype=float32)
Tensor("Sub_23:0", dtype=float32)
Tensor("Mul_8:0", dtype=float32)
Tensor("g_3:0", dtype=float32)
Tensor("sub_4:0", dtype=float32)
Tensor("Sub_55:0", shape=(), dtype=float32)
Tensor("Mul_43:0", dtype=float32)
Tensor("Mul_46:0", dtype=float32)
Tensor("s_2:0", dtype=float32)
Tensor("c_1:0", dtype=float32)
TEST #7 STEP #42 (0:00:30.044929) Thu Dec 28 21:04:33 2017 [ 1955 stmts 2529 branches ] 642 TOTAL ACTIONS (21.3679985535/s)
Tensor("add_6:0", shape=(1,), dtype=float32)
Tensor("mul_15:0", shape=(1,), dtype=float32)
Tensor("Add_90:0", shape=(1,), dtype=float32)
Tensor("Mul_80:0", shape=(1,), dtype=float32)
Tensor("Mul_81:0", shape=(1,), dtype=float32)
None
None
None
None
Tensor("add_17:0", shape=(1,), dtype=float32)
Tensor("mul_25:0", shape=(1,), dtype=float32)
Tensor("Const_6:0", shape=(), dtype=float32)
STOPPING TEST DUE TO TIMEOUT, TERMINATED AT LENGTH 48
STOPPING TESTING DUE TO TIMEOUT
1.91027386897 PERCENT COVERED
78.3251390457 TOTAL RUNTIME
13 EXECUTED
1248 TOTAL TEST OPERATIONS
59.6448037624 TIME SPENT EXECUTING TEST OPERATIONS
0.17063999176 TIME SPENT EVALUATING GUARDS AND CHOOSING ACTIONS
0.0018265247345 TIME SPENT CHECKING PROPERTIES
59.6466302872 TOTAL TIME SPENT RUNNING SUT
0.159138917923 TIME SPENT RESTARTING
0.0 TIME SPENT REDUCING TEST CASES
0 FAILED
0 REPEATS OF FAILURES
0 ACTUAL DISTINCT FAILURES

3102 BRANCHES COVERED
2405 STATEMENTS COVERED
