2017-12-28 13:31:00.736759: I tensorflow/core/platform/cpu_feature_guard.cc:137] Your CPU supports instructions that this TensorFlow binary was not compiled to use: SSE4.2 AVX AVX2 FMA
Random testing using config=Config(noExceptionMatch=False, generalize=False, localize=False, speed='FAST', probs=None, LOCBaseline=0.2, noAlphaConvert=False, replayable=False, essentials=False, noCoverageExploit=False, quickTests=False, html=None, keepLast=False, stopWhenNoCoverage=None, generateLOC=None, computeFeatureStats=False, Pmutate=0.0, timeout=60, output='failure.44664.test', markov=None, noSwarmDependencies=False, startExploit=0.0, maxMustHitBranch=None, useHints=False, silentFail=False, highLowSwarm=None, maxMustHitStatement=None, progress=False, postCover=False, swarmLength=None, noCover=False, noEnumerateEnabled=False, full=True, swarmP=0.5, coverFile='coverage.out', markovP=1.0, swarmProbs=None, genDepth=None, exploitCeiling=0.1, logging=None, noCheck=False, throughput=False, uncaught=False, swarmSwitch=None, verbose=False, reducePool=False, exploit=None, fastQuickAnalysis=False, total=False, verboseExploit=False, swarm=True, sequenceP=1.0, biasLOC=None, timedProgress=30, relax=False, ddmin=False, stutter=None, readQuick=False, verboseActions=False, quickAnalysis=False, noReassign=False, sequenceSize=3, LOCProbs=False, sequencesFromTests=None, maxTests=-1, trackMaxCoverage=None, useQuickSequences=False, exploitBestHint=1, failedLogging=None, stopWhenStatements=None, greedyStutter=False, seed=None, stopWhenHitStatement=None, uniqueValuesAnalysis=False, normalize=False, startExploitStall=0, enumerateEnabled=False, internal=False, profile=False, multiple=True, stopWhenBranches=None, running=False, compareFails=False, Pcrossover=0.2, stopWhenHitBranch=None, depth=100, showActions=False)
Tensor("Sub_2:0", dtype=float32)
Tensor("Sub_3:0", dtype=float32)
Tensor("Square_1:0", dtype=float32)
Tensor("truediv_1:0", dtype=float32)
Tensor("truediv_3:0", dtype=float32)
Tensor("truediv_9:0", dtype=float32)
Tensor("Add_16:0", dtype=float32)
Tensor("truediv_16:0", dtype=float32)
Tensor("truediv_15:0", dtype=float32)
Tensor("Add_17:0", dtype=float32)
Tensor("Add_20:0", dtype=float32)
[1.0, 1.0]
[0.0, 0.0]
None
Tensor("Add_31:0", shape=(1,), dtype=float32)
Tensor("Add_42:0", shape=(1,), dtype=float32)
Tensor("truediv_40:0", dtype=float32)
Tensor("Add_96:0", dtype=float32)
TEST #7 STEP #20 (0:00:30.003281) Thu Dec 28 13:31:19 2017 [ 2095 stmts 2708 branches ] 620 TOTAL ACTIONS (20.6644065892/s)
Tensor("Sub_21:0", shape=(1,), dtype=float32)
Tensor("Mul_54:0", shape=(1,), dtype=float32)
None
None
None
STOPPING TEST DUE TO TIMEOUT, TERMINATED AT LENGTH 67
STOPPING TESTING DUE TO TIMEOUT
1.89009935946 PERCENT COVERED
78.7494461536 TOTAL RUNTIME
12 EXECUTED
1167 TOTAL TEST OPERATIONS
59.9997937679 TIME SPENT EXECUTING TEST OPERATIONS
0.197518587112 TIME SPENT EVALUATING GUARDS AND CHOOSING ACTIONS
0.00167059898376 TIME SPENT CHECKING PROPERTIES
60.0014643669 TOTAL TIME SPENT RUNNING SUT
0.162316322327 TIME SPENT RESTARTING
0.0 TIME SPENT REDUCING TEST CASES
0 FAILED
0 REPEATS OF FAILURES
0 ACTUAL DISTINCT FAILURES

3064 BRANCHES COVERED
2361 STATEMENTS COVERED
