2017-12-28 23:08:19.825651: I tensorflow/core/platform/cpu_feature_guard.cc:137] Your CPU supports instructions that this TensorFlow binary was not compiled to use: SSE4.2 AVX AVX2 FMA
Random testing using config=Config(noExceptionMatch=False, generalize=False, localize=False, speed='FAST', probs=None, LOCBaseline=0.2, noAlphaConvert=False, replayable=False, essentials=False, noCoverageExploit=False, quickTests=False, html=None, keepLast=False, stopWhenNoCoverage=None, generateLOC=None, computeFeatureStats=False, Pmutate=0.0, timeout=60, output='failure.62623.test', markov=None, noSwarmDependencies=False, startExploit=0.0, maxMustHitBranch=None, useHints=False, silentFail=False, highLowSwarm=None, maxMustHitStatement=None, progress=False, postCover=False, swarmLength=None, noCover=False, noEnumerateEnabled=False, full=True, swarmP=0.5, coverFile='coverage.out', markovP=1.0, swarmProbs=None, genDepth=None, exploitCeiling=0.1, logging=None, noCheck=False, throughput=False, uncaught=False, swarmSwitch=None, verbose=False, reducePool=False, exploit=None, fastQuickAnalysis=False, total=False, verboseExploit=False, swarm=True, sequenceP=1.0, biasLOC=None, timedProgress=30, relax=False, ddmin=False, stutter=None, readQuick=False, verboseActions=False, quickAnalysis=False, noReassign=False, sequenceSize=3, LOCProbs=False, sequencesFromTests=None, maxTests=-1, trackMaxCoverage=None, useQuickSequences=False, exploitBestHint=1, failedLogging=None, stopWhenStatements=None, greedyStutter=False, seed=None, stopWhenHitStatement=None, uniqueValuesAnalysis=False, normalize=False, startExploitStall=0, enumerateEnabled=False, internal=False, profile=False, multiple=True, stopWhenBranches=None, running=False, compareFails=False, Pcrossover=0.2, stopWhenHitBranch=None, depth=100, showActions=False)
Tensor("Mul_2:0", shape=(1,), dtype=float32)
Tensor("v_2:0", dtype=float32)
Tensor("n_1:0", dtype=float32)
Tensor("Sub_2:0", dtype=float32)
Tensor("sub_6:0", dtype=float32)
Tensor("Const_3:0", shape=(), dtype=float32)
Tensor("Square:0", dtype=float32)
Tensor("k:0", dtype=float32)
Tensor("add_14:0", dtype=float32)
Tensor("z:0", dtype=float32)
Tensor("k:0", dtype=float32)
Tensor("a:0", dtype=float32)
TEST #6 STEP #42 (0:00:30.045153) Thu Dec 28 23:08:49 2017 [ 2037 stmts 2627 branches ] 542 TOTAL ACTIONS (18.0395154505/s)
[nan, nan]
[nan, nan]
[nan, nan]
[nan, nan]
[nan, nan]
Tensor("mul_15:0", shape=(), dtype=float32)
Tensor("mul_16:0", shape=(), dtype=float32)
[nan, nan]
Tensor("Mul_68:0", shape=(), dtype=float32)
[nan, nan]
Tensor("Sub_48:0", dtype=float32)
Tensor("m_2:0", dtype=float32)
Tensor("Mul_90:0", dtype=float32)
Tensor("Mul_92:0", dtype=float32)
Tensor("Mul_100:0", dtype=float32)
Tensor("k_1:0", dtype=float32)
Tensor("Mul_110:0", dtype=float32)
STOPPING TEST DUE TO TIMEOUT, TERMINATED AT LENGTH 50
STOPPING TESTING DUE TO TIMEOUT
1.8541635144 PERCENT COVERED
80.7387609482 TOTAL RUNTIME
11 EXECUTED
1050 TOTAL TEST OPERATIONS
59.6608467102 TIME SPENT EXECUTING TEST OPERATIONS
0.165648460388 TIME SPENT EVALUATING GUARDS AND CHOOSING ACTIONS
0.00176572799683 TIME SPENT CHECKING PROPERTIES
59.6626124382 TOTAL TIME SPENT RUNNING SUT
0.169447422028 TIME SPENT RESTARTING
0.0 TIME SPENT REDUCING TEST CASES
0 FAILED
0 REPEATS OF FAILURES
0 ACTUAL DISTINCT FAILURES

3005 BRANCHES COVERED
2317 STATEMENTS COVERED
