2017-12-29 01:20:36.787600: I tensorflow/core/platform/cpu_feature_guard.cc:137] Your CPU supports instructions that this TensorFlow binary was not compiled to use: SSE4.2 AVX AVX2 FMA
Random testing using config=Config(noExceptionMatch=False, generalize=False, localize=False, speed='FAST', probs=None, LOCBaseline=0.2, noAlphaConvert=False, replayable=False, essentials=False, noCoverageExploit=False, quickTests=False, html=None, keepLast=False, stopWhenNoCoverage=None, generateLOC=None, computeFeatureStats=False, Pmutate=0.0, timeout=60, output='failure.66541.test', markov=None, noSwarmDependencies=False, startExploit=0.0, maxMustHitBranch=None, useHints=False, silentFail=False, highLowSwarm=None, maxMustHitStatement=None, progress=False, postCover=False, swarmLength=None, noCover=False, noEnumerateEnabled=False, full=True, swarmP=0.5, coverFile='coverage.out', markovP=1.0, swarmProbs=None, genDepth=None, exploitCeiling=0.1, logging=None, noCheck=False, throughput=False, uncaught=False, swarmSwitch=None, verbose=False, reducePool=False, exploit=None, fastQuickAnalysis=False, total=False, verboseExploit=False, swarm=True, sequenceP=1.0, biasLOC=None, timedProgress=30, relax=False, ddmin=False, stutter=None, readQuick=False, verboseActions=False, quickAnalysis=False, noReassign=False, sequenceSize=3, LOCProbs=False, sequencesFromTests=None, maxTests=-1, trackMaxCoverage=None, useQuickSequences=False, exploitBestHint=1, failedLogging=None, stopWhenStatements=None, greedyStutter=False, seed=None, stopWhenHitStatement=None, uniqueValuesAnalysis=False, normalize=False, startExploitStall=0, enumerateEnabled=False, internal=False, profile=False, multiple=True, stopWhenBranches=None, running=False, compareFails=False, Pcrossover=0.2, stopWhenHitBranch=None, depth=100, showActions=False)
None
None
Tensor("truediv_5:0", dtype=float32)
Tensor("v:0", dtype=float32)
Tensor("Mul_7:0", dtype=float32)
Tensor("Square_1:0", dtype=float32)
None
Tensor("Mul_11:0", dtype=float32)
Tensor("sub:0", dtype=float32)
Tensor("Square_4:0", dtype=float32)
Tensor("sub_4:0", dtype=float32)
Tensor("t:0", dtype=float32)
Tensor("Sub_11:0", dtype=float32)
Tensor("t_1:0", dtype=float32)
Tensor("Square_7:0", dtype=float32)
Tensor("sub_11:0", dtype=float32)
TEST #6 STEP #23 (0:00:30.019227) Fri Dec 29 01:21:06 2017 [ 2007 stmts 2580 branches ] 523 TOTAL ACTIONS (17.42216745/s)
[0.0, 0.0]
[0.0, 0.0]
[0.0, 0.0]
[0.0, 0.0]
[0.0, 0.0]
Tensor("Sum_23:0", shape=(), dtype=float32)
Tensor("Sum_23:0", shape=(), dtype=float32)
Tensor("sub_36:0", shape=(), dtype=float32)
Tensor("sub_43:0", shape=(), dtype=float32)
Tensor("truediv_41:0", shape=(1,), dtype=float32)
STOPPING TEST DUE TO TIMEOUT, TERMINATED AT LENGTH 32
STOPPING TESTING DUE TO TIMEOUT
1.76905230242 PERCENT COVERED
80.9399459362 TOTAL RUNTIME
11 EXECUTED
1032 TOTAL TEST OPERATIONS
59.6398308277 TIME SPENT EXECUTING TEST OPERATIONS
0.168215990067 TIME SPENT EVALUATING GUARDS AND CHOOSING ACTIONS
0.00173616409302 TIME SPENT CHECKING PROPERTIES
59.6415669918 TOTAL TIME SPENT RUNNING SUT
0.171274185181 TIME SPENT RESTARTING
0.0 TIME SPENT REDUCING TEST CASES
0 FAILED
0 REPEATS OF FAILURES
0 ACTUAL DISTINCT FAILURES

2861 BRANCHES COVERED
2209 STATEMENTS COVERED
