2017-12-29 00:55:54.179692: I tensorflow/core/platform/cpu_feature_guard.cc:137] Your CPU supports instructions that this TensorFlow binary was not compiled to use: SSE4.2 AVX AVX2 FMA
Random testing using config=Config(noExceptionMatch=False, generalize=False, localize=False, speed='FAST', probs=None, LOCBaseline=0.2, noAlphaConvert=False, replayable=False, essentials=False, noCoverageExploit=False, quickTests=False, html=None, keepLast=False, stopWhenNoCoverage=None, generateLOC=None, computeFeatureStats=False, Pmutate=0.0, timeout=60, output='failure.65798.test', markov=None, noSwarmDependencies=False, startExploit=0.0, maxMustHitBranch=None, useHints=False, silentFail=False, highLowSwarm=None, maxMustHitStatement=None, progress=False, postCover=False, swarmLength=None, noCover=False, noEnumerateEnabled=False, full=True, swarmP=0.5, coverFile='coverage.out', markovP=1.0, swarmProbs=None, genDepth=None, exploitCeiling=0.1, logging=None, noCheck=False, throughput=False, uncaught=False, swarmSwitch=None, verbose=False, reducePool=False, exploit=None, fastQuickAnalysis=False, total=False, verboseExploit=False, swarm=True, sequenceP=1.0, biasLOC=None, timedProgress=30, relax=False, ddmin=False, stutter=None, readQuick=False, verboseActions=False, quickAnalysis=False, noReassign=False, sequenceSize=3, LOCProbs=False, sequencesFromTests=None, maxTests=-1, trackMaxCoverage=None, useQuickSequences=False, exploitBestHint=1, failedLogging=None, stopWhenStatements=None, greedyStutter=False, seed=None, stopWhenHitStatement=None, uniqueValuesAnalysis=False, normalize=False, startExploitStall=0, enumerateEnabled=False, internal=False, profile=False, multiple=True, stopWhenBranches=None, running=False, compareFails=False, Pcrossover=0.2, stopWhenHitBranch=None, depth=100, showActions=False)
Tensor("s_1:0", dtype=float32)
Tensor("k:0", dtype=float32)
Tensor("s:0", dtype=float32)
None
None
None
TEST #6 STEP #45 (0:00:30.010967) Fri Dec 29 00:56:15 2017 [ 1248 stmts 1583 branches ] 545 TOTAL ACTIONS (18.160027956/s)
None
None
None
Tensor("Square_6:0", dtype=float32)
Tensor("truediv_39:0", dtype=float32)
Tensor("truediv_50:0", dtype=float32)
STOPPING TEST DUE TO TIMEOUT, TERMINATED AT LENGTH 78
STOPPING TESTING DUE TO TIMEOUT
1.3151258385 PERCENT COVERED
81.0010662079 TOTAL RUNTIME
11 EXECUTED
1078 TOTAL TEST OPERATIONS
59.5887901783 TIME SPENT EXECUTING TEST OPERATIONS
0.207048654556 TIME SPENT EVALUATING GUARDS AND CHOOSING ACTIONS
0.00172305107117 TIME SPENT CHECKING PROPERTIES
59.5905132294 TOTAL TIME SPENT RUNNING SUT
0.16867184639 TIME SPENT RESTARTING
0.0 TIME SPENT REDUCING TEST CASES
0 FAILED
0 REPEATS OF FAILURES
0 ACTUAL DISTINCT FAILURES

2104 BRANCHES COVERED
1637 STATEMENTS COVERED
