2017-12-28 22:10:38.734323: I tensorflow/core/platform/cpu_feature_guard.cc:137] Your CPU supports instructions that this TensorFlow binary was not compiled to use: SSE4.2 AVX AVX2 FMA
Random testing using config=Config(noExceptionMatch=False, generalize=False, localize=False, speed='FAST', probs=None, LOCBaseline=0.2, noAlphaConvert=False, replayable=False, essentials=False, noCoverageExploit=False, quickTests=False, html=None, keepLast=False, stopWhenNoCoverage=None, generateLOC=None, computeFeatureStats=False, Pmutate=0.0, timeout=60, output='failure.60919.test', markov=None, noSwarmDependencies=False, startExploit=0.0, maxMustHitBranch=None, useHints=False, silentFail=False, highLowSwarm=None, maxMustHitStatement=None, progress=False, postCover=False, swarmLength=None, noCover=False, noEnumerateEnabled=False, full=True, swarmP=0.5, coverFile='coverage.out', markovP=1.0, swarmProbs=None, genDepth=None, exploitCeiling=0.1, logging=None, noCheck=False, throughput=False, uncaught=False, swarmSwitch=None, verbose=False, reducePool=False, exploit=None, fastQuickAnalysis=False, total=False, verboseExploit=False, swarm=True, sequenceP=1.0, biasLOC=None, timedProgress=30, relax=False, ddmin=False, stutter=None, readQuick=False, verboseActions=False, quickAnalysis=False, noReassign=False, sequenceSize=3, LOCProbs=False, sequencesFromTests=None, maxTests=-1, trackMaxCoverage=None, useQuickSequences=False, exploitBestHint=1, failedLogging=None, stopWhenStatements=None, greedyStutter=False, seed=None, stopWhenHitStatement=None, uniqueValuesAnalysis=False, normalize=False, startExploitStall=0, enumerateEnabled=False, internal=False, profile=False, multiple=True, stopWhenBranches=None, running=False, compareFails=False, Pcrossover=0.2, stopWhenHitBranch=None, depth=100, showActions=False)
<tf.Variable 'Variable_4:0' shape=(1,) dtype=float32_ref>
Tensor("Add_17:0", dtype=float32)
None
Tensor("add_2:0", dtype=float32)
Tensor("sub_12:0", dtype=float32)
Tensor("Sum_7:0", dtype=float32)
Tensor("add_5:0", dtype=float32)
None
Tensor("Sum_8:0", dtype=float32)
Tensor("add_7:0", dtype=float32)
Tensor("truediv_5:0", dtype=float32)
Tensor("truediv_7:0", dtype=float32)
Tensor("Sub_22:0", dtype=float32)
Tensor("Sub_22:0", dtype=float32)
Tensor("truediv_17:0", dtype=float32)
TEST #4 STEP #71 (0:00:30.030585) Thu Dec 28 22:10:55 2017 [ 2277 stmts 2953 branches ] 371 TOTAL ACTIONS (12.3540717679/s)
Tensor("mul:0", dtype=float32)
Tensor("add_8:0", dtype=float32)
None
None
None
None
None
None
None
None
None
Tensor("Add_35:0", dtype=float32)
Tensor("Add_41:0", dtype=float32)
Tensor("Add_42:0", dtype=float32)
STOPPING TEST DUE TO TIMEOUT, TERMINATED AT LENGTH 57
STOPPING TESTING DUE TO TIMEOUT
1.93612245927 PERCENT COVERED
82.9818577766 TOTAL RUNTIME
8 EXECUTED
757 TOTAL TEST OPERATIONS
59.6248006821 TIME SPENT EXECUTING TEST OPERATIONS
0.18260884285 TIME SPENT EVALUATING GUARDS AND CHOOSING ACTIONS
0.0013325214386 TIME SPENT CHECKING PROPERTIES
59.6261332035 TOTAL TIME SPENT RUNNING SUT
0.192692279816 TIME SPENT RESTARTING
0.0 TIME SPENT REDUCING TEST CASES
0 FAILED
0 REPEATS OF FAILURES
0 ACTUAL DISTINCT FAILURES

3151 BRANCHES COVERED
2439 STATEMENTS COVERED
