2017-12-28 19:10:40.378359: I tensorflow/core/platform/cpu_feature_guard.cc:137] Your CPU supports instructions that this TensorFlow binary was not compiled to use: SSE4.2 AVX AVX2 FMA
Random testing using config=Config(noExceptionMatch=False, generalize=False, localize=False, speed='FAST', probs=None, LOCBaseline=0.2, noAlphaConvert=False, replayable=False, essentials=False, noCoverageExploit=False, quickTests=False, html=None, keepLast=False, stopWhenNoCoverage=None, generateLOC=None, computeFeatureStats=False, Pmutate=0.0, timeout=60, output='failure.54881.test', markov=None, noSwarmDependencies=False, startExploit=0.0, maxMustHitBranch=None, useHints=False, silentFail=False, highLowSwarm=None, maxMustHitStatement=None, progress=False, postCover=False, swarmLength=None, noCover=False, noEnumerateEnabled=False, full=True, swarmP=0.5, coverFile='coverage.out', markovP=1.0, swarmProbs=None, genDepth=None, exploitCeiling=0.1, logging=None, noCheck=False, throughput=False, uncaught=False, swarmSwitch=None, verbose=False, reducePool=False, exploit=None, fastQuickAnalysis=False, total=False, verboseExploit=False, swarm=True, sequenceP=1.0, biasLOC=None, timedProgress=30, relax=False, ddmin=False, stutter=None, readQuick=False, verboseActions=False, quickAnalysis=False, noReassign=False, sequenceSize=3, LOCProbs=False, sequencesFromTests=None, maxTests=-1, trackMaxCoverage=None, useQuickSequences=False, exploitBestHint=1, failedLogging=None, stopWhenStatements=None, greedyStutter=False, seed=None, stopWhenHitStatement=None, uniqueValuesAnalysis=False, normalize=False, startExploitStall=0, enumerateEnabled=False, internal=False, profile=False, multiple=True, stopWhenBranches=None, running=False, compareFails=False, Pcrossover=0.2, stopWhenHitBranch=None, depth=100, showActions=False)
Tensor("truediv_11:0", shape=(), dtype=float32)
Tensor("j:0", dtype=float32)
Tensor("Add_28:0", dtype=float32)
Tensor("add_15:0", shape=(1,), dtype=float32)
TEST #7 STEP #12 (0:00:30.000968) Thu Dec 28 19:11:08 2017 [ 2294 stmts 2970 branches ] (no cov+ for 1 tests) 612 TOTAL ACTIONS (20.3993417952/s)
[0.0, 0.0]
[0.0, 0.0]
None
Tensor("Const_16:0", shape=(), dtype=float32)
Tensor("truediv_56:0", shape=(), dtype=float32)
Tensor("Const_22:0", shape=(), dtype=float32)
Tensor("truediv_62:0", shape=(), dtype=float32)
Tensor("Add_63:0", shape=(), dtype=float32)
Tensor("truediv_65:0", shape=(), dtype=float32)
STOPPING TEST DUE TO TIMEOUT, TERMINATED AT LENGTH 28
STOPPING TESTING DUE TO TIMEOUT
1.865511676 PERCENT COVERED
77.661345005 TOTAL RUNTIME
13 EXECUTED
1228 TOTAL TEST OPERATIONS
59.8285515308 TIME SPENT EXECUTING TEST OPERATIONS
0.175930023193 TIME SPENT EVALUATING GUARDS AND CHOOSING ACTIONS
0.00173234939575 TIME SPENT CHECKING PROPERTIES
59.8302838802 TOTAL TIME SPENT RUNNING SUT
0.144707918167 TIME SPENT RESTARTING
0.0 TIME SPENT REDUCING TEST CASES
0 FAILED
0 REPEATS OF FAILURES
0 ACTUAL DISTINCT FAILURES

3020 BRANCHES COVERED
2329 STATEMENTS COVERED
