2017-12-28 16:28:54.871243: I tensorflow/core/platform/cpu_feature_guard.cc:137] Your CPU supports instructions that this TensorFlow binary was not compiled to use: SSE4.2 AVX AVX2 FMA
Random testing using config=Config(noExceptionMatch=False, generalize=False, localize=False, speed='FAST', probs=None, LOCBaseline=0.2, noAlphaConvert=False, replayable=False, essentials=False, noCoverageExploit=False, quickTests=False, html=None, keepLast=False, stopWhenNoCoverage=None, generateLOC=None, computeFeatureStats=False, Pmutate=0.0, timeout=60, output='failure.50122.test', markov=None, noSwarmDependencies=False, startExploit=0.0, maxMustHitBranch=None, useHints=False, silentFail=False, highLowSwarm=None, maxMustHitStatement=None, progress=False, postCover=False, swarmLength=None, noCover=False, noEnumerateEnabled=False, full=True, swarmP=0.5, coverFile='coverage.out', markovP=1.0, swarmProbs=None, genDepth=None, exploitCeiling=0.1, logging=None, noCheck=False, throughput=False, uncaught=False, swarmSwitch=None, verbose=False, reducePool=False, exploit=None, fastQuickAnalysis=False, total=False, verboseExploit=False, swarm=True, sequenceP=1.0, biasLOC=None, timedProgress=30, relax=False, ddmin=False, stutter=None, readQuick=False, verboseActions=False, quickAnalysis=False, noReassign=False, sequenceSize=3, LOCProbs=False, sequencesFromTests=None, maxTests=-1, trackMaxCoverage=None, useQuickSequences=False, exploitBestHint=1, failedLogging=None, stopWhenStatements=None, greedyStutter=False, seed=None, stopWhenHitStatement=None, uniqueValuesAnalysis=False, normalize=False, startExploitStall=0, enumerateEnabled=False, internal=False, profile=False, multiple=True, stopWhenBranches=None, running=False, compareFails=False, Pcrossover=0.2, stopWhenHitBranch=None, depth=100, showActions=False)
Tensor("truediv:0", dtype=float32)
Tensor("z:0", dtype=float32)
Tensor("truediv_6:0", dtype=float32)
Tensor("Add_23:0", dtype=float32)
Tensor("r:0", dtype=float32)
Tensor("truediv_20:0", dtype=float32)
Tensor("Add_44:0", shape=(1,), dtype=float32)
Tensor("mul_11:0", shape=(1,), dtype=float32)
Tensor("Square_7:0", shape=(), dtype=float32)
Tensor("truediv_29:0", shape=(), dtype=float32)
Tensor("Add_64:0", shape=(), dtype=float32)
Tensor("Add_63:0", shape=(), dtype=float32)
[nan, nan]
[nan, 0.0]
TEST #7 STEP #27 (0:00:30.031866) Thu Dec 28 16:29:18 2017 [ 2270 stmts 2941 branches ] 627 TOTAL ACTIONS (20.8778235246/s)
Tensor("Add_77:0", shape=(), dtype=float32)
Tensor("Sub_35:0", shape=(), dtype=float32)
Tensor("truediv_41:0", shape=(), dtype=float32)
Tensor("Const_17:0", shape=(), dtype=float32)
Tensor("truediv_44:0", shape=(), dtype=float32)
[nan, nan]
Tensor("t:0", dtype=float32)
Tensor("truediv_50:0", dtype=float32)
Tensor("mul_15:0", dtype=float32)
Tensor("Sub_56:0", dtype=float32)
Tensor("truediv_53:0", dtype=float32)
Tensor("Sub_57:0", dtype=float32)
Tensor("h_1:0", dtype=float32)
Tensor("Square_14:0", dtype=float32)
Tensor("Const_19:0", shape=(), dtype=float32)
Tensor("mul_24:0", dtype=float32)
<tf.Variable 'Variable_9:0' shape=(1,) dtype=float32_ref>
Tensor("Add_91:0", shape=(1,), dtype=float32)
Tensor("sub_46:0", shape=(1,), dtype=float32)
None
[0.0, 0.0]
[0.0, 0.0]
[0.0, 0.0]
[0.0, 0.0]
[0.0, 0.0]
[0.0, 0.0]
[0.0, 0.0]
STOPPING TEST DUE TO TIMEOUT, TERMINATED AT LENGTH 34
STOPPING TESTING DUE TO TIMEOUT
1.86803348969 PERCENT COVERED
78.5968680382 TOTAL RUNTIME
13 EXECUTED
1234 TOTAL TEST OPERATIONS
59.6330449581 TIME SPENT EXECUTING TEST OPERATIONS
0.199558496475 TIME SPENT EVALUATING GUARDS AND CHOOSING ACTIONS
0.00185346603394 TIME SPENT CHECKING PROPERTIES
59.6348984241 TOTAL TIME SPENT RUNNING SUT
0.154516220093 TIME SPENT RESTARTING
0.0 TIME SPENT REDUCING TEST CASES
0 FAILED
0 REPEATS OF FAILURES
0 ACTUAL DISTINCT FAILURES

3025 BRANCHES COVERED
2336 STATEMENTS COVERED
