2017-12-28 15:56:39.326523: I tensorflow/core/platform/cpu_feature_guard.cc:137] Your CPU supports instructions that this TensorFlow binary was not compiled to use: SSE4.2 AVX AVX2 FMA
Random testing using config=Config(noExceptionMatch=False, generalize=False, localize=False, speed='FAST', probs=None, LOCBaseline=0.2, noAlphaConvert=False, replayable=False, essentials=False, noCoverageExploit=False, quickTests=False, html=None, keepLast=False, stopWhenNoCoverage=None, generateLOC=None, computeFeatureStats=False, Pmutate=0.0, timeout=60, output='failure.49045.test', markov=None, noSwarmDependencies=False, startExploit=0.0, maxMustHitBranch=None, useHints=False, silentFail=False, highLowSwarm=None, maxMustHitStatement=None, progress=False, postCover=False, swarmLength=None, noCover=False, noEnumerateEnabled=False, full=True, swarmP=0.5, coverFile='coverage.out', markovP=1.0, swarmProbs=None, genDepth=None, exploitCeiling=0.1, logging=None, noCheck=False, throughput=False, uncaught=False, swarmSwitch=None, verbose=False, reducePool=False, exploit=None, fastQuickAnalysis=False, total=False, verboseExploit=False, swarm=True, sequenceP=1.0, biasLOC=None, timedProgress=30, relax=False, ddmin=False, stutter=None, readQuick=False, verboseActions=False, quickAnalysis=False, noReassign=False, sequenceSize=3, LOCProbs=False, sequencesFromTests=None, maxTests=-1, trackMaxCoverage=None, useQuickSequences=False, exploitBestHint=1, failedLogging=None, stopWhenStatements=None, greedyStutter=False, seed=None, stopWhenHitStatement=None, uniqueValuesAnalysis=False, normalize=False, startExploitStall=0, enumerateEnabled=False, internal=False, profile=False, multiple=True, stopWhenBranches=None, running=False, compareFails=False, Pcrossover=0.2, stopWhenHitBranch=None, depth=100, showActions=False)
None
TEST #7 STEP #11 (0:00:30.037168) Thu Dec 28 15:57:03 2017 [ 2041 stmts 2630 branches ] 611 TOTAL ACTIONS (20.3414650916/s)
Tensor("Mul_12:0", dtype=float32)
Tensor("p:0", dtype=float32)
Tensor("Mul_27:0", dtype=float32)
Tensor("g:0", dtype=float32)
Tensor("Sum_16:0", dtype=float32)
Tensor("Add_95:0", dtype=float32)
Tensor("sub_17:0", dtype=float32)
Tensor("sub_17:0", dtype=float32)
STOPPING TEST DUE TO TIMEOUT, TERMINATED AT LENGTH 68
STOPPING TESTING DUE TO TIMEOUT
1.66944066172 PERCENT COVERED
79.0653729439 TOTAL RUNTIME
12 EXECUTED
1168 TOTAL TEST OPERATIONS
59.608707428 TIME SPENT EXECUTING TEST OPERATIONS
0.213110685349 TIME SPENT EVALUATING GUARDS AND CHOOSING ACTIONS
0.00188183784485 TIME SPENT CHECKING PROPERTIES
59.6105892658 TOTAL TIME SPENT RUNNING SUT
0.155807971954 TIME SPENT RESTARTING
0.0 TIME SPENT REDUCING TEST CASES
0 FAILED
0 REPEATS OF FAILURES
0 ACTUAL DISTINCT FAILURES

2696 BRANCHES COVERED
2087 STATEMENTS COVERED
