Random testing using config=Config(swarmSwitch=None, verbose=False, reducePool=False, failedLogging=None, exploitBestHint=1, greedyStutter=False, exploit=0.8, seed=None, generalize=False, useHints=False, localize=False, total=False, speed='FAST', probs=None, normalize=False, verboseExploit=False, highLowSwarm=None, replayable=False, essentials=False, noCoverageExploit=False, quickTests=False, relax=False, internal=False, uniqueValuesAnalysis=False, swarm=False, html=None, fastQuickAnalysis=False, progress=False, swarmLength=None, profile=False, LOCBaseline=0.2, full=True, multiple=True, timedProgress=30, silentFail=False, stopWhenStatements=None, swarmP=0.5, stopWhenBranches=None, noAlphaConvert=False, coverFile='coverage.out', readQuick=False, verboseActions=False, running=False, computeFeatureStats=False, compareFails=False, swarmProbs=None, output='failure.58515.test', genDepth=None, Pcrossover=0.2, quickAnalysis=False, noReassign=False, exploitCeiling=0.1, logging=None, LOCProbs=False, noCheck=False, maxTests=-1, keep=False, noExceptionMatch=False, Pmutate=0.8, depth=100, showActions=False, throughput=False, noCover=False, timeout=60, stutter=None, uncaught=False, markov=None, startExploit=0)
TEST #2 STEP #15 (0:00:30.192635) Sat Apr 29 08:58:18 2017 [ 310 stmts 402 branches ]
STOPPING TEST DUE TO TIMEOUT, TERMINATED AT LENGTH 63
STOPPING TESTING DUE TO TIMEOUT
15.0699300699 PERCENT COVERED
60.3715112209 TOTAL RUNTIME
3 EXECUTED
263 TOTAL TEST OPERATIONS
0.393933534622 TIME SPENT EXECUTING TEST OPERATIONS
59.2573440075 TIME SPENT EVALUATING GUARDS AND CHOOSING ACTIONS
0.000422954559326 TIME SPENT CHECKING PROPERTIES
0.394356489182 TOTAL TIME SPENT RUNNING SUT
0.025318145752 TIME SPENT RESTARTING
0.0 TIME SPENT REDUCING TEST CASES
0 FAILED
0 REPEATS OF FAILURES
0 ACTUAL DISTINCT FAILURES

467 BRANCHES COVERED
354 STATEMENTS COVERED
