Random testing using config=Config(swarmSwitch=None, verbose=False, reducePool=False, failedLogging=None, exploitBestHint=1, greedyStutter=False, exploit=None, seed=None, generalize=False, useHints=False, localize=False, total=False, speed='FAST', probs='locoldsample.probs', normalize=False, verboseExploit=False, highLowSwarm=None, replayable=False, essentials=False, noCoverageExploit=False, quickTests=False, relax=False, internal=False, uniqueValuesAnalysis=False, swarm=False, html=None, fastQuickAnalysis=False, progress=False, swarmLength=None, profile=False, LOCBaseline=0.2, full=True, multiple=True, timedProgress=30, silentFail=False, stopWhenStatements=None, swarmP=0.5, stopWhenBranches=None, noAlphaConvert=False, coverFile='coverage.out', readQuick=False, verboseActions=False, running=False, computeFeatureStats=False, compareFails=False, swarmProbs=None, output='failure.62404.test', genDepth=None, Pcrossover=0.2, quickAnalysis=False, noReassign=False, exploitCeiling=0.1, logging=None, LOCProbs=False, noCheck=False, maxTests=-1, keep=False, noExceptionMatch=False, Pmutate=0.0, depth=100, showActions=False, throughput=False, noCover=False, timeout=60, stutter=None, uncaught=False, markov=None, startExploit=0)
TEST #3 STEP #0 (0:00:30.028701) Sat Apr 29 19:38:25 2017 [ 332 stmts 445 branches ]
STOPPING TEST DUE TO TIMEOUT, TERMINATED AT LENGTH 17
STOPPING TESTING DUE TO TIMEOUT
20.5244755245 PERCENT COVERED
60.5866999626 TOTAL RUNTIME
5 EXECUTED
417 TOTAL TEST OPERATIONS
2.53336143494 TIME SPENT EXECUTING TEST OPERATIONS
57.4875328541 TIME SPENT EVALUATING GUARDS AND CHOOSING ACTIONS
0.000555515289307 TIME SPENT CHECKING PROPERTIES
2.53391695023 TOTAL TIME SPENT RUNNING SUT
0.041088104248 TIME SPENT RESTARTING
0.0 TIME SPENT REDUCING TEST CASES
0 FAILED
0 REPEATS OF FAILURES
0 ACTUAL DISTINCT FAILURES

640 BRANCHES COVERED
477 STATEMENTS COVERED
