Random testing using config=Config(swarmSwitch=None, verbose=False, reducePool=False, failedLogging=None, exploitBestHint=1, greedyStutter=False, exploit=None, seed=None, generalize=False, useHints=False, localize=False, total=False, speed='FAST', probs='locoldsample.probs', normalize=False, verboseExploit=False, highLowSwarm=None, replayable=False, essentials=False, noCoverageExploit=False, quickTests=False, relax=False, internal=False, uniqueValuesAnalysis=False, swarm=False, html=None, fastQuickAnalysis=False, progress=False, swarmLength=None, profile=False, LOCBaseline=0.2, full=True, multiple=True, timedProgress=30, silentFail=False, stopWhenStatements=None, swarmP=0.5, stopWhenBranches=None, noAlphaConvert=False, coverFile='coverage.out', readQuick=False, verboseActions=False, running=False, computeFeatureStats=False, compareFails=False, swarmProbs=None, output='failure.62179.test', genDepth=None, Pcrossover=0.2, quickAnalysis=False, noReassign=False, exploitCeiling=0.1, logging=None, LOCProbs=False, noCheck=False, maxTests=-1, keep=False, noExceptionMatch=False, Pmutate=0.0, depth=100, showActions=False, throughput=False, noCover=False, timeout=60, stutter=None, uncaught=False, markov=None, startExploit=0)
TEST #3 STEP #2 (0:00:30.238146) Sat Apr 29 18:46:57 2017 [ 343 stmts 464 branches ]
STOPPING TEST DUE TO TIMEOUT, TERMINATED AT LENGTH 6
STOPPING TESTING DUE TO TIMEOUT
16.7482517483 PERCENT COVERED
60.9103012085 TOTAL RUNTIME
5 EXECUTED
406 TOTAL TEST OPERATIONS
0.568537712097 TIME SPENT EXECUTING TEST OPERATIONS
59.7233958244 TIME SPENT EVALUATING GUARDS AND CHOOSING ACTIONS
0.000581502914429 TIME SPENT CHECKING PROPERTIES
0.569119215012 TOTAL TIME SPENT RUNNING SUT
0.0373492240906 TIME SPENT RESTARTING
0.0 TIME SPENT REDUCING TEST CASES
0 FAILED
0 REPEATS OF FAILURES
0 ACTUAL DISTINCT FAILURES

531 BRANCHES COVERED
391 STATEMENTS COVERED
