Random testing using config=Config(swarmSwitch=None, verbose=False, reducePool=False, failedLogging=None, exploitBestHint=1, greedyStutter=False, exploit=None, seed=None, generalize=False, useHints=False, localize=False, total=False, speed='FAST', probs='locoldsample.probs', normalize=False, verboseExploit=False, highLowSwarm=None, replayable=False, essentials=False, noCoverageExploit=False, quickTests=False, relax=False, internal=False, uniqueValuesAnalysis=False, swarm=False, html=None, fastQuickAnalysis=False, progress=False, swarmLength=None, profile=False, LOCBaseline=0.2, full=True, multiple=True, timedProgress=30, silentFail=False, stopWhenStatements=None, swarmP=0.5, stopWhenBranches=None, noAlphaConvert=False, coverFile='coverage.out', readQuick=False, verboseActions=False, running=False, computeFeatureStats=False, compareFails=False, swarmProbs=None, output='failure.61964.test', genDepth=None, Pcrossover=0.2, quickAnalysis=False, noReassign=False, exploitCeiling=0.1, logging=None, LOCProbs=False, noCheck=False, maxTests=-1, keep=False, noExceptionMatch=False, Pmutate=0.0, depth=100, showActions=False, throughput=False, noCover=False, timeout=60, stutter=None, uncaught=False, markov=None, startExploit=0)
TEST #3 STEP #12 (0:00:30.187879) Sat Apr 29 18:15:51 2017 [ 370 stmts 499 branches ]
STOPPING TEST DUE TO TIMEOUT, TERMINATED AT LENGTH 24
STOPPING TESTING DUE TO TIMEOUT
20.3146853147 PERCENT COVERED
60.818554163 TOTAL RUNTIME
5 EXECUTED
424 TOTAL TEST OPERATIONS
0.490754842758 TIME SPENT EXECUTING TEST OPERATIONS
59.6759793758 TIME SPENT EVALUATING GUARDS AND CHOOSING ACTIONS
0.000541925430298 TIME SPENT CHECKING PROPERTIES
0.491296768188 TOTAL TIME SPENT RUNNING SUT
0.0414178371429 TIME SPENT RESTARTING
0.0 TIME SPENT REDUCING TEST CASES
0 FAILED
0 REPEATS OF FAILURES
0 ACTUAL DISTINCT FAILURES

628 BRANCHES COVERED
469 STATEMENTS COVERED
