Random testing using config=Config(swarmSwitch=None, verbose=False, reducePool=False, failedLogging=None, exploitBestHint=1, greedyStutter=False, exploit=None, seed=None, generalize=False, useHints=False, localize=False, total=False, speed='FAST', probs='locoldsample.probs', normalize=False, verboseExploit=False, highLowSwarm=None, replayable=False, essentials=False, noCoverageExploit=False, quickTests=False, relax=False, internal=False, uniqueValuesAnalysis=False, swarm=False, html=None, fastQuickAnalysis=False, progress=False, swarmLength=None, profile=False, LOCBaseline=0.2, full=True, multiple=True, timedProgress=30, silentFail=False, stopWhenStatements=None, swarmP=0.5, stopWhenBranches=None, noAlphaConvert=False, coverFile='coverage.out', readQuick=False, verboseActions=False, running=False, computeFeatureStats=False, compareFails=False, swarmProbs=None, output='failure.62198.test', genDepth=None, Pcrossover=0.2, quickAnalysis=False, noReassign=False, exploitCeiling=0.1, logging=None, LOCProbs=False, noCheck=False, maxTests=-1, keep=False, noExceptionMatch=False, Pmutate=0.0, depth=100, showActions=False, throughput=False, noCover=False, timeout=60, stutter=None, uncaught=False, markov=None, startExploit=0)
TEST #4 STEP #1 (0:00:30.159823) Sat Apr 29 18:50:03 2017 [ 385 stmts 520 branches ]
STOPPING TEST DUE TO TIMEOUT, TERMINATED AT LENGTH 50
STOPPING TESTING DUE TO TIMEOUT
16.6083916084 PERCENT COVERED
60.3005371094 TOTAL RUNTIME
5 EXECUTED
450 TOTAL TEST OPERATIONS
0.55341053009 TIME SPENT EXECUTING TEST OPERATIONS
59.1528353691 TIME SPENT EVALUATING GUARDS AND CHOOSING ACTIONS
0.000633001327515 TIME SPENT CHECKING PROPERTIES
0.554043531418 TOTAL TIME SPENT RUNNING SUT
0.036981344223 TIME SPENT RESTARTING
0.0 TIME SPENT REDUCING TEST CASES
0 FAILED
0 REPEATS OF FAILURES
0 ACTUAL DISTINCT FAILURES

524 BRANCHES COVERED
387 STATEMENTS COVERED
