Random testing using config=Config(swarmSwitch=None, verbose=False, reducePool=False, failedLogging=None, exploitBestHint=1, greedyStutter=False, exploit=None, seed=None, generalize=False, useHints=False, localize=False, total=False, speed='FAST', probs='locoldsample.probs', normalize=False, verboseExploit=False, highLowSwarm=None, replayable=False, essentials=False, noCoverageExploit=False, quickTests=False, relax=False, internal=False, uniqueValuesAnalysis=False, swarm=False, html=None, fastQuickAnalysis=False, progress=False, swarmLength=None, profile=False, LOCBaseline=0.2, full=True, multiple=True, timedProgress=30, silentFail=False, stopWhenStatements=None, swarmP=0.5, stopWhenBranches=None, noAlphaConvert=False, coverFile='coverage.out', readQuick=False, verboseActions=False, running=False, computeFeatureStats=False, compareFails=False, swarmProbs=None, output='failure.61913.test', genDepth=None, Pcrossover=0.2, quickAnalysis=False, noReassign=False, exploitCeiling=0.1, logging=None, LOCProbs=False, noCheck=False, maxTests=-1, keep=False, noExceptionMatch=False, Pmutate=0.0, depth=100, showActions=False, throughput=False, noCover=False, timeout=60, stutter=None, uncaught=False, markov=None, startExploit=0)
TEST #4 STEP #83 (0:00:30.011679) Sat Apr 29 18:12:44 2017 [ 422 stmts 576 branches ]
STOPPING TEST DUE TO TIMEOUT, TERMINATED AT LENGTH 10
STOPPING TESTING DUE TO TIMEOUT
18.1468531469 PERCENT COVERED
60.4631290436 TOTAL RUNTIME
8 EXECUTED
710 TOTAL TEST OPERATIONS
1.12750577927 TIME SPENT EXECUTING TEST OPERATIONS
58.66862607 TIME SPENT EVALUATING GUARDS AND CHOOSING ACTIONS
0.00101137161255 TIME SPENT CHECKING PROPERTIES
1.12851715088 TOTAL TIME SPENT RUNNING SUT
0.0661747455597 TIME SPENT RESTARTING
0.0 TIME SPENT REDUCING TEST CASES
0 FAILED
0 REPEATS OF FAILURES
0 ACTUAL DISTINCT FAILURES

586 BRANCHES COVERED
428 STATEMENTS COVERED
