Random testing using config=Config(swarmSwitch=None, verbose=False, reducePool=False, failedLogging=None, exploitBestHint=1, greedyStutter=False, exploit=None, seed=None, generalize=False, useHints=False, localize=False, total=False, speed='FAST', probs='locsample.probs', normalize=False, verboseExploit=False, highLowSwarm=None, replayable=False, essentials=False, noCoverageExploit=False, quickTests=False, relax=False, internal=False, uniqueValuesAnalysis=False, swarm=False, html=None, fastQuickAnalysis=False, progress=False, swarmLength=None, profile=False, LOCBaseline=0.2, full=True, multiple=True, timedProgress=30, silentFail=False, stopWhenStatements=None, swarmP=0.5, stopWhenBranches=None, noAlphaConvert=False, coverFile='coverage.out', readQuick=False, verboseActions=False, running=False, computeFeatureStats=False, compareFails=False, swarmProbs=None, output='failure.2843.test', genDepth=None, Pcrossover=0.2, quickAnalysis=False, noReassign=False, exploitCeiling=0.1, logging=None, LOCProbs=False, noCheck=False, maxTests=-1, keep=False, noExceptionMatch=False, Pmutate=0.0, depth=100, showActions=False, throughput=False, noCover=False, timeout=60, stutter=None, uncaught=False, markov=None, startExploit=0)
TEST #3 STEP #21 (0:00:30.078416) Fri Apr 28 12:36:15 2017 [ 372 stmts 491 branches ]
STOPPING TEST DUE TO TIMEOUT, TERMINATED AT LENGTH 16
STOPPING TESTING DUE TO TIMEOUT
17.972027972 PERCENT COVERED
60.4900960922 TOTAL RUNTIME
6 EXECUTED
516 TOTAL TEST OPERATIONS
0.694833040237 TIME SPENT EXECUTING TEST OPERATIONS
59.1424674988 TIME SPENT EVALUATING GUARDS AND CHOOSING ACTIONS
0.000819206237793 TIME SPENT CHECKING PROPERTIES
0.695652246475 TOTAL TIME SPENT RUNNING SUT
0.0525529384613 TIME SPENT RESTARTING
0.0 TIME SPENT REDUCING TEST CASES
0 FAILED
0 REPEATS OF FAILURES
0 ACTUAL DISTINCT FAILURES

578 BRANCHES COVERED
423 STATEMENTS COVERED
