Random testing using config=Config(swarmSwitch=None, verbose=False, reducePool=False, failedLogging=None, exploitBestHint=1, greedyStutter=False, exploit=None, seed=None, generalize=False, useHints=False, localize=False, total=False, speed='FAST', probs='locsample.probs', normalize=False, verboseExploit=False, highLowSwarm=None, replayable=False, essentials=False, noCoverageExploit=False, quickTests=False, relax=False, internal=False, uniqueValuesAnalysis=False, swarm=True, html=None, fastQuickAnalysis=False, progress=False, swarmLength=None, profile=False, LOCBaseline=0.2, full=True, multiple=True, timedProgress=30, silentFail=False, stopWhenStatements=None, swarmP=0.5, stopWhenBranches=None, noAlphaConvert=False, coverFile='coverage.out', readQuick=False, verboseActions=False, running=False, computeFeatureStats=False, compareFails=False, swarmProbs=None, output='failure.17883.test', genDepth=None, Pcrossover=0.2, quickAnalysis=False, noReassign=False, exploitCeiling=0.1, logging=None, LOCProbs=False, noCheck=False, maxTests=-1, keep=False, noExceptionMatch=False, Pmutate=0.0, depth=100, showActions=False, throughput=False, noCover=False, timeout=60, stutter=None, uncaught=False, markov=None, startExploit=0)
TEST #4 STEP #85 (0:00:30.032419) Sun Apr 30 14:31:11 2017 [ 404 stmts 547 branches ]
STOPPING TEST DUE TO TIMEOUT, TERMINATED AT LENGTH 32
STOPPING TESTING DUE TO TIMEOUT
22.2027972028 PERCENT COVERED
60.9054009914 TOTAL RUNTIME
8 EXECUTED
732 TOTAL TEST OPERATIONS
5.21836900711 TIME SPENT EXECUTING TEST OPERATIONS
54.6095147133 TIME SPENT EVALUATING GUARDS AND CHOOSING ACTIONS
0.00101733207703 TIME SPENT CHECKING PROPERTIES
5.21938633919 TOTAL TIME SPENT RUNNING SUT
0.0618324279785 TIME SPENT RESTARTING
0.0 TIME SPENT REDUCING TEST CASES
0 FAILED
0 REPEATS OF FAILURES
0 ACTUAL DISTINCT FAILURES

694 BRANCHES COVERED
513 STATEMENTS COVERED
