Random testing using config=Config(swarmSwitch=None, verbose=False, reducePool=False, failedLogging=None, exploitBestHint=1, greedyStutter=False, exploit=None, seed=None, generalize=False, useHints=False, localize=False, total=False, speed='FAST', probs=None, normalize=False, verboseExploit=False, highLowSwarm=None, replayable=False, essentials=False, noCoverageExploit=False, quickTests=False, relax=False, internal=False, uniqueValuesAnalysis=False, swarm=False, html=None, fastQuickAnalysis=False, progress=False, swarmLength=None, profile=False, LOCBaseline=0.2, full=True, multiple=True, timedProgress=30, silentFail=False, stopWhenStatements=None, swarmP=0.5, stopWhenBranches=None, noAlphaConvert=False, coverFile='coverage.out', readQuick=False, verboseActions=False, running=False, computeFeatureStats=False, compareFails=False, swarmProbs=None, output='failure.2234.test', genDepth=None, Pcrossover=0.2, quickAnalysis=False, noReassign=False, exploitCeiling=0.1, logging=None, LOCProbs=False, noCheck=False, maxTests=-1, keep=False, noExceptionMatch=False, Pmutate=0.0, depth=100, showActions=False, throughput=False, noCover=False, timeout=60, stutter=None, uncaught=False, markov=None, startExploit=0)
TEST #3 STEP #12 (0:00:30.482558) Fri Apr 28 11:50:41 2017 [ 318 stmts 418 branches ]
STOPPING TEST DUE TO TIMEOUT, TERMINATED AT LENGTH 8
STOPPING TESTING DUE TO TIMEOUT
14.5104895105 PERCENT COVERED
61.127696991 TOTAL RUNTIME
5 EXECUTED
408 TOTAL TEST OPERATIONS
0.624415874481 TIME SPENT EXECUTING TEST OPERATIONS
59.8330762386 TIME SPENT EVALUATING GUARDS AND CHOOSING ACTIONS
0.000629186630249 TIME SPENT CHECKING PROPERTIES
0.625045061111 TOTAL TIME SPENT RUNNING SUT
0.0442278385162 TIME SPENT RESTARTING
0.0 TIME SPENT REDUCING TEST CASES
0 FAILED
0 REPEATS OF FAILURES
0 ACTUAL DISTINCT FAILURES

469 BRANCHES COVERED
351 STATEMENTS COVERED
