Random testing using config=Config(swarmSwitch=None, verbose=False, reducePool=False, failedLogging=None, exploitBestHint=1, greedyStutter=False, exploit=None, seed=None, generalize=False, useHints=False, localize=False, total=False, speed='FAST', probs=None, normalize=False, verboseExploit=False, highLowSwarm=None, replayable=False, essentials=False, noCoverageExploit=False, quickTests=False, relax=False, internal=False, uniqueValuesAnalysis=False, swarm=False, html=None, fastQuickAnalysis=False, progress=False, swarmLength=None, profile=False, LOCBaseline=0.2, full=True, multiple=True, timedProgress=30, silentFail=False, stopWhenStatements=None, swarmP=0.5, stopWhenBranches=None, noAlphaConvert=False, coverFile='coverage.out', readQuick=False, verboseActions=False, running=False, computeFeatureStats=False, compareFails=False, swarmProbs=None, output='failure.2194.test', genDepth=None, Pcrossover=0.2, quickAnalysis=False, noReassign=False, exploitCeiling=0.1, logging=None, LOCProbs=False, noCheck=False, maxTests=-1, keep=False, noExceptionMatch=False, Pmutate=0.0, depth=100, showActions=False, throughput=False, noCover=False, timeout=60, stutter=None, uncaught=False, markov=None, startExploit=0)
TEST #3 STEP #1 (0:00:32.592187) Fri Apr 28 11:41:24 2017 [ 365 stmts 478 branches ]
STOPPING TEST DUE TO TIMEOUT, TERMINATED AT LENGTH 1
STOPPING TESTING DUE TO TIMEOUT
16.0839160839 PERCENT COVERED
61.0828440189 TOTAL RUNTIME
5 EXECUTED
401 TOTAL TEST OPERATIONS
2.68596816063 TIME SPENT EXECUTING TEST OPERATIONS
57.7086794376 TIME SPENT EVALUATING GUARDS AND CHOOSING ACTIONS
0.000699996948242 TIME SPENT CHECKING PROPERTIES
2.68666815758 TOTAL TIME SPENT RUNNING SUT
0.043429851532 TIME SPENT RESTARTING
0.0 TIME SPENT REDUCING TEST CASES
0 FAILED
0 REPEATS OF FAILURES
0 ACTUAL DISTINCT FAILURES

511 BRANCHES COVERED
383 STATEMENTS COVERED
