Random testing using config=Config(swarmSwitch=None, verbose=False, reducePool=False, failedLogging=None, exploitBestHint=1, greedyStutter=False, exploit=None, seed=None, generalize=False, useHints=False, localize=False, total=False, speed='FAST', probs=None, normalize=False, verboseExploit=False, highLowSwarm=None, replayable=False, essentials=False, noCoverageExploit=False, quickTests=False, relax=False, internal=False, uniqueValuesAnalysis=False, swarm=True, html=None, fastQuickAnalysis=False, progress=False, swarmLength=None, profile=False, LOCBaseline=0.2, full=True, multiple=True, timedProgress=30, silentFail=False, stopWhenStatements=None, swarmP=0.5, stopWhenBranches=None, noAlphaConvert=False, coverFile='coverage.out', readQuick=False, verboseActions=False, running=False, computeFeatureStats=False, compareFails=False, swarmProbs=None, output='failure.5821.test', genDepth=None, Pcrossover=0.2, quickAnalysis=False, noReassign=False, exploitCeiling=0.1, logging=None, LOCProbs=False, noCheck=False, maxTests=-1, keep=False, noExceptionMatch=False, Pmutate=0.0, depth=100, showActions=False, throughput=False, noCover=False, timeout=60, stutter=None, uncaught=False, markov=None, startExploit=0)
TEST #9 STEP #14 (0:00:30.061731) Fri Apr 28 13:15:33 2017 [ 415 stmts 565 branches ]
STOPPING TEST DUE TO TIMEOUT, TERMINATED AT LENGTH 77
STOPPING TESTING DUE TO TIMEOUT
20.5944055944 PERCENT COVERED
60.3886179924 TOTAL RUNTIME
16 EXECUTED
1577 TOTAL TEST OPERATIONS
17.7936463356 TIME SPENT EXECUTING TEST OPERATIONS
40.8854615688 TIME SPENT EVALUATING GUARDS AND CHOOSING ACTIONS
0.002108335495 TIME SPENT CHECKING PROPERTIES
17.7957546711 TOTAL TIME SPENT RUNNING SUT
0.117960691452 TIME SPENT RESTARTING
0.0 TIME SPENT REDUCING TEST CASES
0 FAILED
0 REPEATS OF FAILURES
0 ACTUAL DISTINCT FAILURES

647 BRANCHES COVERED
479 STATEMENTS COVERED
